08:54:07.082 @STC001 1700005
08:54:07.085 @STC002 2
08:54:07.088 @STC003 GD2017102102
08:54:07.091 @STC004 MY05-630C/050K
08:54:07.093 @STC005 0
08:54:07.095 @STC006 
08:54:07.183 @STD001 1700005
08:54:07.185 @STD002 检验
08:54:07.188 @STD003 环境温度(℃)
08:54:07.190 @STD004 
08:54:07.193 @STD005 温度计
08:54:07.196 @STD006 0
08:54:07.199 @STD007 
08:54:07.202 @STD008 
08:54:07.204 @STD010 4
08:54:07.207 @STD011 16
08:54:07.212 @STD001 1700005
08:54:07.214 @STD002 检验
08:54:07.217 @STD003 线包尺寸用卡板检验合格%
08:54:07.220 @STD004 
08:54:07.222 @STD005 检具
08:54:07.225 @STD006 0
08:54:07.228 @STD007 
08:54:07.230 @STD008 
08:54:07.233 @STD010 4
08:54:07.235 @STD011 19
08:54:07.239 @STD001 1700005
08:54:07.242 @STD002 绑扎整形焊接
08:54:07.244 @STD003 非出线端线包尺寸合格
08:54:07.246 @STD004 
08:54:07.249 @STD005 钢尺
08:54:07.252 @STD006 0
08:54:07.255 @STD007 
08:54:07.257 @STD008 
08:54:07.260 @STD010 3
08:54:07.262 @STD011 9
08:54:07.266 @STD001 1700005
08:54:07.269 @STD002 检验
08:54:07.272 @STD003 槽楔整齐，无歪斜
08:54:07.274 @STD004 
08:54:07.276 @STD005 目测
08:54:07.279 @STD006 0
08:54:07.282 @STD007 
08:54:07.286 @STD008 
08:54:07.290 @STD010 4
08:54:07.293 @STD011 21
08:54:07.297 @STD001 1700005
08:54:07.300 @STD002 绕线
08:54:07.303 @STD003 确认线圈组数
08:54:07.306 @STD004 3
08:54:07.309 @STD005 目测
08:54:07.311 @STD006 0
08:54:07.314 @STD007 
08:54:07.317 @STD008 
08:54:07.320 @STD010 1
08:54:07.323 @STD011 1
08:54:07.327 @STD001 1700005
08:54:07.330 @STD002 绕线
08:54:07.332 @STD003 接头数量
08:54:07.335 @STD004 
08:54:07.337 @STD005 目测
08:54:07.340 @STD006 0
08:54:07.343 @STD007 
08:54:07.345 @STD008 
08:54:07.348 @STD010 1
08:54:07.351 @STD011 2
08:54:07.355 @STD001 1700005
08:54:07.358 @STD002 检验
08:54:07.361 @STD003 (黄-绿)线间电阻(Ω)
08:54:07.363 @STD004 
08:54:07.366 @STD005 
08:54:07.369 @STD006 0
08:54:07.372 @STD007 
08:54:07.374 @STD008 
08:54:07.377 @STD010 4
08:54:07.380 @STD011 13
08:54:07.385 @STD001 1700005
08:54:07.387 @STD002 绑扎整形焊接
08:54:07.389 @STD003 引出线长度(mm)
08:54:07.392 @STD004 5
08:54:07.394 @STD005 钢尺
08:54:07.396 @STD006 0
08:54:07.399 @STD007 
08:54:07.402 @STD008 
08:54:07.409 @STD010 3
08:54:07.412 @STD011 6
08:54:07.416 @STD001 1700005
08:54:07.418 @STD002 检验
08:54:07.421 @STD003 (绿-红)线间电阻(Ω)
08:54:07.423 @STD004 
08:54:07.426 @STD005 
08:54:07.429 @STD006 0
08:54:07.431 @STD007 
08:54:07.434 @STD008 
08:54:07.437 @STD010 4
08:54:07.439 @STD011 14
08:54:07.444 @STD001 1700005
08:54:07.446 @STD002 检验
08:54:07.449 @STD003 绝缘电阻(MΩ)
08:54:07.451 @STD004 
08:54:07.454 @STD005 摇表
08:54:07.457 @STD006 0
08:54:07.460 @STD007 
08:54:07.462 @STD008 
08:54:07.465 @STD010 4
08:54:07.470 @STD011 12
08:54:07.476 @STD001 1700005
08:54:07.478 @STD002 检验
08:54:07.481 @STD003 耐压2260V,测试一分钟无击穿
08:54:07.483 @STD004 
08:54:07.486 @STD005 耐压测试仪
08:54:07.488 @STD006 0
08:54:07.491 @STD007 
08:54:07.494 @STD008 
08:54:07.496 @STD010 4
08:54:07.499 @STD011 10
08:54:07.503 @STD001 1700005
08:54:07.506 @STD002 绕线
08:54:07.508 @STD003 确认线圈匝数
08:54:07.511 @STD004 1
08:54:07.513 @STD005 匝数测试仪
08:54:07.516 @STD006 0
08:54:07.518 @STD007 
08:54:07.521 @STD008 
08:54:07.524 @STD010 1
08:54:07.527 @STD011 0
08:54:07.531 @STD001 1700005
08:54:07.533 @STD002 检验
08:54:07.536 @STD003 (黄-红)线间电阻(Ω)
08:54:07.538 @STD004 
08:54:07.541 @STD005 
08:54:07.543 @STD006 0
08:54:07.546 @STD007 
08:54:07.548 @STD008 
08:54:07.556 @STD010 4
08:54:07.560 @STD011 15
08:54:07.565 @STD001 1700005
08:54:07.567 @STD002 嵌线
08:54:07.570 @STD003 确认接头数量
08:54:07.572 @STD004 
08:54:07.575 @STD005 目测
08:54:07.577 @STD006 0
08:54:07.579 @STD007 
08:54:07.582 @STD008 
08:54:07.585 @STD010 2
08:54:07.588 @STD011 4
08:54:07.593 @STD001 1700005
08:54:07.596 @STD002 绑扎整形焊接
08:54:07.598 @STD003 出线端线尺寸合格
08:54:07.600 @STD004 
08:54:07.603 @STD005 钢尺
08:54:07.605 @STD006 0
08:54:07.607 @STD007 
08:54:07.610 @STD008 
08:54:07.612 @STD010 3
08:54:07.615 @STD011 8
08:54:07.622 @STD001 1700005
08:54:07.625 @STD002 检验
08:54:07.628 @STD003 外观整齐，无漏绑
08:54:07.631 @STD004 
08:54:07.634 @STD005 目测
08:54:07.637 @STD006 0
08:54:07.639 @STD007 
08:54:07.642 @STD008 
08:54:07.652 @STD010 4
08:54:07.655 @STD011 20
08:54:07.661 @STD001 1700005
08:54:07.663 @STD002 绑扎整形焊接
08:54:07.666 @STD003 焊接接头数量
08:54:07.668 @STD004 
08:54:07.672 @STD005 目测
08:54:07.675 @STD006 0
08:54:07.677 @STD007 
08:54:07.680 @STD008 
08:54:07.682 @STD010 3
08:54:07.685 @STD011 7
08:54:07.689 @STD001 1700005
08:54:07.692 @STD002 检验
08:54:07.695 @STD003 漆包线无破损
08:54:07.697 @STD004 
08:54:07.700 @STD005 目测
08:54:07.702 @STD006 0
08:54:07.705 @STD007 
08:54:07.708 @STD008 
08:54:07.711 @STD010 4
08:54:07.720 @STD011 22
08:54:07.725 @STD001 1700005
08:54:07.727 @STD002 检验
08:54:07.730 @STD003 匝间检验合格
08:54:07.733 @STD004 
08:54:07.735 @STD005 匝间测试仪
08:54:07.738 @STD006 0
08:54:07.740 @STD007 
08:54:07.743 @STD008 
08:54:07.746 @STD010 4
08:54:07.748 @STD011 11
08:54:07.752 @STD001 1700005
08:54:07.754 @STD002 检验
08:54:07.757 @STD003 电阻不平衡度
08:54:07.759 @STD004 
08:54:07.762 @STD005 计算器
08:54:07.764 @STD006 0
08:54:07.766 @STD007 
08:54:07.769 @STD008 
08:54:07.772 @STD010 4
08:54:07.774 @STD011 17
08:54:07.779 @STD001 1700005
08:54:07.782 @STD002 绕线
08:54:07.791 @STD003 并联路数
08:54:07.795 @STD004 2
08:54:07.798 @STD005 目测
08:54:07.801 @STD006 0
08:54:07.804 @STD007 
08:54:07.807 @STD008 
08:54:07.809 @STD010 1
08:54:07.812 @STD011 3
08:54:07.817 @STD001 1700005
08:54:07.820 @STD002 绑扎整形焊接
08:54:07.822 @STD003 引出线规格(平方)
08:54:07.825 @STD004 34
08:54:07.832 @STD005 目测
08:54:07.835 @STD006 0
08:54:07.840 @STD007 
08:54:07.843 @STD008 
08:54:07.846 @STD010 3
08:54:07.848 @STD011 5
08:54:07.857 @STD001 1700005
08:54:07.860 @STD002 绕线
08:54:07.863 @STD003 并联路数
08:54:07.866 @STD004 2
09:05:34.823 @STD001 1700005
09:05:34.826 @STD002 绕线
09:05:34.829 @STD003 并联路数
09:05:34.832 @STD004 2
09:06:20.485 @STD001 1700005
09:06:20.488 @STD002 绕线
09:06:20.492 @STD003 并联路数
09:06:20.495 @STD004 2
09:07:19.783 @STD001 1700005
09:07:19.786 @STD002 绕线
09:07:19.789 @STD003 并联路数
09:07:19.792 @STD004 2
09:12:28.509 @STD001 1700005
09:12:28.513 @STD002 绕线
09:12:28.515 @STD003 并联路数
09:12:28.518 @STD004 2
09:15:25.578 @STD001 1700005
09:15:25.581 @STD002 绕线
09:15:25.584 @STD003 并联路数
09:15:25.587 @STD004 2
09:16:55.435 @STD001 1700005
09:16:55.438 @STD002 绕线
09:16:55.441 @STD003 并联路数
09:16:55.444 @STD004 2
09:21:17.054 @STD001 1700005
09:21:17.058 @STD002 绕线
09:21:17.061 @STD003 并联路数
09:21:17.063 @STD004 2
09:21:59.111 @STD001 1700005
09:21:59.114 @STD002 绕线
09:21:59.117 @STD003 并联路数
09:21:59.119 @STD004 2
09:22:55.243 @STD001 1700005
09:22:55.246 @STD002 绕线
09:22:55.249 @STD003 并联路数
09:22:55.252 @STD004 2
09:23:53.816 @STD001 1700005
09:23:53.819 @STD002 绕线
09:23:53.822 @STD003 并联路数
09:23:53.825 @STD004 2
09:25:24.552 @STD001 1700005
09:25:24.556 @STD002 绕线
09:25:24.559 @STD003 并联路数
09:25:24.561 @STD004 2
09:25:59.289 @STD001 1700005
09:25:59.292 @STD002 绕线
09:25:59.295 @STD003 并联路数
09:25:59.297 @STD004 2
09:29:44.137 @STD001 1700005
09:29:44.140 @STD002 绕线
09:29:44.143 @STD003 并联路数
09:29:44.146 @STD004 2
09:45:00.426 @STD001 1700005
09:45:00.430 @STD002 绕线
09:45:00.433 @STD003 并联路数
09:45:00.435 @STD004 2
09:45:30.250 @STD001 1700005
09:45:30.254 @STD002 绕线
09:45:30.256 @STD003 并联路数
09:45:30.259 @STD004 2
09:46:03.943 @STD001 1700005
09:46:03.946 @STD002 绕线
09:46:03.949 @STD003 并联路数
09:46:03.952 @STD004 2
09:48:06.737 @STD001 1700005
09:48:06.740 @STD002 绕线
09:48:06.743 @STD003 并联路数
09:48:06.746 @STD004 2
09:49:52.396 @STD001 1700005
09:49:52.399 @STD002 绕线
09:49:52.402 @STD003 并联路数
09:49:52.405 @STD004 2
09:50:03.331 @idx 14
09:50:03.335 @STD004 
09:50:03.338 @STD006 0
09:50:03.341 @STD007 
09:50:03.344 @STD008 
09:50:03.352 @idx 13
09:50:03.355 @STD004 
09:50:03.358 @STD006 0
09:50:03.360 @STD007 
09:50:03.362 @STD008 
09:50:03.367 @idx 18
09:50:03.369 @STD004 
09:50:03.371 @STD006 0
09:50:03.373 @STD007 
09:50:03.375 @STD008 
09:50:03.380 @idx 12
09:50:03.382 @STD004 1
09:50:03.384 @STD006 0
09:50:03.386 @STD007 系统管理者
09:50:03.388 @STD008 2017/10/25 9:49:45
09:50:03.394 @idx 4
09:50:03.396 @STD004 
09:50:03.399 @STD006 0
09:50:03.401 @STD007 
09:50:03.403 @STD008 
09:50:03.407 @idx 15
09:50:03.409 @STD004 
09:50:03.411 @STD006 0
09:50:03.413 @STD007 
09:50:03.415 @STD008 
09:50:03.419 @idx 9
09:50:03.422 @STD004 
09:50:03.424 @STD006 0
09:50:03.426 @STD007 
09:50:03.428 @STD008 
09:50:03.434 @idx 3
09:50:03.436 @STD004 
09:50:03.438 @STD006 0
09:50:03.440 @STD007 
09:50:03.443 @STD008 
09:50:03.447 @idx 11
09:50:03.450 @STD004 
09:50:03.452 @STD006 0
09:50:03.454 @STD007 
09:50:03.457 @STD008 
09:50:03.461 @STC001 1700005
09:50:03.464 @STC005 0
09:50:03.466 @STC006 
09:50:03.473 @idx 17
09:50:03.476 @STD004 
09:50:03.478 @STD006 0
09:50:03.480 @STD007 
09:50:03.482 @STD008 
09:50:03.487 @idx 19
09:50:03.489 @STD004 
09:50:03.491 @STD006 0
09:50:03.493 @STD007 
09:50:03.495 @STD008 
09:50:03.499 @idx 20
09:50:03.502 @STD004 
09:50:03.504 @STD006 0
09:50:03.506 @STD007 
09:50:03.508 @STD008 
09:50:03.512 @idx 8
09:50:03.515 @STD004 5
09:50:03.517 @STD006 0
09:50:03.519 @STD007 
09:50:03.521 @STD008 
09:50:03.527 @idx 22
09:50:03.529 @STD004 34
09:50:03.531 @STD006 0
09:50:03.533 @STD007 
09:50:03.535 @STD008 
09:50:03.539 @idx 10
09:50:03.542 @STD004 
09:50:03.544 @STD006 0
09:50:03.547 @STD007 
09:50:03.549 @STD008 
09:50:03.554 @idx 1
09:50:03.556 @STD004 
09:50:03.558 @STD006 0
09:50:03.561 @STD007 
09:50:03.563 @STD008 
09:50:03.567 @idx 7
09:50:03.569 @STD004 
09:50:03.572 @STD006 0
09:50:03.574 @STD007 
09:50:03.576 @STD008 
09:50:03.580 @idx 6
09:50:03.583 @STD004 
09:50:03.585 @STD006 0
09:50:03.587 @STD007 系统管理者
09:50:03.590 @STD008 2017/10/25 9:49:45
09:50:03.594 @idx 21
09:50:03.597 @STD004 2
09:50:03.599 @STD006 0
09:50:03.601 @STD007 系统管理者
09:50:03.603 @STD008 2017/10/25 9:49:45
09:50:03.607 @idx 2
09:50:03.610 @STD004 
09:50:03.612 @STD006 0
09:50:03.614 @STD007 
09:50:03.616 @STD008 
09:50:03.621 @idx 16
09:50:03.624 @STD004 
09:50:03.627 @STD006 0
09:50:03.629 @STD007 
09:50:03.631 @STD008 
09:50:03.635 @idx 5
09:50:03.637 @STD004 3
09:50:03.640 @STD006 0
09:50:03.642 @STD007 系统管理者
09:50:03.644 @STD008 2017/10/25 9:49:45
09:50:09.061 @STD001 1700005
09:50:09.063 @STD002 绕线
09:50:09.065 @STD003 并联路数
09:50:09.067 @STD004 2
09:50:36.685 @STD001 1700005
09:50:36.689 @STD002 绕线
09:50:36.692 @STD003 并联路数
09:50:36.695 @STD004 2
09:50:39.367 @STD001 1700010
09:50:39.370 @STD002 绕线
09:50:39.373 @STD003 接头数量
09:50:39.375 @STD004 
09:50:39.377 @STD005 目测
09:50:39.380 @STD006 0
09:50:39.382 @STD007 
09:50:39.385 @STD008 
09:50:39.388 @STD010 1
09:50:39.390 @STD011 2
09:50:39.395 @STD001 1700010
09:50:39.397 @STD002 绕线
09:50:39.399 @STD003 确认线圈组数
09:50:39.402 @STD004 3
09:50:39.404 @STD005 目测
09:50:39.406 @STD006 0
09:50:39.408 @STD007 
09:50:39.410 @STD008 
09:50:39.413 @STD010 1
09:50:39.415 @STD011 1
09:50:39.420 @STD001 1700010
09:50:39.423 @STD002 嵌线
09:50:39.428 @STD003 确认接头数量
09:50:39.431 @STD004 
09:50:39.433 @STD005 目测
09:50:39.435 @STD006 0
09:50:39.437 @STD007 
09:50:39.439 @STD008 
09:50:39.441 @STD010 2
09:50:39.443 @STD011 4
09:50:39.448 @STD001 1700010
09:50:39.451 @STD002 检验
09:50:39.453 @STD003 槽楔整齐，无歪斜
09:50:39.455 @STD004 
09:50:39.457 @STD005 目测
09:50:39.460 @STD006 0
09:50:39.462 @STD007 
09:50:39.464 @STD008 
09:50:39.466 @STD010 4
09:50:39.468 @STD011 21
09:50:39.473 @STD001 1700010
09:50:39.475 @STD002 检验
09:50:39.477 @STD003 匝间检验合格
09:50:39.480 @STD004 
09:50:39.482 @STD005 匝间测试仪
09:50:39.484 @STD006 0
09:50:39.486 @STD007 
09:50:39.488 @STD008 
09:50:39.490 @STD010 4
09:50:39.492 @STD011 11
09:50:39.497 @STD001 1700010
09:50:39.500 @STD002 绕线
09:50:39.502 @STD003 确认线圈匝数
09:50:39.504 @STD004 1
09:50:39.507 @STD005 匝数测试仪
09:50:39.509 @STD006 0
09:50:39.511 @STD007 
09:50:39.514 @STD008 
09:50:39.516 @STD010 1
09:50:39.518 @STD011 0
09:50:39.522 @STD001 1700010
09:50:39.524 @STD002 绕线
09:50:39.527 @STD003 并联路数
09:50:39.529 @STD004 2
09:50:39.532 @STD005 目测
09:50:39.534 @STD006 0
09:50:39.536 @STD007 
09:50:39.539 @STD008 
09:50:39.541 @STD010 1
09:50:39.543 @STD011 3
09:50:39.548 @STC001 1700010
09:50:39.551 @STC002 2
09:50:39.553 @STC003 GD2017102102
09:50:39.555 @STC004 MY05-630C/050K
09:50:39.557 @STC005 0
09:50:39.559 @STC006 
09:50:39.564 @STD001 1700010
09:50:39.566 @STD002 绑扎整形焊接
09:50:39.569 @STD003 引出线规格(平方)
09:50:39.571 @STD004 34
09:50:39.573 @STD005 目测
09:50:39.575 @STD006 0
09:50:39.578 @STD007 
09:50:39.580 @STD008 
09:50:39.582 @STD010 3
09:50:39.585 @STD011 5
09:50:39.591 @STD001 1700010
09:50:39.594 @STD002 绑扎整形焊接
09:50:39.597 @STD003 焊接接头数量
09:50:39.599 @STD004 
09:50:39.601 @STD005 目测
09:50:39.604 @STD006 0
09:50:39.606 @STD007 
09:50:39.609 @STD008 
09:50:39.611 @STD010 3
09:50:39.613 @STD011 7
09:50:39.618 @STD001 1700010
09:50:39.621 @STD002 检验
09:50:39.623 @STD003 电阻不平衡度
09:50:39.625 @STD004 
09:50:39.628 @STD005 计算器
09:50:39.630 @STD006 0
09:50:39.632 @STD007 
09:50:39.635 @STD008 
09:50:39.637 @STD010 4
09:50:39.639 @STD011 17
09:50:39.643 @STD001 1700010
09:50:39.646 @STD002 检验
09:50:39.648 @STD003 漆包线无破损
09:50:39.651 @STD004 
09:50:39.653 @STD005 目测
09:50:39.655 @STD006 0
09:50:39.657 @STD007 
09:50:39.660 @STD008 
09:50:39.662 @STD010 4
09:50:39.664 @STD011 22
09:50:39.668 @STD001 1700010
09:50:39.671 @STD002 绑扎整形焊接
09:50:39.673 @STD003 引出线长度(mm)
09:50:39.676 @STD004 5
09:50:39.678 @STD005 钢尺
09:50:39.680 @STD006 0
09:50:39.683 @STD007 
09:50:39.685 @STD008 
09:50:39.687 @STD010 3
09:50:39.689 @STD011 6
09:50:39.694 @STD001 1700010
09:50:39.697 @STD002 检验
09:50:39.699 @STD003 环境温度(℃)
09:50:39.702 @STD004 
09:50:39.704 @STD005 温度计
09:50:39.706 @STD006 0
09:50:39.708 @STD007 
09:50:39.711 @STD008 
09:50:39.713 @STD010 4
09:50:39.715 @STD011 16
09:50:39.720 @STD001 1700010
09:50:39.722 @STD002 检验
09:50:39.725 @STD003 线包尺寸用卡板检验合格%
09:50:39.727 @STD004 
09:50:39.729 @STD005 检具
09:50:39.731 @STD006 0
09:50:39.733 @STD007 
09:50:39.735 @STD008 
09:50:39.738 @STD010 4
09:50:39.740 @STD011 19
09:50:39.745 @STD001 1700010
09:50:39.748 @STD002 检验
09:50:39.750 @STD003 (黄-绿)线间电阻(Ω)
09:50:39.753 @STD004 
09:50:39.755 @STD005 
09:50:39.757 @STD006 0
09:50:39.759 @STD007 
09:50:39.761 @STD008 
09:50:39.763 @STD010 4
09:50:39.765 @STD011 13
09:50:39.770 @STD001 1700010
09:50:39.773 @STD002 检验
09:50:39.775 @STD003 外观整齐，无漏绑
09:50:39.777 @STD004 
09:50:39.780 @STD005 目测
09:50:39.782 @STD006 0
09:50:39.784 @STD007 
09:50:39.786 @STD008 
09:50:39.788 @STD010 4
09:50:39.790 @STD011 20
09:50:39.797 @STD001 1700010
09:50:39.800 @STD002 绑扎整形焊接
09:50:39.802 @STD003 出线端线尺寸合格
09:50:39.804 @STD004 
09:50:39.806 @STD005 钢尺
09:50:39.808 @STD006 0
09:50:39.811 @STD007 
09:50:39.813 @STD008 
09:50:39.815 @STD010 3
09:50:39.818 @STD011 8
09:50:39.822 @STD001 1700010
09:50:39.825 @STD002 检验
09:50:39.827 @STD003 耐压2260V,测试一分钟无击穿
09:50:39.830 @STD004 
09:50:39.832 @STD005 耐压测试仪
09:50:39.835 @STD006 0
09:50:39.837 @STD007 
09:50:39.839 @STD008 
09:50:39.841 @STD010 4
09:50:39.843 @STD011 10
09:50:39.848 @STD001 1700010
09:50:39.850 @STD002 检验
09:50:39.853 @STD003 (绿-红)线间电阻(Ω)
09:50:39.855 @STD004 
09:50:39.857 @STD005 
09:50:39.859 @STD006 0
09:50:39.862 @STD007 
09:50:39.864 @STD008 
09:50:39.867 @STD010 4
09:50:39.869 @STD011 14
09:50:39.874 @STD001 1700010
09:50:39.877 @STD002 检验
09:50:39.879 @STD003 (黄-红)线间电阻(Ω)
09:50:39.881 @STD004 
09:50:39.884 @STD005 
09:50:39.886 @STD006 0
09:50:39.888 @STD007 
09:50:39.890 @STD008 
09:50:39.892 @STD010 4
09:50:39.895 @STD011 15
09:50:39.900 @STD001 1700010
09:50:39.902 @STD002 检验
09:50:39.904 @STD003 绝缘电阻(MΩ)
09:50:39.907 @STD004 
09:50:39.909 @STD005 摇表
09:50:39.911 @STD006 0
09:50:39.914 @STD007 
09:50:39.916 @STD008 
09:50:39.918 @STD010 4
09:50:39.921 @STD011 12
09:50:39.926 @STD001 1700010
09:50:39.928 @STD002 绑扎整形焊接
09:50:39.931 @STD003 非出线端线包尺寸合格
09:50:39.933 @STD004 
09:50:39.935 @STD005 钢尺
09:50:39.938 @STD006 0
09:50:39.940 @STD007 
09:50:39.941 @STD008 
09:50:39.944 @STD010 3
09:50:39.947 @STD011 9
09:50:39.955 @STD001 1700010
09:50:39.957 @STD002 绕线
09:50:39.960 @STD003 并联路数
09:50:39.962 @STD004 2
09:50:42.654 @STD001 1700005
09:50:42.658 @STD002 绕线
09:50:42.661 @STD003 并联路数
09:50:42.665 @STD004 2
09:50:45.173 @STD001 1700029
09:50:45.177 @STD002 绕线
09:50:45.179 @STD003 确认线圈组数
09:50:45.182 @STD004 3
09:50:45.185 @STD005 目测
09:50:45.187 @STD006 0
09:50:45.190 @STD007 
09:50:45.192 @STD008 
09:50:45.195 @STD010 1
09:50:45.198 @STD011 1
09:50:45.203 @STC001 1700029
09:50:45.205 @STC002 2
09:50:45.208 @STC003 GD2017102102
09:50:45.210 @STC004 MY05-630C/050K
09:50:45.212 @STC005 0
09:50:45.215 @STC006 
09:50:45.220 @STD001 1700029
09:50:45.222 @STD002 绑扎整形焊接
09:50:45.224 @STD003 出线端线尺寸合格
09:50:45.227 @STD004 
09:50:45.229 @STD005 钢尺
09:50:45.231 @STD006 0
09:50:45.233 @STD007 
09:50:45.235 @STD008 
09:50:45.236 @STD010 3
09:50:45.238 @STD011 8
09:50:45.243 @STD001 1700029
09:50:45.245 @STD002 检验
09:50:45.248 @STD003 (黄-红)线间电阻(Ω)
09:50:45.250 @STD004 
09:50:45.252 @STD005 
09:50:45.254 @STD006 0
09:50:45.256 @STD007 
09:50:45.258 @STD008 
09:50:45.260 @STD010 4
09:50:45.262 @STD011 15
09:50:45.267 @STD001 1700029
09:50:45.269 @STD002 绑扎整形焊接
09:50:45.271 @STD003 焊接接头数量
09:50:45.274 @STD004 
09:50:45.276 @STD005 目测
09:50:45.278 @STD006 0
09:50:45.280 @STD007 
09:50:45.283 @STD008 
09:50:45.285 @STD010 3
09:50:45.291 @STD011 7
09:50:45.296 @STD001 1700029
09:50:45.299 @STD002 检验
09:50:45.301 @STD003 匝间检验合格
09:50:45.304 @STD004 
09:50:45.306 @STD005 匝间测试仪
09:50:45.308 @STD006 0
09:50:45.310 @STD007 
09:50:45.312 @STD008 
09:50:45.315 @STD010 4
09:50:45.317 @STD011 11
09:50:45.322 @STD001 1700029
09:50:45.324 @STD002 绑扎整形焊接
09:50:45.327 @STD003 非出线端线包尺寸合格
09:50:45.329 @STD004 
09:50:45.331 @STD005 钢尺
09:50:45.333 @STD006 0
09:50:45.335 @STD007 
09:50:45.338 @STD008 
09:50:45.340 @STD010 3
09:50:45.342 @STD011 9
09:50:45.347 @STD001 1700029
09:50:45.349 @STD002 检验
09:50:45.351 @STD003 电阻不平衡度
09:50:45.354 @STD004 
09:50:45.356 @STD005 计算器
09:50:45.358 @STD006 0
09:50:45.360 @STD007 
09:50:45.362 @STD008 
09:50:45.364 @STD010 4
09:50:45.366 @STD011 17
09:50:45.371 @STD001 1700029
09:50:45.374 @STD002 绑扎整形焊接
09:50:45.376 @STD003 引出线规格(平方)
09:50:45.379 @STD004 34
09:50:45.381 @STD005 目测
09:50:45.383 @STD006 0
09:50:45.385 @STD007 
09:50:45.387 @STD008 
09:50:45.389 @STD010 3
09:50:45.391 @STD011 5
09:50:45.397 @STD001 1700029
09:50:45.400 @STD002 检验
09:50:45.402 @STD003 线包尺寸用卡板检验合格%
09:50:45.404 @STD004 
09:50:45.406 @STD005 检具
09:50:45.409 @STD006 0
09:50:45.411 @STD007 
09:50:45.413 @STD008 
09:50:45.415 @STD010 4
09:50:45.417 @STD011 19
09:50:45.421 @STD001 1700029
09:50:45.423 @STD002 检验
09:50:45.426 @STD003 外观整齐，无漏绑
09:50:45.428 @STD004 
09:50:45.430 @STD005 目测
09:50:45.432 @STD006 0
09:50:45.435 @STD007 
09:50:45.437 @STD008 
09:50:45.439 @STD010 4
09:50:45.441 @STD011 20
09:50:45.446 @STD001 1700029
09:50:45.448 @STD002 检验
09:50:45.451 @STD003 槽楔整齐，无歪斜
09:50:45.453 @STD004 
09:50:45.455 @STD005 目测
09:50:45.457 @STD006 0
09:50:45.459 @STD007 
09:50:45.461 @STD008 
09:50:45.464 @STD010 4
09:50:45.466 @STD011 21
09:50:45.470 @STD001 1700029
09:50:45.472 @STD002 检验
09:50:45.475 @STD003 环境温度(℃)
09:50:45.477 @STD004 
09:50:45.480 @STD005 温度计
09:50:45.482 @STD006 0
09:50:45.484 @STD007 
09:50:45.486 @STD008 
09:50:45.488 @STD010 4
09:50:45.490 @STD011 16
09:50:45.494 @STD001 1700029
09:50:45.497 @STD002 检验
09:50:45.499 @STD003 耐压2260V,测试一分钟无击穿
09:50:45.501 @STD004 
09:50:45.504 @STD005 耐压测试仪
09:50:45.506 @STD006 0
09:50:45.509 @STD007 
09:50:45.511 @STD008 
09:50:45.513 @STD010 4
09:50:45.515 @STD011 10
09:50:45.520 @STD001 1700029
09:50:45.522 @STD002 检验
09:50:45.525 @STD003 (绿-红)线间电阻(Ω)
09:50:45.527 @STD004 
09:50:45.529 @STD005 
09:50:45.532 @STD006 0
09:50:45.534 @STD007 
09:50:45.536 @STD008 
09:50:45.538 @STD010 4
09:50:45.540 @STD011 14
09:50:45.545 @STD001 1700029
09:50:45.547 @STD002 绕线
09:50:45.550 @STD003 并联路数
09:50:45.552 @STD004 2
09:50:45.555 @STD005 目测
09:50:45.557 @STD006 0
09:50:45.560 @STD007 
09:50:45.562 @STD008 
09:50:45.564 @STD010 1
09:50:45.566 @STD011 3
09:50:45.571 @STD001 1700029
09:50:45.573 @STD002 检验
09:50:45.576 @STD003 (黄-绿)线间电阻(Ω)
09:50:45.578 @STD004 
09:50:45.580 @STD005 
09:50:45.582 @STD006 0
09:50:45.584 @STD007 
09:50:45.587 @STD008 
09:50:45.589 @STD010 4
09:50:45.591 @STD011 13
09:50:45.597 @STD001 1700029
09:50:45.599 @STD002 绑扎整形焊接
09:50:45.602 @STD003 引出线长度(mm)
09:50:45.604 @STD004 5
09:50:45.606 @STD005 钢尺
09:50:45.608 @STD006 0
09:50:45.611 @STD007 
09:50:45.613 @STD008 
09:50:45.615 @STD010 3
09:50:45.617 @STD011 6
09:50:45.622 @STD001 1700029
09:50:45.624 @STD002 检验
09:50:45.626 @STD003 绝缘电阻(MΩ)
09:50:45.629 @STD004 
09:50:45.631 @STD005 摇表
09:50:45.633 @STD006 0
09:50:45.635 @STD007 
09:50:45.637 @STD008 
09:50:45.639 @STD010 4
09:50:45.641 @STD011 12
09:50:45.645 @STD001 1700029
09:50:45.648 @STD002 绕线
09:50:45.650 @STD003 接头数量
09:50:45.652 @STD004 
09:50:45.655 @STD005 目测
09:50:45.656 @STD006 0
09:50:45.658 @STD007 
09:50:45.661 @STD008 
09:50:45.663 @STD010 1
09:50:45.665 @STD011 2
09:50:45.670 @STD001 1700029
09:50:45.672 @STD002 绕线
09:50:45.675 @STD003 确认线圈匝数
09:50:45.678 @STD004 1
09:50:45.680 @STD005 匝数测试仪
09:50:45.682 @STD006 0
09:50:45.684 @STD007 
09:50:45.687 @STD008 
09:50:45.689 @STD010 1
09:50:45.691 @STD011 0
09:50:45.698 @STD001 1700029
09:50:45.701 @STD002 检验
09:50:45.704 @STD003 漆包线无破损
09:50:45.706 @STD004 
09:50:45.709 @STD005 目测
09:50:45.711 @STD006 0
09:50:45.714 @STD007 
09:50:45.716 @STD008 
09:50:45.718 @STD010 4
09:50:45.721 @STD011 22
09:50:45.726 @STD001 1700029
09:50:45.728 @STD002 嵌线
09:50:45.731 @STD003 确认接头数量
09:50:45.733 @STD004 
09:50:45.735 @STD005 目测
09:50:45.737 @STD006 0
09:50:45.740 @STD007 
09:50:45.742 @STD008 
09:50:45.744 @STD010 2
09:50:45.746 @STD011 4
09:50:45.755 @STD001 1700029
09:50:45.757 @STD002 绕线
09:50:45.760 @STD003 并联路数
09:50:45.762 @STD004 2
09:51:04.900 @STD001 1700005
09:51:04.904 @STD002 绕线
09:51:04.906 @STD003 并联路数
09:51:04.909 @STD004 2
09:51:07.130 @STD001 1700010
09:51:07.133 @STD002 绕线
09:51:07.137 @STD003 并联路数
09:51:07.140 @STD004 2
09:51:09.532 @STD001 1700005
09:51:09.536 @STD002 绕线
09:51:09.539 @STD003 并联路数
09:51:09.542 @STD004 2
09:52:30.240 @STD001 1700005
09:52:30.243 @STD002 绕线
09:52:30.246 @STD003 并联路数
09:52:30.249 @STD004 2
09:53:40.449 @STD001 1700005
09:53:40.452 @STD002 绕线
09:53:40.455 @STD003 并联路数
09:53:40.458 @STD004 2
09:55:41.588 @STD001 1700005
09:55:41.592 @STD002 绕线
09:55:41.595 @STD003 并联路数
09:55:41.597 @STD004 2
09:56:27.893    在 System.Data.SqlClient.SqlConnection.OnError(SqlException exception, Boolean breakConnection, Action`1 wrapCloseInAction)
   在 System.Data.SqlClient.TdsParser.ThrowExceptionAndWarning(TdsParserStateObject stateObj, Boolean callerHasConnectionLock, Boolean asyncClose)
   在 System.Data.SqlClient.TdsParser.TryRun(RunBehavior runBehavior, SqlCommand cmdHandler, SqlDataReader dataStream, BulkCopySimpleResultSet bulkCopyHandler, TdsParserStateObject stateObj, Boolean& dataReady)
   在 System.Data.SqlClient.SqlDataReader.TryConsumeMetaData()
   在 System.Data.SqlClient.SqlDataReader.get_MetaData()
   在 System.Data.SqlClient.SqlCommand.FinishExecuteReader(SqlDataReader ds, RunBehavior runBehavior, String resetOptionsString, Boolean isInternal, Boolean forDescribeParameterEncryption)
   在 System.Data.SqlClient.SqlCommand.RunExecuteReaderTds(CommandBehavior cmdBehavior, RunBehavior runBehavior, Boolean returnStream, Boolean async, Int32 timeout, Task& task, Boolean asyncWrite, Boolean inRetry, SqlDataReader ds, Boolean describeParameterEncryptionRequest)
   在 System.Data.SqlClient.SqlCommand.RunExecuteReader(CommandBehavior cmdBehavior, RunBehavior runBehavior, Boolean returnStream, String method, TaskCompletionSource`1 completion, Int32 timeout, Task& task, Boolean& usedCache, Boolean asyncWrite, Boolean inRetry)
   在 System.Data.SqlClient.SqlCommand.RunExecuteReader(CommandBehavior cmdBehavior, RunBehavior runBehavior, Boolean returnStream, String method)
   在 System.Data.SqlClient.SqlCommand.ExecuteReader(CommandBehavior behavior, String method)
   在 System.Data.Common.DbDataAdapter.FillInternal(DataSet dataset, DataTable[] datatables, Int32 startRecord, Int32 maxRecords, String srcTable, IDbCommand command, CommandBehavior behavior)
   在 System.Data.Common.DbDataAdapter.Fill(DataTable[] dataTables, Int32 startRecord, Int32 maxRecords, IDbCommand command, CommandBehavior behavior)
   在 System.Data.Common.DbDataAdapter.Fill(DataTable dataTable)
   在 StudentMgr.SqlHelper.ExecuteDataTable(SqlConnection conn, String cmdText, SqlParameter[] parameters) 位置 D:\Project data\MaTuo\ProductionErp\ProductionErpBll\SqlHelper.cs:行号 254
09:56:27.896 SELECT A.idx,A.POW002,B.EMP002,A.POW003,FOR001,POW013 FROM MOXPOW A LEFT JOIN MOXEMP B ON A.POW002=B.EMP001 LEFT JOIN MOXFOR C ON A.POW003=C.FOR002 WHERE EMP001=@EMP001
09:58:55.827 @STD001 1700005
09:58:55.830 @STD002 绕线
09:58:55.834 @STD003 并联路数
09:58:55.837 @STD004 2
09:59:16.892 @STD001 1700005
09:59:16.896 @STD002 绕线
09:59:16.898 @STD003 并联路数
09:59:16.901 @STD004 2
10:00:11.018 @STD001 1700005
10:00:11.021 @STD002 绕线
10:00:11.023 @STD003 并联路数
10:00:11.025 @STD004 2
10:01:57.793 @STD001 1700005
10:01:57.796 @STD002 绕线
10:01:57.798 @STD003 并联路数
10:01:57.801 @STD004 2
10:03:01.769 @STD001 1700005
10:03:01.773 @STD002 绕线
10:03:01.775 @STD003 并联路数
10:03:01.778 @STD004 2
10:04:46.858 @STD001 1700005
10:04:46.861 @STD002 绕线
10:04:46.864 @STD003 并联路数
10:04:46.867 @STD004 2
10:09:27.330 @STD001 1700005
10:09:27.334 @STD002 绕线
10:09:27.337 @STD003 并联路数
10:09:27.339 @STD004 2
10:25:55.589 @STD001 1700005
10:25:55.592 @STD002 绕线
10:25:55.594 @STD003 并联路数
10:25:55.597 @STD004 2
10:29:05.404 @STD001 1700005
10:29:05.407 @STD002 绕线
10:29:05.409 @STD003 并联路数
10:29:05.412 @STD004 2
10:30:45.925 @FOR001 权限设置
10:30:45.928 @FOR002 FormPower
10:30:45.931 @FOR003 0
10:30:45.934 @FOR004 MOXPOW
10:31:33.454 @FOR001 程序管控
10:31:33.456 @FOR002 FormProgramControl
10:31:33.459 @FOR003 0
10:31:33.461 @FOR004 MOXFOR
10:32:16.441 @FOR001 工艺信息
10:32:16.444 @FOR002 FormArt
10:32:16.446 @FOR003 1
10:32:16.448 @FOR004 MOXART
10:32:54.195 @FOR001 工艺权限
10:32:54.200 @FOR002 FormArtPower
10:32:54.204 @FOR003 1
10:32:54.208 @FOR004 MOXARP
10:33:45.261 @FOR001 绕线基础数据设置
10:33:45.264 @FOR002 FormWindBase
10:33:45.266 @FOR003 1
10:33:45.268 @FOR004 MOXWIB
10:35:18.820 @FOR001 排单
10:35:18.822 @FOR002 FormSingleRow
10:35:18.825 @FOR003 1
10:35:18.827 @FOR004 MOXSRT
10:35:32.354 @FOR001 排单表
10:35:32.356 @FOR002 FormSingRowTable
10:35:32.358 @FOR003 1
10:35:32.361 @FOR004 MOXSRT
10:36:25.898 @FOR001 绕线表单
10:36:25.901 @FOR002 FormWinding
10:36:25.903 @FOR003 1
10:36:25.905 @FOR004 MOXWID/MOXWIE
10:37:25.066 @FOR001 定子绕圈组装
10:37:25.069 @FOR002 FormStatorCoil
10:37:25.071 @FOR003 1
10:37:25.073 @FOR004 MOXSTC/MOXSTD
10:38:13.150 @FOR001 制动器组装
10:38:13.153 @FOR002 FormBrake
10:38:13.155 @FOR003 1
10:38:13.157 @FOR004 MOXBRA/MOXBRB
10:38:55.012 @FOR001 总装配
10:38:55.015 @FOR002 FormGeneralAssembly
10:38:55.017 @FOR003 1
10:38:55.019 @FOR004 MOXGEA/MOXGEB
10:39:43.394 @FOR001 入库材料条码管理程序
10:39:43.396 @FOR002 FormStorageMaterial
10:39:43.398 @FOR003 1
10:39:43.400 @FOR004 MOXSTM
15:04:22.039 @SRT001 20171025002
15:04:22.045 @SRT002 GD201710250002
15:04:22.047 @SRT003 MTA1100G1
15:04:22.049 @SRT004 定子绕组
15:04:22.051 @SRT005 MY05-630C/050K
15:04:22.054 @SRT006 20
15:04:22.056 @SRT007 2010011700013
15:04:22.057 @SRT008 
15:04:22.059 @SRT009 
15:04:22.147 @SRT001 20171025002
15:04:22.150 @SRT002 GD201710250002
15:04:22.151 @SRT003 MTA1100G1
15:04:22.153 @SRT004 定子绕组
15:04:22.155 @SRT005 MY05-630C/050K
15:04:22.156 @SRT006 20
15:04:22.158 @SRT007 2010011700007
15:04:22.160 @SRT008 
15:04:22.162 @SRT009 
15:04:22.170 @SRT001 20171025002
15:04:22.173 @SRT002 GD201710250002
15:04:22.175 @SRT003 MTA1100G1
15:04:22.177 @SRT004 定子绕组
15:04:22.179 @SRT005 MY05-630C/050K
15:04:22.181 @SRT006 20
15:04:22.184 @SRT007 2010011700005
15:04:22.186 @SRT008 
15:04:22.188 @SRT009 
15:04:22.214 @SRT001 20171025002
15:04:22.217 @SRT002 GD201710250002
15:04:22.219 @SRT003 MTA1100G1
15:04:22.221 @SRT004 定子绕组
15:04:22.223 @SRT005 MY05-630C/050K
15:04:22.225 @SRT006 20
15:04:22.227 @SRT007 2010011700019
15:04:22.228 @SRT008 
15:04:22.230 @SRT009 
15:04:22.249 @SRT001 20171025002
15:04:22.251 @SRT002 GD201710250002
15:04:22.253 @SRT003 MTA1100G1
15:04:22.255 @SRT004 定子绕组
15:04:22.257 @SRT005 MY05-630C/050K
15:04:22.259 @SRT006 20
15:04:22.261 @SRT007 2010011700015
15:04:22.263 @SRT008 
15:04:22.265 @SRT009 
15:04:22.273 @SRT001 20171025002
15:04:22.276 @SRT002 GD201710250002
15:04:22.278 @SRT003 MTA1100G1
15:04:22.280 @SRT004 定子绕组
15:04:22.282 @SRT005 MY05-630C/050K
15:04:22.284 @SRT006 20
15:04:22.286 @SRT007 2010011700002
15:04:22.288 @SRT008 
15:04:22.290 @SRT009 
15:04:22.301 @SRT001 20171025002
15:04:22.304 @SRT002 GD201710250002
15:04:22.306 @SRT003 MTA1100G1
15:04:22.308 @SRT004 定子绕组
15:04:22.310 @SRT005 MY05-630C/050K
15:04:22.311 @SRT006 20
15:04:22.313 @SRT007 2010011700018
15:04:22.315 @SRT008 
15:04:22.317 @SRT009 
15:04:22.327 @SRT001 20171025002
15:04:22.329 @SRT002 GD201710250002
15:04:22.332 @SRT003 MTA1100G1
15:04:22.334 @SRT004 定子绕组
15:04:22.336 @SRT005 MY05-630C/050K
15:04:22.338 @SRT006 20
15:04:22.340 @SRT007 2010011700016
15:04:22.342 @SRT008 
15:04:22.345 @SRT009 
15:04:22.366 @SRT001 20171025002
15:04:22.369 @SRT002 GD201710250005
15:04:22.371 @SRT003 MTA1100H2
15:04:22.373 @SRT004 定子绕组
15:04:22.375 @SRT005 MY07-800/100K
15:04:22.377 @SRT006 8
15:04:22.379 @SRT007 2010021700005
15:04:22.381 @SRT008 
15:04:22.383 @SRT009 
15:04:22.419 @SRT001 20171025002
15:04:22.425 @SRT002 GD201710250002
15:04:22.429 @SRT003 MTA1100G1
15:04:22.434 @SRT004 定子绕组
15:04:22.439 @SRT005 MY05-630C/050K
15:04:22.443 @SRT006 20
15:04:22.445 @SRT007 2010011700008
15:04:22.447 @SRT008 
15:04:22.450 @SRT009 
15:04:22.470 @SRT001 20171025002
15:04:22.473 @SRT002 GD201710250005
15:04:22.475 @SRT003 MTA1100H2
15:04:22.478 @SRT004 定子绕组
15:04:22.480 @SRT005 MY07-800/100K
15:04:22.482 @SRT006 8
15:04:22.485 @SRT007 2010021700007
15:04:22.487 @SRT008 
15:04:22.490 @SRT009 
15:04:22.521 @SRT001 20171025002
15:04:22.524 @SRT002 GD201710250002
15:04:22.526 @SRT003 MTA1100G1
15:04:22.528 @SRT004 定子绕组
15:04:22.530 @SRT005 MY05-630C/050K
15:04:22.532 @SRT006 20
15:04:22.534 @SRT007 2010011700009
15:04:22.536 @SRT008 
15:04:22.537 @SRT009 
15:04:22.550 @SRT001 20171025002
15:04:22.553 @SRT002 GD201710250002
15:04:22.555 @SRT003 MTA1100G1
15:04:22.557 @SRT004 定子绕组
15:04:22.559 @SRT005 MY05-630C/050K
15:04:22.561 @SRT006 20
15:04:22.563 @SRT007 2010011700004
15:04:22.565 @SRT008 
15:04:22.567 @SRT009 
15:04:22.584 @SRT001 20171025002
15:04:22.586 @SRT002 GD201710250002
15:04:22.588 @SRT003 MTA1100G1
15:04:22.591 @SRT004 定子绕组
15:04:22.593 @SRT005 MY05-630C/050K
15:04:22.594 @SRT006 20
15:04:22.596 @SRT007 2010011700020
15:04:22.598 @SRT008 
15:04:22.600 @SRT009 
15:04:22.627 @SRT001 20171025002
15:04:22.630 @SRT002 GD201710250002
15:04:22.632 @SRT003 MTA1100G1
15:04:22.634 @SRT004 定子绕组
15:04:22.635 @SRT005 MY05-630C/050K
15:04:22.637 @SRT006 20
15:04:22.639 @SRT007 2010011700011
15:04:22.641 @SRT008 
15:04:22.643 @SRT009 
15:04:22.660 @SRT001 20171025002
15:04:22.662 @SRT002 GD201710250002
15:04:22.664 @SRT003 MTA1100G1
15:04:22.666 @SRT004 定子绕组
15:04:22.668 @SRT005 MY05-630C/050K
15:04:22.670 @SRT006 20
15:04:22.672 @SRT007 2010011700003
15:04:22.674 @SRT008 
15:04:22.676 @SRT009 
15:04:22.684 @SRT001 20171025002
15:04:22.687 @SRT002 GD201710250002
15:04:22.689 @SRT003 MTA1100G1
15:04:22.691 @SRT004 定子绕组
15:04:22.693 @SRT005 MY05-630C/050K
15:04:22.695 @SRT006 20
15:04:22.697 @SRT007 2010011700012
15:04:22.699 @SRT008 
15:04:22.700 @SRT009 
15:04:22.726 @SRT001 20171025002
15:04:22.729 @SRT002 GD201710250002
15:04:22.730 @SRT003 MTA1100G1
15:04:22.732 @SRT004 定子绕组
15:04:22.735 @SRT005 MY05-630C/050K
15:04:22.737 @SRT006 20
15:04:22.739 @SRT007 2010011700006
15:04:22.741 @SRT008 
15:04:22.742 @SRT009 
15:04:22.755 @SRT001 20171025002
15:04:22.757 @SRT002 GD201710250002
15:04:22.759 @SRT003 MTA1100G1
15:04:22.761 @SRT004 定子绕组
15:04:22.763 @SRT005 MY05-630C/050K
15:04:22.765 @SRT006 20
15:04:22.767 @SRT007 2010011700001
15:04:22.769 @SRT008 
15:04:22.771 @SRT009 
15:04:22.787 @SRT001 20171025002
15:04:22.790 @SRT002 GD201710250005
15:04:22.792 @SRT003 MTA1100H2
15:04:22.794 @SRT004 定子绕组
15:04:22.796 @SRT005 MY07-800/100K
15:04:22.798 @SRT006 8
15:04:22.799 @SRT007 2010021700008
15:04:22.801 @SRT008 
15:04:22.803 @SRT009 
15:04:22.833 @SRT001 20171025002
15:04:22.835 @SRT002 GD201710250005
15:04:22.837 @SRT003 MTA1100H2
15:04:22.839 @SRT004 定子绕组
15:04:22.841 @SRT005 MY07-800/100K
15:04:22.843 @SRT006 8
15:04:22.846 @SRT007 2010021700004
15:04:22.847 @SRT008 
15:04:22.849 @SRT009 
15:04:22.872 @SRT001 20171025002
15:04:22.874 @SRT002 GD201710250005
15:04:22.877 @SRT003 MTA1100H2
15:04:22.879 @SRT004 定子绕组
15:04:22.881 @SRT005 MY07-800/100K
15:04:22.883 @SRT006 8
15:04:22.885 @SRT007 2010021700003
15:04:22.886 @SRT008 
15:04:22.888 @SRT009 
15:04:22.933 @SRT001 20171025002
15:04:22.938 @SRT002 GD201710250005
15:04:22.943 @SRT003 MTA1100H2
15:04:22.947 @SRT004 定子绕组
15:04:22.951 @SRT005 MY07-800/100K
15:04:22.954 @SRT006 8
15:04:22.957 @SRT007 2010021700006
15:04:22.959 @SRT008 
15:04:22.962 @SRT009 
15:04:22.981 @SRT001 20171025002
15:04:22.985 @SRT002 GD201710250005
15:04:22.988 @SRT003 MTA1100H2
15:04:22.990 @SRT004 定子绕组
15:04:22.993 @SRT005 MY07-800/100K
15:04:22.996 @SRT006 8
15:04:22.998 @SRT007 2010021700002
15:04:23.001 @SRT008 
15:04:23.003 @SRT009 
15:04:23.040 @SRT001 20171025002
15:04:23.043 @SRT002 GD201710250002
15:04:23.046 @SRT003 MTA1100G1
15:04:23.049 @SRT004 定子绕组
15:04:23.051 @SRT005 MY05-630C/050K
15:04:23.054 @SRT006 20
15:04:23.056 @SRT007 2010011700017
15:04:23.059 @SRT008 
15:04:23.061 @SRT009 
15:04:23.076 @SRT001 20171025002
15:04:23.079 @SRT002 GD201710250002
15:04:23.081 @SRT003 MTA1100G1
15:04:23.084 @SRT004 定子绕组
15:04:23.086 @SRT005 MY05-630C/050K
15:04:23.088 @SRT006 20
15:04:23.090 @SRT007 2010011700010
15:04:23.092 @SRT008 
15:04:23.094 @SRT009 
15:04:23.148 @SRT001 20171025002
15:04:23.150 @SRT002 GD201710250002
15:04:23.153 @SRT003 MTA1100G1
15:04:23.155 @SRT004 定子绕组
15:04:23.157 @SRT005 MY05-630C/050K
15:04:23.159 @SRT006 20
15:04:23.161 @SRT007 2010011700014
15:04:23.164 @SRT008 
15:04:23.166 @SRT009 
15:04:23.176 @SRT001 20171025002
15:04:23.178 @SRT002 GD201710250005
15:04:23.181 @SRT003 MTA1100H2
15:04:23.183 @SRT004 定子绕组
15:04:23.185 @SRT005 MY07-800/100K
15:04:23.188 @SRT006 8
15:04:23.190 @SRT007 2010021700001
15:04:23.192 @SRT008 
15:04:23.194 @SRT009 
15:05:01.043 @SRT001 20171025003
15:05:01.048 @SRT002 GD201710250008
15:05:01.053 @SRT003 MTA1100H6
15:05:01.057 @SRT004 定子绕组
15:05:01.062 @SRT005 MY07-1000/100K
15:05:01.067 @SRT006 20
15:05:01.072 @SRT007 2010061700015
15:05:01.076 @SRT008 
15:05:01.081 @SRT009 
15:05:01.130 @SRT001 20171025003
15:05:01.135 @SRT002 GD201710250008
15:05:01.140 @SRT003 MTA1100H6
15:05:01.144 @SRT004 定子绕组
15:05:01.148 @SRT005 MY07-1000/100K
15:05:01.152 @SRT006 20
15:05:01.155 @SRT007 2010061700005
15:05:01.159 @SRT008 
15:05:01.163 @SRT009 
15:05:01.184 @SRT001 20171025003
15:05:01.187 @SRT002 GD201710250008
15:05:01.189 @SRT003 MTA1100H6
15:05:01.191 @SRT004 定子绕组
15:05:01.194 @SRT005 MY07-1000/100K
15:05:01.196 @SRT006 20
15:05:01.198 @SRT007 2010061700020
15:05:01.200 @SRT008 
15:05:01.202 @SRT009 
15:05:01.391 @SRT001 20171025003
15:05:01.396 @SRT002 GD201710250008
15:05:01.400 @SRT003 MTA1100H6
15:05:01.404 @SRT004 定子绕组
15:05:01.409 @SRT005 MY07-1000/100K
15:05:01.413 @SRT006 20
15:05:01.416 @SRT007 2010061700009
15:05:01.419 @SRT008 
15:05:01.423 @SRT009 
15:05:01.447 @SRT001 20171025003
15:05:01.450 @SRT002 GD201710250008
15:05:01.452 @SRT003 MTA1100H6
15:05:01.455 @SRT004 定子绕组
15:05:01.458 @SRT005 MY07-1000/100K
15:05:01.460 @SRT006 20
15:05:01.463 @SRT007 2010061700018
15:05:01.465 @SRT008 
15:05:01.467 @SRT009 
15:05:01.488 @SRT001 20171025003
15:05:01.490 @SRT002 GD201710250008
15:05:01.492 @SRT003 MTA1100H6
15:05:01.494 @SRT004 定子绕组
15:05:01.496 @SRT005 MY07-1000/100K
15:05:01.498 @SRT006 20
15:05:01.500 @SRT007 2010061700013
15:05:01.502 @SRT008 
15:05:01.505 @SRT009 
15:05:01.559 @SRT001 20171025003
15:05:01.562 @SRT002 GD201710250008
15:05:01.565 @SRT003 MTA1100H6
15:05:01.569 @SRT004 定子绕组
15:05:01.573 @SRT005 MY07-1000/100K
15:05:01.577 @SRT006 20
15:05:01.579 @SRT007 2010061700008
15:05:01.582 @SRT008 
15:05:01.586 @SRT009 
15:05:01.618 @SRT001 20171025003
15:05:01.621 @SRT002 GD201710250008
15:05:01.623 @SRT003 MTA1100H6
15:05:01.625 @SRT004 定子绕组
15:05:01.628 @SRT005 MY07-1000/100K
15:05:01.630 @SRT006 20
15:05:01.632 @SRT007 2010061700006
15:05:01.634 @SRT008 
15:05:01.636 @SRT009 
15:05:01.692 @SRT001 20171025003
15:05:01.697 @SRT002 GD201710250008
15:05:01.701 @SRT003 MTA1100H6
15:05:01.706 @SRT004 定子绕组
15:05:01.711 @SRT005 MY07-1000/100K
15:05:01.715 @SRT006 20
15:05:01.718 @SRT007 2010061700007
15:05:01.720 @SRT008 
15:05:01.723 @SRT009 
15:05:01.783 @SRT001 20171025003
15:05:01.786 @SRT002 GD201710250008
15:05:01.788 @SRT003 MTA1100H6
15:05:01.791 @SRT004 定子绕组
15:05:01.793 @SRT005 MY07-1000/100K
15:05:01.795 @SRT006 20
15:05:01.797 @SRT007 2010061700019
15:05:01.800 @SRT008 
15:05:01.802 @SRT009 
15:05:01.855 @SRT001 20171025003
15:05:01.860 @SRT002 GD201710250008
15:05:01.864 @SRT003 MTA1100H6
15:05:01.867 @SRT004 定子绕组
15:05:01.869 @SRT005 MY07-1000/100K
15:05:01.872 @SRT006 20
15:05:01.875 @SRT007 2010061700011
15:05:01.877 @SRT008 
15:05:01.880 @SRT009 
15:05:01.896 @SRT001 20171025003
15:05:01.898 @SRT002 GD201710250008
15:05:01.900 @SRT003 MTA1100H6
15:05:01.902 @SRT004 定子绕组
15:05:01.904 @SRT005 MY07-1000/100K
15:05:01.906 @SRT006 20
15:05:01.908 @SRT007 2010061700012
15:05:01.910 @SRT008 
15:05:01.911 @SRT009 
15:05:01.945 @SRT001 20171025003
15:05:01.947 @SRT002 GD201710250008
15:05:01.950 @SRT003 MTA1100H6
15:05:01.952 @SRT004 定子绕组
15:05:01.954 @SRT005 MY07-1000/100K
15:05:01.956 @SRT006 20
15:05:01.958 @SRT007 2010061700010
15:05:01.960 @SRT008 
15:05:01.962 @SRT009 
15:05:01.971 @SRT001 20171025003
15:05:01.973 @SRT002 GD201710250008
15:05:01.975 @SRT003 MTA1100H6
15:05:01.977 @SRT004 定子绕组
15:05:01.979 @SRT005 MY07-1000/100K
15:05:01.980 @SRT006 20
15:05:01.982 @SRT007 2010061700014
15:05:01.984 @SRT008 
15:05:01.987 @SRT009 
15:05:02.000 @SRT001 20171025003
15:05:02.002 @SRT002 GD201710250008
15:05:02.005 @SRT003 MTA1100H6
15:05:02.007 @SRT004 定子绕组
15:05:02.009 @SRT005 MY07-1000/100K
15:05:02.011 @SRT006 20
15:05:02.013 @SRT007 2010061700004
15:05:02.015 @SRT008 
15:05:02.016 @SRT009 
15:05:02.026 @SRT001 20171025003
15:05:02.028 @SRT002 GD201710250008
15:05:02.030 @SRT003 MTA1100H6
15:05:02.032 @SRT004 定子绕组
15:05:02.034 @SRT005 MY07-1000/100K
15:05:02.036 @SRT006 20
15:05:02.038 @SRT007 2010061700002
15:05:02.040 @SRT008 
15:05:02.042 @SRT009 
15:05:02.060 @SRT001 20171025003
15:05:02.063 @SRT002 GD201710250008
15:05:02.065 @SRT003 MTA1100H6
15:05:02.067 @SRT004 定子绕组
15:05:02.069 @SRT005 MY07-1000/100K
15:05:02.071 @SRT006 20
15:05:02.073 @SRT007 2010061700003
15:05:02.075 @SRT008 
15:05:02.077 @SRT009 
15:05:02.098 @SRT001 20171025003
15:05:02.101 @SRT002 GD201710250008
15:05:02.103 @SRT003 MTA1100H6
15:05:02.105 @SRT004 定子绕组
15:05:02.107 @SRT005 MY07-1000/100K
15:05:02.109 @SRT006 20
15:05:02.112 @SRT007 2010061700001
15:05:02.114 @SRT008 
15:05:02.116 @SRT009 
15:05:02.679 @SRT001 20171025003
15:05:02.684 @SRT002 GD201710250008
15:05:02.688 @SRT003 MTA1100H6
15:05:02.692 @SRT004 定子绕组
15:05:02.696 @SRT005 MY07-1000/100K
15:05:02.701 @SRT006 20
15:05:02.704 @SRT007 2010061700016
15:05:02.706 @SRT008 
15:05:02.709 @SRT009 
15:05:02.752 @SRT001 20171025003
15:05:02.755 @SRT002 GD201710250008
15:05:02.758 @SRT003 MTA1100H6
15:05:02.760 @SRT004 定子绕组
15:05:02.763 @SRT005 MY07-1000/100K
15:05:02.765 @SRT006 20
15:05:02.767 @SRT007 2010061700017
15:05:02.770 @SRT008 
15:05:02.772 @SRT009 
15:05:14.656 @SRT001 20171025004
15:05:14.661 @SRT002 GD201710250006
15:05:14.666 @SRT003 MTA1100H3
15:05:14.670 @SRT004 定子绕组
15:05:14.674 @SRT005 MY07-800/150K(160k)
15:05:14.678 @SRT006 10
15:05:14.682 @SRT007 2010031700007
15:05:14.686 @SRT008 
15:05:14.691 @SRT009 
15:05:14.710 @SRT001 20171025004
15:05:14.713 @SRT002 GD201710250006
15:05:14.715 @SRT003 MTA1100H3
15:05:14.718 @SRT004 定子绕组
15:05:14.720 @SRT005 MY07-800/150K(160k)
15:05:14.723 @SRT006 10
15:05:14.725 @SRT007 2010031700008
15:05:14.727 @SRT008 
15:05:14.729 @SRT009 
15:05:14.750 @SRT001 20171025004
15:05:14.752 @SRT002 GD201710250006
15:05:14.754 @SRT003 MTA1100H3
15:05:14.756 @SRT004 定子绕组
15:05:14.758 @SRT005 MY07-800/150K(160k)
15:05:14.760 @SRT006 10
15:05:14.762 @SRT007 2010031700001
15:05:14.764 @SRT008 
15:05:14.765 @SRT009 
15:05:14.780 @SRT001 20171025004
15:05:14.782 @SRT002 GD201710250006
15:05:14.784 @SRT003 MTA1100H3
15:05:14.786 @SRT004 定子绕组
15:05:14.788 @SRT005 MY07-800/150K(160k)
15:05:14.790 @SRT006 10
15:05:14.792 @SRT007 2010031700006
15:05:14.794 @SRT008 
15:05:14.796 @SRT009 
15:05:14.808 @SRT001 20171025004
15:05:14.810 @SRT002 GD201710250006
15:05:14.813 @SRT003 MTA1100H3
15:05:14.815 @SRT004 定子绕组
15:05:14.817 @SRT005 MY07-800/150K(160k)
15:05:14.819 @SRT006 10
15:05:14.821 @SRT007 2010031700002
15:05:14.822 @SRT008 
15:05:14.824 @SRT009 
15:05:14.851 @SRT001 20171025004
15:05:14.855 @SRT002 GD201710250006
15:05:14.859 @SRT003 MTA1100H3
15:05:14.862 @SRT004 定子绕组
15:05:14.866 @SRT005 MY07-800/150K(160k)
15:05:14.869 @SRT006 10
15:05:14.873 @SRT007 2010031700003
15:05:14.877 @SRT008 
15:05:14.880 @SRT009 
15:05:14.894 @SRT001 20171025004
15:05:14.896 @SRT002 GD201710250006
15:05:14.898 @SRT003 MTA1100H3
15:05:14.900 @SRT004 定子绕组
15:05:14.902 @SRT005 MY07-800/150K(160k)
15:05:14.904 @SRT006 10
15:05:14.906 @SRT007 2010031700004
15:05:14.908 @SRT008 
15:05:14.909 @SRT009 
15:05:14.965 @SRT001 20171025004
15:05:14.970 @SRT002 GD201710250006
15:05:14.974 @SRT003 MTA1100H3
15:05:14.978 @SRT004 定子绕组
15:05:14.982 @SRT005 MY07-800/150K(160k)
15:05:14.986 @SRT006 10
15:05:14.990 @SRT007 2010031700010
15:05:14.994 @SRT008 
15:05:14.998 @SRT009 
15:05:15.010 @SRT001 20171025004
15:05:15.012 @SRT002 GD201710250006
15:05:15.015 @SRT003 MTA1100H3
15:05:15.017 @SRT004 定子绕组
15:05:15.019 @SRT005 MY07-800/150K(160k)
15:05:15.021 @SRT006 10
15:05:15.023 @SRT007 2010031700005
15:05:15.025 @SRT008 
15:05:15.027 @SRT009 
15:05:15.047 @SRT001 20171025004
15:05:15.049 @SRT002 GD201710250006
15:05:15.051 @SRT003 MTA1100H3
15:05:15.053 @SRT004 定子绕组
15:05:15.055 @SRT005 MY07-800/150K(160k)
15:05:15.057 @SRT006 10
15:05:15.059 @SRT007 2010031700009
15:05:15.061 @SRT008 
15:05:15.063 @SRT009 
15:06:13.913    在 System.Data.SqlClient.SqlConnection.OnError(SqlException exception, Boolean breakConnection, Action`1 wrapCloseInAction)
   在 System.Data.SqlClient.TdsParser.ThrowExceptionAndWarning(TdsParserStateObject stateObj, Boolean callerHasConnectionLock, Boolean asyncClose)
   在 System.Data.SqlClient.TdsParser.TryRun(RunBehavior runBehavior, SqlCommand cmdHandler, SqlDataReader dataStream, BulkCopySimpleResultSet bulkCopyHandler, TdsParserStateObject stateObj, Boolean& dataReady)
   在 System.Data.SqlClient.SqlDataReader.TryConsumeMetaData()
   在 System.Data.SqlClient.SqlDataReader.get_MetaData()
   在 System.Data.SqlClient.SqlCommand.FinishExecuteReader(SqlDataReader ds, RunBehavior runBehavior, String resetOptionsString, Boolean isInternal, Boolean forDescribeParameterEncryption)
   在 System.Data.SqlClient.SqlCommand.RunExecuteReaderTds(CommandBehavior cmdBehavior, RunBehavior runBehavior, Boolean returnStream, Boolean async, Int32 timeout, Task& task, Boolean asyncWrite, Boolean inRetry, SqlDataReader ds, Boolean describeParameterEncryptionRequest)
   在 System.Data.SqlClient.SqlCommand.RunExecuteReader(CommandBehavior cmdBehavior, RunBehavior runBehavior, Boolean returnStream, String method, TaskCompletionSource`1 completion, Int32 timeout, Task& task, Boolean& usedCache, Boolean asyncWrite, Boolean inRetry)
   在 System.Data.SqlClient.SqlCommand.RunExecuteReader(CommandBehavior cmdBehavior, RunBehavior runBehavior, Boolean returnStream, String method)
   在 System.Data.SqlClient.SqlCommand.ExecuteReader(CommandBehavior behavior, String method)
   在 System.Data.Common.DbDataAdapter.FillInternal(DataSet dataset, DataTable[] datatables, Int32 startRecord, Int32 maxRecords, String srcTable, IDbCommand command, CommandBehavior behavior)
   在 System.Data.Common.DbDataAdapter.Fill(DataTable[] dataTables, Int32 startRecord, Int32 maxRecords, IDbCommand command, CommandBehavior behavior)
   在 System.Data.Common.DbDataAdapter.Fill(DataTable dataTable)
   在 StudentMgr.SqlHelper.ExecuteDataTable(SqlConnection conn, String cmdText, SqlParameter[] parameters) 位置 D:\Project data\MaTuo\ProductionErp\ProductionErpBll\SqlHelper.cs:行号 254
15:06:13.915 SELECT RES005,RES006,RES007,RES008,RES009,RES010,RES011,RES012 FROM MOXRES WHERE RES001='2010011700013'
16:12:37.035 @STD001 2010011700013
16:12:37.040 @STD002 检验
16:12:37.042 @STD003 (绿-红)线间电阻(Ω)
16:12:37.044 @STD004 
16:12:37.047 @STD005 
16:12:37.049 @STD006 0
16:12:37.051 @STD007 
16:12:37.053 @STD008 
16:12:37.055 @STD010 4
16:12:37.057 @STD011 14
16:12:37.214 @STD001 2010011700013
16:12:37.218 @STD002 检验
16:12:37.223 @STD003 槽楔整齐，无歪斜
16:12:37.228 @STD004 
16:12:37.233 @STD005 目测
16:12:37.236 @STD006 0
16:12:37.238 @STD007 
16:12:37.240 @STD008 
16:12:37.242 @STD010 4
16:12:37.245 @STD011 21
16:12:37.369 @STD001 2010011700013
16:12:37.374 @STD002 绑扎整形焊接
16:12:37.379 @STD003 出线端线尺寸合格
16:12:37.383 @STD004 
16:12:37.385 @STD005 钢尺
16:12:37.388 @STD006 0
16:12:37.390 @STD007 
16:12:37.392 @STD008 
16:12:37.393 @STD010 3
16:12:37.395 @STD011 8
16:12:37.414 @STD001 2010011700013
16:12:37.417 @STD002 检验
16:12:37.420 @STD003 线包尺寸用卡板检验合格%
16:12:37.422 @STD004 
16:12:37.424 @STD005 检具
16:12:37.427 @STD006 0
16:12:37.429 @STD007 
16:12:37.431 @STD008 
16:12:37.434 @STD010 4
16:12:37.436 @STD011 19
16:12:37.464 @STD001 2010011700013
16:12:37.467 @STD002 检验
16:12:37.469 @STD003 绝缘电阻(MΩ)
16:12:37.471 @STD004 
16:12:37.473 @STD005 摇表
16:12:37.476 @STD006 0
16:12:37.478 @STD007 
16:12:37.480 @STD008 
16:12:37.483 @STD010 4
16:12:37.485 @STD011 12
16:12:37.504 @STC001 2010011700013
16:12:37.506 @STC002 2
16:12:37.509 @STC003 GD201710250002
16:12:37.511 @STC004 MY05-630C/050K
16:12:37.513 @STC005 0
16:12:37.515 @STC006 
16:12:37.541 @STD001 2010011700013
16:12:37.544 @STD002 绑扎整形焊接
16:12:37.547 @STD003 焊接接头数量
16:12:37.549 @STD004 
16:12:37.551 @STD005 目测
16:12:37.553 @STD006 0
16:12:37.555 @STD007 
16:12:37.561 @STD008 
16:12:37.563 @STD010 3
16:12:37.565 @STD011 7
16:12:37.590 @STD001 2010011700013
16:12:37.593 @STD002 绑扎整形焊接
16:12:37.595 @STD003 引出线规格(平方)
16:12:37.598 @STD004 6
16:12:37.600 @STD005 目测
16:12:37.603 @STD006 0
16:12:37.605 @STD007 
16:12:37.607 @STD008 
16:12:37.609 @STD010 3
16:12:37.612 @STD011 5
16:12:37.627 @STD001 2010011700013
16:12:37.629 @STD002 检验
16:12:37.632 @STD003 外观整齐，无漏绑
16:12:37.634 @STD004 
16:12:37.636 @STD005 目测
16:12:37.638 @STD006 0
16:12:37.640 @STD007 
16:12:37.642 @STD008 
16:12:37.644 @STD010 4
16:12:37.646 @STD011 20
16:12:37.667 @STD001 2010011700013
16:12:37.670 @STD002 检验
16:12:37.672 @STD003 电阻不平衡度
16:12:37.674 @STD004 
16:12:37.676 @STD005 计算器
16:12:37.678 @STD006 0
16:12:37.681 @STD007 
16:12:37.683 @STD008 
16:12:37.685 @STD010 4
16:12:37.687 @STD011 17
16:12:37.702 @STD001 2010011700013
16:12:37.705 @STD002 检验
16:12:37.707 @STD003 匝间检验合格
16:12:37.709 @STD004 
16:12:37.711 @STD005 匝间测试仪
16:12:37.714 @STD006 0
16:12:37.716 @STD007 
16:12:37.717 @STD008 
16:12:37.719 @STD010 4
16:12:37.721 @STD011 11
16:12:37.733 @STD001 2010011700013
16:12:37.735 @STD002 检验
16:12:37.738 @STD003 (黄-红)线间电阻(Ω)
16:12:37.740 @STD004 
16:12:37.742 @STD005 
16:12:37.744 @STD006 0
16:12:37.747 @STD007 
16:12:37.749 @STD008 
16:12:37.751 @STD010 4
16:12:37.753 @STD011 15
16:12:37.769 @STD001 2010011700013
16:12:37.772 @STD002 绕线
16:12:37.774 @STD003 确认线圈匝数
16:12:37.776 @STD004 3
16:12:37.779 @STD005 匝数测试仪
16:12:37.781 @STD006 0
16:12:37.783 @STD007 
16:12:37.785 @STD008 
16:12:37.787 @STD010 1
16:12:37.789 @STD011 0
16:12:37.805 @STD001 2010011700013
16:12:37.808 @STD002 检验
16:12:37.810 @STD003 漆包线无破损
16:12:37.812 @STD004 
16:12:37.814 @STD005 目测
16:12:37.816 @STD006 0
16:12:37.818 @STD007 
16:12:37.820 @STD008 
16:12:37.822 @STD010 4
16:12:37.823 @STD011 22
16:12:37.838 @STD001 2010011700013
16:12:37.840 @STD002 绕线
16:12:37.842 @STD003 接头数量
16:12:37.844 @STD004 
16:12:37.847 @STD005 目测
16:12:37.849 @STD006 0
16:12:37.850 @STD007 
16:12:37.852 @STD008 
16:12:37.854 @STD010 1
16:12:37.856 @STD011 2
16:12:37.870 @STD001 2010011700013
16:12:37.873 @STD002 绑扎整形焊接
16:12:37.876 @STD003 引出线长度(mm)
16:12:37.878 @STD004 9
16:12:37.880 @STD005 钢尺
16:12:37.882 @STD006 0
16:12:37.884 @STD007 
16:12:37.887 @STD008 
16:12:37.889 @STD010 3
16:12:37.891 @STD011 6
16:12:37.905 @STD001 2010011700013
16:12:37.908 @STD002 检验
16:12:37.910 @STD003 (黄-绿)线间电阻(Ω)
16:12:37.912 @STD004 
16:12:37.914 @STD005 
16:12:37.916 @STD006 0
16:12:37.918 @STD007 
16:12:37.920 @STD008 
16:12:37.921 @STD010 4
16:12:37.924 @STD011 13
16:12:37.944 @STD001 2010011700013
16:12:37.946 @STD002 绕线
16:12:37.949 @STD003 并联路数
16:12:37.951 @STD004 4
16:12:37.953 @STD005 目测
16:12:37.955 @STD006 0
16:12:37.956 @STD007 
16:12:37.958 @STD008 
16:12:37.960 @STD010 1
16:12:37.962 @STD011 3
16:12:37.983 @STD001 2010011700013
16:12:37.986 @STD002 绕线
16:12:37.989 @STD003 确认线圈组数
16:12:37.991 @STD004 4
16:12:37.993 @STD005 目测
16:12:37.995 @STD006 0
16:12:37.997 @STD007 
16:12:37.999 @STD008 
16:12:38.001 @STD010 1
16:12:38.003 @STD011 1
16:12:38.024 @STD001 2010011700013
16:12:38.026 @STD002 检验
16:12:38.029 @STD003 耐压2260V,测试一分钟无击穿
16:12:38.031 @STD004 
16:12:38.033 @STD005 耐压测试仪
16:12:38.035 @STD006 0
16:12:38.037 @STD007 
16:12:38.040 @STD008 
16:12:38.042 @STD010 4
16:12:38.044 @STD011 10
16:12:38.058 @STD001 2010011700013
16:12:38.060 @STD002 嵌线
16:12:38.063 @STD003 确认接头数量
16:12:38.065 @STD004 
16:12:38.067 @STD005 目测
16:12:38.069 @STD006 0
16:12:38.071 @STD007 
16:12:38.074 @STD008 
16:12:38.076 @STD010 2
16:12:38.078 @STD011 4
16:12:38.096 @STD001 2010011700013
16:12:38.099 @STD002 检验
16:12:38.101 @STD003 环境温度(℃)
16:12:38.103 @STD004 
16:12:38.105 @STD005 温度计
16:12:38.108 @STD006 0
16:12:38.110 @STD007 
16:12:38.112 @STD008 
16:12:38.114 @STD010 4
16:12:38.116 @STD011 16
16:12:38.130 @STD001 2010011700013
16:12:38.132 @STD002 绑扎整形焊接
16:12:38.135 @STD003 非出线端线包尺寸合格
16:12:38.137 @STD004 
16:12:38.139 @STD005 钢尺
16:12:38.141 @STD006 0
16:12:38.143 @STD007 
16:12:38.145 @STD008 
16:12:38.147 @STD010 3
16:12:38.149 @STD011 9
16:12:38.191 @STD001 2010011700013
16:12:38.193 @STD002 绕线
16:12:38.196 @STD003 并联路数
16:12:38.198 @STD004 4
16:14:08.437 @STD001 2010011700013
16:14:08.440 @STD002 绕线
16:14:08.442 @STD003 并联路数
16:14:08.445 @STD004 4
16:18:00.364 @STD001 2010011700013
16:18:00.368 @STD002 绕线
16:18:00.370 @STD003 并联路数
16:18:00.372 @STD004 4
17:13:25.249    在 System.Data.SqlClient.SqlConnection.OnError(SqlException exception, Boolean breakConnection, Action`1 wrapCloseInAction)
   在 System.Data.SqlClient.TdsParser.ThrowExceptionAndWarning(TdsParserStateObject stateObj, Boolean callerHasConnectionLock, Boolean asyncClose)
   在 System.Data.SqlClient.TdsParser.TryRun(RunBehavior runBehavior, SqlCommand cmdHandler, SqlDataReader dataStream, BulkCopySimpleResultSet bulkCopyHandler, TdsParserStateObject stateObj, Boolean& dataReady)
   在 System.Data.SqlClient.SqlDataReader.TryConsumeMetaData()
   在 System.Data.SqlClient.SqlDataReader.get_MetaData()
   在 System.Data.SqlClient.SqlCommand.FinishExecuteReader(SqlDataReader ds, RunBehavior runBehavior, String resetOptionsString, Boolean isInternal, Boolean forDescribeParameterEncryption)
   在 System.Data.SqlClient.SqlCommand.RunExecuteReaderTds(CommandBehavior cmdBehavior, RunBehavior runBehavior, Boolean returnStream, Boolean async, Int32 timeout, Task& task, Boolean asyncWrite, Boolean inRetry, SqlDataReader ds, Boolean describeParameterEncryptionRequest)
   在 System.Data.SqlClient.SqlCommand.RunExecuteReader(CommandBehavior cmdBehavior, RunBehavior runBehavior, Boolean returnStream, String method, TaskCompletionSource`1 completion, Int32 timeout, Task& task, Boolean& usedCache, Boolean asyncWrite, Boolean inRetry)
   在 System.Data.SqlClient.SqlCommand.RunExecuteReader(CommandBehavior cmdBehavior, RunBehavior runBehavior, Boolean returnStream, String method)
   在 System.Data.SqlClient.SqlCommand.ExecuteReader(CommandBehavior behavior, String method)
   在 System.Data.Common.DbDataAdapter.FillInternal(DataSet dataset, DataTable[] datatables, Int32 startRecord, Int32 maxRecords, String srcTable, IDbCommand command, CommandBehavior behavior)
   在 System.Data.Common.DbDataAdapter.Fill(DataTable[] dataTables, Int32 startRecord, Int32 maxRecords, IDbCommand command, CommandBehavior behavior)
   在 System.Data.Common.DbDataAdapter.Fill(DataTable dataTable)
   在 StudentMgr.SqlHelper.ExecuteDataTable(SqlConnection conn, String cmdText, SqlParameter[] parameters) 位置 D:\Project data\MaTuo\ProductionErp\ProductionErpBll\SqlHelper.cs:行号 254
17:13:25.252 SELECT STM001,STM002,STM003,STM004,STM005,STM006,STM007 FROM MOXSTM  WHERE STM001='20171023000003' AND STM002='001' AND STM003='MTA1200A1'
17:47:44.060 @SRT001 20171025001
17:47:44.063 @SRT002 GD201710250002
17:47:44.065 @SRT003 MTA1100G1
17:47:44.067 @SRT004 定子绕组
17:47:44.070 @SRT005 MY05-630C/050K
17:47:44.072 @SRT006 20
17:47:44.074 @SRT007 2010011700008
17:47:44.076 @SRT008 
17:47:44.078 @SRT009 
17:47:44.140 @SRT001 20171025001
17:47:44.143 @SRT002 GD201710250002
17:47:44.145 @SRT003 MTA1100G1
17:47:44.147 @SRT004 定子绕组
17:47:44.150 @SRT005 MY05-630C/050K
17:47:44.152 @SRT006 20
17:47:44.154 @SRT007 2010011700001
17:47:44.156 @SRT008 
17:47:44.158 @SRT009 
17:47:44.162 @SRT001 20171025001
17:47:44.164 @SRT002 GD201710250002
17:47:44.166 @SRT003 MTA1100G1
17:47:44.169 @SRT004 定子绕组
17:47:44.171 @SRT005 MY05-630C/050K
17:47:44.173 @SRT006 20
17:47:44.175 @SRT007 2010011700017
17:47:44.177 @SRT008 
17:47:44.179 @SRT009 
17:47:44.183 @SRT001 20171025001
17:47:44.185 @SRT002 GD201710250002
17:47:44.188 @SRT003 MTA1100G1
17:47:44.190 @SRT004 定子绕组
17:47:44.192 @SRT005 MY05-630C/050K
17:47:44.194 @SRT006 20
17:47:44.196 @SRT007 2010011700013
17:47:44.198 @SRT008 
17:47:44.200 @SRT009 
17:47:44.204 @SRT001 20171025001
17:47:44.207 @SRT002 GD201710250002
17:47:44.210 @SRT003 MTA1100G1
17:47:44.213 @SRT004 定子绕组
17:47:44.216 @SRT005 MY05-630C/050K
17:47:44.218 @SRT006 20
17:47:44.220 @SRT007 2010011700010
17:47:44.223 @SRT008 
17:47:44.225 @SRT009 
17:47:44.230 @SRT001 20171025001
17:47:44.233 @SRT002 GD201710250002
17:47:44.235 @SRT003 MTA1100G1
17:47:44.237 @SRT004 定子绕组
17:47:44.239 @SRT005 MY05-630C/050K
17:47:44.241 @SRT006 20
17:47:44.244 @SRT007 2010011700006
17:47:44.246 @SRT008 
17:47:44.247 @SRT009 
17:47:44.251 @SRT001 20171025001
17:47:44.254 @SRT002 GD201710250002
17:47:44.256 @SRT003 MTA1100G1
17:47:44.258 @SRT004 定子绕组
17:47:44.261 @SRT005 MY05-630C/050K
17:47:44.263 @SRT006 20
17:47:44.265 @SRT007 2010011700018
17:47:44.267 @SRT008 
17:47:44.270 @SRT009 
17:47:44.273 @SRT001 20171025001
17:47:44.276 @SRT002 GD201710250002
17:47:44.278 @SRT003 MTA1100G1
17:47:44.280 @SRT004 定子绕组
17:47:44.282 @SRT005 MY05-630C/050K
17:47:44.285 @SRT006 20
17:47:44.287 @SRT007 2010011700012
17:47:44.289 @SRT008 
17:47:44.291 @SRT009 
17:47:44.295 @SRT001 20171025001
17:47:44.297 @SRT002 GD201710250002
17:47:44.300 @SRT003 MTA1100G1
17:47:44.302 @SRT004 定子绕组
17:47:44.304 @SRT005 MY05-630C/050K
17:47:44.306 @SRT006 20
17:47:44.308 @SRT007 2010011700009
17:47:44.310 @SRT008 
17:47:44.312 @SRT009 
17:47:44.316 @SRT001 20171025001
17:47:44.318 @SRT002 GD201710250002
17:47:44.321 @SRT003 MTA1100G1
17:47:44.323 @SRT004 定子绕组
17:47:44.325 @SRT005 MY05-630C/050K
17:47:44.327 @SRT006 20
17:47:44.329 @SRT007 2010011700015
17:47:44.331 @SRT008 
17:47:44.334 @SRT009 
17:47:44.339 @SRT001 20171025001
17:47:44.341 @SRT002 GD201710250002
17:47:44.343 @SRT003 MTA1100G1
17:47:44.346 @SRT004 定子绕组
17:47:44.348 @SRT005 MY05-630C/050K
17:47:44.350 @SRT006 20
17:47:44.352 @SRT007 2010011700014
17:47:44.355 @SRT008 
17:47:44.358 @SRT009 
17:47:44.363 @SRT001 20171025001
17:47:44.365 @SRT002 GD201710250002
17:47:44.367 @SRT003 MTA1100G1
17:47:44.370 @SRT004 定子绕组
17:47:44.372 @SRT005 MY05-630C/050K
17:47:44.374 @SRT006 20
17:47:44.376 @SRT007 2010011700020
17:47:44.379 @SRT008 
17:47:44.381 @SRT009 
17:47:44.385 @SRT001 20171025001
17:47:44.387 @SRT002 GD201710250002
17:47:44.389 @SRT003 MTA1100G1
17:47:44.392 @SRT004 定子绕组
17:47:44.394 @SRT005 MY05-630C/050K
17:47:44.396 @SRT006 20
17:47:44.398 @SRT007 2010011700011
17:47:44.401 @SRT008 
17:47:44.403 @SRT009 
17:47:44.407 @SRT001 20171025001
17:47:44.409 @SRT002 GD201710250002
17:47:44.412 @SRT003 MTA1100G1
17:47:44.414 @SRT004 定子绕组
17:47:44.416 @SRT005 MY05-630C/050K
17:47:44.418 @SRT006 20
17:47:44.420 @SRT007 2010011700007
17:47:44.422 @SRT008 
17:47:44.424 @SRT009 
17:47:44.428 @SRT001 20171025001
17:47:44.431 @SRT002 GD201710250002
17:47:44.433 @SRT003 MTA1100G1
17:47:44.435 @SRT004 定子绕组
17:47:44.437 @SRT005 MY05-630C/050K
17:47:44.440 @SRT006 20
17:47:44.442 @SRT007 2010011700003
17:47:44.444 @SRT008 
17:47:44.446 @SRT009 
17:47:44.451 @SRT001 20171025001
17:47:44.453 @SRT002 GD201710250002
17:47:44.456 @SRT003 MTA1100G1
17:47:44.458 @SRT004 定子绕组
17:47:44.460 @SRT005 MY05-630C/050K
17:47:44.462 @SRT006 20
17:47:44.465 @SRT007 2010011700005
17:47:44.467 @SRT008 
17:47:44.469 @SRT009 
17:47:44.473 @SRT001 20171025001
17:47:44.475 @SRT002 GD201710250002
17:47:44.478 @SRT003 MTA1100G1
17:47:44.480 @SRT004 定子绕组
17:47:44.482 @SRT005 MY05-630C/050K
17:47:44.484 @SRT006 20
17:47:44.486 @SRT007 2010011700002
17:47:44.488 @SRT008 
17:47:44.491 @SRT009 
17:47:44.496 @SRT001 20171025001
17:47:44.498 @SRT002 GD201710250002
17:47:44.501 @SRT003 MTA1100G1
17:47:44.503 @SRT004 定子绕组
17:47:44.505 @SRT005 MY05-630C/050K
17:47:44.507 @SRT006 20
17:47:44.509 @SRT007 2010011700019
17:47:44.511 @SRT008 
17:47:44.514 @SRT009 
17:47:44.519 @SRT001 20171025001
17:47:44.522 @SRT002 GD201710250002
17:47:44.524 @SRT003 MTA1100G1
17:47:44.526 @SRT004 定子绕组
17:47:44.528 @SRT005 MY05-630C/050K
17:47:44.531 @SRT006 20
17:47:44.533 @SRT007 2010011700004
17:47:44.535 @SRT008 
17:47:44.538 @SRT009 
17:47:44.542 @SRT001 20171025001
17:47:44.544 @SRT002 GD201710250002
17:47:44.546 @SRT003 MTA1100G1
17:47:44.549 @SRT004 定子绕组
17:47:44.551 @SRT005 MY05-630C/050K
17:47:44.553 @SRT006 20
17:47:44.555 @SRT007 2010011700016
17:47:44.557 @SRT008 
17:47:44.559 @SRT009 
18:35:07.684 @STM001 20171023000003
18:35:07.687 @STM002 001
18:35:07.689 @STM003 MTA1200A1
18:35:07.691 @STM004 定子铁芯
18:35:07.694 @STM005 49
18:35:07.697 @STM006 0023010011700003
18:35:07.699 @STM007 
18:35:07.782 @STM001 20171023000003
18:35:07.785 @STM002 001
18:35:07.787 @STM003 MTA1200A1
18:35:07.789 @STM004 定子铁芯
18:35:07.791 @STM005 49
18:35:07.793 @STM006 0023010011700002
18:35:07.796 @STM007 
18:35:07.801 @STM001 20171023000003
18:35:07.804 @STM002 001
18:35:07.806 @STM003 MTA1200A1
18:35:07.808 @STM004 定子铁芯
18:35:07.810 @STM005 49
18:35:07.812 @STM006 0023010011700008
18:35:07.814 @STM007 
18:35:07.823 @STM001 20171023000003
18:35:07.826 @STM002 001
18:35:07.828 @STM003 MTA1200A1
18:35:07.830 @STM004 定子铁芯
18:35:07.833 @STM005 49
18:35:07.836 @STM006 0023010011700007
18:35:07.839 @STM007 
18:35:07.846 @STM001 20171023000003
18:35:07.848 @STM002 001
18:35:07.850 @STM003 MTA1200A1
18:35:07.853 @STM004 定子铁芯
18:35:07.855 @STM005 49
18:35:07.857 @STM006 0023010011700001
18:35:07.860 @STM007 
18:35:07.865 @STM001 20171023000003
18:35:07.868 @STM002 001
18:35:07.870 @STM003 MTA1200A1
18:35:07.872 @STM004 定子铁芯
18:35:07.874 @STM005 49
18:35:07.877 @STM006 0023010011700010
18:35:07.880 @STM007 
18:35:07.886 @STM001 20171023000003
18:35:07.888 @STM002 001
18:35:07.891 @STM003 MTA1200A1
18:35:07.893 @STM004 定子铁芯
18:35:07.895 @STM005 49
18:35:07.898 @STM006 0023010011700004
18:35:07.900 @STM007 
18:35:07.906 @STM001 20171023000003
18:35:07.909 @STM002 001
18:35:07.912 @STM003 MTA1200A1
18:35:07.914 @STM004 定子铁芯
18:35:07.917 @STM005 49
18:35:07.919 @STM006 0023010011700006
18:35:07.922 @STM007 
18:35:07.928 @STM001 20171023000003
18:35:07.930 @STM002 001
18:35:07.933 @STM003 MTA1200A1
18:35:07.936 @STM004 定子铁芯
18:35:07.939 @STM005 49
18:35:07.941 @STM006 0023010011700005
18:35:07.943 @STM007 
18:35:07.950 @STM001 20171023000003
18:35:07.952 @STM002 001
18:35:07.955 @STM003 MTA1200A1
18:35:07.957 @STM004 定子铁芯
18:35:07.960 @STM005 49
18:35:07.963 @STM006 0023010011700009
18:35:07.966 @STM007 
