11:07:23.374 @WID001 20170914001
11:07:23.378 @WID003 00604
11:07:23.379 @WID004 陆芳芳
11:07:23.381 @WID005 2017/9/21 0:00:00
11:07:23.395 @idx 7
11:07:23.397 @WIE007 GTRGTR
11:07:23.399 @WIE008 2
11:07:23.400 @WIE009 3
11:07:23.402 @WIE010 4.00
11:07:23.409 @idx 8
11:07:23.411 @WIE007 SDFS
11:07:23.413 @WIE008 2
11:07:23.414 @WIE009 3
11:07:23.415 @WIE010 4.00
11:10:52.549 @WIE001 20170915001
11:10:52.553 @WIE002 MTA20236F21
11:10:52.555 @WIE003 MY05/1000-55V
11:10:52.558 @WIE004 2017/8/21 0:00:00
11:10:52.560 @WIE005 A0011700001
11:10:52.562 @WIE006 10.000000
11:10:52.563 @WIE007 2
11:10:52.565 @WIE008 2
11:10:52.566 @WIE009 2
11:10:52.568 @WIE010 2
11:10:52.579 @WID001 20170915001
11:10:52.581 @WID002 20170911001
11:10:52.582 @WID003 00600
11:10:52.584 @WID004 庞佳炎
11:10:52.585 @WID005 2017/9/29 0:00:00
11:10:52.589 @WIE001 20170915001
11:10:52.591 @WIE002 MTA20236F22
11:10:52.593 @WIE003 MY05/1000-55V
11:10:52.594 @WIE004 2017/8/21 0:00:00
11:10:52.595 @WIE005 B0011700001
11:10:52.597 @WIE006 10.000000
11:10:52.598 @WIE007 2
11:10:52.600 @WIE008 2
11:10:52.601 @WIE009 2
11:10:52.603 @WIE010 2
11:12:37.097 @WIE001 20170915001
11:12:37.101 @WIE002 MTA20236F21
11:12:37.104 @WIE003 MY05/1000-55V
11:12:37.106 @WIE004 2017/8/21 0:00:00
11:12:37.109 @WIE005 A0011700001
11:12:37.111 @WIE006 10.000000
11:12:37.113 @WIE007 2
11:12:37.114 @WIE008 3
11:12:37.115 @WIE009 3
11:12:37.117 @WIE010 3
11:12:37.125 @WIE001 20170915001
11:12:37.127 @WIE002 MTA20236F22
11:12:37.129 @WIE003 MY05/1000-55V
11:12:37.130 @WIE004 2017/8/21 0:00:00
11:12:37.132 @WIE005 B0011700001
11:12:37.133 @WIE006 10.000000
11:12:37.135 @WIE007 2
11:12:37.136 @WIE008 3
11:12:37.138 @WIE009 3
11:12:37.139 @WIE010 3
11:12:37.142 @WID001 20170915001
11:12:37.144 @WID002 20170911001
11:12:37.145 @WID003 00583
11:12:37.147 @WID004 余腾辉
11:12:37.148 @WID005 2017/9/28 0:00:00
11:13:03.179 @WIE001 20170915001
11:13:03.182 @WIE002 MTA20236F21
11:13:03.185 @WIE003 MY05/1000-55V
11:13:03.188 @WIE004 2017/8/21 0:00:00
11:13:03.191 @WIE005 A0011700001
11:13:03.194 @WIE006 10.000000
11:13:03.197 @WIE007 2
11:13:03.201 @WIE008 2
11:13:03.204 @WIE009 22
11:13:03.208 @WIE010 2
11:13:03.212 @WID001 20170915001
11:13:03.214 @WID002 20170911001
11:13:03.216 @WID003 00007
11:13:03.217 @WID004 钦晓明
11:13:03.219 @WID005 2017/8/30 0:00:00
11:13:03.222 @WIE001 20170915001
11:13:03.224 @WIE002 MTA20236F22
11:13:03.225 @WIE003 MY05/1000-55V
11:13:03.227 @WIE004 2017/8/21 0:00:00
11:13:03.228 @WIE005 B0011700001
11:13:03.230 @WIE006 10.000000
11:13:03.231 @WIE007 2
11:13:03.233 @WIE008 2
11:13:03.234 @WIE009 22
11:13:03.236 @WIE010 2
11:15:27.763 @WIE001 20170915001
11:15:27.765 @WIE002 MTA20236F21
11:15:27.767 @WIE003 MY05/1000-55V
11:15:27.768 @WIE004 2017/8/21 0:00:00
11:15:27.770 @WIE005 A0011700001
11:15:27.772 @WIE006 10.000000
11:15:27.773 @WIE007 
11:15:27.775 @WIE008 0
11:15:27.776 @WIE009 0
11:15:27.778 @WIE010 0
11:15:27.785 @WIE001 20170915001
11:15:27.787 @WIE002 MTA20236F22
11:15:27.788 @WIE003 MY05/1000-55V
11:15:27.789 @WIE004 2017/8/21 0:00:00
11:15:27.791 @WIE005 B0011700001
11:15:27.792 @WIE006 10.000000
11:15:27.793 @WIE007 
11:15:27.795 @WIE008 0
11:15:27.796 @WIE009 0
11:15:27.798 @WIE010 0
11:15:27.800 @WID001 20170915001
11:15:27.802 @WID002 20170911001
11:15:27.803 @WID003 00007
11:15:27.804 @WID004 钦晓明
11:15:27.806 @WID005 2017/10/5 0:00:00
11:19:21.963 @WIE001 20170915001
11:19:21.965 @WIE002 MTA20236F22
11:19:21.966 @WIE003 MY05/1000-55V
11:19:21.968 @WIE004 2017/8/21 0:00:00
11:19:21.969 @WIE005 B0011700001
11:19:21.971 @WIE006 10.000000
11:19:21.972 @WIE007 
11:19:21.973 @WIE008 0
11:19:21.974 @WIE009 0
11:19:21.976 @WIE010 0
11:19:21.982 @WIE001 20170915001
11:19:21.984 @WIE002 MTA20236F21
11:19:21.985 @WIE003 MY05/1000-55V
11:19:21.987 @WIE004 2017/8/21 0:00:00
11:19:21.988 @WIE005 A0011700001
11:19:21.989 @WIE006 10.000000
11:19:21.991 @WIE007 
11:19:21.993 @WIE008 0
11:19:21.994 @WIE009 0
11:19:21.995 @WIE010 0
11:19:21.998 @WID001 20170915001
11:19:22.000 @WID002 20170911001
11:19:22.001 @WID003 00600
11:19:22.003 @WID004 庞佳炎
11:19:22.004 @WID005 2017/9/21 0:00:00
16:54:37.425 @STD001 A0011700001
16:54:37.428 @STD002 检验
16:54:37.431 @STD003 绝缘电阻(MΩ)
16:54:37.434 @STD004 
16:54:37.436 @STD005 摇表
16:54:37.439 @STD006 0
16:54:37.442 @STD007 
16:54:37.445 @STD008 
16:54:37.457 @STD001 A0011700001
16:54:37.459 @STD002 绑扎整形焊接
16:54:37.462 @STD003 焊接接头数量
16:54:37.464 @STD004 
16:54:37.466 @STD005 目测
16:54:37.468 @STD006 0
16:54:37.470 @STD007 
16:54:37.472 @STD008 
16:54:37.475 @STD001 A0011700001
16:54:37.477 @STD002 检验
16:54:37.479 @STD003 外观整齐，无漏绑
16:54:37.481 @STD004 
16:54:37.484 @STD005 目测
16:54:37.486 @STD006 0
16:54:37.488 @STD007 
16:54:37.489 @STD008 
16:54:37.493 @STD001 A0011700001
16:54:37.495 @STD002 检验
16:54:37.497 @STD003 耐压2260V,测试一分钟无击穿
16:54:37.499 @STD004 
16:54:37.501 @STD005 耐压测试仪
16:54:37.502 @STD006 0
16:54:37.504 @STD007 
16:54:37.506 @STD008 
16:54:37.509 @STD001 A0011700001
16:54:37.511 @STD002 绕线
16:54:37.513 @STD003 接头数量
16:54:37.515 @STD004 
16:54:37.517 @STD005 目测
16:54:37.522 @STD006 0
16:54:37.525 @STD007 
16:54:37.527 @STD008 
16:54:37.530 @STD001 A0011700001
16:54:37.532 @STD002 检验
16:54:37.535 @STD003 (黄-红)线间电阻(Ω)
16:54:37.537 @STD004 
16:54:37.539 @STD005 
16:54:37.541 @STD006 0
16:54:37.543 @STD007 
16:54:37.545 @STD008 
16:54:37.549 @STD001 A0011700001
16:54:37.551 @STD002 绑扎整形焊接
16:54:37.553 @STD003 引出线规格(平方)
16:54:37.556 @STD004 2
16:54:37.558 @STD005 目测
16:54:37.559 @STD006 0
16:54:37.561 @STD007 
16:54:37.563 @STD008 
16:54:37.566 @STD001 A0011700001
16:54:37.569 @STD002 绑扎整形焊接
16:54:37.570 @STD003 出线端线尺寸合格
16:54:37.572 @STD004 
16:54:37.574 @STD005 钢尺
16:54:37.577 @STD006 0
16:54:37.579 @STD007 
16:54:37.581 @STD008 
16:54:37.584 @STD001 A0011700001
16:54:37.587 @STD002 检验
16:54:37.589 @STD003 (黄-绿)线间电阻(Ω)
16:54:37.591 @STD004 
16:54:37.594 @STD005 
16:54:37.595 @STD006 0
16:54:37.597 @STD007 
16:54:37.599 @STD008 
16:54:37.602 @STD001 A0011700001
16:54:37.605 @STD002 检验
16:54:37.607 @STD003 漆包线无破损
16:54:37.609 @STD004 
16:54:37.611 @STD005 目测
16:54:37.613 @STD006 0
16:54:37.615 @STD007 
16:54:37.617 @STD008 
16:54:37.620 @STC001 A0011700001
16:54:37.623 @STC002 2
16:54:37.625 @STC003 GD201708210006
16:54:37.627 @STC004 MY05/1000-55V
16:54:37.629 @STC005 0
16:54:37.631 @STC006 
16:54:37.635 @STD001 A0011700001
16:54:37.637 @STD002 嵌线
16:54:37.639 @STD003 确认接头数量
16:54:37.640 @STD004 
16:54:37.643 @STD005 目测
16:54:37.645 @STD006 0
16:54:37.646 @STD007 
16:54:37.648 @STD008 
16:54:37.651 @STD001 A0011700001
16:54:37.654 @STD002 检验
16:54:37.656 @STD003 三相平均值
16:54:37.658 @STD004 
16:54:37.660 @STD005 计算器
16:54:37.662 @STD006 0
16:54:37.664 @STD007 
16:54:37.666 @STD008 
16:54:37.668 @STD001 A0011700001
16:54:37.671 @STD002 检验
16:54:37.673 @STD003 三相电阻偏差不大于平均值的2%
16:54:37.675 @STD004 
16:54:37.677 @STD005 直流低电阻测试仪
16:54:37.679 @STD006 0
16:54:37.682 @STD007 
16:54:37.684 @STD008 
16:54:37.687 @STD001 A0011700001
16:54:37.690 @STD002 检验
16:54:37.692 @STD003 槽楔整齐，无歪斜
16:54:37.694 @STD004 
16:54:37.696 @STD005 目测
16:54:37.698 @STD006 0
16:54:37.700 @STD007 
16:54:37.702 @STD008 
16:54:37.705 @STD001 A0011700001
16:54:37.707 @STD002 绕线
16:54:37.709 @STD003 确认线圈匝数
16:54:37.712 @STD004 2
16:54:37.714 @STD005 匝数测试仪
16:54:37.716 @STD006 0
16:54:37.718 @STD007 
16:54:37.720 @STD008 
16:54:37.723 @STD001 A0011700001
16:54:37.725 @STD002 绑扎整形焊接
16:54:37.728 @STD003 引出线长度(mm)
16:54:37.730 @STD004 2
16:54:37.732 @STD005 钢尺
16:54:37.734 @STD006 0
16:54:37.736 @STD007 
16:54:37.738 @STD008 
16:54:37.740 @STD001 A0011700001
16:54:37.743 @STD002 绑扎整形焊接
16:54:37.745 @STD003 非出线端线包尺寸合格
16:54:37.747 @STD004 
16:54:37.749 @STD005 钢尺
16:54:37.751 @STD006 0
16:54:37.753 @STD007 
16:54:37.755 @STD008 
16:54:37.758 @STD001 A0011700001
16:54:37.760 @STD002 绕线
16:54:37.763 @STD003 确认线圈组数
16:54:37.765 @STD004 2
16:54:37.767 @STD005 目测
16:54:37.768 @STD006 0
16:54:37.770 @STD007 
16:54:37.773 @STD008 
16:54:37.776 @STD001 A0011700001
16:54:37.778 @STD002 绕线
16:54:37.780 @STD003 并联路数
16:54:37.782 @STD004 
16:54:37.784 @STD005 目测
16:54:37.786 @STD006 0
16:54:37.788 @STD007 
16:54:37.790 @STD008 
16:54:37.793 @STD001 A0011700001
16:54:37.796 @STD002 检验
16:54:37.798 @STD003 匝间检验合格
16:54:37.800 @STD004 
16:54:37.802 @STD005 匝间测试仪
16:54:37.804 @STD006 0
16:54:37.806 @STD007 
16:54:37.808 @STD008 
16:54:37.811 @STD001 A0011700001
16:54:37.813 @STD002 检验
16:54:37.816 @STD003 线包尺寸用卡板检验合格%
16:54:37.818 @STD004 
16:54:37.821 @STD005 检具
16:54:37.823 @STD006 0
16:54:37.825 @STD007 
16:54:37.827 @STD008 
16:54:37.830 @STD001 A0011700001
16:54:37.833 @STD002 检验
16:54:37.835 @STD003 环境温度(℃)
16:54:37.837 @STD004 
16:54:37.839 @STD005 温度计
16:54:37.841 @STD006 0
16:54:37.843 @STD007 
16:54:37.845 @STD008 
16:54:37.848 @STD001 A0011700001
16:54:37.850 @STD002 检验
16:54:37.853 @STD003 (绿-红)线间电阻(Ω))
16:54:37.856 @STD004 
16:54:37.858 @STD005 
16:54:37.860 @STD006 0
16:54:37.862 @STD007 
16:54:37.864 @STD008 
16:54:37.909    在 System.Data.SqlClient.SqlConnection.OnError(SqlException exception, Boolean breakConnection, Action`1 wrapCloseInAction)
   在 System.Data.SqlClient.TdsParser.ThrowExceptionAndWarning(TdsParserStateObject stateObj, Boolean callerHasConnectionLock, Boolean asyncClose)
   在 System.Data.SqlClient.TdsParser.TryRun(RunBehavior runBehavior, SqlCommand cmdHandler, SqlDataReader dataStream, BulkCopySimpleResultSet bulkCopyHandler, TdsParserStateObject stateObj, Boolean& dataReady)
   在 System.Data.SqlClient.SqlDataReader.TryConsumeMetaData()
   在 System.Data.SqlClient.SqlDataReader.get_MetaData()
   在 System.Data.SqlClient.SqlCommand.FinishExecuteReader(SqlDataReader ds, RunBehavior runBehavior, String resetOptionsString, Boolean isInternal, Boolean forDescribeParameterEncryption)
   在 System.Data.SqlClient.SqlCommand.RunExecuteReaderTds(CommandBehavior cmdBehavior, RunBehavior runBehavior, Boolean returnStream, Boolean async, Int32 timeout, Task& task, Boolean asyncWrite, Boolean inRetry, SqlDataReader ds, Boolean describeParameterEncryptionRequest)
   在 System.Data.SqlClient.SqlCommand.RunExecuteReader(CommandBehavior cmdBehavior, RunBehavior runBehavior, Boolean returnStream, String method, TaskCompletionSource`1 completion, Int32 timeout, Task& task, Boolean& usedCache, Boolean asyncWrite, Boolean inRetry)
   在 System.Data.SqlClient.SqlCommand.RunExecuteReader(CommandBehavior cmdBehavior, RunBehavior runBehavior, Boolean returnStream, String method)
   在 System.Data.SqlClient.SqlCommand.ExecuteReader(CommandBehavior behavior, String method)
   在 System.Data.Common.DbDataAdapter.FillInternal(DataSet dataset, DataTable[] datatables, Int32 startRecord, Int32 maxRecords, String srcTable, IDbCommand command, CommandBehavior behavior)
   在 System.Data.Common.DbDataAdapter.Fill(DataTable[] dataTables, Int32 startRecord, Int32 maxRecords, IDbCommand command, CommandBehavior behavior)
   在 System.Data.Common.DbDataAdapter.Fill(DataTable dataTable)
   在 StudentMgr.SqlHelper.ExecuteDataTable(SqlConnection conn, String cmdText, SqlParameter[] parameters) 位置 D:\Project data\MaTuo\ProductionErp\ProductionErpBll\SqlHelper.cs:行号 254
16:54:37.912 SELECT idx,STD001,STD002,STD003,STD004,STD005,STD006,STD007,STD008 FROM WHERE STD001='A0011700001'
16:55:25.582 @STD001 B0011700001
16:55:25.585 @STD002 绕线
16:55:25.587 @STD003 并联路数
16:55:25.590 @STD004 
16:55:25.592 @STD005 目测
16:55:25.595 @STD006 0
16:55:25.598 @STD007 
16:55:25.601 @STD008 
16:55:25.611 @STD001 B0011700001
16:55:25.614 @STD002 检验
16:55:25.617 @STD003 耐压2260V,测试一分钟无击穿
16:55:25.620 @STD004 
16:55:25.622 @STD005 耐压测试仪
16:55:25.624 @STD006 0
16:55:25.627 @STD007 
16:55:25.629 @STD008 
16:55:25.632 @STD001 B0011700001
16:55:25.635 @STD002 检验
16:55:25.637 @STD003 三相电阻偏差不大于平均值的2%
16:55:25.639 @STD004 
16:55:25.641 @STD005 直流低电阻测试仪
16:55:25.643 @STD006 0
16:55:25.645 @STD007 
16:55:25.647 @STD008 
16:55:25.649 @STD001 B0011700001
16:55:25.652 @STD002 绑扎整形焊接
16:55:25.654 @STD003 焊接接头数量
16:55:25.656 @STD004 
16:55:25.658 @STD005 目测
16:55:25.659 @STD006 0
16:55:25.661 @STD007 
16:55:25.663 @STD008 
16:55:25.666 @STD001 B0011700001
16:55:25.669 @STD002 绕线
16:55:25.671 @STD003 确认线圈组数
16:55:25.673 @STD004 3
16:55:25.675 @STD005 目测
16:55:25.677 @STD006 0
16:55:25.679 @STD007 
16:55:25.681 @STD008 
16:55:25.684 @STC001 B0011700001
16:55:25.686 @STC002 3
16:55:25.688 @STC003 GD201708210007
16:55:25.690 @STC004 MY05/1000-55V
16:55:25.692 @STC005 0
16:55:25.693 @STC006 
16:55:25.697 @STD001 B0011700001
16:55:25.699 @STD002 检验
16:55:25.702 @STD003 环境温度(℃)
16:55:25.704 @STD004 
16:55:25.706 @STD005 温度计
16:55:25.708 @STD006 0
16:55:25.710 @STD007 
16:55:25.712 @STD008 
16:55:25.715 @STD001 B0011700001
16:55:25.717 @STD002 绑扎整形焊接
16:55:25.720 @STD003 非出线端线包尺寸合格
16:55:25.722 @STD004 
16:55:25.724 @STD005 钢尺
16:55:25.726 @STD006 0
16:55:25.728 @STD007 
16:55:25.730 @STD008 
16:55:25.733 @STD001 B0011700001
16:55:25.735 @STD002 绑扎整形焊接
16:55:25.741 @STD003 引出线长度(mm)
16:55:25.743 @STD004 3
16:55:25.746 @STD005 钢尺
16:55:25.748 @STD006 0
16:55:25.750 @STD007 
16:55:25.752 @STD008 
16:55:25.755 @STD001 B0011700001
16:55:25.757 @STD002 检验
16:55:25.760 @STD003 线包尺寸用卡板检验合格%
16:55:25.762 @STD004 
16:55:25.764 @STD005 检具
16:55:25.766 @STD006 0
16:55:25.768 @STD007 
16:55:25.770 @STD008 
16:55:25.773 @STD001 B0011700001
16:55:25.776 @STD002 检验
16:55:25.778 @STD003 (黄-绿)线间电阻(Ω)
16:55:25.780 @STD004 
16:55:25.782 @STD005 
16:55:25.784 @STD006 0
16:55:25.786 @STD007 
16:55:25.788 @STD008 
16:55:25.791 @STD001 B0011700001
16:55:25.793 @STD002 检验
16:55:25.795 @STD003 漆包线无破损
16:55:25.798 @STD004 
16:55:25.799 @STD005 目测
16:55:25.801 @STD006 0
16:55:25.803 @STD007 
16:55:25.805 @STD008 
16:55:25.808 @STD001 B0011700001
16:55:25.811 @STD002 检验
16:55:25.813 @STD003 三相平均值
16:55:25.815 @STD004 
16:55:25.817 @STD005 计算器
16:55:25.819 @STD006 0
16:55:25.822 @STD007 
16:55:25.824 @STD008 
16:55:25.827 @STD001 B0011700001
16:55:25.829 @STD002 检验
16:55:25.831 @STD003 槽楔整齐，无歪斜
16:55:25.834 @STD004 
16:55:25.836 @STD005 目测
16:55:25.838 @STD006 0
16:55:25.840 @STD007 
16:55:25.843 @STD008 
16:55:25.846 @STD001 B0011700001
16:55:25.848 @STD002 绕线
16:55:25.850 @STD003 确认线圈匝数
16:55:25.852 @STD004 3
16:55:25.855 @STD005 匝数测试仪
16:55:25.857 @STD006 0
16:55:25.859 @STD007 
16:55:25.861 @STD008 
16:55:25.865 @STD001 B0011700001
16:55:25.867 @STD002 检验
16:55:25.869 @STD003 外观整齐，无漏绑
16:55:25.872 @STD004 
16:55:25.874 @STD005 目测
16:55:25.876 @STD006 0
16:55:25.878 @STD007 
16:55:25.880 @STD008 
16:55:25.883 @STD001 B0011700001
16:55:25.885 @STD002 绕线
16:55:25.887 @STD003 接头数量
16:55:25.889 @STD004 
16:55:25.891 @STD005 目测
16:55:25.893 @STD006 0
16:55:25.895 @STD007 
16:55:25.897 @STD008 
16:55:25.900 @STD001 B0011700001
16:55:25.902 @STD002 检验
16:55:25.904 @STD003 匝间检验合格
16:55:25.906 @STD004 
16:55:25.908 @STD005 匝间测试仪
16:55:25.910 @STD006 0
16:55:25.912 @STD007 
16:55:25.914 @STD008 
16:55:25.917 @STD001 B0011700001
16:55:25.920 @STD002 检验
16:55:25.922 @STD003 绝缘电阻(MΩ)
16:55:25.924 @STD004 
16:55:25.926 @STD005 摇表
16:55:25.928 @STD006 0
16:55:25.930 @STD007 
16:55:25.932 @STD008 
16:55:25.935 @STD001 B0011700001
16:55:25.938 @STD002 绑扎整形焊接
16:55:25.940 @STD003 出线端线尺寸合格
16:55:25.942 @STD004 
16:55:25.944 @STD005 钢尺
16:55:25.946 @STD006 0
16:55:25.948 @STD007 
16:55:25.950 @STD008 
16:55:25.953 @STD001 B0011700001
16:55:25.956 @STD002 嵌线
16:55:25.958 @STD003 确认接头数量
16:55:25.960 @STD004 
16:55:25.962 @STD005 目测
16:55:25.964 @STD006 0
16:55:25.966 @STD007 
16:55:25.968 @STD008 
16:55:25.971 @STD001 B0011700001
16:55:25.973 @STD002 检验
16:55:25.975 @STD003 (绿-红)线间电阻(Ω))
16:55:25.977 @STD004 
16:55:25.979 @STD005 
16:55:25.981 @STD006 0
16:55:25.983 @STD007 
16:55:25.985 @STD008 
16:55:25.988 @STD001 B0011700001
16:55:25.990 @STD002 绑扎整形焊接
16:55:25.992 @STD003 引出线规格(平方)
16:55:25.994 @STD004 3
16:55:25.996 @STD005 目测
16:55:25.999 @STD006 0
16:55:26.001 @STD007 
16:55:26.003 @STD008 
16:55:26.006 @STD001 B0011700001
16:55:26.008 @STD002 检验
16:55:26.010 @STD003 (黄-红)线间电阻(Ω)
16:55:26.013 @STD004 
16:55:26.015 @STD005 
16:55:26.017 @STD006 0
16:55:26.019 @STD007 
16:55:26.021 @STD008 
17:03:28.095 @STD001 A0011700001
17:03:28.098 @STD002 检验
17:03:28.100 @STD003 三相平均值
17:03:28.103 @STD004 
17:03:28.105 @STD005 计算器
17:03:28.107 @STD006 0
17:03:28.110 @STD007 
17:03:28.113 @STD008 
17:03:28.115 @STD010 4
17:03:28.125 @STD001 A0011700001
17:03:28.127 @STD002 绕线
17:03:28.130 @STD003 确认线圈匝数
17:03:28.132 @STD004 2
17:03:28.135 @STD005 匝数测试仪
17:03:28.138 @STD006 0
17:03:28.140 @STD007 
17:03:28.143 @STD008 
17:03:28.146 @STD010 1
17:03:28.150 @STD001 A0011700001
17:03:28.153 @STD002 检验
17:03:28.156 @STD003 环境温度(℃)
17:03:28.158 @STD004 
17:03:28.161 @STD005 温度计
17:03:28.163 @STD006 0
17:03:28.165 @STD007 
17:03:28.168 @STD008 
17:03:28.170 @STD010 4
17:03:28.173 @STC001 A0011700001
17:03:28.176 @STC002 2
17:03:28.178 @STC003 GD201708210006
17:03:28.181 @STC004 MY05/1000-55V
17:03:28.183 @STC005 0
17:03:28.185 @STC006 
17:03:28.189 @STD001 A0011700001
17:03:28.192 @STD002 嵌线
17:03:28.195 @STD003 确认接头数量
17:03:28.197 @STD004 
17:03:28.200 @STD005 目测
17:03:28.202 @STD006 0
17:03:28.205 @STD007 
17:03:28.208 @STD008 
17:03:28.210 @STD010 2
17:03:28.214 @STD001 A0011700001
17:03:28.217 @STD002 检验
17:03:28.219 @STD003 线包尺寸用卡板检验合格%
17:03:28.222 @STD004 
17:03:28.224 @STD005 检具
17:03:28.227 @STD006 0
17:03:28.229 @STD007 
17:03:28.231 @STD008 
17:03:28.234 @STD010 4
17:03:28.237 @STD001 A0011700001
17:03:28.240 @STD002 绑扎整形焊接
17:03:28.242 @STD003 引出线长度(mm)
17:03:28.245 @STD004 2
17:03:28.247 @STD005 钢尺
17:03:28.250 @STD006 0
17:03:28.252 @STD007 
17:03:28.255 @STD008 
17:03:28.257 @STD010 3
17:03:28.261 @STD001 A0011700001
17:03:28.263 @STD002 检验
17:03:28.266 @STD003 绝缘电阻(MΩ)
17:03:28.268 @STD004 
17:03:28.270 @STD005 摇表
17:03:28.273 @STD006 0
17:03:28.275 @STD007 
17:03:28.277 @STD008 
17:03:28.279 @STD010 4
17:03:28.283 @STD001 A0011700001
17:03:28.285 @STD002 绑扎整形焊接
17:03:28.288 @STD003 非出线端线包尺寸合格
17:03:28.290 @STD004 
17:03:28.293 @STD005 钢尺
17:03:28.295 @STD006 0
17:03:28.298 @STD007 
17:03:28.300 @STD008 
17:03:28.302 @STD010 3
17:03:28.306 @STD001 A0011700001
17:03:28.308 @STD002 检验
17:03:28.311 @STD003 耐压2260V,测试一分钟无击穿
17:03:28.313 @STD004 
17:03:28.316 @STD005 耐压测试仪
17:03:28.318 @STD006 0
17:03:28.321 @STD007 
17:03:28.324 @STD008 
17:03:28.326 @STD010 4
17:03:28.330 @STD001 A0011700001
17:03:28.333 @STD002 绕线
17:03:28.335 @STD003 接头数量
17:03:28.338 @STD004 
17:03:28.340 @STD005 目测
17:03:28.342 @STD006 0
17:03:28.344 @STD007 
17:03:28.347 @STD008 
17:03:28.349 @STD010 1
17:03:28.352 @STD001 A0011700001
17:03:28.355 @STD002 绑扎整形焊接
17:03:28.357 @STD003 出线端线尺寸合格
17:03:28.359 @STD004 
17:03:28.361 @STD005 钢尺
17:03:28.363 @STD006 0
17:03:28.365 @STD007 
17:03:28.367 @STD008 
17:03:28.369 @STD010 3
17:03:28.372 @STD001 A0011700001
17:03:28.374 @STD002 检验
17:03:28.377 @STD003 匝间检验合格
17:03:28.379 @STD004 
17:03:28.381 @STD005 匝间测试仪
17:03:28.383 @STD006 0
17:03:28.385 @STD007 
17:03:28.387 @STD008 
17:03:28.389 @STD010 4
17:03:28.392 @STD001 A0011700001
17:03:28.394 @STD002 检验
17:03:28.396 @STD003 (黄-红)线间电阻(Ω)
17:03:28.399 @STD004 
17:03:28.401 @STD005 
17:03:28.403 @STD006 0
17:03:28.405 @STD007 
17:03:28.407 @STD008 
17:03:28.409 @STD010 4
17:03:28.412 @STD001 A0011700001
17:03:28.415 @STD002 检验
17:03:28.417 @STD003 三相电阻偏差不大于平均值的2%
17:03:28.419 @STD004 
17:03:28.421 @STD005 直流低电阻测试仪
17:03:28.423 @STD006 0
17:03:28.425 @STD007 
17:03:28.429 @STD008 
17:03:28.432 @STD010 4
17:03:28.435 @STD001 A0011700001
17:03:28.437 @STD002 检验
17:03:28.440 @STD003 (绿-红)线间电阻(Ω))
17:03:28.442 @STD004 
17:03:28.444 @STD005 
17:03:28.446 @STD006 0
17:03:28.448 @STD007 
17:03:28.451 @STD008 
17:03:28.453 @STD010 4
17:03:28.456 @STD001 A0011700001
17:03:28.458 @STD002 绑扎整形焊接
17:03:28.461 @STD003 引出线规格(平方)
17:03:28.463 @STD004 2
17:03:28.465 @STD005 目测
17:03:28.467 @STD006 0
17:03:28.469 @STD007 
17:03:28.471 @STD008 
17:03:28.473 @STD010 3
17:03:28.477 @STD001 A0011700001
17:03:28.479 @STD002 绕线
17:03:28.481 @STD003 确认线圈组数
17:03:28.483 @STD004 2
17:03:28.485 @STD005 目测
17:03:28.488 @STD006 0
17:03:28.490 @STD007 
17:03:28.492 @STD008 
17:03:28.494 @STD010 1
17:03:28.497 @STD001 A0011700001
17:03:28.499 @STD002 绕线
17:03:28.501 @STD003 并联路数
17:03:28.504 @STD004 
17:03:28.506 @STD005 目测
17:03:28.508 @STD006 0
17:03:28.510 @STD007 
17:03:28.512 @STD008 
17:03:28.514 @STD010 1
17:03:28.517 @STD001 A0011700001
17:03:28.520 @STD002 检验
17:03:28.522 @STD003 槽楔整齐，无歪斜
17:03:28.524 @STD004 
17:03:28.526 @STD005 目测
17:03:28.528 @STD006 0
17:03:28.530 @STD007 
17:03:28.533 @STD008 
17:03:28.536 @STD010 4
17:03:28.539 @STD001 A0011700001
17:03:28.541 @STD002 检验
17:03:28.544 @STD003 (黄-绿)线间电阻(Ω)
17:03:28.546 @STD004 
17:03:28.548 @STD005 
17:03:28.550 @STD006 0
17:03:28.552 @STD007 
17:03:28.554 @STD008 
17:03:28.556 @STD010 4
17:03:28.559 @STD001 A0011700001
17:03:28.562 @STD002 检验
17:03:28.564 @STD003 漆包线无破损
17:03:28.566 @STD004 
17:03:28.568 @STD005 目测
17:03:28.570 @STD006 0
17:03:28.572 @STD007 
17:03:28.574 @STD008 
17:03:28.576 @STD010 4
17:03:28.579 @STD001 A0011700001
17:03:28.581 @STD002 检验
17:03:28.583 @STD003 外观整齐，无漏绑
17:03:28.585 @STD004 
17:03:28.587 @STD005 目测
17:03:28.589 @STD006 0
17:03:28.591 @STD007 
17:03:28.593 @STD008 
17:03:28.595 @STD010 4
17:03:28.598 @STD001 A0011700001
17:03:28.601 @STD002 绑扎整形焊接
17:03:28.603 @STD003 焊接接头数量
17:03:28.605 @STD004 
17:03:28.607 @STD005 目测
17:03:28.609 @STD006 0
17:03:28.611 @STD007 
17:03:28.613 @STD008 
17:03:28.615 @STD010 3
17:10:08.656 @STD001 B0011700001
17:10:08.659 @STD002 检验
17:10:08.665 @STD003 三相平均值
17:10:08.668 @STD004 
17:10:08.670 @STD005 计算器
17:10:08.673 @STD006 0
17:10:08.675 @STD007 
17:10:08.678 @STD008 
17:10:08.680 @STD010 4
17:10:08.683 @STD011 17
17:10:08.696 @STD001 B0011700001
17:10:08.698 @STD002 绕线
17:10:08.701 @STD003 确认线圈匝数
17:10:08.703 @STD004 3
17:10:08.706 @STD005 匝数测试仪
17:10:08.708 @STD006 0
17:10:08.710 @STD007 
17:10:08.712 @STD008 
17:10:08.715 @STD010 1
17:10:08.717 @STD011 0
17:10:08.720 @STD001 B0011700001
17:10:08.723 @STD002 检验
17:10:08.725 @STD003 环境温度(℃)
17:10:08.727 @STD004 
17:10:08.729 @STD005 温度计
17:10:08.732 @STD006 0
17:10:08.733 @STD007 
17:10:08.735 @STD008 
17:10:08.737 @STD010 4
17:10:08.740 @STD011 16
17:10:08.743 @STC001 B0011700001
17:10:08.746 @STC002 3
17:10:08.748 @STC003 GD201708210007
17:10:08.750 @STC004 MY05/1000-55V
17:10:08.752 @STC005 0
17:10:08.754 @STC006 
17:10:08.758 @STD001 B0011700001
17:10:08.761 @STD002 嵌线
17:10:08.763 @STD003 确认接头数量
17:10:08.765 @STD004 
17:10:08.766 @STD005 目测
17:10:08.768 @STD006 0
17:10:08.771 @STD007 
17:10:08.773 @STD008 
17:10:08.775 @STD010 2
17:10:08.777 @STD011 4
17:10:08.780 @STD001 B0011700001
17:10:08.782 @STD002 检验
17:10:08.784 @STD003 线包尺寸用卡板检验合格%
17:10:08.787 @STD004 
17:10:08.789 @STD005 检具
17:10:08.791 @STD006 0
17:10:08.793 @STD007 
17:10:08.795 @STD008 
17:10:08.797 @STD010 4
17:10:08.799 @STD011 19
17:10:08.803 @STD001 B0011700001
17:10:08.806 @STD002 绑扎整形焊接
17:10:08.809 @STD003 引出线长度(mm)
17:10:08.811 @STD004 3
17:10:08.813 @STD005 钢尺
17:10:08.815 @STD006 0
17:10:08.817 @STD007 
17:10:08.819 @STD008 
17:10:08.821 @STD010 3
17:10:08.823 @STD011 6
17:10:08.826 @STD001 B0011700001
17:10:08.829 @STD002 检验
17:10:08.831 @STD003 绝缘电阻(MΩ)
17:10:08.834 @STD004 
17:10:08.836 @STD005 摇表
17:10:08.839 @STD006 0
17:10:08.841 @STD007 
17:10:08.843 @STD008 
17:10:08.846 @STD010 4
17:10:08.849 @STD011 12
17:10:08.852 @STD001 B0011700001
17:10:08.855 @STD002 绑扎整形焊接
17:10:08.857 @STD003 非出线端线包尺寸合格
17:10:08.859 @STD004 
17:10:08.861 @STD005 钢尺
17:10:08.863 @STD006 0
17:10:08.865 @STD007 
17:10:08.868 @STD008 
17:10:08.870 @STD010 3
17:10:08.873 @STD011 9
17:10:08.876 @STD001 B0011700001
17:10:08.878 @STD002 检验
17:10:08.881 @STD003 耐压2260V,测试一分钟无击穿
17:10:08.883 @STD004 
17:10:08.885 @STD005 耐压测试仪
17:10:08.888 @STD006 0
17:10:08.890 @STD007 
17:10:08.892 @STD008 
17:10:08.894 @STD010 4
17:10:08.896 @STD011 10
17:10:08.900 @STD001 B0011700001
17:10:08.902 @STD002 绕线
17:10:08.904 @STD003 接头数量
17:10:08.906 @STD004 
17:10:08.909 @STD005 目测
17:10:08.911 @STD006 0
17:10:08.913 @STD007 
17:10:08.915 @STD008 
17:10:08.917 @STD010 1
17:10:08.919 @STD011 2
17:10:08.922 @STD001 B0011700001
17:10:08.924 @STD002 绑扎整形焊接
17:10:08.927 @STD003 出线端线尺寸合格
17:10:08.929 @STD004 
17:10:08.931 @STD005 钢尺
17:10:08.933 @STD006 0
17:10:08.936 @STD007 
17:10:08.938 @STD008 
17:10:08.940 @STD010 3
17:10:08.942 @STD011 8
17:10:08.945 @STD001 B0011700001
17:10:08.948 @STD002 检验
17:10:08.950 @STD003 匝间检验合格
17:10:08.952 @STD004 
17:10:08.954 @STD005 匝间测试仪
17:10:08.958 @STD006 0
17:10:08.960 @STD007 
17:10:08.962 @STD008 
17:10:08.964 @STD010 4
17:10:08.966 @STD011 11
17:10:08.969 @STD001 B0011700001
17:10:08.971 @STD002 检验
17:10:08.973 @STD003 (黄-红)线间电阻(Ω)
17:10:08.975 @STD004 
17:10:08.978 @STD005 
17:10:08.980 @STD006 0
17:10:08.982 @STD007 
17:10:08.983 @STD008 
17:10:08.985 @STD010 4
17:10:08.987 @STD011 15
17:10:08.990 @STD001 B0011700001
17:10:08.992 @STD002 检验
17:10:08.995 @STD003 三相电阻偏差不大于平均值的2%
17:10:08.997 @STD004 
17:10:08.999 @STD005 直流低电阻测试仪
17:10:09.000 @STD006 0
17:10:09.002 @STD007 
17:10:09.004 @STD008 
17:10:09.006 @STD010 4
17:10:09.008 @STD011 18
17:10:09.011 @STD001 B0011700001
17:10:09.013 @STD002 检验
17:10:09.015 @STD003 (绿-红)线间电阻(Ω))
17:10:09.017 @STD004 
17:10:09.019 @STD005 
17:10:09.021 @STD006 0
17:10:09.024 @STD007 
17:10:09.025 @STD008 
17:10:09.027 @STD010 4
17:10:09.029 @STD011 14
17:10:09.032 @STD001 B0011700001
17:10:09.034 @STD002 绑扎整形焊接
17:10:09.037 @STD003 引出线规格(平方)
17:10:09.039 @STD004 3
17:10:09.041 @STD005 目测
17:10:09.044 @STD006 0
17:10:09.046 @STD007 
17:10:09.048 @STD008 
17:10:09.051 @STD010 3
17:10:09.053 @STD011 5
17:10:09.056 @STD001 B0011700001
17:10:09.059 @STD002 绕线
17:10:09.061 @STD003 确认线圈组数
17:10:09.063 @STD004 3
17:10:09.065 @STD005 目测
17:10:09.067 @STD006 0
17:10:09.069 @STD007 
17:10:09.071 @STD008 
17:10:09.073 @STD010 1
17:10:09.075 @STD011 1
17:10:09.079 @STD001 B0011700001
17:10:09.081 @STD002 绕线
17:10:09.083 @STD003 并联路数
17:10:09.085 @STD004 
17:10:09.088 @STD005 目测
17:10:09.090 @STD006 0
17:10:09.092 @STD007 
17:10:09.094 @STD008 
17:10:09.096 @STD010 1
17:10:09.098 @STD011 3
17:10:09.101 @STD001 B0011700001
17:10:09.104 @STD002 检验
17:10:09.106 @STD003 槽楔整齐，无歪斜
17:10:09.108 @STD004 
17:10:09.110 @STD005 目测
17:10:09.112 @STD006 0
17:10:09.114 @STD007 
17:10:09.116 @STD008 
17:10:09.118 @STD010 4
17:10:09.120 @STD011 21
17:10:09.123 @STD001 B0011700001
17:10:09.125 @STD002 检验
17:10:09.128 @STD003 (黄-绿)线间电阻(Ω)
17:10:09.130 @STD004 
17:10:09.132 @STD005 
17:10:09.134 @STD006 0
17:10:09.137 @STD007 
17:10:09.140 @STD008 
17:10:09.142 @STD010 4
17:10:09.145 @STD011 13
17:10:09.149 @STD001 B0011700001
17:10:09.151 @STD002 检验
17:10:09.153 @STD003 漆包线无破损
17:10:09.156 @STD004 
17:10:09.158 @STD005 目测
17:10:09.160 @STD006 0
17:10:09.162 @STD007 
17:10:09.164 @STD008 
17:10:09.167 @STD010 4
17:10:09.169 @STD011 22
17:10:09.172 @STD001 B0011700001
17:10:09.174 @STD002 检验
17:10:09.177 @STD003 外观整齐，无漏绑
17:10:09.179 @STD004 
17:10:09.181 @STD005 目测
17:10:09.183 @STD006 0
17:10:09.185 @STD007 
17:10:09.187 @STD008 
17:10:09.189 @STD010 4
17:10:09.191 @STD011 20
17:10:09.194 @STD001 B0011700001
17:10:09.197 @STD002 绑扎整形焊接
17:10:09.199 @STD003 焊接接头数量
17:10:09.201 @STD004 
17:10:09.203 @STD005 目测
17:10:09.206 @STD006 0
17:10:09.208 @STD007 
17:10:09.210 @STD008 
17:10:09.212 @STD010 3
17:10:09.214 @STD011 7
17:10:35.715 @STD001 A0011700001
17:10:35.718 @STD002 绕线
17:10:35.722 @STD003 确认线圈匝数
17:10:35.725 @STD004 2
17:10:35.728 @STD005 匝数测试仪
17:10:35.730 @STD006 0
17:10:35.733 @STD007 
17:10:35.736 @STD008 
17:10:35.738 @STD010 1
17:10:35.741 @STD011 0
17:10:35.748 @STD001 A0011700001
17:10:35.751 @STD002 检验
17:10:35.753 @STD003 绝缘电阻(MΩ)
17:10:35.755 @STD004 
17:10:35.757 @STD005 摇表
17:10:35.759 @STD006 0
17:10:35.762 @STD007 
17:10:35.764 @STD008 
17:10:35.766 @STD010 4
17:10:35.768 @STD011 12
17:10:35.771 @STD001 A0011700001
17:10:35.774 @STD002 检验
17:10:35.776 @STD003 三相平均值
17:10:35.778 @STD004 
17:10:35.780 @STD005 计算器
17:10:35.782 @STD006 0
17:10:35.784 @STD007 
17:10:35.786 @STD008 
17:10:35.788 @STD010 4
17:10:35.790 @STD011 17
17:10:35.793 @STD001 A0011700001
17:10:35.798 @STD002 检验
17:10:35.800 @STD003 (黄-红)线间电阻(Ω)
17:10:35.802 @STD004 
17:10:35.804 @STD005 
17:10:35.806 @STD006 0
17:10:35.808 @STD007 
17:10:35.811 @STD008 
17:10:35.813 @STD010 4
17:10:35.815 @STD011 15
17:10:35.818 @STD001 A0011700001
17:10:35.820 @STD002 检验
17:10:35.823 @STD003 (绿-红)线间电阻(Ω))
17:10:35.825 @STD004 
17:10:35.827 @STD005 
17:10:35.829 @STD006 0
17:10:35.831 @STD007 
17:10:35.833 @STD008 
17:10:35.835 @STD010 4
17:10:35.838 @STD011 14
17:10:35.841 @STD001 A0011700001
17:10:35.843 @STD002 绑扎整形焊接
17:10:35.846 @STD003 焊接接头数量
17:10:35.848 @STD004 
17:10:35.850 @STD005 目测
17:10:35.852 @STD006 0
17:10:35.855 @STD007 
17:10:35.857 @STD008 
17:10:35.859 @STD010 3
17:10:35.861 @STD011 7
17:10:35.864 @STD001 A0011700001
17:10:35.867 @STD002 绑扎整形焊接
17:10:35.869 @STD003 引出线长度(mm)
17:10:35.871 @STD004 2
17:10:35.873 @STD005 钢尺
17:10:35.876 @STD006 0
17:10:35.878 @STD007 
17:10:35.880 @STD008 
17:10:35.882 @STD010 3
17:10:35.885 @STD011 6
17:10:35.888 @STD001 A0011700001
17:10:35.891 @STD002 检验
17:10:35.894 @STD003 线包尺寸用卡板检验合格%
17:10:35.896 @STD004 
17:10:35.898 @STD005 检具
17:10:35.901 @STD006 0
17:10:35.903 @STD007 
17:10:35.905 @STD008 
17:10:35.907 @STD010 4
17:10:35.909 @STD011 19
17:10:35.913 @STD001 A0011700001
17:10:35.915 @STD002 绕线
17:10:35.917 @STD003 确认线圈组数
17:10:35.919 @STD004 2
17:10:35.921 @STD005 目测
17:10:35.923 @STD006 0
17:10:35.925 @STD007 
17:10:35.927 @STD008 
17:10:35.929 @STD010 1
17:10:35.931 @STD011 1
17:10:35.935 @STD001 A0011700001
17:10:35.937 @STD002 绕线
17:10:35.939 @STD003 接头数量
17:10:35.941 @STD004 
17:10:35.943 @STD005 目测
17:10:35.946 @STD006 0
17:10:35.948 @STD007 
17:10:35.950 @STD008 
17:10:35.952 @STD010 1
17:10:35.954 @STD011 2
17:10:35.957 @STC001 A0011700001
17:10:35.959 @STC002 2
17:10:35.962 @STC003 GD201708210006
17:10:35.964 @STC004 MY05/1000-55V
17:10:35.966 @STC005 0
17:10:35.968 @STC006 
17:10:35.972 @STD001 A0011700001
17:10:35.975 @STD002 检验
17:10:35.978 @STD003 槽楔整齐，无歪斜
17:10:35.980 @STD004 
17:10:35.982 @STD005 目测
17:10:35.985 @STD006 0
17:10:35.987 @STD007 
17:10:35.989 @STD008 
17:10:35.991 @STD010 4
17:10:35.993 @STD011 21
17:10:35.996 @STD001 A0011700001
17:10:35.999 @STD002 检验
17:10:36.001 @STD003 (黄-绿)线间电阻(Ω)
17:10:36.003 @STD004 
17:10:36.005 @STD005 
17:10:36.007 @STD006 0
17:10:36.009 @STD007 
17:10:36.011 @STD008 
17:10:36.013 @STD010 4
17:10:36.015 @STD011 13
17:10:36.018 @STD001 A0011700001
17:10:36.020 @STD002 检验
17:10:36.023 @STD003 外观整齐，无漏绑
17:10:36.025 @STD004 
17:10:36.027 @STD005 目测
17:10:36.030 @STD006 0
17:10:36.032 @STD007 
17:10:36.034 @STD008 
17:10:36.036 @STD010 4
17:10:36.038 @STD011 20
17:10:36.042 @STD001 A0011700001
17:10:36.044 @STD002 检验
17:10:36.046 @STD003 漆包线无破损
17:10:36.048 @STD004 
17:10:36.050 @STD005 目测
17:10:36.052 @STD006 0
17:10:36.054 @STD007 
17:10:36.056 @STD008 
17:10:36.059 @STD010 4
17:10:36.061 @STD011 22
17:10:36.064 @STD001 A0011700001
17:10:36.066 @STD002 检验
17:10:36.068 @STD003 匝间检验合格
17:10:36.070 @STD004 
17:10:36.073 @STD005 匝间测试仪
17:10:36.075 @STD006 0
17:10:36.077 @STD007 
17:10:36.079 @STD008 
17:10:36.081 @STD010 4
17:10:36.083 @STD011 11
17:10:36.086 @STD001 A0011700001
17:10:36.088 @STD002 绕线
17:10:36.090 @STD003 并联路数
17:10:36.093 @STD004 
17:10:36.095 @STD005 目测
17:10:36.097 @STD006 0
17:10:36.099 @STD007 
17:10:36.101 @STD008 
17:10:36.103 @STD010 1
17:10:36.105 @STD011 3
17:10:36.108 @STD001 A0011700001
17:10:36.110 @STD002 绑扎整形焊接
17:10:36.112 @STD003 出线端线尺寸合格
17:10:36.114 @STD004 
17:10:36.116 @STD005 钢尺
17:10:36.118 @STD006 0
17:10:36.120 @STD007 
17:10:36.122 @STD008 
17:10:36.125 @STD010 3
17:10:36.127 @STD011 8
17:10:36.130 @STD001 A0011700001
17:10:36.132 @STD002 嵌线
17:10:36.134 @STD003 确认接头数量
17:10:36.137 @STD004 
17:10:36.139 @STD005 目测
17:10:36.141 @STD006 0
17:10:36.144 @STD007 
17:10:36.146 @STD008 
17:10:36.148 @STD010 2
17:10:36.150 @STD011 4
17:10:36.153 @STD001 A0011700001
17:10:36.156 @STD002 检验
17:10:36.158 @STD003 耐压2260V,测试一分钟无击穿
17:10:36.160 @STD004 
17:10:36.162 @STD005 耐压测试仪
17:10:36.164 @STD006 0
17:10:36.167 @STD007 
17:10:36.169 @STD008 
17:10:36.171 @STD010 4
17:10:36.173 @STD011 10
17:10:36.176 @STD001 A0011700001
17:10:36.179 @STD002 绑扎整形焊接
17:10:36.181 @STD003 引出线规格(平方)
17:10:36.183 @STD004 2
17:10:36.186 @STD005 目测
17:10:36.188 @STD006 0
17:10:36.190 @STD007 
17:10:36.192 @STD008 
17:10:36.194 @STD010 3
17:10:36.196 @STD011 5
17:10:36.199 @STD001 A0011700001
17:10:36.202 @STD002 绑扎整形焊接
17:10:36.204 @STD003 非出线端线包尺寸合格
17:10:36.206 @STD004 
17:10:36.208 @STD005 钢尺
17:10:36.210 @STD006 0
17:10:36.211 @STD007 
17:10:36.214 @STD008 
17:10:36.216 @STD010 3
17:10:36.218 @STD011 9
17:10:36.220 @STD001 A0011700001
17:10:36.223 @STD002 检验
17:10:36.225 @STD003 三相电阻偏差不大于平均值的2%
17:10:36.227 @STD004 
17:10:36.229 @STD005 直流低电阻测试仪
17:10:36.230 @STD006 0
17:10:36.233 @STD007 
17:10:36.235 @STD008 
17:10:36.238 @STD010 4
17:10:36.240 @STD011 18
17:10:36.244 @STD001 A0011700001
17:10:36.246 @STD002 检验
17:10:36.248 @STD003 环境温度(℃)
17:10:36.250 @STD004 
17:10:36.251 @STD005 温度计
17:10:36.253 @STD006 0
17:10:36.255 @STD007 
17:10:36.257 @STD008 
17:10:36.259 @STD010 4
17:10:36.261 @STD011 16
