10:04:19.447 @idx 99
10:04:19.452 @STD004 2
10:04:19.454 @STD006 0
10:04:19.455 @STD007 
10:04:19.457 @STD008 
10:04:19.470 @idx 107
10:04:19.471 @STD004 2
10:04:19.473 @STD006 0
10:04:19.474 @STD007 
10:04:19.476 @STD008 
10:04:19.479 @idx 101
10:04:19.481 @STD004 2
10:04:19.482 @STD006 0
10:04:19.484 @STD007 
10:04:19.485 @STD008 
10:04:19.487 @idx 98
10:04:19.489 @STD004 
10:04:19.491 @STD006 0
10:04:19.493 @STD007 
10:04:19.494 @STD008 
10:04:19.497 @idx 100
10:04:19.498 @STD004 False
10:04:19.500 @STD006 0
10:04:19.501 @STD007 
10:04:19.503 @STD008 
10:04:19.505 @idx 104
10:04:19.507 @STD004 2
10:04:19.509 @STD006 0
10:04:19.510 @STD007 
10:04:19.512 @STD008 
10:04:19.514 @idx 108
10:04:19.516 @STD004 
10:04:19.517 @STD006 0
10:04:19.519 @STD007 
10:04:19.521 @STD008 
10:04:19.523 @idx 96
10:04:19.525 @STD004 w
10:04:19.527 @STD006 0
10:04:19.528 @STD007 
10:04:19.530 @STD008 
10:04:19.532 @idx 95
10:04:19.534 @STD004 s
10:04:19.536 @STD006 0
10:04:19.537 @STD007 
10:04:19.539 @STD008 
10:04:19.544 @idx 106
10:04:19.546 @STD004 True
10:04:19.547 @STD006 0
10:04:19.549 @STD007 
10:04:19.551 @STD008 
10:04:19.553 @idx 109
10:04:19.555 @STD004 
10:04:19.557 @STD006 0
10:04:19.558 @STD007 
10:04:19.559 @STD008 
10:04:19.562 @idx 102
10:04:19.564 @STD004 
10:04:19.565 @STD006 0
10:04:19.566 @STD007 
10:04:19.568 @STD008 
10:04:19.570 @idx 114
10:04:19.572 @STD004 
10:04:19.574 @STD006 0
10:04:19.575 @STD007 
10:04:19.577 @STD008 
10:04:19.579 @STC001 A0011700001
10:04:19.581 @STC005 0
10:04:19.583 @STC006 
10:04:19.587 @idx 113
10:04:19.588 @STD004 
10:04:19.590 @STD006 0
10:04:19.591 @STD007 
10:04:19.592 @STD008 
10:04:19.595 @idx 111
10:04:19.597 @STD004 2
10:04:19.598 @STD006 0
10:04:19.600 @STD007 
10:04:19.602 @STD008 
10:04:19.604 @idx 115
10:04:19.606 @STD004 s
10:04:19.608 @STD006 0
10:04:19.609 @STD007 
10:04:19.611 @STD008 
10:04:19.613 @idx 97
10:04:19.615 @STD004 w
10:04:19.617 @STD006 0
10:04:19.618 @STD007 
10:04:19.620 @STD008 
10:04:19.623 @idx 94
10:04:19.625 @STD004 2
10:04:19.626 @STD006 0
10:04:19.628 @STD007 
10:04:19.630 @STD008 
10:04:19.632 @idx 103
10:04:19.634 @STD004 True
10:04:19.636 @STD006 0
10:04:19.637 @STD007 
10:04:19.639 @STD008 
10:04:19.641 @idx 105
10:04:19.643 @STD004 True
10:04:19.645 @STD006 0
10:04:19.647 @STD007 
10:04:19.648 @STD008 
10:04:19.651 @idx 112
10:04:19.653 @STD004 2
10:04:19.655 @STD006 0
10:04:19.656 @STD007 
10:04:19.658 @STD008 
10:04:19.661 @idx 110
10:04:19.663 @STD004 
10:04:19.664 @STD006 0
10:04:19.666 @STD007 
10:04:19.668 @STD008 
10:04:19.670 @idx 93
10:04:19.672 @STD004 2
10:04:19.673 @STD006 0
10:04:19.675 @STD007 
10:04:19.677 @STD008 
10:04:38.907 @idx 94
10:04:38.909 @STD004 2
10:04:38.913 @STD006 0
10:04:38.915 @STD007 
10:04:38.917 @STD008 
10:04:38.922 @idx 98
10:04:38.924 @STD004 
10:04:38.927 @STD006 0
10:04:38.929 @STD007 
10:04:38.931 @STD008 
10:04:38.934 @idx 103
10:04:38.936 @STD004 True
10:04:38.938 @STD006 0
10:04:38.940 @STD007 
10:04:38.942 @STD008 
10:04:38.945 @idx 114
10:04:38.947 @STD004 
10:04:38.949 @STD006 0
10:04:38.951 @STD007 
10:04:38.953 @STD008 
10:04:38.955 @idx 115
10:04:38.957 @STD004 s
10:04:38.959 @STD006 0
10:04:38.960 @STD007 
10:04:38.962 @STD008 
10:04:38.965 @idx 95
10:04:38.967 @STD004 s
10:04:38.969 @STD006 0
10:04:38.970 @STD007 
10:04:38.972 @STD008 
10:04:38.977 @idx 104
10:04:38.979 @STD004 2
10:04:38.981 @STD006 0
10:04:38.983 @STD007 
10:04:38.985 @STD008 
10:04:38.987 @idx 107
10:04:38.989 @STD004 2
10:04:38.991 @STD006 0
10:04:38.993 @STD007 
10:04:38.994 @STD008 
10:04:38.997 @idx 112
10:04:38.999 @STD004 2
10:04:39.000 @STD006 0
10:04:39.002 @STD007 
10:04:39.003 @STD008 
10:04:39.006 @idx 93
10:04:39.008 @STD004 2
10:04:39.009 @STD006 0
10:04:39.011 @STD007 
10:04:39.013 @STD008 
10:04:39.015 @idx 96
10:04:39.017 @STD004 w
10:04:39.019 @STD006 0
10:04:39.020 @STD007 
10:04:39.022 @STD008 
10:04:39.024 @idx 102
10:04:39.026 @STD004 
10:04:39.028 @STD006 0
10:04:39.029 @STD007 
10:04:39.031 @STD008 
10:04:39.034 @idx 106
10:04:39.035 @STD004 True
10:04:39.037 @STD006 0
10:04:39.038 @STD007 
10:04:39.040 @STD008 
10:04:39.043 @idx 108
10:04:39.044 @STD004 
10:04:39.046 @STD006 0
10:04:39.047 @STD007 
10:04:39.049 @STD008 
10:04:39.052 @idx 111
10:04:39.054 @STD004 2
10:04:39.056 @STD006 0
10:04:39.057 @STD007 
10:04:39.059 @STD008 
10:04:39.061 @STC001 A0011700001
10:04:39.063 @STC005 0
10:04:39.064 @STC006 
10:04:39.067 @idx 113
10:04:39.068 @STD004 
10:04:39.070 @STD006 0
10:04:39.072 @STD007 
10:04:39.074 @STD008 
10:04:39.076 @idx 100
10:04:39.078 @STD004 True
10:04:39.079 @STD006 0
10:04:39.081 @STD007 
10:04:39.082 @STD008 
10:04:39.085 @idx 110
10:04:39.087 @STD004 
10:04:39.089 @STD006 0
10:04:39.091 @STD007 
10:04:39.092 @STD008 
10:04:39.095 @idx 101
10:04:39.097 @STD004 2
10:04:39.098 @STD006 0
10:04:39.100 @STD007 
10:04:39.102 @STD008 
10:04:39.104 @idx 97
10:04:39.106 @STD004 w
10:04:39.107 @STD006 0
10:04:39.109 @STD007 
10:04:39.111 @STD008 
10:04:39.113 @idx 99
10:04:39.115 @STD004 2
10:04:39.117 @STD006 0
10:04:39.118 @STD007 
10:04:39.120 @STD008 
10:04:39.122 @idx 109
10:04:39.124 @STD004 
10:04:39.126 @STD006 0
10:04:39.127 @STD007 
10:04:39.129 @STD008 
10:04:39.132 @idx 105
10:04:39.133 @STD004 False
10:04:39.135 @STD006 0
10:04:39.136 @STD007 
10:04:39.138 @STD008 
13:50:22.395    在 System.Data.SqlClient.SqlConnection.OnError(SqlException exception, Boolean breakConnection, Action`1 wrapCloseInAction)
   在 System.Data.SqlClient.TdsParser.ThrowExceptionAndWarning(TdsParserStateObject stateObj, Boolean callerHasConnectionLock, Boolean asyncClose)
   在 System.Data.SqlClient.TdsParser.TryRun(RunBehavior runBehavior, SqlCommand cmdHandler, SqlDataReader dataStream, BulkCopySimpleResultSet bulkCopyHandler, TdsParserStateObject stateObj, Boolean& dataReady)
   在 System.Data.SqlClient.SqlDataReader.TryConsumeMetaData()
   在 System.Data.SqlClient.SqlDataReader.get_MetaData()
   在 System.Data.SqlClient.SqlCommand.FinishExecuteReader(SqlDataReader ds, RunBehavior runBehavior, String resetOptionsString, Boolean isInternal, Boolean forDescribeParameterEncryption)
   在 System.Data.SqlClient.SqlCommand.RunExecuteReaderTds(CommandBehavior cmdBehavior, RunBehavior runBehavior, Boolean returnStream, Boolean async, Int32 timeout, Task& task, Boolean asyncWrite, Boolean inRetry, SqlDataReader ds, Boolean describeParameterEncryptionRequest)
   在 System.Data.SqlClient.SqlCommand.RunExecuteReader(CommandBehavior cmdBehavior, RunBehavior runBehavior, Boolean returnStream, String method, TaskCompletionSource`1 completion, Int32 timeout, Task& task, Boolean& usedCache, Boolean asyncWrite, Boolean inRetry)
   在 System.Data.SqlClient.SqlCommand.RunExecuteReader(CommandBehavior cmdBehavior, RunBehavior runBehavior, Boolean returnStream, String method)
   在 System.Data.SqlClient.SqlCommand.ExecuteReader(CommandBehavior behavior, String method)
   在 System.Data.Common.DbDataAdapter.FillInternal(DataSet dataset, DataTable[] datatables, Int32 startRecord, Int32 maxRecords, String srcTable, IDbCommand command, CommandBehavior behavior)
   在 System.Data.Common.DbDataAdapter.Fill(DataTable[] dataTables, Int32 startRecord, Int32 maxRecords, IDbCommand command, CommandBehavior behavior)
   在 System.Data.Common.DbDataAdapter.Fill(DataTable dataTable)
   在 StudentMgr.SqlHelper.ExecuteDataTable(SqlConnection conn, String cmdText, SqlParameter[] parameters) 位置 D:\Project data\MaTuo\ProductionErp\ProductionErpBll\SqlHelper.cs:行号 254
13:50:22.398 SELECT STD001,STD002,STD003,STD004,STD005,STD006,STD007,STD008 FROM MOXSTD WHERE STC001='A0011700001'
14:09:23.619 @WID001 20170916001
14:09:23.622 @WID002 20170911001
14:09:23.629 @WID003 00604
14:09:23.630 @WID004 陆芳芳
14:09:23.632 @WID005 2017/10/6 0:00:00
14:09:23.645 @WIE001 20170916001
14:09:23.647 @WIE002 MTA20236F21
14:09:23.648 @WIE003 MY05/1000-55V
14:09:23.650 @WIE004 2017/8/21 0:00:00
14:09:23.652 @WIE005 A0011700001
14:09:23.653 @WIE006 10.000000
14:09:23.655 @WIE007 SD
14:09:23.657 @WIE008 2
14:09:23.659 @WIE009 3
14:09:23.660 @WIE010 3
14:09:23.667 @WIE001 20170916001
14:09:23.668 @WIE002 MTA20236F22
14:09:23.670 @WIE003 MY05/1000-55V
14:09:23.672 @WIE004 2017/8/21 0:00:00
14:09:23.673 @WIE005 B0011700001
14:09:23.675 @WIE006 10.000000
14:09:23.677 @WIE007 SERW
14:09:23.679 @WIE008 23
14:09:23.681 @WIE009 3
14:09:23.682 @WIE010 3
14:23:35.040 @FOR001 程序管控
14:23:35.042 @FOR002 FormProgramControl
14:23:35.043 @FOR003 0
14:23:35.045 @FOR004 MOXFOR
14:24:09.316 @FOR001 权限设置
14:24:09.318 @FOR002 FormPower
14:24:09.319 @FOR003 0
14:24:09.321 @FOR004 MOXPOW
14:24:44.706 @FOR001 参数连接设置
14:24:44.708 @FOR002 Connection . Form1
14:24:44.710 @FOR003 1
14:24:44.712 @FOR004 
14:25:32.382 @FOR001 工艺信息
14:25:32.384 @FOR002 FormArt
14:25:32.386 @FOR003 1
14:25:32.387 @FOR004 MOXART
14:25:48.978 @FOR001 工艺权限
14:25:48.980 @FOR002 FormArtPower
14:25:48.981 @FOR003 1
14:25:48.983 @FOR004 MOXARP
14:26:25.104 @FOR001 绕线基础数据设置
14:26:25.106 @FOR002 FormWindBase
14:26:25.108 @FOR003 1
14:26:25.112 @FOR004 MOXWIB
14:26:56.142 @FOR001 排单
14:26:56.144 @FOR002 FormSingleRow
14:26:56.146 @FOR003 1
14:26:56.148 @FOR004 
14:27:30.428 @FOR001 排单表
14:27:30.430 @FOR002 FormSingRowTable
14:27:30.432 @FOR003 1
14:27:30.433 @FOR004 MOXSRT
14:27:58.294 @FOR001 绕线表单
14:27:58.296 @FOR002 FormWinding
14:27:58.297 @FOR003 1
14:27:58.299 @FOR004 MOXWID/MOXWIE
14:28:36.425 @FOR001 定子绕圈组装
14:28:36.427 @FOR002 FormStatorCoil
14:28:36.428 @FOR003 1
14:28:36.430 @FOR004 MOXSTC/MOXSTD
