17:43:53.946 @WIE001 20170914001
17:43:53.949 @WIE002 MTA20236F21
17:43:53.951 @WIE003 MY05/1000-55V
17:43:53.953 @WIE004 2017/8/21 0:00:00
17:43:53.955 @WIE005 A0011700001
17:43:53.957 @WIE006 10.000000
17:43:53.959 @WIE007 SFDS
17:43:53.961 @WIE008 2
17:43:53.963 @WIE009 2
17:43:53.965 @WIE010 2
17:43:53.978 @WIE001 20170914001
17:43:53.980 @WIE002 MTA20236F22
17:43:53.982 @WIE003 MY05/1000-55V
17:43:53.984 @WIE004 2017/8/21 0:00:00
17:43:53.985 @WIE005 B0011700001
17:43:53.987 @WIE006 10.000000
17:43:53.989 @WIE007 RTGTGER
17:43:53.990 @WIE008 3
17:43:53.992 @WIE009 2
17:43:53.994 @WIE010 2
17:45:53.514 @WID001 20170914001
17:45:53.518 @WID002 
17:45:53.520 @WID003 
17:45:53.522 @WID004 
17:45:53.524 @WID005 0001/1/1 0:00:00
17:45:53.535 @WIE001 20170914001
17:45:53.537 @WIE002 MTA20236F22
17:45:53.539 @WIE003 MY05/1000-55V
17:45:53.541 @WIE004 2017/8/21 0:00:00
17:45:53.543 @WIE005 B0011700001
17:45:53.545 @WIE006 10.000000
17:45:53.547 @WIE007 SDFVFDSV
17:45:53.549 @WIE008 2
17:45:53.551 @WIE009 2
17:45:53.553 @WIE010 2
17:45:53.556 @WIE001 20170914001
17:45:53.559 @WIE002 MTA20236F21
17:45:53.560 @WIE003 MY05/1000-55V
17:45:53.562 @WIE004 2017/8/21 0:00:00
17:45:53.564 @WIE005 A0011700001
17:45:53.566 @WIE006 10.000000
17:45:53.568 @WIE007 DFSD
17:45:53.570 @WIE008 2
17:45:53.572 @WIE009 2
17:45:53.574 @WIE010 2
17:48:55.264 @WID001 20170914001
17:48:55.267 @WID002 
17:48:55.269 @WID003 
17:48:55.271 @WID004 
17:48:55.273 @WID005 0001/1/1 0:00:00
17:48:55.284 @WIE001 20170914001
17:48:55.286 @WIE002 MTA20236F21
17:48:55.288 @WIE003 MY05/1000-55V
17:48:55.291 @WIE004 2017/8/21 0:00:00
17:48:55.293 @WIE005 A0011700001
17:48:55.295 @WIE006 10.000000
17:48:55.296 @WIE007 sds
17:48:55.298 @WIE008 2
17:48:55.300 @WIE009 23
17:48:55.302 @WIE010 3
17:48:55.305 @WIE001 20170914001
17:48:55.307 @WIE002 MTA20236F22
17:48:55.309 @WIE003 MY05/1000-55V
17:48:55.311 @WIE004 2017/8/21 0:00:00
17:48:55.312 @WIE005 B0011700001
17:48:55.314 @WIE006 10.000000
17:48:55.316 @WIE007 sdsfr
17:48:55.318 @WIE008 2
17:48:55.319 @WIE009 3
17:48:55.321 @WIE010 3
17:50:23.551 @WIE001 20170914001
17:50:23.553 @WIE002 MTA20236F22
17:50:23.555 @WIE003 MY05/1000-55V
17:50:23.557 @WIE004 2017/8/21 0:00:00
17:50:23.559 @WIE005 B0011700001
17:50:23.560 @WIE006 10.000000
17:50:23.562 @WIE007 GTRGTR
17:50:23.564 @WIE008 2
17:50:23.566 @WIE009 3
17:50:23.568 @WIE010 4
17:50:23.576 @WID001 20170914001
17:50:23.578 @WID002 20170911001
17:50:23.580 @WID003 00604
17:50:23.581 @WID004 陆芳芳
17:50:23.583 @WID005 2017/9/21 0:00:00
17:50:23.586 @WIE001 20170914001
17:50:23.588 @WIE002 MTA20236F21
17:50:23.590 @WIE003 MY05/1000-55V
17:50:23.592 @WIE004 2017/8/21 0:00:00
17:50:23.594 @WIE005 A0011700001
17:50:23.596 @WIE006 10.000000
17:50:23.597 @WIE007 SDFS
17:50:23.599 @WIE008 2
17:50:23.601 @WIE009 3
17:50:23.603 @WIE010 4
