12:00:48.307 @POW002 00600
12:00:48.307 @POW003 FormSingRowTable
12:00:54.269 @POW002 00365
12:00:54.269 @POW003 FormSingleRow
12:01:03.679 @POW002 00600
12:01:03.689 @POW003 FormSingRowTable
12:01:09.799 @POW002 00600
12:01:09.799 @POW003 FormSingRowTable
12:01:39.767 @POW002 00604
12:01:39.777 @POW003 FormWindBase
12:01:39.787 @POW002 00604
12:01:39.797 @POW003 FormWindBase
12:01:39.797 @POW004 True
12:01:39.807 @POW005 True
12:01:39.807 @POW006 True
12:01:39.807 @POW007 True
12:01:39.817 @POW008 True
12:01:39.817 @POW009 True
12:01:39.817 @POW010 True
12:01:39.827 @POW011 True
12:01:39.827 @POW012 True
12:01:39.827 @POW013 True
12:01:39.837 @POW016 True
12:01:39.837 @POW017 True
