08:36:53.947 @SRT001 20171030001
08:36:53.950 @SRT002 GD201710250005
08:36:53.952 @SRT003 MTA1100H2
08:36:53.955 @SRT004 定子绕组
08:36:53.957 @SRT005 MY07-800/100K
08:36:53.959 @SRT006 8
08:36:53.961 @SRT007 0002010021700008
08:36:53.963 @SRT008 
08:36:53.966 @SRT009 
08:36:54.030 @SRT001 20171030001
08:36:54.032 @SRT002 GD201710250005
08:36:54.035 @SRT003 MTA1100H2
08:36:54.037 @SRT004 定子绕组
08:36:54.039 @SRT005 MY07-800/100K
08:36:54.041 @SRT006 8
08:36:54.044 @SRT007 0002010021700005
08:36:54.046 @SRT008 
08:36:54.048 @SRT009 
08:36:54.055 @SRT001 20171030001
08:36:54.057 @SRT002 GD201710250002
08:36:54.060 @SRT003 MTA1100G1
08:36:54.062 @SRT004 定子绕组
08:36:54.064 @SRT005 MY05-630C/050K
08:36:54.066 @SRT006 20
08:36:54.068 @SRT007 0002010011700006
08:36:54.070 @SRT008 
08:36:54.073 @SRT009 
08:36:54.079 @SRT001 20171030001
08:36:54.082 @SRT002 GD201710250005
08:36:54.084 @SRT003 MTA1100H2
08:36:54.086 @SRT004 定子绕组
08:36:54.089 @SRT005 MY07-800/100K
08:36:54.091 @SRT006 8
08:36:54.093 @SRT007 0002010021700003
08:36:54.095 @SRT008 
08:36:54.097 @SRT009 
08:36:54.105 @SRT001 20171030001
08:36:54.107 @SRT002 GD201710250005
08:36:54.109 @SRT003 MTA1100H2
08:36:54.111 @SRT004 定子绕组
08:36:54.114 @SRT005 MY07-800/100K
08:36:54.116 @SRT006 8
08:36:54.119 @SRT007 0002010021700002
08:36:54.121 @SRT008 
08:36:54.123 @SRT009 
08:36:54.131 @SRT001 20171030001
08:36:54.134 @SRT002 GD201710250002
08:36:54.136 @SRT003 MTA1100G1
08:36:54.138 @SRT004 定子绕组
08:36:54.140 @SRT005 MY05-630C/050K
08:36:54.142 @SRT006 20
08:36:54.144 @SRT007 0002010011700015
08:36:54.146 @SRT008 
08:36:54.149 @SRT009 
08:36:54.155 @SRT001 20171030001
08:36:54.158 @SRT002 GD201710250002
08:36:54.160 @SRT003 MTA1100G1
08:36:54.162 @SRT004 定子绕组
08:36:54.164 @SRT005 MY05-630C/050K
08:36:54.167 @SRT006 20
08:36:54.169 @SRT007 0002010011700007
08:36:54.171 @SRT008 
08:36:54.173 @SRT009 
08:36:54.179 @SRT001 20171030001
08:36:54.182 @SRT002 GD201710250002
08:36:54.184 @SRT003 MTA1100G1
08:36:54.186 @SRT004 定子绕组
08:36:54.189 @SRT005 MY05-630C/050K
08:36:54.191 @SRT006 20
08:36:54.193 @SRT007 0002010011700011
08:36:54.195 @SRT008 
08:36:54.197 @SRT009 
08:36:54.202 @SRT001 20171030001
08:36:54.205 @SRT002 GD201710250002
08:36:54.207 @SRT003 MTA1100G1
08:36:54.209 @SRT004 定子绕组
08:36:54.212 @SRT005 MY05-630C/050K
08:36:54.214 @SRT006 20
08:36:54.216 @SRT007 0002010011700004
08:36:54.218 @SRT008 
08:36:54.220 @SRT009 
08:36:54.227 @SRT001 20171030001
08:36:54.229 @SRT002 GD201710250005
08:36:54.232 @SRT003 MTA1100H2
08:36:54.234 @SRT004 定子绕组
08:36:54.236 @SRT005 MY07-800/100K
08:36:54.238 @SRT006 8
08:36:54.240 @SRT007 0002010021700001
08:36:54.242 @SRT008 
08:36:54.245 @SRT009 
08:36:54.250 @SRT001 20171030001
08:36:54.253 @SRT002 GD201710250002
08:36:54.255 @SRT003 MTA1100G1
08:36:54.257 @SRT004 定子绕组
08:36:54.260 @SRT005 MY05-630C/050K
08:36:54.262 @SRT006 20
08:36:54.264 @SRT007 0002010011700013
08:36:54.266 @SRT008 
08:36:54.268 @SRT009 
08:36:54.279 @SRT001 20171030001
08:36:54.281 @SRT002 GD201710250002
08:36:54.283 @SRT003 MTA1100G1
08:36:54.286 @SRT004 定子绕组
08:36:54.288 @SRT005 MY05-630C/050K
08:36:54.290 @SRT006 20
08:36:54.292 @SRT007 0002010011700014
08:36:54.294 @SRT008 
08:36:54.296 @SRT009 
08:36:54.302 @SRT001 20171030001
08:36:54.304 @SRT002 GD201710250002
08:36:54.306 @SRT003 MTA1100G1
08:36:54.308 @SRT004 定子绕组
08:36:54.310 @SRT005 MY05-630C/050K
08:36:54.312 @SRT006 20
08:36:54.315 @SRT007 0002010011700018
08:36:54.317 @SRT008 
08:36:54.319 @SRT009 
08:36:54.325 @SRT001 20171030001
08:36:54.328 @SRT002 GD201710250002
08:36:54.330 @SRT003 MTA1100G1
08:36:54.332 @SRT004 定子绕组
08:36:54.334 @SRT005 MY05-630C/050K
08:36:54.336 @SRT006 20
08:36:54.339 @SRT007 0002010011700001
08:36:54.340 @SRT008 
08:36:54.343 @SRT009 
08:36:54.349 @SRT001 20171030001
08:36:54.352 @SRT002 GD201710250002
08:36:54.355 @SRT003 MTA1100G1
08:36:54.357 @SRT004 定子绕组
08:36:54.360 @SRT005 MY05-630C/050K
08:36:54.362 @SRT006 20
08:36:54.365 @SRT007 0002010011700019
08:36:54.367 @SRT008 
08:36:54.369 @SRT009 
08:36:54.375 @SRT001 20171030001
08:36:54.378 @SRT002 GD201710250002
08:36:54.380 @SRT003 MTA1100G1
08:36:54.382 @SRT004 定子绕组
08:36:54.384 @SRT005 MY05-630C/050K
08:36:54.386 @SRT006 20
08:36:54.388 @SRT007 0002010011700010
08:36:54.390 @SRT008 
08:36:54.392 @SRT009 
08:36:54.398 @SRT001 20171030001
08:36:54.400 @SRT002 GD201710250002
08:36:54.403 @SRT003 MTA1100G1
08:36:54.405 @SRT004 定子绕组
08:36:54.407 @SRT005 MY05-630C/050K
08:36:54.410 @SRT006 20
08:36:54.412 @SRT007 0002010011700009
08:36:54.414 @SRT008 
08:36:54.416 @SRT009 
08:36:54.422 @SRT001 20171030001
08:36:54.425 @SRT002 GD201710250002
08:36:54.427 @SRT003 MTA1100G1
08:36:54.429 @SRT004 定子绕组
08:36:54.431 @SRT005 MY05-630C/050K
08:36:54.433 @SRT006 20
08:36:54.436 @SRT007 0002010011700008
08:36:54.438 @SRT008 
08:36:54.439 @SRT009 
08:36:54.447 @SRT001 20171030001
08:36:54.449 @SRT002 GD201710250002
08:36:54.451 @SRT003 MTA1100G1
08:36:54.453 @SRT004 定子绕组
08:36:54.455 @SRT005 MY05-630C/050K
08:36:54.458 @SRT006 20
08:36:54.460 @SRT007 0002010011700017
08:36:54.462 @SRT008 
08:36:54.464 @SRT009 
08:36:54.470 @SRT001 20171030001
08:36:54.473 @SRT002 GD201710250005
08:36:54.475 @SRT003 MTA1100H2
08:36:54.477 @SRT004 定子绕组
08:36:54.479 @SRT005 MY07-800/100K
08:36:54.482 @SRT006 8
08:36:54.484 @SRT007 0002010021700006
08:36:54.486 @SRT008 
08:36:54.488 @SRT009 
08:36:54.494 @SRT001 20171030001
08:36:54.497 @SRT002 GD201710250002
08:36:54.499 @SRT003 MTA1100G1
08:36:54.501 @SRT004 定子绕组
08:36:54.503 @SRT005 MY05-630C/050K
08:36:54.505 @SRT006 20
08:36:54.507 @SRT007 0002010011700002
08:36:54.509 @SRT008 
08:36:54.511 @SRT009 
08:36:54.517 @SRT001 20171030001
08:36:54.519 @SRT002 GD201710250002
08:36:54.521 @SRT003 MTA1100G1
08:36:54.524 @SRT004 定子绕组
08:36:54.526 @SRT005 MY05-630C/050K
08:36:54.528 @SRT006 20
08:36:54.530 @SRT007 0002010011700016
08:36:54.532 @SRT008 
08:36:54.534 @SRT009 
08:36:54.540 @SRT001 20171030001
08:36:54.542 @SRT002 GD201710250002
08:36:54.544 @SRT003 MTA1100G1
08:36:54.547 @SRT004 定子绕组
08:36:54.549 @SRT005 MY05-630C/050K
08:36:54.551 @SRT006 20
08:36:54.553 @SRT007 0002010011700020
08:36:54.555 @SRT008 
08:36:54.557 @SRT009 
08:36:54.564 @SRT001 20171030001
08:36:54.566 @SRT002 GD201710250002
08:36:54.568 @SRT003 MTA1100G1
08:36:54.570 @SRT004 定子绕组
08:36:54.573 @SRT005 MY05-630C/050K
08:36:54.575 @SRT006 20
08:36:54.578 @SRT007 0002010011700012
08:36:54.580 @SRT008 
08:36:54.582 @SRT009 
08:36:54.588 @SRT001 20171030001
08:36:54.591 @SRT002 GD201710250005
08:36:54.593 @SRT003 MTA1100H2
08:36:54.595 @SRT004 定子绕组
08:36:54.597 @SRT005 MY07-800/100K
08:36:54.600 @SRT006 8
08:36:54.602 @SRT007 0002010021700007
08:36:54.604 @SRT008 
08:36:54.606 @SRT009 
08:36:54.612 @SRT001 20171030001
08:36:54.615 @SRT002 GD201710250002
08:36:54.618 @SRT003 MTA1100G1
08:36:54.620 @SRT004 定子绕组
08:36:54.622 @SRT005 MY05-630C/050K
08:36:54.624 @SRT006 20
08:36:54.626 @SRT007 0002010011700005
08:36:54.628 @SRT008 
08:36:54.631 @SRT009 
08:36:54.637 @SRT001 20171030001
08:36:54.640 @SRT002 GD201710250002
08:36:54.642 @SRT003 MTA1100G1
08:36:54.644 @SRT004 定子绕组
08:36:54.646 @SRT005 MY05-630C/050K
08:36:54.649 @SRT006 20
08:36:54.650 @SRT007 0002010011700003
08:36:54.652 @SRT008 
08:36:54.654 @SRT009 
08:36:54.660 @SRT001 20171030001
08:36:54.662 @SRT002 GD201710250005
08:36:54.665 @SRT003 MTA1100H2
08:36:54.667 @SRT004 定子绕组
08:36:54.669 @SRT005 MY07-800/100K
08:36:54.671 @SRT006 8
08:36:54.673 @SRT007 0002010021700004
08:36:54.675 @SRT008 
08:36:54.678 @SRT009 
08:56:48.679 @STD001 0002010021700005
08:56:48.682 @STD002 检验
08:56:48.684 @STD003 外观整齐，无漏绑
08:56:48.687 @STD004 
08:56:48.689 @STD005 目测
08:56:48.691 @STD006 0
08:56:48.693 @STD007 
08:56:48.695 @STD008 
08:56:48.697 @STD010 4
08:56:48.699 @STD011 20
08:56:48.775 @STD001 0002010021700005
08:56:48.778 @STD002 检验
08:56:48.780 @STD003 (黄-绿)线间电阻(Ω)
08:56:48.782 @STD004 
08:56:48.784 @STD005 
08:56:48.787 @STD006 0
08:56:48.789 @STD007 
08:56:48.791 @STD008 
08:56:48.794 @STD010 4
08:56:48.796 @STD011 13
08:56:48.802 @STD001 0002010021700005
08:56:48.804 @STD002 嵌线
08:56:48.807 @STD003 确认接头数量
08:56:48.809 @STD004 
08:56:48.811 @STD005 目测
08:56:48.813 @STD006 0
08:56:48.815 @STD007 
08:56:48.817 @STD008 
08:56:48.819 @STD010 2
08:56:48.822 @STD011 4
08:56:48.827 @STD001 0002010021700005
08:56:48.829 @STD002 检验
08:56:48.831 @STD003 漆包线无破损
08:56:48.834 @STD004 
08:56:48.836 @STD005 目测
08:56:48.837 @STD006 0
08:56:48.839 @STD007 
08:56:48.842 @STD008 
08:56:48.844 @STD010 4
08:56:48.846 @STD011 22
08:56:48.850 @STD001 0002010021700005
08:56:48.853 @STD002 检验
08:56:48.855 @STD003 环境温度(℃)
08:56:48.857 @STD004 
08:56:48.860 @STD005 温度计
08:56:48.862 @STD006 0
08:56:48.864 @STD007 
08:56:48.866 @STD008 
08:56:48.869 @STD010 4
08:56:48.871 @STD011 16
08:56:48.877 @STD001 0002010021700005
08:56:48.879 @STD002 检验
08:56:48.882 @STD003 耐压2260V,测试一分钟无击穿
08:56:48.884 @STD004 
08:56:48.886 @STD005 耐压测试仪
08:56:48.888 @STD006 0
08:56:48.890 @STD007 
08:56:48.892 @STD008 
08:56:48.895 @STD010 4
08:56:48.897 @STD011 10
08:56:48.901 @STD001 0002010021700005
08:56:48.904 @STD002 检验
08:56:48.906 @STD003 (黄-红)线间电阻(Ω)
08:56:48.908 @STD004 
08:56:48.911 @STD005 
08:56:48.913 @STD006 0
08:56:48.916 @STD007 
08:56:48.918 @STD008 
08:56:48.920 @STD010 4
08:56:48.922 @STD011 15
08:56:48.927 @STD001 0002010021700005
08:56:48.930 @STD002 绑扎整形焊接
08:56:48.932 @STD003 非出线端线包尺寸合格
08:56:48.934 @STD004 
08:56:48.936 @STD005 钢尺
08:56:48.938 @STD006 0
08:56:48.940 @STD007 
08:56:48.943 @STD008 
08:56:48.945 @STD010 3
08:56:48.947 @STD011 9
08:56:48.952 @STD001 0002010021700005
08:56:48.954 @STD002 检验
08:56:48.956 @STD003 匝间检验合格
08:56:48.959 @STD004 
08:56:48.961 @STD005 匝间测试仪
08:56:48.963 @STD006 0
08:56:48.965 @STD007 
08:56:48.967 @STD008 
08:56:48.969 @STD010 4
08:56:48.972 @STD011 11
08:56:48.977 @STD001 0002010021700005
08:56:48.979 @STD002 检验
08:56:48.982 @STD003 线包尺寸用卡板检验合格%
08:56:48.984 @STD004 
08:56:48.986 @STD005 检具
08:56:48.988 @STD006 0
08:56:48.990 @STD007 
08:56:48.992 @STD008 
08:56:48.994 @STD010 4
08:56:48.996 @STD011 19
08:56:49.002 @STD001 0002010021700005
08:56:49.004 @STD002 绕线
08:56:49.007 @STD003 确认线圈匝数
08:56:49.009 @STD004 3
08:56:49.011 @STD005 匝数测试仪
08:56:49.013 @STD006 0
08:56:49.015 @STD007 
08:56:49.018 @STD008 
08:56:49.020 @STD010 1
08:56:49.022 @STD011 0
08:56:49.027 @STD001 0002010021700005
08:56:49.030 @STD002 绑扎整形焊接
08:56:49.032 @STD003 引出线规格(平方)
08:56:49.034 @STD004 7
08:56:49.037 @STD005 目测
08:56:49.039 @STD006 0
08:56:49.041 @STD007 
08:56:49.043 @STD008 
08:56:49.045 @STD010 3
08:56:49.047 @STD011 5
08:56:49.052 @STD001 0002010021700005
08:56:49.055 @STD002 绑扎整形焊接
08:56:49.057 @STD003 引出线长度(mm)
08:56:49.059 @STD004 4
08:56:49.061 @STD005 钢尺
08:56:49.063 @STD006 0
08:56:49.065 @STD007 
08:56:49.067 @STD008 
08:56:49.070 @STD010 3
08:56:49.072 @STD011 6
08:56:49.077 @STD001 0002010021700005
08:56:49.079 @STD002 绑扎整形焊接
08:56:49.081 @STD003 出线端线尺寸合格
08:56:49.083 @STD004 
08:56:49.086 @STD005 钢尺
08:56:49.088 @STD006 0
08:56:49.090 @STD007 
08:56:49.092 @STD008 
08:56:49.094 @STD010 3
08:56:49.096 @STD011 8
08:56:49.102 @STD001 0002010021700005
08:56:49.104 @STD002 检验
08:56:49.106 @STD003 (绿-红)线间电阻(Ω)
08:56:49.108 @STD004 
08:56:49.110 @STD005 
08:56:49.113 @STD006 0
08:56:49.115 @STD007 
08:56:49.117 @STD008 
08:56:49.119 @STD010 4
08:56:49.121 @STD011 14
08:56:49.128 @STD001 0002010021700005
08:56:49.131 @STD002 检验
08:56:49.133 @STD003 绝缘电阻(MΩ)
08:56:49.135 @STD004 
08:56:49.137 @STD005 摇表
08:56:49.140 @STD006 0
08:56:49.142 @STD007 
08:56:49.144 @STD008 
08:56:49.146 @STD010 4
08:56:49.148 @STD011 12
08:56:49.153 @STD001 0002010021700005
08:56:49.156 @STD002 绕线
08:56:49.158 @STD003 并联路数
08:56:49.160 @STD004 7
08:56:49.162 @STD005 目测
08:56:49.164 @STD006 0
08:56:49.166 @STD007 
08:56:49.168 @STD008 
08:56:49.171 @STD010 1
08:56:49.173 @STD011 3
08:56:49.178 @STD001 0002010021700005
08:56:49.180 @STD002 绕线
08:56:49.183 @STD003 接头数量
08:56:49.185 @STD004 
08:56:49.188 @STD005 目测
08:56:49.190 @STD006 0
08:56:49.192 @STD007 
08:56:49.194 @STD008 
08:56:49.197 @STD010 1
08:56:49.199 @STD011 2
08:56:49.203 @STD001 0002010021700005
08:56:49.206 @STD002 检验
08:56:49.208 @STD003 槽楔整齐，无歪斜
08:56:49.211 @STD004 
08:56:49.213 @STD005 目测
08:56:49.216 @STD006 0
08:56:49.218 @STD007 
08:56:49.222 @STD008 
08:56:49.224 @STD010 4
08:56:49.226 @STD011 21
08:56:49.231 @STD001 0002010021700005
08:56:49.234 @STD002 绑扎整形焊接
08:56:49.236 @STD003 焊接接头数量
08:56:49.238 @STD004 
08:56:49.241 @STD005 目测
08:56:49.243 @STD006 0
08:56:49.245 @STD007 
08:56:49.247 @STD008 
08:56:49.249 @STD010 3
08:56:49.252 @STD011 7
08:56:49.257 @STD001 0002010021700005
08:56:49.260 @STD002 检验
08:56:49.262 @STD003 电阻不平衡度
08:56:49.264 @STD004 
08:56:49.267 @STD005 计算器
08:56:49.269 @STD006 0
08:56:49.272 @STD007 
08:56:49.274 @STD008 
08:56:49.276 @STD010 4
08:56:49.279 @STD011 17
08:56:49.285 @STD001 0002010021700005
08:56:49.287 @STD002 绕线
08:56:49.290 @STD003 确认线圈组数
08:56:49.292 @STD004 4
08:56:49.294 @STD005 目测
08:56:49.296 @STD006 0
08:56:49.299 @STD007 
08:56:49.301 @STD008 
08:56:49.303 @STD010 1
08:56:49.306 @STD011 1
08:56:49.311 @STC001 0002010021700005
08:56:49.313 @STC002 6
08:56:49.315 @STC003 GD201710250005
08:56:49.317 @STC004 MY07-800/100K
08:56:49.320 @STC005 0
08:56:49.322 @STC006 
08:56:49.340 @STD001 0002010021700005
08:56:49.343 @STD002 绕线
08:56:49.345 @STD003 并联路数
08:56:49.347 @STD004 7
08:57:38.881 @STD001 0002010021700005
08:57:38.884 @STD002 绕线
08:57:38.887 @STD003 并联路数
08:57:38.889 @STD004 7
09:00:29.227 @STD001 0002010021700008
09:00:29.231 @STD002 绑扎整形焊接
09:00:29.233 @STD003 引出线规格(平方)
09:00:29.236 @STD004 7
09:00:29.238 @STD005 目测
09:00:29.241 @STD006 0
09:00:29.243 @STD007 
09:00:29.246 @STD008 
09:00:29.248 @STD010 3
09:00:29.251 @STD011 5
09:00:29.330 @STD001 0002010021700008
09:00:29.333 @STD002 检验
09:00:29.336 @STD003 (黄-绿)线间电阻(Ω)
09:00:29.338 @STD004 
09:00:29.341 @STD005 
09:00:29.343 @STD006 0
09:00:29.345 @STD007 
09:00:29.347 @STD008 
09:00:29.350 @STD010 4
09:00:29.352 @STD011 13
09:00:29.357 @STD001 0002010021700008
09:00:29.359 @STD002 检验
09:00:29.361 @STD003 匝间检验合格
09:00:29.363 @STD004 
09:00:29.366 @STD005 匝间测试仪
09:00:29.368 @STD006 0
09:00:29.370 @STD007 
09:00:29.373 @STD008 
09:00:29.375 @STD010 4
09:00:29.377 @STD011 11
09:00:29.383 @STD001 0002010021700008
09:00:29.386 @STD002 检验
09:00:29.388 @STD003 环境温度(℃)
09:00:29.390 @STD004 
09:00:29.392 @STD005 温度计
09:00:29.395 @STD006 0
09:00:29.397 @STD007 
09:00:29.399 @STD008 
09:00:29.401 @STD010 4
09:00:29.404 @STD011 16
09:00:29.409 @STD001 0002010021700008
09:00:29.411 @STD002 检验
09:00:29.413 @STD003 漆包线无破损
09:00:29.416 @STD004 
09:00:29.418 @STD005 目测
09:00:29.421 @STD006 0
09:00:29.423 @STD007 
09:00:29.425 @STD008 
09:00:29.429 @STD010 4
09:00:29.431 @STD011 22
09:00:29.436 @STD001 0002010021700008
09:00:29.439 @STD002 检验
09:00:29.441 @STD003 耐压2260V,测试一分钟无击穿
09:00:29.443 @STD004 
09:00:29.446 @STD005 耐压测试仪
09:00:29.448 @STD006 0
09:00:29.450 @STD007 
09:00:29.452 @STD008 
09:00:29.455 @STD010 4
09:00:29.457 @STD011 10
09:00:29.462 @STD001 0002010021700008
09:00:29.464 @STD002 检验
09:00:29.467 @STD003 槽楔整齐，无歪斜
09:00:29.470 @STD004 
09:00:29.472 @STD005 目测
09:00:29.475 @STD006 0
09:00:29.477 @STD007 
09:00:29.479 @STD008 
09:00:29.481 @STD010 4
09:00:29.484 @STD011 21
09:00:29.490 @STD001 0002010021700008
09:00:29.492 @STD002 检验
09:00:29.494 @STD003 (绿-红)线间电阻(Ω)
09:00:29.497 @STD004 
09:00:29.499 @STD005 
09:00:29.502 @STD006 0
09:00:29.504 @STD007 
09:00:29.506 @STD008 
09:00:29.508 @STD010 4
09:00:29.511 @STD011 14
09:00:29.515 @STD001 0002010021700008
09:00:29.518 @STD002 绑扎整形焊接
09:00:29.520 @STD003 焊接接头数量
09:00:29.523 @STD004 
09:00:29.525 @STD005 目测
09:00:29.527 @STD006 0
09:00:29.530 @STD007 
09:00:29.532 @STD008 
09:00:29.534 @STD010 3
09:00:29.536 @STD011 7
09:00:29.541 @STD001 0002010021700008
09:00:29.544 @STD002 绕线
09:00:29.546 @STD003 并联路数
09:00:29.549 @STD004 7
09:00:29.551 @STD005 目测
09:00:29.553 @STD006 0
09:00:29.555 @STD007 
09:00:29.558 @STD008 
09:00:29.560 @STD010 1
09:00:29.562 @STD011 3
09:00:29.568 @STD001 0002010021700008
09:00:29.571 @STD002 检验
09:00:29.573 @STD003 外观整齐，无漏绑
09:00:29.575 @STD004 
09:00:29.577 @STD005 目测
09:00:29.580 @STD006 0
09:00:29.582 @STD007 
09:00:29.585 @STD008 
09:00:29.587 @STD010 4
09:00:29.589 @STD011 20
09:00:29.594 @STC001 0002010021700008
09:00:29.597 @STC002 6
09:00:29.599 @STC003 GD201710250005
09:00:29.601 @STC004 MY07-800/100K
09:00:29.603 @STC005 0
09:00:29.605 @STC006 
09:00:29.610 @STD001 0002010021700008
09:00:29.613 @STD002 绕线
09:00:29.615 @STD003 确认线圈匝数
09:00:29.618 @STD004 3
09:00:29.620 @STD005 匝数测试仪
09:00:29.622 @STD006 0
09:00:29.624 @STD007 
09:00:29.626 @STD008 
09:00:29.628 @STD010 1
09:00:29.630 @STD011 0
09:00:29.634 @STD001 0002010021700008
09:00:29.637 @STD002 绑扎整形焊接
09:00:29.639 @STD003 出线端线尺寸合格
09:00:29.642 @STD004 
09:00:29.644 @STD005 钢尺
09:00:29.646 @STD006 0
09:00:29.648 @STD007 
09:00:29.650 @STD008 
09:00:29.653 @STD010 3
09:00:29.655 @STD011 8
09:00:29.660 @STD001 0002010021700008
09:00:29.662 @STD002 检验
09:00:29.665 @STD003 绝缘电阻(MΩ)
09:00:29.667 @STD004 
09:00:29.669 @STD005 摇表
09:00:29.671 @STD006 0
09:00:29.674 @STD007 
09:00:29.676 @STD008 
09:00:29.679 @STD010 4
09:00:29.681 @STD011 12
09:00:29.686 @STD001 0002010021700008
09:00:29.688 @STD002 检验
09:00:29.691 @STD003 线包尺寸用卡板检验合格%
09:00:29.693 @STD004 
09:00:29.695 @STD005 检具
09:00:29.698 @STD006 0
09:00:29.700 @STD007 
09:00:29.702 @STD008 
09:00:29.705 @STD010 4
09:00:29.707 @STD011 19
09:00:29.713 @STD001 0002010021700008
09:00:29.715 @STD002 嵌线
09:00:29.718 @STD003 确认接头数量
09:00:29.720 @STD004 
09:00:29.722 @STD005 目测
09:00:29.724 @STD006 0
09:00:29.727 @STD007 
09:00:29.729 @STD008 
09:00:29.731 @STD010 2
09:00:29.733 @STD011 4
09:00:29.740 @STD001 0002010021700008
09:00:29.742 @STD002 检验
09:00:29.744 @STD003 (黄-红)线间电阻(Ω)
09:00:29.747 @STD004 
09:00:29.749 @STD005 
09:00:29.751 @STD006 0
09:00:29.753 @STD007 
09:00:29.755 @STD008 
09:00:29.757 @STD010 4
09:00:29.760 @STD011 15
09:00:29.765 @STD001 0002010021700008
09:00:29.767 @STD002 检验
09:00:29.770 @STD003 电阻不平衡度
09:00:29.772 @STD004 
09:00:29.774 @STD005 计算器
09:00:29.776 @STD006 0
09:00:29.779 @STD007 
09:00:29.781 @STD008 
09:00:29.784 @STD010 4
09:00:29.786 @STD011 17
09:00:29.791 @STD001 0002010021700008
09:00:29.793 @STD002 绑扎整形焊接
09:00:29.796 @STD003 非出线端线包尺寸合格
09:00:29.798 @STD004 
09:00:29.801 @STD005 钢尺
09:00:29.803 @STD006 0
09:00:29.806 @STD007 
09:00:29.808 @STD008 
09:00:29.810 @STD010 3
09:00:29.813 @STD011 9
09:00:29.818 @STD001 0002010021700008
09:00:29.820 @STD002 绕线
09:00:29.822 @STD003 确认线圈组数
09:00:29.825 @STD004 4
09:00:29.827 @STD005 目测
09:00:29.829 @STD006 0
09:00:29.831 @STD007 
09:00:29.834 @STD008 
09:00:29.836 @STD010 1
09:00:29.838 @STD011 1
09:00:29.843 @STD001 0002010021700008
09:00:29.846 @STD002 绕线
09:00:29.848 @STD003 接头数量
09:00:29.850 @STD004 
09:00:29.852 @STD005 目测
09:00:29.854 @STD006 0
09:00:29.857 @STD007 
09:00:29.859 @STD008 
09:00:29.861 @STD010 1
09:00:29.863 @STD011 2
09:00:29.868 @STD001 0002010021700008
09:00:29.871 @STD002 绑扎整形焊接
09:00:29.873 @STD003 引出线长度(mm)
09:00:29.876 @STD004 4
09:00:29.878 @STD005 钢尺
09:00:29.880 @STD006 0
09:00:29.883 @STD007 
09:00:29.885 @STD008 
09:00:29.887 @STD010 3
09:00:29.889 @STD011 6
09:00:29.911 @STD001 0002010021700008
09:00:29.914 @STD002 绕线
09:00:29.916 @STD003 并联路数
09:00:29.919 @STD004 7
09:01:18.228 @STD001 0002010021700008
09:01:18.231 @STD002 检验
09:01:18.233 @STD003 电阻不平衡度
09:01:18.236 @STD004 
09:01:18.238 @STD005 计算器
09:01:18.241 @STD006 0
09:01:18.243 @STD007 
09:01:18.245 @STD008 
09:01:18.248 @STD010 4
09:01:18.250 @STD011 17
09:01:18.321 @STD001 0002010021700008
09:01:18.324 @STD002 检验
09:01:18.326 @STD003 匝间检验合格
09:01:18.328 @STD004 
09:01:18.330 @STD005 匝间测试仪
09:01:18.332 @STD006 0
09:01:18.334 @STD007 
09:01:18.336 @STD008 
09:01:18.338 @STD010 4
09:01:18.340 @STD011 11
09:01:18.345 @STD001 0002010021700008
09:01:18.348 @STD002 检验
09:01:18.350 @STD003 线包尺寸用卡板检验合格%
09:01:18.352 @STD004 
09:01:18.354 @STD005 检具
09:01:18.356 @STD006 0
09:01:18.358 @STD007 
09:01:18.360 @STD008 
09:01:18.362 @STD010 4
09:01:18.365 @STD011 19
09:01:18.369 @STD001 0002010021700008
09:01:18.372 @STD002 嵌线
09:01:18.374 @STD003 引出线规格(平方)
09:01:18.376 @STD004 7
09:01:18.378 @STD005 目测
09:01:18.380 @STD006 0
09:01:18.382 @STD007 
09:01:18.384 @STD008 
09:01:18.386 @STD010 3
09:01:18.388 @STD011 5
09:01:18.394 @STD001 0002010021700008
09:01:18.397 @STD002 检验
09:01:18.399 @STD003 外观整齐，无漏绑
09:01:18.402 @STD004 
09:01:18.404 @STD005 目测
09:01:18.407 @STD006 0
09:01:18.409 @STD007 
09:01:18.411 @STD008 
09:01:18.413 @STD010 4
09:01:18.415 @STD011 20
09:01:18.420 @STD001 0002010021700008
09:01:18.423 @STD002 检验
09:01:18.425 @STD003 (黄-红)线间电阻(Ω)
09:01:18.427 @STD004 
09:01:18.429 @STD005 
09:01:18.431 @STD006 0
09:01:18.434 @STD007 
09:01:18.436 @STD008 
09:01:18.438 @STD010 4
09:01:18.440 @STD011 15
09:01:18.445 @STC001 0002010021700008
09:01:18.449 @STC002 6
09:01:18.451 @STC003 GD201710250005
09:01:18.454 @STC004 MY07-800/100K
09:01:18.456 @STC005 0
09:01:18.458 @STC006 
09:01:18.463 @STD001 0002010021700008
09:01:18.465 @STD002 嵌线
09:01:18.468 @STD003 非出线端线包尺寸合格
09:01:18.470 @STD004 
09:01:18.472 @STD005 钢尺
09:01:18.474 @STD006 0
09:01:18.476 @STD007 
09:01:18.478 @STD008 
09:01:18.480 @STD010 3
09:01:18.482 @STD011 9
09:01:18.487 @STD001 0002010021700008
09:01:18.489 @STD002 检验
09:01:18.492 @STD003 绝缘电阻(MΩ)
09:01:18.494 @STD004 
09:01:18.496 @STD005 摇表
09:01:18.499 @STD006 0
09:01:18.501 @STD007 
09:01:18.503 @STD008 
09:01:18.505 @STD010 4
09:01:18.508 @STD011 12
09:01:18.513 @STD001 0002010021700008
09:01:18.516 @STD002 绕线
09:01:18.518 @STD003 确认线圈匝数
09:01:18.520 @STD004 3
09:01:18.522 @STD005 匝数测试仪
09:01:18.525 @STD006 0
09:01:18.527 @STD007 
09:01:18.529 @STD008 
09:01:18.531 @STD010 1
09:01:18.534 @STD011 0
09:01:18.539 @STD001 0002010021700008
09:01:18.541 @STD002 嵌线
09:01:18.544 @STD003 焊接接头数量
09:01:18.546 @STD004 
09:01:18.548 @STD005 目测
09:01:18.551 @STD006 0
09:01:18.553 @STD007 
09:01:18.555 @STD008 
09:01:18.557 @STD010 3
09:01:18.559 @STD011 7
09:01:18.564 @STD001 0002010021700008
09:01:18.567 @STD002 检验
09:01:18.569 @STD003 (黄-绿)线间电阻(Ω)
09:01:18.572 @STD004 
09:01:18.574 @STD005 
09:01:18.577 @STD006 0
09:01:18.579 @STD007 
09:01:18.581 @STD008 
09:01:18.583 @STD010 4
09:01:18.585 @STD011 13
09:01:18.591 @STD001 0002010021700008
09:01:18.593 @STD002 检验
09:01:18.596 @STD003 漆包线无破损
09:01:18.598 @STD004 
09:01:18.600 @STD005 目测
09:01:18.602 @STD006 0
09:01:18.604 @STD007 
09:01:18.606 @STD008 
09:01:18.608 @STD010 4
09:01:18.610 @STD011 22
09:01:18.617 @STD001 0002010021700008
09:01:18.619 @STD002 嵌线
09:01:18.621 @STD003 确认接头数量
09:01:18.624 @STD004 
09:01:18.626 @STD005 目测
09:01:18.628 @STD006 0
09:01:18.630 @STD007 
09:01:18.632 @STD008 
09:01:18.635 @STD010 2
09:01:18.637 @STD011 4
09:01:18.642 @STD001 0002010021700008
09:01:18.644 @STD002 绕线
09:01:18.647 @STD003 并联路数
09:01:18.649 @STD004 7
09:01:18.651 @STD005 目测
09:01:18.653 @STD006 0
09:01:18.656 @STD007 
09:01:18.658 @STD008 
09:01:18.661 @STD010 1
09:01:18.663 @STD011 3
09:01:18.668 @STD001 0002010021700008
09:01:18.670 @STD002 检验
09:01:18.673 @STD003 环境温度(℃)
09:01:18.675 @STD004 
09:01:18.677 @STD005 温度计
09:01:18.679 @STD006 0
09:01:18.681 @STD007 
09:01:18.683 @STD008 
09:01:18.686 @STD010 4
09:01:18.688 @STD011 16
09:01:18.694 @STD001 0002010021700008
09:01:18.696 @STD002 嵌线
09:01:18.699 @STD003 引出线长度(mm)
09:01:18.701 @STD004 4
09:01:18.703 @STD005 钢尺
09:01:18.706 @STD006 0
09:01:18.708 @STD007 
09:01:18.710 @STD008 
09:01:18.712 @STD010 3
09:01:18.715 @STD011 6
09:01:18.719 @STD001 0002010021700008
09:01:18.722 @STD002 绕线
09:01:18.724 @STD003 确认线圈组数
09:01:18.727 @STD004 4
09:01:18.729 @STD005 目测
09:01:18.731 @STD006 0
09:01:18.733 @STD007 
09:01:18.735 @STD008 
09:01:18.738 @STD010 1
09:01:18.740 @STD011 1
09:01:18.745 @STD001 0002010021700008
09:01:18.748 @STD002 检验
09:01:18.750 @STD003 槽楔整齐，无歪斜
09:01:18.752 @STD004 
09:01:18.755 @STD005 目测
09:01:18.757 @STD006 0
09:01:18.759 @STD007 
09:01:18.761 @STD008 
09:01:18.764 @STD010 4
09:01:18.766 @STD011 21
09:01:18.770 @STD001 0002010021700008
09:01:18.773 @STD002 嵌线
09:01:18.775 @STD003 出线端线尺寸合格
09:01:18.778 @STD004 
09:01:18.780 @STD005 钢尺
09:01:18.782 @STD006 0
09:01:18.785 @STD007 
09:01:18.787 @STD008 
09:01:18.789 @STD010 3
09:01:18.791 @STD011 8
09:01:18.797 @STD001 0002010021700008
09:01:18.799 @STD002 检验
09:01:18.801 @STD003 (绿-红)线间电阻(Ω)
09:01:18.804 @STD004 
09:01:18.806 @STD005 
09:01:18.809 @STD006 0
09:01:18.811 @STD007 
09:01:18.813 @STD008 
09:01:18.815 @STD010 4
09:01:18.817 @STD011 14
09:01:18.823 @STD001 0002010021700008
09:01:18.825 @STD002 检验
09:01:18.828 @STD003 耐压2260V,测试一分钟无击穿
09:01:18.830 @STD004 
09:01:18.832 @STD005 耐压测试仪
09:01:18.834 @STD006 0
09:01:18.837 @STD007 
09:01:18.839 @STD008 
09:01:18.841 @STD010 4
09:01:18.843 @STD011 10
09:01:18.848 @STD001 0002010021700008
09:01:18.851 @STD002 绕线
09:01:18.853 @STD003 接头数量
09:01:18.855 @STD004 
09:01:18.858 @STD005 目测
09:01:18.860 @STD006 0
09:01:18.862 @STD007 
09:01:18.865 @STD008 
09:01:18.867 @STD010 1
09:01:18.869 @STD011 2
09:01:18.890 @STD001 0002010021700008
09:01:18.892 @STD002 绕线
09:01:18.895 @STD003 并联路数
09:01:18.897 @STD004 7
09:01:56.219 @STD001 0002010021700008
09:01:56.223 @STD002 绕线
09:01:56.225 @STD003 并联路数
09:01:56.228 @STD004 7
09:22:09.901 @STD001 0002010021700008
09:22:09.905 @STD002 绕线
09:22:09.908 @STD003 并联路数
09:22:09.911 @STD004 7
09:41:48.387 @ART001 绑线圈
09:41:48.390 @ART002 制动器
09:41:48.450 @ART001 装电磁铁
09:41:48.453 @ART002 制动器
09:41:48.456 @ART001 绕线
09:41:48.459 @ART002 定子线圈
09:41:48.462 @ART001 嵌线
09:41:48.464 @ART002 定子线圈
09:41:48.468 @ART001 检验
09:41:48.470 @ART002 定子线圈
09:41:48.473 @ART001 绕线圈
09:41:48.476 @ART002 制动器
09:41:48.479 @ART001 灌胶
09:41:48.481 @ART002 制动器
09:41:48.484 @ART001 装减震垫
09:41:48.487 @ART002 制动器
09:41:48.489 @ART001 粘摩擦片
09:41:48.492 @ART002 制动器
09:41:48.495 @ART001 装配衔铁
09:41:48.497 @ART002 制动器
09:41:48.500 @ART001 装弹簧
09:41:48.503 @ART002 制动器
09:41:48.506 @ART001 总成
09:41:48.508 @ART002 制动器
09:41:48.513 @ART001 装开关
09:41:48.516 @ART002 总装配
09:42:03.557 @ART001 绑线圈
09:42:03.559 @ART002 制动器
09:42:03.563 @ART001 装电磁铁
09:42:03.565 @ART002 制动器
09:42:03.568 @ART001 绕线
09:42:03.570 @ART002 定子线圈
09:42:03.573 @ART001 嵌线
09:42:03.576 @ART002 定子线圈
09:42:03.579 @ART001 检验
09:42:03.582 @ART002 定子线圈
09:42:03.585 @ART001 绕线圈
09:42:03.588 @ART002 制动器
09:42:03.590 @ART001 灌胶
09:42:03.593 @ART002 制动器
09:42:03.596 @ART001 装减震垫
09:42:03.598 @ART002 制动器
09:42:03.602 @ART001 粘摩擦片
09:42:03.604 @ART002 制动器
09:42:03.607 @ART001 装配衔铁
09:42:03.609 @ART002 制动器
09:42:03.612 @ART001 装弹簧
09:42:03.615 @ART002 制动器
09:42:03.618 @ART001 总成
09:42:03.620 @ART002 制动器
09:42:03.623 @ART001 装开关
09:42:03.625 @ART002 总装配
09:42:03.651 @ART001 检验
09:42:03.654 @ART002 定子线圈
09:50:59.234 @ART001 绑线圈
09:50:59.236 @ART002 制动器
09:50:59.299 @ART001 装电磁铁
09:50:59.302 @ART002 制动器
09:50:59.305 @ART001 绕线
09:50:59.308 @ART002 定子线圈
09:50:59.312 @ART001 嵌线
09:50:59.314 @ART002 定子线圈
09:50:59.318 @ART001 检验
09:50:59.320 @ART002 定子线圈
09:50:59.325 @ART001 绕线圈
09:50:59.327 @ART002 制动器
09:50:59.331 @ART001 灌胶
09:50:59.333 @ART002 制动器
09:50:59.337 @ART001 装减震垫
09:50:59.339 @ART002 制动器
09:50:59.343 @ART001 粘摩擦片
09:50:59.346 @ART002 制动器
09:50:59.349 @ART001 装配衔铁
09:50:59.351 @ART002 制动器
09:50:59.354 @ART001 装弹簧
09:50:59.357 @ART002 制动器
09:50:59.360 @ART001 总成
09:50:59.362 @ART002 制动器
09:50:59.366 @ART001 装开关
09:50:59.368 @ART002 总装配
09:51:26.361 @ART001 绑线圈
09:51:26.364 @ART002 制动器
09:51:28.925 @ART001 装电磁铁
09:51:28.929 @ART002 制动器
09:51:31.328 @ART001 绕线
09:51:31.330 @ART002 定子线圈
09:51:33.360 @ART001 嵌线
09:51:33.363 @ART002 定子线圈
09:51:38.312 @ART001 检验
09:51:38.315 @ART002 定子线圈
09:51:45.463 @ART001 绕线圈
09:51:45.466 @ART002 制动器
09:51:45.472 @ART001 灌胶
09:51:45.474 @ART002 制动器
09:51:45.479 @ART001 装减震垫
09:51:45.481 @ART002 制动器
09:51:45.484 @ART001 粘摩擦片
09:51:45.486 @ART002 制动器
09:51:45.489 @ART001 装配衔铁
09:51:45.491 @ART002 制动器
09:51:45.496 @ART001 装弹簧
09:51:45.499 @ART002 制动器
09:51:45.502 @ART001 总成
09:51:45.504 @ART002 制动器
09:51:45.507 @ART001 装开关
09:51:45.510 @ART002 总装配
09:51:45.519 @ART001 检验
09:51:45.521 @ART002 定子线圈
09:51:45.524 @idx 7
09:52:22.070 @ARP001 00604
09:52:22.072 @ARP003 5
09:52:22.074 @ARP004 定子线圈
09:52:22.079 @ARP001 00365
09:52:22.082 @ARP003 7
09:52:22.084 @ARP004 定子线圈
09:52:22.088 @ARP001 00365
09:52:22.091 @ARP003 6
09:52:22.093 @ARP004 定子线圈
09:52:22.098 @ARP001 00600
09:52:22.101 @ARP003 19
09:52:22.103 @ARP004 定子线圈
09:52:22.106 @ARP001 00604
09:52:22.109 @ARP003 17
09:52:22.111 @ARP004 定子线圈
09:52:22.114 @ARP001 00600
09:52:22.117 @ARP003 5
09:52:22.119 @ARP004 定子线圈
09:52:22.122 @ARP001 00600
09:52:22.125 @ARP003 24
09:52:22.127 @ARP004 制动器
09:52:22.130 @ARP001 00604
09:52:22.133 @ARP003 14
09:52:22.135 @ARP004 定子线圈
09:52:22.138 @ARP001 00600
09:52:22.140 @ARP003 23
09:52:22.142 @ARP004 制动器
09:52:22.146 @ARP001 00614
09:52:22.148 @ARP003 25
09:52:22.150 @ARP004 制动器
09:52:22.154 @ARP001 00365
09:52:22.157 @ARP002 余泉冲
09:52:22.159 @ARP003 6
09:52:22.161 @ARP004 定子线圈
09:54:23.968 @ARP001 00604
09:54:23.971 @ARP003 5
09:54:23.973 @ARP004 定子线圈
09:54:24.035 @ARP001 00365
09:54:24.038 @ARP003 7
09:54:24.040 @ARP004 定子线圈
09:54:24.044 @ARP001 00600
09:54:24.046 @ARP003 5
09:54:24.049 @ARP004 定子线圈
09:54:24.052 @ARP001 00600
09:54:24.055 @ARP003 24
09:54:24.057 @ARP004 制动器
09:54:24.061 @ARP001 00600
09:54:24.064 @ARP003 23
09:54:24.066 @ARP004 制动器
09:54:24.070 @ARP001 00614
09:54:24.073 @ARP003 25
09:54:24.075 @ARP004 制动器
09:54:24.079 @ARP001 00365
09:54:24.082 @ARP003 6
09:54:24.085 @ARP004 定子线圈
10:15:00.030 @STD001 0002010021700008
10:15:00.033 @STD002 绕线
10:15:00.036 @STD003 并联路数
10:15:00.039 @STD004 7
10:15:00.169    在 System.Data.SqlClient.SqlConnection.OnError(SqlException exception, Boolean breakConnection, Action`1 wrapCloseInAction)
   在 System.Data.SqlClient.TdsParser.ThrowExceptionAndWarning(TdsParserStateObject stateObj, Boolean callerHasConnectionLock, Boolean asyncClose)
   在 System.Data.SqlClient.TdsParser.TryRun(RunBehavior runBehavior, SqlCommand cmdHandler, SqlDataReader dataStream, BulkCopySimpleResultSet bulkCopyHandler, TdsParserStateObject stateObj, Boolean& dataReady)
   在 System.Data.SqlClient.SqlDataReader.TryConsumeMetaData()
   在 System.Data.SqlClient.SqlDataReader.get_MetaData()
   在 System.Data.SqlClient.SqlCommand.FinishExecuteReader(SqlDataReader ds, RunBehavior runBehavior, String resetOptionsString, Boolean isInternal, Boolean forDescribeParameterEncryption)
   在 System.Data.SqlClient.SqlCommand.RunExecuteReaderTds(CommandBehavior cmdBehavior, RunBehavior runBehavior, Boolean returnStream, Boolean async, Int32 timeout, Task& task, Boolean asyncWrite, Boolean inRetry, SqlDataReader ds, Boolean describeParameterEncryptionRequest)
   在 System.Data.SqlClient.SqlCommand.RunExecuteReader(CommandBehavior cmdBehavior, RunBehavior runBehavior, Boolean returnStream, String method, TaskCompletionSource`1 completion, Int32 timeout, Task& task, Boolean& usedCache, Boolean asyncWrite, Boolean inRetry)
   在 System.Data.SqlClient.SqlCommand.RunExecuteReader(CommandBehavior cmdBehavior, RunBehavior runBehavior, Boolean returnStream, String method)
   在 System.Data.SqlClient.SqlCommand.ExecuteReader(CommandBehavior behavior, String method)
   在 System.Data.Common.DbDataAdapter.FillInternal(DataSet dataset, DataTable[] datatables, Int32 startRecord, Int32 maxRecords, String srcTable, IDbCommand command, CommandBehavior behavior)
   在 System.Data.Common.DbDataAdapter.Fill(DataTable[] dataTables, Int32 startRecord, Int32 maxRecords, IDbCommand command, CommandBehavior behavior)
   在 System.Data.Common.DbDataAdapter.Fill(DataTable dataTable)
   在 StudentMgr.SqlHelper.ExecuteDataTable(SqlConnection conn, String cmdText, SqlParameter[] parameters) 位置 D:\Project data\MaTuo\ProductionErp\ProductionErpBll\SqlHelper.cs:行号 254
10:15:00.171 SELECT A.idx,,STD001,STD002,STD003,STD004,STD005,STD006,STD007,STD008 FROM MOXSTD A INNER JOIN MOXART B ON A.STD002=B.ART001 INNER JOIN MOXARP C ON B.idx=C.ARP003 WHERE STD001='0002010021700008' AND ARP004 LIKE '定子%' AND ARP001='' ORDER BY STD010,STD011
10:16:15.366 @STD001 0002010021700008
10:16:15.369 @STD002 绕线
10:16:15.372 @STD003 并联路数
10:16:15.374 @STD004 7
10:16:20.238 @STD001 0002010021700008
10:16:20.241 @STD002 绕线
10:16:20.244 @STD003 并联路数
10:16:20.247 @STD004 7
11:21:08.029 @STD001 0002010021700008
11:21:08.032 @STD002 绕线
11:21:08.036 @STD003 并联路数
11:21:08.039 @STD004 7
11:26:11.160 @STD001 0002010021700008
11:26:11.164 @STD002 绕线
11:26:11.166 @STD003 并联路数
11:26:11.169 @STD004 7
11:27:03.235 @STD001 0002010021700008
11:27:03.238 @STD002 绕线
11:27:03.241 @STD003 并联路数
11:27:03.243 @STD004 7
11:28:32.253 @STD001 0002010021700008
11:28:32.257 @STD002 绕线
11:28:32.260 @STD003 并联路数
11:28:32.263 @STD004 7
14:47:41.878 @SRT001 20171030001
14:47:41.883 @SRT002 GD201710250002
14:47:41.885 @SRT003 MTA1100G1
14:47:41.889 @SRT004 定子绕组
14:47:41.891 @SRT005 MY05-630C/050K
14:47:41.894 @SRT006 1
14:47:41.896 @SRT007 0002010011700001
14:47:41.898 @SRT008 
14:47:41.901 @SRT009 
14:49:45.837 @SRT001 20171030001
14:49:45.840 @SRT002 GD201710250002
14:49:45.842 @SRT003 MTA1100G1
14:49:45.845 @SRT004 定子绕组
14:49:45.847 @SRT005 MY05-630C/050K
14:49:45.849 @SRT006 1
14:49:45.851 @SRT007 0002010011700014
14:49:45.853 @SRT008 
14:49:45.856 @SRT009 
14:49:45.916 @SRT001 20171030001
14:49:45.918 @SRT002 GD201710250002
14:49:45.921 @SRT003 MTA1100G1
14:49:45.923 @SRT004 定子绕组
14:49:45.926 @SRT005 MY05-630C/050K
14:49:45.928 @SRT006 1
14:49:45.930 @SRT007 0002010011700019
14:49:45.932 @SRT008 
14:49:45.937 @SRT009 
14:49:45.942 @SRT001 20171030001
14:49:45.945 @SRT002 GD201710250002
14:49:45.947 @SRT003 MTA1100G1
14:49:45.950 @SRT004 定子绕组
14:49:45.953 @SRT005 MY05-630C/050K
14:49:45.955 @SRT006 1
14:49:45.958 @SRT007 0002010011700013
14:49:45.960 @SRT008 
14:49:45.962 @SRT009 
14:49:45.966 @SRT001 20171030001
14:49:45.969 @SRT002 GD201710250002
14:49:45.971 @SRT003 MTA1100G1
14:49:45.974 @SRT004 定子绕组
14:49:45.976 @SRT005 MY05-630C/050K
14:49:45.978 @SRT006 1
14:49:45.981 @SRT007 0002010011700020
14:49:45.983 @SRT008 
14:49:45.985 @SRT009 
14:49:45.990 @SRT001 20171030001
14:49:45.992 @SRT002 GD201710250002
14:49:45.995 @SRT003 MTA1100G1
14:49:45.997 @SRT004 定子绕组
14:49:45.999 @SRT005 MY05-630C/050K
14:49:46.002 @SRT006 1
14:49:46.004 @SRT007 0002010011700009
14:49:46.006 @SRT008 
14:49:46.009 @SRT009 
14:49:46.013 @SRT001 20171030001
14:49:46.016 @SRT002 GD201710250002
14:49:46.018 @SRT003 MTA1100G1
14:49:46.020 @SRT004 定子绕组
14:49:46.023 @SRT005 MY05-630C/050K
14:49:46.025 @SRT006 1
14:49:46.027 @SRT007 0002010011700003
14:49:46.030 @SRT008 
14:49:46.032 @SRT009 
14:49:46.036 @SRT001 20171030001
14:49:46.039 @SRT002 GD201710250002
14:49:46.041 @SRT003 MTA1100G1
14:49:46.044 @SRT004 定子绕组
14:49:46.046 @SRT005 MY05-630C/050K
14:49:46.048 @SRT006 1
14:49:46.051 @SRT007 0002010011700005
14:49:46.053 @SRT008 
14:49:46.055 @SRT009 
14:49:46.060 @SRT001 20171030001
14:49:46.062 @SRT002 GD201710250002
14:49:46.065 @SRT003 MTA1100G1
14:49:46.067 @SRT004 定子绕组
14:49:46.069 @SRT005 MY05-630C/050K
14:49:46.072 @SRT006 1
14:49:46.074 @SRT007 0002010011700001
14:49:46.076 @SRT008 
14:49:46.079 @SRT009 
14:49:46.083 @SRT001 20171030001
14:49:46.085 @SRT002 GD201710250002
14:49:46.088 @SRT003 MTA1100G1
14:49:46.090 @SRT004 定子绕组
14:49:46.092 @SRT005 MY05-630C/050K
14:49:46.095 @SRT006 1
14:49:46.097 @SRT007 0002010011700018
14:49:46.099 @SRT008 
14:49:46.102 @SRT009 
14:49:46.106 @SRT001 20171030001
14:49:46.109 @SRT002 GD201710250002
14:49:46.111 @SRT003 MTA1100G1
14:49:46.113 @SRT004 定子绕组
14:49:46.116 @SRT005 MY05-630C/050K
14:49:46.118 @SRT006 1
14:49:46.120 @SRT007 0002010011700011
14:49:46.122 @SRT008 
14:49:46.124 @SRT009 
14:49:46.129 @SRT001 20171030001
14:49:46.131 @SRT002 GD201710250002
14:49:46.134 @SRT003 MTA1100G1
14:49:46.136 @SRT004 定子绕组
14:49:46.138 @SRT005 MY05-630C/050K
14:49:46.140 @SRT006 1
14:49:46.143 @SRT007 0002010011700007
14:49:46.145 @SRT008 
14:49:46.147 @SRT009 
14:49:46.151 @SRT001 20171030001
14:49:46.154 @SRT002 GD201710250002
14:49:46.157 @SRT003 MTA1100G1
14:49:46.159 @SRT004 定子绕组
14:49:46.161 @SRT005 MY05-630C/050K
14:49:46.163 @SRT006 1
14:49:46.165 @SRT007 0002010011700010
14:49:46.168 @SRT008 
14:49:46.170 @SRT009 
14:49:46.174 @SRT001 20171030001
14:49:46.177 @SRT002 GD201710250002
14:49:46.179 @SRT003 MTA1100G1
14:49:46.181 @SRT004 定子绕组
14:49:46.183 @SRT005 MY05-630C/050K
14:49:46.185 @SRT006 1
14:49:46.188 @SRT007 0002010011700004
14:49:46.190 @SRT008 
14:49:46.192 @SRT009 
14:49:46.196 @SRT001 20171030001
14:49:46.199 @SRT002 GD201710250002
14:49:46.201 @SRT003 MTA1100G1
14:49:46.203 @SRT004 定子绕组
14:49:46.206 @SRT005 MY05-630C/050K
14:49:46.208 @SRT006 1
14:49:46.210 @SRT007 0002010011700016
14:49:46.213 @SRT008 
14:49:46.215 @SRT009 
14:49:46.222 @SRT001 20171030001
14:49:46.224 @SRT002 GD201710250002
14:49:46.227 @SRT003 MTA1100G1
14:49:46.229 @SRT004 定子绕组
14:49:46.231 @SRT005 MY05-630C/050K
14:49:46.233 @SRT006 1
14:49:46.235 @SRT007 0002010011700006
14:49:46.238 @SRT008 
14:49:46.240 @SRT009 
14:49:46.244 @SRT001 20171030001
14:49:46.247 @SRT002 GD201710250002
14:49:46.249 @SRT003 MTA1100G1
14:49:46.252 @SRT004 定子绕组
14:49:46.254 @SRT005 MY05-630C/050K
14:49:46.257 @SRT006 1
14:49:46.259 @SRT007 0002010011700012
14:49:46.261 @SRT008 
14:49:46.263 @SRT009 
14:49:46.267 @SRT001 20171030001
14:49:46.270 @SRT002 GD201710250002
14:49:46.272 @SRT003 MTA1100G1
14:49:46.274 @SRT004 定子绕组
14:49:46.277 @SRT005 MY05-630C/050K
14:49:46.279 @SRT006 1
14:49:46.281 @SRT007 0002010011700002
14:49:46.284 @SRT008 
14:49:46.286 @SRT009 
14:49:46.294 @SRT001 20171030001
14:49:46.296 @SRT002 GD201710250002
14:49:46.298 @SRT003 MTA1100G1
14:49:46.301 @SRT004 定子绕组
14:49:46.303 @SRT005 MY05-630C/050K
14:49:46.306 @SRT006 1
14:49:46.308 @SRT007 0002010011700015
14:49:46.311 @SRT008 
14:49:46.313 @SRT009 
14:49:46.318 @SRT001 20171030001
14:49:46.320 @SRT002 GD201710250002
14:49:46.322 @SRT003 MTA1100G1
14:49:46.325 @SRT004 定子绕组
14:49:46.327 @SRT005 MY05-630C/050K
14:49:46.330 @SRT006 1
14:49:46.332 @SRT007 0002010011700008
14:49:46.334 @SRT008 
14:49:46.337 @SRT009 
14:49:46.341 @SRT001 20171030001
14:49:46.343 @SRT002 GD201710250002
14:49:46.346 @SRT003 MTA1100G1
14:49:46.348 @SRT004 定子绕组
14:49:46.351 @SRT005 MY05-630C/050K
14:49:46.353 @SRT006 1
14:49:46.355 @SRT007 0002010011700017
14:49:46.357 @SRT008 
14:49:46.360 @SRT009 
14:52:14.086 @SRT001 20171030001
14:52:14.089 @SRT002 GD201710250002
14:52:14.091 @SRT003 MTA1100G1
14:52:14.093 @SRT004 定子绕组
14:52:14.096 @SRT005 MY05-630C/050K
14:52:14.098 @SRT006 1
14:52:14.100 @SRT007 0002010011700004
14:52:14.102 @SRT008 
14:52:14.104 @SRT009 
14:52:14.167 @SRT001 20171030001
14:52:14.170 @SRT002 GD201710250002
14:52:14.172 @SRT003 MTA1100G1
14:52:14.174 @SRT004 定子绕组
14:52:14.177 @SRT005 MY05-630C/050K
14:52:14.179 @SRT006 1
14:52:14.181 @SRT007 0002010011700001
14:52:14.184 @SRT008 
14:52:14.186 @SRT009 
14:52:14.192 @SRT001 20171030001
14:52:14.195 @SRT002 GD201710250002
14:52:14.198 @SRT003 MTA1100G1
14:52:14.201 @SRT004 定子绕组
14:52:14.203 @SRT005 MY05-630C/050K
14:52:14.206 @SRT006 1
14:52:14.209 @SRT007 0002010011700009
14:52:14.212 @SRT008 
14:52:14.214 @SRT009 
14:52:14.219 @SRT001 20171030001
14:52:14.222 @SRT002 GD201710250002
14:52:14.224 @SRT003 MTA1100G1
14:52:14.227 @SRT004 定子绕组
14:52:14.229 @SRT005 MY05-630C/050K
14:52:14.232 @SRT006 1
14:52:14.234 @SRT007 0002010011700005
14:52:14.237 @SRT008 
14:52:14.239 @SRT009 
14:52:14.244 @SRT001 20171030001
14:52:14.247 @SRT002 GD201710250002
14:52:14.250 @SRT003 MTA1100G1
14:52:14.252 @SRT004 定子绕组
14:52:14.255 @SRT005 MY05-630C/050K
14:52:14.257 @SRT006 1
14:52:14.259 @SRT007 0002010011700014
14:52:14.262 @SRT008 
14:52:14.264 @SRT009 
14:52:14.270 @SRT001 20171030001
14:52:14.273 @SRT002 GD201710250002
14:52:14.275 @SRT003 MTA1100G1
14:52:14.277 @SRT004 定子绕组
14:52:14.280 @SRT005 MY05-630C/050K
14:52:14.282 @SRT006 1
14:52:14.285 @SRT007 0002010011700011
14:52:14.287 @SRT008 
14:52:14.289 @SRT009 
14:52:14.295 @SRT001 20171030001
14:52:14.298 @SRT002 GD201710250002
14:52:14.300 @SRT003 MTA1100G1
14:52:14.303 @SRT004 定子绕组
14:52:14.305 @SRT005 MY05-630C/050K
14:52:14.307 @SRT006 1
14:52:14.310 @SRT007 0002010011700016
14:52:14.312 @SRT008 
14:52:14.314 @SRT009 
14:52:14.320 @SRT001 20171030001
14:52:14.322 @SRT002 GD201710250002
14:52:14.325 @SRT003 MTA1100G1
14:52:14.327 @SRT004 定子绕组
14:52:14.329 @SRT005 MY05-630C/050K
14:52:14.332 @SRT006 1
14:52:14.334 @SRT007 0002010011700013
14:52:14.336 @SRT008 
14:52:14.338 @SRT009 
14:52:14.344 @SRT001 20171030001
14:52:14.346 @SRT002 GD201710250002
14:52:14.349 @SRT003 MTA1100G1
14:52:14.351 @SRT004 定子绕组
14:52:14.353 @SRT005 MY05-630C/050K
14:52:14.355 @SRT006 1
14:52:14.358 @SRT007 0002010011700015
14:52:14.361 @SRT008 
14:52:14.363 @SRT009 
14:52:14.368 @SRT001 20171030001
14:52:14.370 @SRT002 GD201710250002
14:52:14.373 @SRT003 MTA1100G1
14:52:14.375 @SRT004 定子绕组
14:52:14.378 @SRT005 MY05-630C/050K
14:52:14.380 @SRT006 1
14:52:14.382 @SRT007 0002010011700017
14:52:14.384 @SRT008 
14:52:14.387 @SRT009 
14:52:14.392 @SRT001 20171030001
14:52:14.394 @SRT002 GD201710250002
14:52:14.397 @SRT003 MTA1100G1
14:52:14.399 @SRT004 定子绕组
14:52:14.401 @SRT005 MY05-630C/050K
14:52:14.403 @SRT006 1
14:52:14.406 @SRT007 0002010011700006
14:52:14.408 @SRT008 
14:52:14.410 @SRT009 
14:52:14.415 @SRT001 20171030001
14:52:14.418 @SRT002 GD201710250002
14:52:14.420 @SRT003 MTA1100G1
14:52:14.422 @SRT004 定子绕组
14:52:14.425 @SRT005 MY05-630C/050K
14:52:14.427 @SRT006 1
14:52:14.430 @SRT007 0002010011700007
14:52:14.432 @SRT008 
14:52:14.434 @SRT009 
14:52:14.442 @SRT001 20171030001
14:52:14.444 @SRT002 GD201710250002
14:52:14.446 @SRT003 MTA1100G1
14:52:14.449 @SRT004 定子绕组
14:52:14.451 @SRT005 MY05-630C/050K
14:52:14.454 @SRT006 1
14:52:14.456 @SRT007 0002010011700020
14:52:14.458 @SRT008 
14:52:14.460 @SRT009 
14:52:14.465 @SRT001 20171030001
14:52:14.468 @SRT002 GD201710250002
14:52:14.470 @SRT003 MTA1100G1
14:52:14.473 @SRT004 定子绕组
14:52:14.475 @SRT005 MY05-630C/050K
14:52:14.477 @SRT006 1
14:52:14.479 @SRT007 0002010011700008
14:52:14.481 @SRT008 
14:52:14.484 @SRT009 
14:52:14.488 @SRT001 20171030001
14:52:14.491 @SRT002 GD201710250002
14:52:14.493 @SRT003 MTA1100G1
14:52:14.495 @SRT004 定子绕组
14:52:14.498 @SRT005 MY05-630C/050K
14:52:14.500 @SRT006 1
14:52:14.502 @SRT007 0002010011700018
14:52:14.504 @SRT008 
14:52:14.507 @SRT009 
14:52:14.513 @SRT001 20171030001
14:52:14.515 @SRT002 GD201710250002
14:52:14.518 @SRT003 MTA1100G1
14:52:14.520 @SRT004 定子绕组
14:52:14.522 @SRT005 MY05-630C/050K
14:52:14.524 @SRT006 1
14:52:14.527 @SRT007 0002010011700012
14:52:14.529 @SRT008 
14:52:14.531 @SRT009 
14:52:14.537 @SRT001 20171030001
14:52:14.539 @SRT002 GD201710250002
14:52:14.541 @SRT003 MTA1100G1
14:52:14.543 @SRT004 定子绕组
14:52:14.546 @SRT005 MY05-630C/050K
14:52:14.548 @SRT006 1
14:52:14.550 @SRT007 0002010011700019
14:52:14.552 @SRT008 
14:52:14.554 @SRT009 
14:52:14.561 @SRT001 20171030001
14:52:14.563 @SRT002 GD201710250002
14:52:14.566 @SRT003 MTA1100G1
14:52:14.568 @SRT004 定子绕组
14:52:14.570 @SRT005 MY05-630C/050K
14:52:14.572 @SRT006 1
14:52:14.574 @SRT007 0002010011700003
14:52:14.577 @SRT008 
14:52:14.579 @SRT009 
14:52:14.584 @SRT001 20171030001
14:52:14.587 @SRT002 GD201710250002
14:52:14.589 @SRT003 MTA1100G1
14:52:14.592 @SRT004 定子绕组
14:52:14.594 @SRT005 MY05-630C/050K
14:52:14.597 @SRT006 1
14:52:14.599 @SRT007 0002010011700010
14:52:14.601 @SRT008 
14:52:14.603 @SRT009 
14:52:14.612 @SRT001 20171030001
14:52:14.614 @SRT002 GD201710250002
14:52:14.616 @SRT003 MTA1100G1
14:52:14.619 @SRT004 定子绕组
14:52:14.621 @SRT005 MY05-630C/050K
14:52:14.623 @SRT006 1
14:52:14.625 @SRT007 0002010011700002
14:52:14.627 @SRT008 
14:52:14.630 @SRT009 
14:54:29.838 @SRT001 20171030001
14:54:29.840 @SRT002 GD201710250002
14:54:29.843 @SRT003 MTA1100G1
14:54:29.846 @SRT004 定子绕组
14:54:29.849 @SRT005 MY05-630C/050K
14:54:29.852 @SRT006 1
14:54:29.854 @SRT007 0002010011700002
14:54:29.856 @SRT008 
14:54:29.859 @SRT009 
14:54:29.932 @SRT001 20171030001
14:54:29.935 @SRT002 GD201710250002
14:54:29.937 @SRT003 MTA1100G1
14:54:29.940 @SRT004 定子绕组
14:54:29.942 @SRT005 MY05-630C/050K
14:54:29.944 @SRT006 1
14:54:29.946 @SRT007 0002010011700016
14:54:29.949 @SRT008 
14:54:29.951 @SRT009 
14:54:29.956 @SRT001 20171030001
14:54:29.958 @SRT002 GD201710250002
14:54:29.961 @SRT003 MTA1100G1
14:54:29.963 @SRT004 定子绕组
14:54:29.966 @SRT005 MY05-630C/050K
14:54:29.969 @SRT006 1
14:54:29.971 @SRT007 0002010011700009
14:54:29.974 @SRT008 
14:54:29.976 @SRT009 
14:54:29.981 @SRT001 20171030001
14:54:29.984 @SRT002 GD201710250002
14:54:29.986 @SRT003 MTA1100G1
14:54:29.989 @SRT004 定子绕组
14:54:29.991 @SRT005 MY05-630C/050K
14:54:29.993 @SRT006 1
14:54:29.995 @SRT007 0002010011700005
14:54:29.998 @SRT008 
14:54:30.000 @SRT009 
14:54:30.005 @SRT001 20171030001
14:54:30.007 @SRT002 GD201710250002
14:54:30.010 @SRT003 MTA1100G1
14:54:30.012 @SRT004 定子绕组
14:54:30.014 @SRT005 MY05-630C/050K
14:54:30.017 @SRT006 1
14:54:30.019 @SRT007 0002010011700019
14:54:30.021 @SRT008 
14:54:30.024 @SRT009 
14:54:30.028 @SRT001 20171030001
14:54:30.031 @SRT002 GD201710250002
14:54:30.033 @SRT003 MTA1100G1
14:54:30.036 @SRT004 定子绕组
14:54:30.038 @SRT005 MY05-630C/050K
14:54:30.040 @SRT006 1
14:54:30.042 @SRT007 0002010011700014
14:54:30.044 @SRT008 
14:54:30.046 @SRT009 
14:54:30.052 @SRT001 20171030001
14:54:30.054 @SRT002 GD201710250002
14:54:30.057 @SRT003 MTA1100G1
14:54:30.059 @SRT004 定子绕组
14:54:30.061 @SRT005 MY05-630C/050K
14:54:30.064 @SRT006 1
14:54:30.066 @SRT007 0002010011700006
14:54:30.068 @SRT008 
14:54:30.070 @SRT009 
14:54:30.075 @SRT001 20171030001
14:54:30.078 @SRT002 GD201710250002
14:54:30.081 @SRT003 MTA1100G1
14:54:30.083 @SRT004 定子绕组
14:54:30.085 @SRT005 MY05-630C/050K
14:54:30.088 @SRT006 1
14:54:30.090 @SRT007 0002010011700001
14:54:30.092 @SRT008 
14:54:30.094 @SRT009 
14:54:30.102 @SRT001 20171030001
14:54:30.104 @SRT002 GD201710250002
14:54:30.107 @SRT003 MTA1100G1
14:54:30.109 @SRT004 定子绕组
14:54:30.111 @SRT005 MY05-630C/050K
14:54:30.113 @SRT006 1
14:54:30.116 @SRT007 0002010011700017
14:54:30.118 @SRT008 
14:54:30.121 @SRT009 
14:54:30.127 @SRT001 20171030001
14:54:30.130 @SRT002 GD201710250002
14:54:30.132 @SRT003 MTA1100G1
14:54:30.135 @SRT004 定子绕组
14:54:30.137 @SRT005 MY05-630C/050K
14:54:30.139 @SRT006 1
14:54:30.141 @SRT007 0002010011700004
14:54:30.144 @SRT008 
14:54:30.146 @SRT009 
14:54:30.150 @SRT001 20171030001
14:54:30.153 @SRT002 GD201710250002
14:54:30.155 @SRT003 MTA1100G1
14:54:30.158 @SRT004 定子绕组
14:54:30.160 @SRT005 MY05-630C/050K
14:54:30.162 @SRT006 1
14:54:30.164 @SRT007 0002010011700020
14:54:30.166 @SRT008 
14:54:30.169 @SRT009 
14:54:30.173 @SRT001 20171030001
14:54:30.176 @SRT002 GD201710250002
14:54:30.178 @SRT003 MTA1100G1
14:54:30.180 @SRT004 定子绕组
14:54:30.183 @SRT005 MY05-630C/050K
14:54:30.185 @SRT006 1
14:54:30.187 @SRT007 0002010011700007
14:54:30.189 @SRT008 
14:54:30.191 @SRT009 
14:54:30.196 @SRT001 20171030001
14:54:30.198 @SRT002 GD201710250002
14:54:30.201 @SRT003 MTA1100G1
14:54:30.203 @SRT004 定子绕组
14:54:30.205 @SRT005 MY05-630C/050K
14:54:30.208 @SRT006 1
14:54:30.210 @SRT007 0002010011700003
14:54:30.212 @SRT008 
14:54:30.215 @SRT009 
14:54:30.221 @SRT001 20171030001
14:54:30.223 @SRT002 GD201710250002
14:54:30.226 @SRT003 MTA1100G1
14:54:30.228 @SRT004 定子绕组
14:54:30.230 @SRT005 MY05-630C/050K
14:54:30.232 @SRT006 1
14:54:30.235 @SRT007 0002010011700018
14:54:30.237 @SRT008 
14:54:30.240 @SRT009 
14:54:30.245 @SRT001 20171030001
14:54:30.248 @SRT002 GD201710250002
14:54:30.250 @SRT003 MTA1100G1
14:54:30.252 @SRT004 定子绕组
14:54:30.254 @SRT005 MY05-630C/050K
14:54:30.256 @SRT006 1
14:54:30.259 @SRT007 0002010011700015
14:54:30.261 @SRT008 
14:54:30.263 @SRT009 
14:54:30.268 @SRT001 20171030001
14:54:30.270 @SRT002 GD201710250002
14:54:30.272 @SRT003 MTA1100G1
14:54:30.275 @SRT004 定子绕组
14:54:30.277 @SRT005 MY05-630C/050K
14:54:30.279 @SRT006 1
14:54:30.281 @SRT007 0002010011700012
14:54:30.283 @SRT008 
14:54:30.285 @SRT009 
14:54:30.290 @SRT001 20171030001
14:54:30.292 @SRT002 GD201710250002
14:54:30.295 @SRT003 MTA1100G1
14:54:30.297 @SRT004 定子绕组
14:54:30.299 @SRT005 MY05-630C/050K
14:54:30.301 @SRT006 1
14:54:30.303 @SRT007 0002010011700010
14:54:30.305 @SRT008 
14:54:30.307 @SRT009 
14:54:30.312 @SRT001 20171030001
14:54:30.315 @SRT002 GD201710250002
14:54:30.317 @SRT003 MTA1100G1
14:54:30.320 @SRT004 定子绕组
14:54:30.322 @SRT005 MY05-630C/050K
14:54:30.324 @SRT006 1
14:54:30.326 @SRT007 0002010011700013
14:54:30.328 @SRT008 
14:54:30.331 @SRT009 
14:54:30.336 @SRT001 20171030001
14:54:30.339 @SRT002 GD201710250002
14:54:30.341 @SRT003 MTA1100G1
14:54:30.343 @SRT004 定子绕组
14:54:30.346 @SRT005 MY05-630C/050K
14:54:30.348 @SRT006 1
14:54:30.350 @SRT007 0002010011700011
14:54:30.352 @SRT008 
14:54:30.354 @SRT009 
14:54:30.359 @SRT001 20171030001
14:54:30.361 @SRT002 GD201710250002
14:54:30.363 @SRT003 MTA1100G1
14:54:30.365 @SRT004 定子绕组
14:54:30.368 @SRT005 MY05-630C/050K
14:54:30.370 @SRT006 1
14:54:30.372 @SRT007 0002010011700008
14:54:30.374 @SRT008 
14:54:30.376 @SRT009 
14:54:33.638 @SRT001 20171030002
14:54:33.641 @SRT002 GD201710250005
14:54:33.643 @SRT003 MTA1100H2
14:54:33.646 @SRT004 定子绕组
14:54:33.648 @SRT005 MY07-800/100K
14:54:33.651 @SRT006 1
14:54:33.653 @SRT007 0002010021700006
14:54:33.656 @SRT008 
14:54:33.658 @SRT009 
14:54:33.664 @SRT001 20171030002
14:54:33.666 @SRT002 GD201710250005
14:54:33.669 @SRT003 MTA1100H2
14:54:33.671 @SRT004 定子绕组
14:54:33.673 @SRT005 MY07-800/100K
14:54:33.676 @SRT006 1
14:54:33.678 @SRT007 0002010021700008
14:54:33.680 @SRT008 
14:54:33.683 @SRT009 
14:54:33.688 @SRT001 20171030002
14:54:33.690 @SRT002 GD201710250005
14:54:33.693 @SRT003 MTA1100H2
14:54:33.695 @SRT004 定子绕组
14:54:33.698 @SRT005 MY07-800/100K
14:54:33.700 @SRT006 1
14:54:33.702 @SRT007 0002010021700004
14:54:33.704 @SRT008 
14:54:33.706 @SRT009 
14:54:33.711 @SRT001 20171030002
14:54:33.714 @SRT002 GD201710250005
14:54:33.717 @SRT003 MTA1100H2
14:54:33.719 @SRT004 定子绕组
14:54:33.721 @SRT005 MY07-800/100K
14:54:33.723 @SRT006 1
14:54:33.726 @SRT007 0002010021700002
14:54:33.728 @SRT008 
14:54:33.730 @SRT009 
14:54:33.736 @SRT001 20171030002
14:54:33.738 @SRT002 GD201710250005
14:54:33.740 @SRT003 MTA1100H2
14:54:33.742 @SRT004 定子绕组
14:54:33.745 @SRT005 MY07-800/100K
14:54:33.747 @SRT006 1
14:54:33.749 @SRT007 0002010021700007
14:54:33.752 @SRT008 
14:54:33.754 @SRT009 
14:54:33.759 @SRT001 20171030002
14:54:33.762 @SRT002 GD201710250005
14:54:33.764 @SRT003 MTA1100H2
14:54:33.766 @SRT004 定子绕组
14:54:33.768 @SRT005 MY07-800/100K
14:54:33.771 @SRT006 1
14:54:33.773 @SRT007 0002010021700001
14:54:33.775 @SRT008 
14:54:33.778 @SRT009 
14:54:33.783 @SRT001 20171030002
14:54:33.785 @SRT002 GD201710250005
14:54:33.788 @SRT003 MTA1100H2
14:54:33.790 @SRT004 定子绕组
14:54:33.793 @SRT005 MY07-800/100K
14:54:33.795 @SRT006 1
14:54:33.797 @SRT007 0002010021700005
14:54:33.799 @SRT008 
14:54:33.802 @SRT009 
14:54:33.806 @SRT001 20171030002
14:54:33.809 @SRT002 GD201710250005
14:54:33.811 @SRT003 MTA1100H2
14:54:33.813 @SRT004 定子绕组
14:54:33.815 @SRT005 MY07-800/100K
14:54:33.818 @SRT006 1
14:54:33.820 @SRT007 0002010021700003
14:54:33.822 @SRT008 
14:54:33.824 @SRT009 
15:10:43.045 @SRT001 20171030003
15:10:43.048 @SRT002 GD201710250002
15:10:43.050 @SRT003 MTA1100G1
15:10:43.053 @SRT004 定子绕组
15:10:43.055 @SRT005 MY05-630C/050K
15:10:43.057 @SRT006 1
15:10:43.060 @SRT007 0002010011700021
15:10:43.062 @SRT008 
15:10:43.064 @SRT009 
