09:15:02.104    在 System.Data.SqlClient.SqlConnection.OnError(SqlException exception, Boolean breakConnection, Action`1 wrapCloseInAction)
   在 System.Data.SqlClient.TdsParser.ThrowExceptionAndWarning(TdsParserStateObject stateObj, Boolean callerHasConnectionLock, Boolean asyncClose)
   在 System.Data.SqlClient.TdsParser.TryRun(RunBehavior runBehavior, SqlCommand cmdHandler, SqlDataReader dataStream, BulkCopySimpleResultSet bulkCopyHandler, TdsParserStateObject stateObj, Boolean& dataReady)
   在 System.Data.SqlClient.SqlDataReader.TryConsumeMetaData()
   在 System.Data.SqlClient.SqlDataReader.get_MetaData()
   在 System.Data.SqlClient.SqlCommand.FinishExecuteReader(SqlDataReader ds, RunBehavior runBehavior, String resetOptionsString, Boolean isInternal, Boolean forDescribeParameterEncryption)
   在 System.Data.SqlClient.SqlCommand.RunExecuteReaderTds(CommandBehavior cmdBehavior, RunBehavior runBehavior, Boolean returnStream, Boolean async, Int32 timeout, Task& task, Boolean asyncWrite, Boolean inRetry, SqlDataReader ds, Boolean describeParameterEncryptionRequest)
   在 System.Data.SqlClient.SqlCommand.RunExecuteReader(CommandBehavior cmdBehavior, RunBehavior runBehavior, Boolean returnStream, String method, TaskCompletionSource`1 completion, Int32 timeout, Task& task, Boolean& usedCache, Boolean asyncWrite, Boolean inRetry)
   在 System.Data.SqlClient.SqlCommand.RunExecuteReader(CommandBehavior cmdBehavior, RunBehavior runBehavior, Boolean returnStream, String method)
   在 System.Data.SqlClient.SqlCommand.ExecuteReader(CommandBehavior behavior, String method)
   在 System.Data.Common.DbDataAdapter.FillInternal(DataSet dataset, DataTable[] datatables, Int32 startRecord, Int32 maxRecords, String srcTable, IDbCommand command, CommandBehavior behavior)
   在 System.Data.Common.DbDataAdapter.Fill(DataTable[] dataTables, Int32 startRecord, Int32 maxRecords, IDbCommand command, CommandBehavior behavior)
   在 System.Data.Common.DbDataAdapter.Fill(DataTable dataTable)
   在 StudentMgr.SqlHelper.ExecuteDataTable(SqlConnection conn, String cmdText, SqlParameter[] parameters) 位置 D:\Project data\MaTuo\ProductionErp\ProductionErpBll\SqlHelper.cs:行号 254
09:15:02.117 SELECT DISTINCT {0} FROM {1} ORDER BY {0}
10:52:11.938 @SRT001 20170911001
10:52:11.940 @SRT002 GD201708210006
10:52:11.941 @SRT003 MTA20236F21
10:52:11.943 @SRT004 制动器左
10:52:11.944 @SRT005 MY05/1000-55V
10:52:11.946 @SRT006 10.0000
10:52:11.948 @SRT007 1700001
10:52:11.959 @SRU001 20170911001
10:52:11.961 @SRU002 GD201708210007
10:52:11.963 @SRU003 MTA20236F22
10:52:11.964 @SRU004 制动器（右）
10:52:11.965 @SRU005 MY05/1000-55V
10:52:11.967 @SRU006 10.0000
10:52:11.968 @SRU007 1700001
11:14:07.544    在 System.Data.SqlClient.SqlConnection.OnError(SqlException exception, Boolean breakConnection, Action`1 wrapCloseInAction)
   在 System.Data.SqlClient.TdsParser.ThrowExceptionAndWarning(TdsParserStateObject stateObj, Boolean callerHasConnectionLock, Boolean asyncClose)
   在 System.Data.SqlClient.TdsParser.TryRun(RunBehavior runBehavior, SqlCommand cmdHandler, SqlDataReader dataStream, BulkCopySimpleResultSet bulkCopyHandler, TdsParserStateObject stateObj, Boolean& dataReady)
   在 System.Data.SqlClient.SqlDataReader.TryConsumeMetaData()
   在 System.Data.SqlClient.SqlDataReader.get_MetaData()
   在 System.Data.SqlClient.SqlCommand.FinishExecuteReader(SqlDataReader ds, RunBehavior runBehavior, String resetOptionsString, Boolean isInternal, Boolean forDescribeParameterEncryption)
   在 System.Data.SqlClient.SqlCommand.RunExecuteReaderTds(CommandBehavior cmdBehavior, RunBehavior runBehavior, Boolean returnStream, Boolean async, Int32 timeout, Task& task, Boolean asyncWrite, Boolean inRetry, SqlDataReader ds, Boolean describeParameterEncryptionRequest)
   在 System.Data.SqlClient.SqlCommand.RunExecuteReader(CommandBehavior cmdBehavior, RunBehavior runBehavior, Boolean returnStream, String method, TaskCompletionSource`1 completion, Int32 timeout, Task& task, Boolean& usedCache, Boolean asyncWrite, Boolean inRetry)
   在 System.Data.SqlClient.SqlCommand.RunExecuteReader(CommandBehavior cmdBehavior, RunBehavior runBehavior, Boolean returnStream, String method)
   在 System.Data.SqlClient.SqlCommand.ExecuteReader(CommandBehavior behavior, String method)
   在 System.Data.Common.DbDataAdapter.FillInternal(DataSet dataset, DataTable[] datatables, Int32 startRecord, Int32 maxRecords, String srcTable, IDbCommand command, CommandBehavior behavior)
   在 System.Data.Common.DbDataAdapter.Fill(DataTable[] dataTables, Int32 startRecord, Int32 maxRecords, IDbCommand command, CommandBehavior behavior)
   在 System.Data.Common.DbDataAdapter.Fill(DataTable dataTable)
   在 StudentMgr.SqlHelper.ExecuteDataTable(SqlConnection conn, String cmdText, SqlParameter[] parameters) 位置 D:\Project data\MaTuo\ProductionErp\ProductionErpBll\SqlHelper.cs:行号 254
11:14:07.546 SELECT idx,ARP001,ARP002,ARP003,ARP004 FROM MOXARP WHERE 1=1
11:14:24.461    在 System.Data.SqlClient.SqlConnection.OnError(SqlException exception, Boolean breakConnection, Action`1 wrapCloseInAction)
   在 System.Data.SqlClient.TdsParser.ThrowExceptionAndWarning(TdsParserStateObject stateObj, Boolean callerHasConnectionLock, Boolean asyncClose)
   在 System.Data.SqlClient.TdsParser.TryRun(RunBehavior runBehavior, SqlCommand cmdHandler, SqlDataReader dataStream, BulkCopySimpleResultSet bulkCopyHandler, TdsParserStateObject stateObj, Boolean& dataReady)
   在 System.Data.SqlClient.SqlDataReader.TryConsumeMetaData()
   在 System.Data.SqlClient.SqlDataReader.get_MetaData()
   在 System.Data.SqlClient.SqlCommand.FinishExecuteReader(SqlDataReader ds, RunBehavior runBehavior, String resetOptionsString, Boolean isInternal, Boolean forDescribeParameterEncryption)
   在 System.Data.SqlClient.SqlCommand.RunExecuteReaderTds(CommandBehavior cmdBehavior, RunBehavior runBehavior, Boolean returnStream, Boolean async, Int32 timeout, Task& task, Boolean asyncWrite, Boolean inRetry, SqlDataReader ds, Boolean describeParameterEncryptionRequest)
   在 System.Data.SqlClient.SqlCommand.RunExecuteReader(CommandBehavior cmdBehavior, RunBehavior runBehavior, Boolean returnStream, String method, TaskCompletionSource`1 completion, Int32 timeout, Task& task, Boolean& usedCache, Boolean asyncWrite, Boolean inRetry)
   在 System.Data.SqlClient.SqlCommand.RunExecuteReader(CommandBehavior cmdBehavior, RunBehavior runBehavior, Boolean returnStream, String method)
   在 System.Data.SqlClient.SqlCommand.ExecuteReader(CommandBehavior behavior, String method)
   在 System.Data.Common.DbDataAdapter.FillInternal(DataSet dataset, DataTable[] datatables, Int32 startRecord, Int32 maxRecords, String srcTable, IDbCommand command, CommandBehavior behavior)
   在 System.Data.Common.DbDataAdapter.Fill(DataTable[] dataTables, Int32 startRecord, Int32 maxRecords, IDbCommand command, CommandBehavior behavior)
   在 System.Data.Common.DbDataAdapter.Fill(DataTable dataTable)
   在 StudentMgr.SqlHelper.ExecuteDataTable(SqlConnection conn, String cmdText, SqlParameter[] parameters) 位置 D:\Project data\MaTuo\ProductionErp\ProductionErpBll\SqlHelper.cs:行号 254
11:14:24.463 SELECT idx,ARP001,ARP002,ARP003,ARP004 FROM MOXARP WHERE 1=1
14:35:31.740 @SRU001 20170911002
14:35:31.742 @SRU002 GD201708210006
14:35:31.744 @SRU003 MTA20236F21
14:35:31.745 @SRU004 制动器左
14:35:31.747 @SRU005 MY05/1000-55V
14:35:31.748 @SRU006 10.0000
14:35:31.750 @SRU007 1700001
16:49:43.477 @SRT001 20170911001
16:49:43.480 @SRT002 GD201708210006
16:49:43.482 @SRT003 MTA20236F21
16:49:43.484 @SRT004 制动器左
16:49:43.485 @SRT005 MY05/1000-55V
16:49:43.487 @SRT006 10.0000
16:49:43.488 @SRT007 
16:49:43.489 @SRT008 1700001
16:49:43.490 @SRT009 
16:49:43.498 @SRT001 20170911001
16:49:43.500 @SRT002 GD201708210007
16:49:43.502 @SRT003 MTA20236F22
16:49:43.504 @SRT004 制动器（右）
16:49:43.505 @SRT005 MY05/1000-55V
16:49:43.507 @SRT006 10.0000
16:49:43.509 @SRT007 
16:49:43.510 @SRT008 1700001
16:49:43.512 @SRT009 
16:52:48.973 @SRT001 20170911001
16:52:48.975 @SRT002 GD201708210006
16:52:48.978 @SRT003 MTA20236F21
16:52:48.979 @SRT004 制动器左
16:52:48.981 @SRT005 MY05/1000-55V
16:52:48.983 @SRT006 10.0000
16:52:48.985 @SRT007 
16:52:48.987 @SRT008 1700001
16:52:48.989 @SRT009 
16:52:48.999 @SRT001 20170911001
16:52:49.001 @SRT002 GD201708210007
16:52:49.003 @SRT003 MTA20236F22
16:52:49.004 @SRT004 制动器（右）
16:52:49.007 @SRT005 MY05/1000-55V
16:52:49.008 @SRT006 10.0000
16:52:49.010 @SRT007 
16:52:49.012 @SRT008 1700001
16:52:49.013 @SRT009 
16:56:08.952 @SRT001 20170911001
16:56:08.954 @SRT002 GD201708210006
16:56:08.955 @SRT003 MTA20236F21
16:56:08.957 @SRT004 制动器左
16:56:08.958 @SRT005 MY05/1000-55V
16:56:08.959 @SRT006 10.0000
16:56:08.960 @SRT007 
16:56:08.962 @SRT008 A0011700001
16:56:08.963 @SRT009 
16:56:08.978 @SRT001 20170911001
16:56:08.979 @SRT002 GD201708210007
16:56:08.981 @SRT003 MTA20236F22
16:56:08.982 @SRT004 制动器（右）
16:56:08.983 @SRT005 MY05/1000-55V
16:56:08.984 @SRT006 10.0000
16:56:08.986 @SRT007 
16:56:08.987 @SRT008 B0011700001
16:56:08.988 @SRT009 
