10:22:11.579 @SRT001 20171102001
10:22:11.582 @SRT002 GD201710302
10:22:11.584 @SRT003 MTA1100G1
10:22:11.586 @SRT004 定子绕组
10:22:11.588 @SRT005 MY05-630C/050K
10:22:11.590 @SRT006 1
10:22:11.592 @SRT007 0002010011700006
10:22:11.594 @SRT008 
10:22:11.596 @SRT009 
10:22:12.491 @SRT001 20171102001
10:22:12.495 @SRT002 GD201710302
10:22:12.498 @SRT003 MTA1100G1
10:22:12.502 @SRT004 定子绕组
10:22:12.506 @SRT005 MY05-630C/050K
10:22:12.511 @SRT006 1
10:22:12.513 @SRT007 0002010011700009
10:22:12.515 @SRT008 
10:22:12.517 @SRT009 
10:22:12.640 @SRT001 20171102001
10:22:12.643 @SRT002 GD201711010002
10:22:12.646 @SRT003 MTA1100G1
10:22:12.648 @SRT004 定子绕组
10:22:12.651 @SRT005 MY05-630C/050K
10:22:12.654 @SRT006 1
10:22:12.656 @SRT007 0002010011700008
10:22:12.658 @SRT008 
10:22:12.661 @SRT009 
10:22:12.778 @SRT001 20171102001
10:22:12.780 @SRT002 GD201711010002
10:22:12.782 @SRT003 MTA1100G1
10:22:12.784 @SRT004 定子绕组
10:22:12.787 @SRT005 MY05-630C/050K
10:22:12.788 @SRT006 1
10:22:12.791 @SRT007 0002010011700007
10:22:12.793 @SRT008 
10:22:12.795 @SRT009 
10:22:12.804 @SRT001 20171102001
10:22:12.807 @SRT002 GD201710302
10:22:12.809 @SRT003 MTA1100G1
10:22:12.811 @SRT004 定子绕组
10:22:12.813 @SRT005 MY05-630C/050K
10:22:12.814 @SRT006 1
10:22:12.816 @SRT007 0002010011700007
10:22:12.817 @SRT008 
10:22:12.819 @SRT009 
10:22:13.006 @SRT001 20171102001
10:22:13.010 @SRT002 GD201710302
10:22:13.013 @SRT003 MTA1100G1
10:22:13.016 @SRT004 定子绕组
10:22:13.019 @SRT005 MY05-630C/050K
10:22:13.022 @SRT006 1
10:22:13.024 @SRT007 0002010011700005
10:22:13.026 @SRT008 
10:22:13.027 @SRT009 
10:22:13.151 @SRT001 20171102001
10:22:13.154 @SRT002 GD201711010002
10:22:13.157 @SRT003 MTA1100G1
10:22:13.159 @SRT004 定子绕组
10:22:13.162 @SRT005 MY05-630C/050K
10:22:13.165 @SRT006 1
10:22:13.168 @SRT007 0002010011700006
10:22:13.171 @SRT008 
10:22:13.173 @SRT009 
10:22:13.372 @SRT001 20171102001
10:22:13.374 @SRT002 GD201710302
10:22:13.377 @SRT003 MTA1100G1
10:22:13.379 @SRT004 定子绕组
10:22:13.382 @SRT005 MY05-630C/050K
10:22:13.384 @SRT006 1
10:22:13.387 @SRT007 0002010011700003
10:22:13.389 @SRT008 
10:22:13.392 @SRT009 
10:22:13.585 @SRT001 20171102001
10:22:13.591 @SRT002 GD201711010002
10:22:13.593 @SRT003 MTA1100G1
10:22:13.596 @SRT004 定子绕组
10:22:13.598 @SRT005 MY05-630C/050K
10:22:13.601 @SRT006 1
10:22:13.603 @SRT007 0002010011700001
10:22:13.607 @SRT008 
10:22:13.610 @SRT009 
10:22:13.995 @SRT001 20171102001
10:22:13.997 @SRT002 GD201710302
10:22:13.999 @SRT003 MTA1100G1
10:22:14.001 @SRT004 定子绕组
10:22:14.003 @SRT005 MY05-630C/050K
10:22:14.006 @SRT006 1
10:22:14.008 @SRT007 0002010011700002
10:22:14.010 @SRT008 
10:22:14.012 @SRT009 
10:22:14.198 @SRT001 20171102001
10:22:14.203 @SRT002 GD201710302
10:22:14.207 @SRT003 MTA1100G1
10:22:14.211 @SRT004 定子绕组
10:22:14.215 @SRT005 MY05-630C/050K
10:22:14.220 @SRT006 1
10:22:14.223 @SRT007 0002010011700010
10:22:14.226 @SRT008 
10:22:14.228 @SRT009 
10:22:14.277 @SRT001 20171102001
10:22:14.279 @SRT002 GD201711010002
10:22:14.281 @SRT003 MTA1100G1
10:22:14.283 @SRT004 定子绕组
10:22:14.285 @SRT005 MY05-630C/050K
10:22:14.287 @SRT006 1
10:22:14.288 @SRT007 0002010011700002
10:22:14.290 @SRT008 
10:22:14.292 @SRT009 
10:22:14.465 @SRT001 20171102001
10:22:14.470 @SRT002 GD201711010002
10:22:14.474 @SRT003 MTA1100G1
10:22:14.478 @SRT004 定子绕组
10:22:14.482 @SRT005 MY05-630C/050K
10:22:14.486 @SRT006 1
10:22:14.489 @SRT007 0002010011700004
10:22:14.493 @SRT008 
10:22:14.494 @SRT009 
10:22:14.543 @SRT001 20171102001
10:22:14.545 @SRT002 GD201710302
10:22:14.547 @SRT003 MTA1100G1
10:22:14.548 @SRT004 定子绕组
10:22:14.550 @SRT005 MY05-630C/050K
10:22:14.551 @SRT006 1
10:22:14.553 @SRT007 0002010011700004
10:22:14.554 @SRT008 
10:22:14.556 @SRT009 
10:22:14.599 @SRT001 20171102001
10:22:14.601 @SRT002 GD201711010002
10:22:14.603 @SRT003 MTA1100G1
10:22:14.605 @SRT004 定子绕组
10:22:14.607 @SRT005 MY05-630C/050K
10:22:14.608 @SRT006 1
10:22:14.610 @SRT007 0002010011700005
10:22:14.611 @SRT008 
10:22:14.613 @SRT009 
10:22:14.879 @SRT001 20171102001
10:22:14.884 @SRT002 GD201710302
10:22:14.887 @SRT003 MTA1100G1
10:22:14.891 @SRT004 定子绕组
10:22:14.895 @SRT005 MY05-630C/050K
10:22:14.899 @SRT006 1
10:22:14.902 @SRT007 0002010011700008
10:22:14.906 @SRT008 
10:22:14.910 @SRT009 
10:22:15.009 @SRT001 20171102001
10:22:15.012 @SRT002 GD201710302
10:22:15.014 @SRT003 MTA1100G1
10:22:15.017 @SRT004 定子绕组
10:22:15.019 @SRT005 MY05-630C/050K
10:22:15.022 @SRT006 1
10:22:15.024 @SRT007 0002010011700001
10:22:15.027 @SRT008 
10:22:15.029 @SRT009 
10:22:15.192 @SRT001 20171102001
10:22:15.195 @SRT002 GD201711010002
10:22:15.198 @SRT003 MTA1100G1
10:22:15.200 @SRT004 定子绕组
10:22:15.203 @SRT005 MY05-630C/050K
10:22:15.205 @SRT006 1
10:22:15.208 @SRT007 0002010011700003
10:22:15.210 @SRT008 
10:22:15.212 @SRT009 
10:43:51.865 @SRT001 20171102004
10:43:51.867 @SRT002 GD201711020002
10:43:51.870 @SRT003 MTA1100G1
10:43:51.871 @SRT004 定子绕组
10:43:51.873 @SRT005 MY05-630C/050K
10:43:51.874 @SRT006 1
10:43:51.880 @SRT007 0002010011700003
10:43:51.882 @SRT008 
10:43:51.883 @SRT009 
10:43:52.174 @SRT001 20171102004
10:43:52.177 @SRT002 GD201711020003
10:43:52.181 @SRT003 MTA1100F1
10:43:52.183 @SRT004 定子绕组
10:43:52.185 @SRT005 MY06-(320~450)/(040~060)K.2
10:43:52.187 @SRT006 1
10:43:52.190 @SRT007 0002010091700005
10:43:52.192 @SRT008 
10:43:52.194 @SRT009 
10:43:52.288 @SRT001 20171102004
10:43:52.292 @SRT002 GD201711020003
10:43:52.294 @SRT003 MTA1100F1
10:43:52.296 @SRT004 定子绕组
10:43:52.298 @SRT005 MY06-(320~450)/(040~060)K.2
10:43:52.301 @SRT006 1
10:43:52.304 @SRT007 0002010091700004
10:43:52.306 @SRT008 
10:43:52.308 @SRT009 
10:43:52.323 @SRT001 20171102004
10:43:52.325 @SRT002 GD201711020003
10:43:52.326 @SRT003 MTA1100F1
10:43:52.328 @SRT004 定子绕组
10:43:52.330 @SRT005 MY06-(320~450)/(040~060)K.2
10:43:52.331 @SRT006 1
10:43:52.333 @SRT007 0002010091700003
10:43:52.334 @SRT008 
10:43:52.336 @SRT009 
10:43:52.398 @SRT001 20171102004
10:43:52.401 @SRT002 GD201711020002
10:43:52.402 @SRT003 MTA1100G1
10:43:52.404 @SRT004 定子绕组
10:43:52.405 @SRT005 MY05-630C/050K
10:43:52.407 @SRT006 1
10:43:52.409 @SRT007 0002010011700001
10:43:52.410 @SRT008 
10:43:52.412 @SRT009 
10:43:52.444 @SRT001 20171102004
10:43:52.446 @SRT002 GD201711020003
10:43:52.448 @SRT003 MTA1100F1
10:43:52.449 @SRT004 定子绕组
10:43:52.451 @SRT005 MY06-(320~450)/(040~060)K.2
10:43:52.452 @SRT006 1
10:43:52.454 @SRT007 0002010091700002
10:43:52.455 @SRT008 
10:43:52.457 @SRT009 
10:43:52.586 @SRT001 20171102004
10:43:52.589 @SRT002 GD201711020002
10:43:52.591 @SRT003 MTA1100G1
10:43:52.593 @SRT004 定子绕组
10:43:52.595 @SRT005 MY05-630C/050K
10:43:52.597 @SRT006 1
10:43:52.599 @SRT007 0002010011700002
10:43:52.601 @SRT008 
10:43:52.602 @SRT009 
10:43:52.686 @SRT001 20171102004
10:43:52.688 @SRT002 GD201711020003
10:43:52.690 @SRT003 MTA1100F1
10:43:52.692 @SRT004 定子绕组
10:43:52.694 @SRT005 MY06-(320~450)/(040~060)K.2
10:43:52.696 @SRT006 1
10:43:52.698 @SRT007 0002010091700001
10:43:52.700 @SRT008 
10:43:52.702 @SRT009 
11:31:09.407    在 System.Data.SqlClient.SqlConnection.OnError(SqlException exception, Boolean breakConnection, Action`1 wrapCloseInAction)
   在 System.Data.SqlClient.TdsParser.ThrowExceptionAndWarning(TdsParserStateObject stateObj, Boolean callerHasConnectionLock, Boolean asyncClose)
   在 System.Data.SqlClient.TdsParser.TryRun(RunBehavior runBehavior, SqlCommand cmdHandler, SqlDataReader dataStream, BulkCopySimpleResultSet bulkCopyHandler, TdsParserStateObject stateObj, Boolean& dataReady)
   在 System.Data.SqlClient.SqlDataReader.TryConsumeMetaData()
   在 System.Data.SqlClient.SqlDataReader.get_MetaData()
   在 System.Data.SqlClient.SqlCommand.FinishExecuteReader(SqlDataReader ds, RunBehavior runBehavior, String resetOptionsString, Boolean isInternal, Boolean forDescribeParameterEncryption)
   在 System.Data.SqlClient.SqlCommand.RunExecuteReaderTds(CommandBehavior cmdBehavior, RunBehavior runBehavior, Boolean returnStream, Boolean async, Int32 timeout, Task& task, Boolean asyncWrite, Boolean inRetry, SqlDataReader ds, Boolean describeParameterEncryptionRequest)
   在 System.Data.SqlClient.SqlCommand.RunExecuteReader(CommandBehavior cmdBehavior, RunBehavior runBehavior, Boolean returnStream, String method, TaskCompletionSource`1 completion, Int32 timeout, Task& task, Boolean& usedCache, Boolean asyncWrite, Boolean inRetry)
   在 System.Data.SqlClient.SqlCommand.RunExecuteReader(CommandBehavior cmdBehavior, RunBehavior runBehavior, Boolean returnStream, String method)
   在 System.Data.SqlClient.SqlCommand.ExecuteReader(CommandBehavior behavior, String method)
   在 System.Data.Common.DbDataAdapter.FillInternal(DataSet dataset, DataTable[] datatables, Int32 startRecord, Int32 maxRecords, String srcTable, IDbCommand command, CommandBehavior behavior)
   在 System.Data.Common.DbDataAdapter.Fill(DataTable[] dataTables, Int32 startRecord, Int32 maxRecords, IDbCommand command, CommandBehavior behavior)
   在 System.Data.Common.DbDataAdapter.Fill(DataTable dataTable)
   在 StudentMgr.SqlHelper.ExecuteDataTable(SqlConnection conn, String cmdText, SqlParameter[] parameters) 位置 D:\Project data\MaTuo\ProductionErp\ProductionErpBll\SqlHelper.cs:行号 254
11:31:09.410 SELECT A.idx,A.POW002,B.EMP002,A.POW003,FOR001,POW013 FROM MOXPOW A LEFT JOIN MOXEMP B ON A.POW002=B.EMP001 LEFT JOIN MOXFOR C ON A.POW003=C.FOR002 WHERE EMP001=@EMP001
11:32:11.918    在 System.Data.SqlClient.SqlConnection.OnError(SqlException exception, Boolean breakConnection, Action`1 wrapCloseInAction)
   在 System.Data.SqlClient.TdsParser.ThrowExceptionAndWarning(TdsParserStateObject stateObj, Boolean callerHasConnectionLock, Boolean asyncClose)
   在 System.Data.SqlClient.TdsParser.TryRun(RunBehavior runBehavior, SqlCommand cmdHandler, SqlDataReader dataStream, BulkCopySimpleResultSet bulkCopyHandler, TdsParserStateObject stateObj, Boolean& dataReady)
   在 System.Data.SqlClient.SqlDataReader.TryConsumeMetaData()
   在 System.Data.SqlClient.SqlDataReader.get_MetaData()
   在 System.Data.SqlClient.SqlCommand.FinishExecuteReader(SqlDataReader ds, RunBehavior runBehavior, String resetOptionsString, Boolean isInternal, Boolean forDescribeParameterEncryption)
   在 System.Data.SqlClient.SqlCommand.RunExecuteReaderTds(CommandBehavior cmdBehavior, RunBehavior runBehavior, Boolean returnStream, Boolean async, Int32 timeout, Task& task, Boolean asyncWrite, Boolean inRetry, SqlDataReader ds, Boolean describeParameterEncryptionRequest)
   在 System.Data.SqlClient.SqlCommand.RunExecuteReader(CommandBehavior cmdBehavior, RunBehavior runBehavior, Boolean returnStream, String method, TaskCompletionSource`1 completion, Int32 timeout, Task& task, Boolean& usedCache, Boolean asyncWrite, Boolean inRetry)
   在 System.Data.SqlClient.SqlCommand.RunExecuteReader(CommandBehavior cmdBehavior, RunBehavior runBehavior, Boolean returnStream, String method)
   在 System.Data.SqlClient.SqlCommand.ExecuteReader(CommandBehavior behavior, String method)
   在 System.Data.Common.DbDataAdapter.FillInternal(DataSet dataset, DataTable[] datatables, Int32 startRecord, Int32 maxRecords, String srcTable, IDbCommand command, CommandBehavior behavior)
   在 System.Data.Common.DbDataAdapter.Fill(DataTable[] dataTables, Int32 startRecord, Int32 maxRecords, IDbCommand command, CommandBehavior behavior)
   在 System.Data.Common.DbDataAdapter.Fill(DataTable dataTable)
   在 StudentMgr.SqlHelper.ExecuteDataTable(SqlConnection conn, String cmdText, SqlParameter[] parameters) 位置 D:\Project data\MaTuo\ProductionErp\ProductionErpBll\SqlHelper.cs:行号 254
11:32:11.920 SELECT A.idx,A.POW002,B.EMP002,A.POW003,FOR001,POW013 FROM MOXPOW A LEFT JOIN MOXEMP B ON A.POW002=B.EMP001 LEFT JOIN MOXFOR C ON A.POW003=C.FOR002 WHERE EMP001=@EMP001
11:37:36.376    在 System.Data.SqlClient.SqlConnection.OnError(SqlException exception, Boolean breakConnection, Action`1 wrapCloseInAction)
   在 System.Data.SqlClient.TdsParser.ThrowExceptionAndWarning(TdsParserStateObject stateObj, Boolean callerHasConnectionLock, Boolean asyncClose)
   在 System.Data.SqlClient.TdsParser.TryRun(RunBehavior runBehavior, SqlCommand cmdHandler, SqlDataReader dataStream, BulkCopySimpleResultSet bulkCopyHandler, TdsParserStateObject stateObj, Boolean& dataReady)
   在 System.Data.SqlClient.SqlDataReader.TryConsumeMetaData()
   在 System.Data.SqlClient.SqlDataReader.get_MetaData()
   在 System.Data.SqlClient.SqlCommand.FinishExecuteReader(SqlDataReader ds, RunBehavior runBehavior, String resetOptionsString, Boolean isInternal, Boolean forDescribeParameterEncryption)
   在 System.Data.SqlClient.SqlCommand.RunExecuteReaderTds(CommandBehavior cmdBehavior, RunBehavior runBehavior, Boolean returnStream, Boolean async, Int32 timeout, Task& task, Boolean asyncWrite, Boolean inRetry, SqlDataReader ds, Boolean describeParameterEncryptionRequest)
   在 System.Data.SqlClient.SqlCommand.RunExecuteReader(CommandBehavior cmdBehavior, RunBehavior runBehavior, Boolean returnStream, String method, TaskCompletionSource`1 completion, Int32 timeout, Task& task, Boolean& usedCache, Boolean asyncWrite, Boolean inRetry)
   在 System.Data.SqlClient.SqlCommand.RunExecuteReader(CommandBehavior cmdBehavior, RunBehavior runBehavior, Boolean returnStream, String method)
   在 System.Data.SqlClient.SqlCommand.ExecuteReader(CommandBehavior behavior, String method)
   在 System.Data.Common.DbDataAdapter.FillInternal(DataSet dataset, DataTable[] datatables, Int32 startRecord, Int32 maxRecords, String srcTable, IDbCommand command, CommandBehavior behavior)
   在 System.Data.Common.DbDataAdapter.Fill(DataTable[] dataTables, Int32 startRecord, Int32 maxRecords, IDbCommand command, CommandBehavior behavior)
   在 System.Data.Common.DbDataAdapter.Fill(DataTable dataTable)
   在 StudentMgr.SqlHelper.ExecuteDataTable(SqlConnection conn, String cmdText, SqlParameter[] parameters) 位置 D:\Project data\MaTuo\ProductionErp\ProductionErpBll\SqlHelper.cs:行号 254
11:37:36.379 SELECT A.idx,BRB001,BRB002,BRB003,BRB004,BRB005 FROM MOXBRB A INNER JOIN MOXART B ON A.BRB002=B.ART001 INNER JOIN MOXARP C ON B.idx=C.ARP003WHERE BRB001='0002020031700018' AND ARP004 LIKE '制动器%' AND ARP001='00604' ORDER BY BRB006
