13:39:42.298 @idx 72
13:39:42.301 @STD004 
13:39:42.305 @STD006 0
13:39:42.307 @STD007 
13:39:42.310 @STD008 
13:39:42.340 @idx 88
13:39:42.342 @STD004 False
13:39:42.344 @STD006 0
13:39:42.345 @STD007 
13:39:42.346 @STD008 
13:39:42.352 @idx 83
13:39:42.354 @STD004 
13:39:42.356 @STD006 0
13:39:42.358 @STD007 
13:39:42.359 @STD008 
13:39:42.365 @idx 87
13:39:42.367 @STD004 
13:39:42.369 @STD006 0
13:39:42.370 @STD007 
13:39:42.372 @STD008 
13:39:42.377 @idx 91
13:39:42.379 @STD004 False
13:39:42.381 @STD006 0
13:39:42.383 @STD007 
13:39:42.384 @STD008 
13:39:42.390 @idx 86
13:39:42.392 @STD004 3
13:39:42.394 @STD006 0
13:39:42.395 @STD007 
13:39:42.397 @STD008 
13:39:42.406 @idx 89
13:39:42.408 @STD004 
13:39:42.410 @STD006 0
13:39:42.411 @STD007 
13:39:42.413 @STD008 
13:39:42.420 @idx 76
13:39:42.422 @STD004 
13:39:42.424 @STD006 0
13:39:42.425 @STD007 
13:39:42.427 @STD008 
13:39:42.433 @STC001 B0011700001
13:39:42.435 @STC005 0
13:39:42.437 @STC006 
13:39:42.445 @idx 74
13:39:42.447 @STD004 True
13:39:42.449 @STD006 0
13:39:42.450 @STD007 
13:39:42.452 @STD008 
13:39:42.458 @idx 92
13:39:42.460 @STD004 
13:39:42.462 @STD006 0
13:39:42.463 @STD007 
13:39:42.465 @STD008 
13:39:42.471 @idx 84
13:39:42.473 @STD004 
13:39:42.475 @STD006 0
13:39:42.477 @STD007 
13:39:42.478 @STD008 
13:39:42.486 @idx 82
13:39:42.488 @STD004 
13:39:42.490 @STD006 0
13:39:42.492 @STD007 
13:39:42.493 @STD008 
13:39:42.500 @idx 78
13:39:42.502 @STD004 
13:39:42.504 @STD006 0
13:39:42.506 @STD007 
13:39:42.507 @STD008 
13:39:42.514 @idx 81
13:39:42.516 @STD004 
13:39:42.518 @STD006 0
13:39:42.519 @STD007 
13:39:42.521 @STD008 
13:39:42.528 @idx 85
13:39:42.530 @STD004 3
13:39:42.532 @STD006 0
13:39:42.534 @STD007 
13:39:42.536 @STD008 
13:39:42.543 @idx 90
13:39:42.545 @STD004 True
13:39:42.547 @STD006 0
13:39:42.549 @STD007 
13:39:42.551 @STD008 
13:39:42.559 @idx 73
13:39:42.561 @STD004 
13:39:42.562 @STD006 0
13:39:42.564 @STD007 
13:39:42.566 @STD008 
13:39:42.574 @idx 80
13:39:42.576 @STD004 
13:39:42.578 @STD006 0
13:39:42.579 @STD007 
13:39:42.581 @STD008 
13:39:42.588 @idx 77
13:39:42.590 @STD004 
13:39:42.592 @STD006 0
13:39:42.594 @STD007 
13:39:42.595 @STD008 
13:39:42.602 @idx 75
13:39:42.604 @STD004 3
13:39:42.606 @STD006 0
13:39:42.607 @STD007 
13:39:42.609 @STD008 
13:39:42.615 @idx 79
13:39:42.617 @STD004 
13:39:42.619 @STD006 0
13:39:42.621 @STD007 
13:39:42.622 @STD008 
13:39:42.631 @idx 70
13:39:42.633 @STD004 
13:39:42.635 @STD006 0
13:39:42.636 @STD007 
13:39:42.638 @STD008 
13:39:42.645 @idx 71
13:39:42.647 @STD004 3
13:39:42.649 @STD006 0
13:39:42.651 @STD007 
13:39:42.653 @STD008 
14:51:51.776    在 System.Data.SqlClient.SqlConnection.OnError(SqlException exception, Boolean breakConnection, Action`1 wrapCloseInAction)
   在 System.Data.SqlClient.TdsParser.ThrowExceptionAndWarning(TdsParserStateObject stateObj, Boolean callerHasConnectionLock, Boolean asyncClose)
   在 System.Data.SqlClient.TdsParser.TryRun(RunBehavior runBehavior, SqlCommand cmdHandler, SqlDataReader dataStream, BulkCopySimpleResultSet bulkCopyHandler, TdsParserStateObject stateObj, Boolean& dataReady)
   在 System.Data.SqlClient.SqlDataReader.TryConsumeMetaData()
   在 System.Data.SqlClient.SqlDataReader.get_MetaData()
   在 System.Data.SqlClient.SqlCommand.FinishExecuteReader(SqlDataReader ds, RunBehavior runBehavior, String resetOptionsString, Boolean isInternal, Boolean forDescribeParameterEncryption)
   在 System.Data.SqlClient.SqlCommand.RunExecuteReaderTds(CommandBehavior cmdBehavior, RunBehavior runBehavior, Boolean returnStream, Boolean async, Int32 timeout, Task& task, Boolean asyncWrite, Boolean inRetry, SqlDataReader ds, Boolean describeParameterEncryptionRequest)
   在 System.Data.SqlClient.SqlCommand.RunExecuteReader(CommandBehavior cmdBehavior, RunBehavior runBehavior, Boolean returnStream, String method, TaskCompletionSource`1 completion, Int32 timeout, Task& task, Boolean& usedCache, Boolean asyncWrite, Boolean inRetry)
   在 System.Data.SqlClient.SqlCommand.RunExecuteReader(CommandBehavior cmdBehavior, RunBehavior runBehavior, Boolean returnStream, String method)
   在 System.Data.SqlClient.SqlCommand.ExecuteReader(CommandBehavior behavior, String method)
   在 System.Data.Common.DbDataAdapter.FillInternal(DataSet dataset, DataTable[] datatables, Int32 startRecord, Int32 maxRecords, String srcTable, IDbCommand command, CommandBehavior behavior)
   在 System.Data.Common.DbDataAdapter.Fill(DataTable[] dataTables, Int32 startRecord, Int32 maxRecords, IDbCommand command, CommandBehavior behavior)
   在 System.Data.Common.DbDataAdapter.Fill(DataTable dataTable)
   在 StudentMgr.SqlHelper.ExecuteDataTable(SqlConnection conn, String cmdText, SqlParameter[] parameters) 位置 D:\Project data\MaTuo\ProductionErp\ProductionErpBll\SqlHelper.cs:行号 254
14:51:51.778 SELECT idx,SRT001,SRT002,SRT003,SRT004,SRT005,SRT006,SRT007,SRT008,SRT009 FROM MOXSRT WHERE SRT007
14:52:47.795    在 System.Data.SqlClient.SqlConnection.OnError(SqlException exception, Boolean breakConnection, Action`1 wrapCloseInAction)
   在 System.Data.SqlClient.TdsParser.ThrowExceptionAndWarning(TdsParserStateObject stateObj, Boolean callerHasConnectionLock, Boolean asyncClose)
   在 System.Data.SqlClient.TdsParser.TryRun(RunBehavior runBehavior, SqlCommand cmdHandler, SqlDataReader dataStream, BulkCopySimpleResultSet bulkCopyHandler, TdsParserStateObject stateObj, Boolean& dataReady)
   在 System.Data.SqlClient.SqlDataReader.TryConsumeMetaData()
   在 System.Data.SqlClient.SqlDataReader.get_MetaData()
   在 System.Data.SqlClient.SqlCommand.FinishExecuteReader(SqlDataReader ds, RunBehavior runBehavior, String resetOptionsString, Boolean isInternal, Boolean forDescribeParameterEncryption)
   在 System.Data.SqlClient.SqlCommand.RunExecuteReaderTds(CommandBehavior cmdBehavior, RunBehavior runBehavior, Boolean returnStream, Boolean async, Int32 timeout, Task& task, Boolean asyncWrite, Boolean inRetry, SqlDataReader ds, Boolean describeParameterEncryptionRequest)
   在 System.Data.SqlClient.SqlCommand.RunExecuteReader(CommandBehavior cmdBehavior, RunBehavior runBehavior, Boolean returnStream, String method, TaskCompletionSource`1 completion, Int32 timeout, Task& task, Boolean& usedCache, Boolean asyncWrite, Boolean inRetry)
   在 System.Data.SqlClient.SqlCommand.RunExecuteReader(CommandBehavior cmdBehavior, RunBehavior runBehavior, Boolean returnStream, String method)
   在 System.Data.SqlClient.SqlCommand.ExecuteReader(CommandBehavior behavior, String method)
   在 System.Data.Common.DbDataAdapter.FillInternal(DataSet dataset, DataTable[] datatables, Int32 startRecord, Int32 maxRecords, String srcTable, IDbCommand command, CommandBehavior behavior)
   在 System.Data.Common.DbDataAdapter.Fill(DataTable[] dataTables, Int32 startRecord, Int32 maxRecords, IDbCommand command, CommandBehavior behavior)
   在 System.Data.Common.DbDataAdapter.Fill(DataTable dataTable)
   在 StudentMgr.SqlHelper.ExecuteDataTable(SqlConnection conn, String cmdText, SqlParameter[] parameters) 位置 D:\Project data\MaTuo\ProductionErp\ProductionErpBll\SqlHelper.cs:行号 254
14:52:47.797 SELECT idx,SRT001,SRT002,SRT003,SRT004,SRT005,SRT006,SRT007 FROM MOXSRT WHERE {0}!='' AND {0} IS NOT NULL
