08:33:17.844 Data Source=.;Initial Catalog=MT;User Id=sa;Password=1
08:33:18.166 Data Source=.;Initial Catalog=MT;User Id=sa;Password=1
08:33:18.178 Data Source=.;Initial Catalog=MT;User Id=sa;Password=1
08:33:18.189 Data Source=.;Initial Catalog=MT;User Id=sa;Password=1
08:33:22.535 Data Source=.;Initial Catalog=MT;User Id=sa;Password=1
08:33:27.544 Data Source=.;Initial Catalog=MT;User Id=sa;Password=1
08:33:40.651 Data Source=.;Initial Catalog=MT;User Id=sa;Password=1
08:33:40.661 Data Source=.;Initial Catalog=MT;User Id=sa;Password=1
08:36:00.761 Data Source=.;Initial Catalog=MT;User Id=sa;Password=1
08:36:01.006 Data Source=.;Initial Catalog=MT;User Id=sa;Password=1
08:36:01.010 Data Source=.;Initial Catalog=MT;User Id=sa;Password=1
08:36:01.013 Data Source=.;Initial Catalog=MT;User Id=sa;Password=1
08:36:11.556 Data Source=.;Initial Catalog=MT;User Id=sa;Password=1
08:36:11.984 Data Source=.;Initial Catalog=MT;User Id=sa;Password=1
08:36:11.989 Data Source=.;Initial Catalog=MT;User Id=sa;Password=1
08:36:11.994 Data Source=.;Initial Catalog=MT;User Id=sa;Password=1
08:36:15.970 Data Source=.;Initial Catalog=MT;User Id=sa;Password=1
08:36:18.419 Data Source=.;Initial Catalog=MT;User Id=sa;Password=1
08:36:25.504 Data Source=.;Initial Catalog=MT;User Id=sa;Password=1
08:39:21.537 Data Source=.;Initial Catalog=MT;User Id=sa;Password=1
08:39:21.787 Data Source=.;Initial Catalog=MT;User Id=sa;Password=1
08:39:21.792 Data Source=.;Initial Catalog=MT;User Id=sa;Password=1
08:39:21.795 Data Source=.;Initial Catalog=MT;User Id=sa;Password=1
08:39:25.032 Data Source=.;Initial Catalog=MT;User Id=sa;Password=1
08:39:27.241 Data Source=.;Initial Catalog=MT;User Id=sa;Password=1
08:39:30.498 Data Source=.;Initial Catalog=MT;User Id=sa;Password=1
08:39:30.507 Data Source=.;Initial Catalog=MT;User Id=sa;Password=1
08:39:30.519 Data Source=.;Initial Catalog=MT;User Id=sa;Password=1
08:39:30.528 Data Source=.;Initial Catalog=MT;User Id=sa;Password=1
08:39:30.531 @STD001 0002020021800002
08:39:30.533 @STD002 检验
08:39:30.534 @STD003 耐压2260V,测试一分钟无击穿
08:39:30.536 @STD004 True
08:39:30.551 Data Source=.;Initial Catalog=MT;User Id=sa;Password=1
08:39:30.558 @STD001 0002020021800002
08:39:30.560 @STD002 检验
08:39:30.562 @STD003 环境温度(℃)
08:39:30.563 @STD004 15.0
08:39:30.571 Data Source=.;Initial Catalog=MT;User Id=sa;Password=1
08:39:30.573 @STD001 0002020021800002
08:39:30.575 @STD002 检验
08:39:30.576 @STD003 绝缘电阻(MΩ)
08:39:30.578 @STD004 >500
08:39:30.586 Data Source=.;Initial Catalog=MT;User Id=sa;Password=1
08:39:30.588 @STD001 0002020021800002
08:39:30.590 @STD002 绕线
08:39:30.591 @STD003 并联路数
08:39:30.593 @STD004 1
08:39:30.600 Data Source=.;Initial Catalog=MT;User Id=sa;Password=1
08:39:30.602 @STD001 0002020021800002
08:39:30.604 @STD002 检验
08:39:30.605 @STD003 匝间检验合格
08:39:30.607 @STD004 True
08:39:30.615 Data Source=.;Initial Catalog=MT;User Id=sa;Password=1
08:39:30.617 @STD001 0002020021800002
08:39:30.619 @STD002 检验
08:39:30.621 @STD003 (黄-红)线间电阻(Ω)
08:39:30.622 @STD004 5.48
08:39:30.630 Data Source=.;Initial Catalog=MT;User Id=sa;Password=1
08:39:30.632 @STD001 0002020021800002
08:39:30.633 @STD002 检验
08:39:30.635 @STD003 (黄-绿)线间电阻(Ω)
08:39:30.636 @STD004 5.49
08:39:30.643 Data Source=.;Initial Catalog=MT;User Id=sa;Password=1
08:39:30.645 @STD001 0002020021800002
08:39:30.647 @STD002 检验
08:39:30.648 @STD003 (绿-红)线间电阻(Ω)
08:39:30.649 @STD004 5.49
08:39:30.657 Data Source=.;Initial Catalog=MT;User Id=sa;Password=1
08:39:30.659 @STD001 0002020021800002
08:39:30.660 @STD002 检验
08:39:30.662 @STD003 电阻不平衡度
08:39:30.663 @STD004 0.066
08:39:30.671 Data Source=.;Initial Catalog=MT;User Id=sa;Password=1
08:39:30.673 Data Source=.;Initial Catalog=MT;User Id=sa;Password=1
08:39:30.700 Data Source=.;Initial Catalog=MT;User Id=sa;Password=1
08:39:39.794 Data Source=.;Initial Catalog=MT;User Id=sa;Password=1
08:39:42.996 Data Source=.;Initial Catalog=MT;User Id=sa;Password=1
08:39:43.003 Data Source=.;Initial Catalog=MT;User Id=sa;Password=1
08:39:43.016 Data Source=.;Initial Catalog=MT;User Id=sa;Password=1
08:39:43.023 Data Source=.;Initial Catalog=MT;User Id=sa;Password=1
08:39:43.031 Data Source=.;Initial Catalog=MT;User Id=sa;Password=1
08:39:43.033 @STD001 0002020311800002
08:39:43.035 @STD002 绕线
08:39:43.036 @STD003 并联路数
08:39:43.037 @STD004 1
08:39:43.038 @STD005 目测
08:39:43.040 @STD006 0
08:39:43.041 @STD007 
08:39:43.043 @STD008 
08:39:43.044 @STD010 1
08:39:43.045 @STD011 3
08:39:43.048 Data Source=.;Initial Catalog=MT;User Id=sa;Password=1
08:39:43.051 @STD001 0002020311800002
08:39:43.053 @STD002 检验
08:39:43.054 @STD003 曹契装配不合格
08:39:43.056 @STD004 
08:39:43.057 @STD005 目测
08:39:43.058 @STD006 0
08:39:43.059 @STD007 
08:39:43.061 @STD008 
08:39:43.062 @STD010 4
08:39:43.063 @STD011 25
08:39:43.065 Data Source=.;Initial Catalog=MT;User Id=sa;Password=1
08:39:43.067 @STD001 0002020311800002
08:39:43.068 @STD002 绕线
08:39:43.069 @STD003 确认线圈匝数
08:39:43.071 @STD004 33
08:39:43.072 @STD005 匝数测试仪
08:39:43.073 @STD006 0
08:39:43.074 @STD007 
08:39:43.076 @STD008 
08:39:43.077 @STD010 1
08:39:43.078 @STD011 0
08:39:43.080 Data Source=.;Initial Catalog=MT;User Id=sa;Password=1
08:39:43.081 @STD001 0002020311800002
08:39:43.083 @STD002 嵌线
08:39:43.084 @STD003 非出线端线包尺寸合格
08:39:43.085 @STD004 
08:39:43.087 @STD005 钢尺
08:39:43.088 @STD006 0
08:39:43.089 @STD007 
08:39:43.090 @STD008 
08:39:43.091 @STD010 3
08:39:43.093 @STD011 9
08:39:43.094 Data Source=.;Initial Catalog=MT;User Id=sa;Password=1
08:39:43.096 @STD001 0002020311800002
08:39:43.098 @STD002 检验
08:39:43.099 @STD003 槽楔整齐，无歪斜
08:39:43.100 @STD004 
08:39:43.102 @STD005 目测
08:39:43.103 @STD006 0
08:39:43.104 @STD007 
08:39:43.106 @STD008 
08:39:43.107 @STD010 4
08:39:43.108 @STD011 21
08:39:43.110 Data Source=.;Initial Catalog=MT;User Id=sa;Password=1
08:39:43.111 @STD001 0002020311800002
08:39:43.113 @STD002 检验
08:39:43.114 @STD003 (黄-绿)线间电阻(Ω)
08:39:43.115 @STD004 1.82
08:39:43.117 @STD005 
08:39:43.118 @STD006 0
08:39:43.119 @STD007 
08:39:43.121 @STD008 
08:39:43.122 @STD010 4
08:39:43.123 @STD011 13
08:39:43.125 Data Source=.;Initial Catalog=MT;User Id=sa;Password=1
08:39:43.127 @STD001 0002020311800002
08:39:43.128 @STD002 绕线
08:39:43.130 @STD003 确认线圈组数
08:39:43.131 @STD004 3+3
08:39:43.132 @STD005 目测
08:39:43.133 @STD006 0
08:39:43.135 @STD007 
08:39:43.136 @STD008 
08:39:43.137 @STD010 1
08:39:43.139 @STD011 1
08:39:43.140 Data Source=.;Initial Catalog=MT;User Id=sa;Password=1
08:39:43.142 @STD001 0002020311800002
08:39:43.144 @STD002 检验
08:39:43.145 @STD003 (黄-红)线间电阻(Ω)
08:39:43.146 @STD004 1.82
08:39:43.147 @STD005 
08:39:43.149 @STD006 0
08:39:43.150 @STD007 
08:39:43.151 @STD008 
08:39:43.153 @STD010 4
08:39:43.154 @STD011 15
08:39:43.156 Data Source=.;Initial Catalog=MT;User Id=sa;Password=1
08:39:43.158 @STD001 0002020311800002
08:39:43.159 @STD002 嵌线
08:39:43.160 @STD003 焊接接头数量
08:39:43.161 @STD004 
08:39:43.163 @STD005 目测
08:39:43.164 @STD006 0
08:39:43.165 @STD007 
08:39:43.166 @STD008 
08:39:43.168 @STD010 3
08:39:43.169 @STD011 7
08:39:43.171 Data Source=.;Initial Catalog=MT;User Id=sa;Password=1
08:39:43.172 @STD001 0002020311800002
08:39:43.174 @STD002 检验
08:39:43.175 @STD003 绑线松紧不够
08:39:43.177 @STD004 
08:39:43.178 @STD005 目测
08:39:43.179 @STD006 0
08:39:43.180 @STD007 
08:39:43.182 @STD008 
08:39:43.183 @STD010 4
08:39:43.184 @STD011 29
08:39:43.186 Data Source=.;Initial Catalog=MT;User Id=sa;Password=1
08:39:43.188 @STD001 0002020311800002
08:39:43.189 @STD002 检验
08:39:43.191 @STD003 引出线长度不够
08:39:43.192 @STD004 
08:39:43.193 @STD005 目测
08:39:43.194 @STD006 0
08:39:43.196 @STD007 
08:39:43.197 @STD008 
08:39:43.198 @STD010 4
08:39:43.200 @STD011 24
08:39:43.201 Data Source=.;Initial Catalog=MT;User Id=sa;Password=1
08:39:43.203 @STD001 0002020311800002
08:39:43.205 @STD002 检验
08:39:43.206 @STD003 线包高度超出
08:39:43.208 @STD004 
08:39:43.209 @STD005 目测
08:39:43.210 @STD006 0
08:39:43.211 @STD007 
08:39:43.213 @STD008 
08:39:43.217 @STD010 4
08:39:43.219 @STD011 28
08:39:43.221 Data Source=.;Initial Catalog=MT;User Id=sa;Password=1
08:39:43.224 @STD001 0002020311800002
08:39:43.226 @STD002 检验
08:39:43.228 @STD003 电阻不平衡度
08:39:43.230 @STD004 0.113
08:39:43.231 @STD005 计算器
08:39:43.233 @STD006 0
08:39:43.234 @STD007 
08:39:43.235 @STD008 
08:39:43.236 @STD010 4
08:39:43.237 @STD011 17
08:39:43.239 Data Source=.;Initial Catalog=MT;User Id=sa;Password=1
08:39:43.241 @STD001 0002020311800002
08:39:43.243 @STD002 检验
08:39:43.244 @STD003 耐压2260V,测试一分钟无击穿
08:39:43.245 @STD004 True
08:39:43.247 @STD005 耐压测试仪
08:39:43.248 @STD006 0
08:39:43.249 @STD007 
08:39:43.250 @STD008 
08:39:43.252 @STD010 4
08:39:43.253 @STD011 10
08:39:43.255 Data Source=.;Initial Catalog=MT;User Id=sa;Password=1
08:39:43.257 @STD001 0002020311800002
08:39:43.258 @STD002 检验
08:39:43.260 @STD003 匝间检验合格
08:39:43.261 @STD004 True
08:39:43.263 @STD005 匝间测试仪
08:39:43.264 @STD006 0
08:39:43.265 @STD007 
08:39:43.266 @STD008 
08:39:43.267 @STD010 4
08:39:43.269 @STD011 11
08:39:43.270 Data Source=.;Initial Catalog=MT;User Id=sa;Password=1
08:39:43.272 @STD001 0002020311800002
08:39:43.274 @STD002 检验
08:39:43.275 @STD003 线包尺寸用卡板检验合格%
08:39:43.277 @STD004 
08:39:43.278 @STD005 检具
08:39:43.279 @STD006 0
08:39:43.280 @STD007 
08:39:43.281 @STD008 
08:39:43.283 @STD010 4
08:39:43.284 @STD011 19
08:39:43.286 Data Source=.;Initial Catalog=MT;User Id=sa;Password=1
08:39:43.288 @STD001 0002020311800002
08:39:43.289 @STD002 检验
08:39:43.291 @STD003 (绿-红)线间电阻(Ω)
08:39:43.292 @STD004 1.82
08:39:43.293 @STD005 
08:39:43.294 @STD006 0
08:39:43.295 @STD007 
08:39:43.297 @STD008 
08:39:43.298 @STD010 4
08:39:43.299 @STD011 14
08:39:43.301 Data Source=.;Initial Catalog=MT;User Id=sa;Password=1
08:39:43.302 @STD001 0002020311800002
08:39:43.304 @STD002 检验
08:39:43.305 @STD003 环境温度(℃)
08:39:43.307 @STD004 2.2
08:39:43.308 @STD005 温度计
08:39:43.309 @STD006 0
08:39:43.310 @STD007 
08:39:43.311 @STD008 
08:39:43.312 @STD010 4
08:39:43.313 @STD011 16
08:39:43.315 Data Source=.;Initial Catalog=MT;User Id=sa;Password=1
08:39:43.317 @STD001 0002020311800002
08:39:43.318 @STD002 检验
08:39:43.320 @STD003 漆包线无破损
08:39:43.321 @STD004 
08:39:43.322 @STD005 目测
08:39:43.323 @STD006 0
08:39:43.325 @STD007 
08:39:43.326 @STD008 
08:39:43.327 @STD010 4
08:39:43.328 @STD011 22
08:39:43.330 Data Source=.;Initial Catalog=MT;User Id=sa;Password=1
08:39:43.332 @STC001 0002020311800002
08:39:43.333 @STC002 220
08:39:43.334 @STC003 GD201801250002
08:39:43.336 @STC004 MY05-630A/100K  220V
08:39:43.337 @STC005 0
08:39:43.338 @STC006 
08:39:43.341 Data Source=.;Initial Catalog=MT;User Id=sa;Password=1
08:39:43.343 @STD001 0002020311800002
08:39:43.344 @STD002 嵌线
08:39:43.345 @STD003 确认接头数量
08:39:43.347 @STD004 
08:39:43.348 @STD005 目测
08:39:43.349 @STD006 0
08:39:43.350 @STD007 
08:39:43.351 @STD008 
08:39:43.353 @STD010 2
08:39:43.354 @STD011 4
08:39:43.355 Data Source=.;Initial Catalog=MT;User Id=sa;Password=1
08:39:43.357 @STD001 0002020311800002
08:39:43.359 @STD002 检验
08:39:43.360 @STD003 虚焊
08:39:43.361 @STD004 
08:39:43.363 @STD005 目测
08:39:43.364 @STD006 0
08:39:43.365 @STD007 
08:39:43.366 @STD008 
08:39:43.367 @STD010 4
08:39:43.368 @STD011 27
08:39:43.370 Data Source=.;Initial Catalog=MT;User Id=sa;Password=1
08:39:43.372 @STD001 0002020311800002
08:39:43.373 @STD002 检验
08:39:43.374 @STD003 铁芯叠片翘起
08:39:43.376 @STD004 
08:39:43.377 @STD005 目测
08:39:43.378 @STD006 0
08:39:43.379 @STD007 
08:39:43.380 @STD008 
08:39:43.382 @STD010 4
08:39:43.383 @STD011 26
08:39:43.384 Data Source=.;Initial Catalog=MT;User Id=sa;Password=1
08:39:43.386 @STD001 0002020311800002
08:39:43.388 @STD002 绕线
08:39:43.389 @STD003 接头数量
08:39:43.390 @STD004 
08:39:43.392 @STD005 目测
08:39:43.393 @STD006 0
08:39:43.394 @STD007 
08:39:43.395 @STD008 
08:39:43.396 @STD010 1
08:39:43.397 @STD011 2
08:39:43.399 Data Source=.;Initial Catalog=MT;User Id=sa;Password=1
08:39:43.401 @STD001 0002020311800002
08:39:43.402 @STD002 嵌线
08:39:43.404 @STD003 引出线长度(mm)
08:39:43.405 @STD004 25
08:39:43.406 @STD005 钢尺
08:39:43.407 @STD006 0
08:39:43.408 @STD007 
08:39:43.410 @STD008 
08:39:43.411 @STD010 3
08:39:43.412 @STD011 6
08:39:43.414 Data Source=.;Initial Catalog=MT;User Id=sa;Password=1
08:39:43.415 @STD001 0002020311800002
08:39:43.417 @STD002 检验
08:39:43.418 @STD003 绝缘电阻(MΩ)
08:39:43.419 @STD004 >500
08:39:43.420 @STD005 摇表
08:39:43.421 @STD006 0
08:39:43.423 @STD007 
08:39:43.424 @STD008 
08:39:43.425 @STD010 4
08:39:43.426 @STD011 12
08:39:43.427 Data Source=.;Initial Catalog=MT;User Id=sa;Password=1
08:39:43.430 @STD001 0002020311800002
08:39:43.431 @STD002 嵌线
08:39:43.432 @STD003 引出线规格(平方)
08:39:43.433 @STD004 4
08:39:43.435 @STD005 目测
08:39:43.436 @STD006 0
08:39:43.437 @STD007 
08:39:43.438 @STD008 
08:39:43.439 @STD010 3
08:39:43.441 @STD011 5
08:39:43.442 Data Source=.;Initial Catalog=MT;User Id=sa;Password=1
08:39:43.444 @STD001 0002020311800002
08:39:43.446 @STD002 嵌线
08:39:43.447 @STD003 出线端线尺寸合格
08:39:43.448 @STD004 
08:39:43.449 @STD005 钢尺
08:39:43.450 @STD006 0
08:39:43.451 @STD007 
08:39:43.453 @STD008 
08:39:43.454 @STD010 3
08:39:43.455 @STD011 8
08:39:43.456 Data Source=.;Initial Catalog=MT;User Id=sa;Password=1
08:39:43.458 @STD001 0002020311800002
08:39:43.460 @STD002 检验
08:39:43.461 @STD003 绝缘纸维修剪
08:39:43.462 @STD004 
08:39:43.463 @STD005 目测
08:39:43.465 @STD006 0
08:39:43.466 @STD007 
08:39:43.467 @STD008 
08:39:43.468 @STD010 4
08:39:43.469 @STD011 23
08:39:43.471 Data Source=.;Initial Catalog=MT;User Id=sa;Password=1
08:39:43.472 @STD001 0002020311800002
08:39:43.474 @STD002 检验
08:39:43.475 @STD003 外观整齐，无漏绑
08:39:43.476 @STD004 
08:39:43.477 @STD005 目测
08:39:43.479 @STD006 0
08:39:43.480 @STD007 
08:39:43.481 @STD008 
08:39:43.482 @STD010 4
08:39:43.483 @STD011 20
08:39:43.485 Data Source=.;Initial Catalog=MT;User Id=sa;Password=1
08:39:43.487 Data Source=.;Initial Catalog=MT;User Id=sa;Password=1
08:39:43.490 Data Source=.;Initial Catalog=MT;User Id=sa;Password=1
08:39:43.499 Data Source=.;Initial Catalog=MT;User Id=sa;Password=1
08:39:43.501 @STD001 0002020311800002
08:39:43.503 @STD002 检验
08:39:43.504 @STD003 (黄-红)线间电阻(Ω)
08:39:43.505 @STD004 1.82
08:39:43.513 Data Source=.;Initial Catalog=MT;User Id=sa;Password=1
08:39:43.515 @STD001 0002020311800002
08:39:43.516 @STD002 检验
08:39:43.518 @STD003 环境温度(℃)
08:39:43.519 @STD004 2.2
08:39:43.526 Data Source=.;Initial Catalog=MT;User Id=sa;Password=1
08:39:43.528 @STD001 0002020311800002
08:39:43.530 @STD002 检验
08:39:43.531 @STD003 耐压2260V,测试一分钟无击穿
08:39:43.532 @STD004 True
08:39:43.539 Data Source=.;Initial Catalog=MT;User Id=sa;Password=1
08:39:43.541 @STD001 0002020311800002
08:39:43.543 @STD002 绕线
08:39:43.544 @STD003 并联路数
08:39:43.545 @STD004 1
08:39:43.552 Data Source=.;Initial Catalog=MT;User Id=sa;Password=1
08:39:43.554 @STD001 0002020311800002
08:39:43.555 @STD002 检验
08:39:43.557 @STD003 (黄-绿)线间电阻(Ω)
08:39:43.558 @STD004 1.82
08:39:43.565 Data Source=.;Initial Catalog=MT;User Id=sa;Password=1
08:39:43.567 @STD001 0002020311800002
08:39:43.569 @STD002 检验
08:39:43.570 @STD003 电阻不平衡度
08:39:43.571 @STD004 0.113
08:39:43.579 Data Source=.;Initial Catalog=MT;User Id=sa;Password=1
08:39:43.581 @STD001 0002020311800002
08:39:43.582 @STD002 检验
08:39:43.584 @STD003 (绿-红)线间电阻(Ω)
08:39:43.585 @STD004 1.82
08:39:43.593 Data Source=.;Initial Catalog=MT;User Id=sa;Password=1
08:39:43.595 @STD001 0002020311800002
08:39:43.597 @STD002 检验
08:39:43.598 @STD003 绝缘电阻(MΩ)
08:39:43.599 @STD004 >500
08:39:43.606 Data Source=.;Initial Catalog=MT;User Id=sa;Password=1
08:39:43.609 @STD001 0002020311800002
08:39:43.610 @STD002 检验
08:39:43.611 @STD003 匝间检验合格
08:39:43.612 @STD004 True
08:39:43.620 Data Source=.;Initial Catalog=MT;User Id=sa;Password=1
08:39:43.622 Data Source=.;Initial Catalog=MT;User Id=sa;Password=1
08:39:43.647 Data Source=.;Initial Catalog=MT;User Id=sa;Password=1
08:40:10.617 Data Source=.;Initial Catalog=MT;User Id=sa;Password=1
08:40:12.703 Data Source=.;Initial Catalog=MT;User Id=sa;Password=1
08:40:12.712 Data Source=.;Initial Catalog=MT;User Id=sa;Password=1
08:40:12.727 Data Source=.;Initial Catalog=MT;User Id=sa;Password=1
08:40:12.730 Data Source=.;Initial Catalog=MT;User Id=sa;Password=1
08:40:12.740 Data Source=.;Initial Catalog=MT;User Id=sa;Password=1
08:40:12.742 @STD001 0002020021800332
08:40:12.744 @STD002 检验
08:40:12.746 @STD003 环境温度(℃)
08:40:12.748 @STD004 
08:40:12.751 @STD005 温度计
08:40:12.753 @STD006 0
08:40:12.754 @STD007 
08:40:12.755 @STD008 
08:40:12.757 @STD010 4
08:40:12.758 @STD011 16
08:40:12.761 Data Source=.;Initial Catalog=MT;User Id=sa;Password=1
08:40:12.765 @STD001 0002020021800332
08:40:12.766 @STD002 嵌线
08:40:12.768 @STD003 引出线规格(平方)
08:40:12.769 @STD004 4
08:40:12.770 @STD005 目测
08:40:12.771 @STD006 0
08:40:12.773 @STD007 
08:40:12.774 @STD008 
08:40:12.775 @STD010 3
08:40:12.776 @STD011 5
08:40:12.778 Data Source=.;Initial Catalog=MT;User Id=sa;Password=1
08:40:12.780 @STD001 0002020021800332
08:40:12.781 @STD002 嵌线
08:40:12.783 @STD003 焊接接头数量
08:40:12.784 @STD004 
08:40:12.785 @STD005 目测
08:40:12.786 @STD006 0
08:40:12.788 @STD007 
08:40:12.789 @STD008 
08:40:12.790 @STD010 3
08:40:12.792 @STD011 7
08:40:12.793 Data Source=.;Initial Catalog=MT;User Id=sa;Password=1
08:40:12.795 @STD001 0002020021800332
08:40:12.796 @STD002 检验
08:40:12.798 @STD003 绝缘纸维修剪
08:40:12.799 @STD004 
08:40:12.800 @STD005 目测
08:40:12.801 @STD006 0
08:40:12.803 @STD007 
08:40:12.804 @STD008 
08:40:12.805 @STD010 4
08:40:12.806 @STD011 23
08:40:12.808 Data Source=.;Initial Catalog=MT;User Id=sa;Password=1
08:40:12.810 @STD001 0002020021800332
08:40:12.811 @STD002 检验
08:40:12.813 @STD003 (黄-绿)线间电阻(Ω)
08:40:12.814 @STD004 
08:40:12.815 @STD005 
08:40:12.816 @STD006 0
08:40:12.818 @STD007 
08:40:12.819 @STD008 
08:40:12.820 @STD010 4
08:40:12.821 @STD011 13
08:40:12.823 Data Source=.;Initial Catalog=MT;User Id=sa;Password=1
08:40:12.825 @STD001 0002020021800332
08:40:12.826 @STD002 检验
08:40:12.827 @STD003 (绿-红)线间电阻(Ω)
08:40:12.829 @STD004 
08:40:12.830 @STD005 
08:40:12.831 @STD006 0
08:40:12.832 @STD007 
08:40:12.834 @STD008 
08:40:12.835 @STD010 4
08:40:12.836 @STD011 14
08:40:12.838 Data Source=.;Initial Catalog=MT;User Id=sa;Password=1
08:40:12.840 @STD001 0002020021800332
08:40:12.841 @STD002 检验
08:40:12.843 @STD003 虚焊
08:40:12.844 @STD004 
08:40:12.845 @STD005 目测
08:40:12.846 @STD006 0
08:40:12.848 @STD007 
08:40:12.849 @STD008 
08:40:12.850 @STD010 4
08:40:12.851 @STD011 27
08:40:12.853 Data Source=.;Initial Catalog=MT;User Id=sa;Password=1
08:40:12.855 @STD001 0002020021800332
08:40:12.856 @STD002 检验
08:40:12.858 @STD003 绑线松紧不够
08:40:12.859 @STD004 
08:40:12.861 @STD005 目测
08:40:12.862 @STD006 0
08:40:12.863 @STD007 
08:40:12.865 @STD008 
08:40:12.866 @STD010 4
08:40:12.868 @STD011 29
08:40:12.870 Data Source=.;Initial Catalog=MT;User Id=sa;Password=1
08:40:12.871 @STD001 0002020021800332
08:40:12.873 @STD002 检验
08:40:12.874 @STD003 耐压2260V,测试一分钟无击穿
08:40:12.875 @STD004 
08:40:12.876 @STD005 耐压测试仪
08:40:12.878 @STD006 0
08:40:12.879 @STD007 
08:40:12.880 @STD008 
08:40:12.881 @STD010 4
08:40:12.882 @STD011 10
08:40:12.884 Data Source=.;Initial Catalog=MT;User Id=sa;Password=1
08:40:12.886 @STD001 0002020021800332
08:40:12.888 @STD002 检验
08:40:12.889 @STD003 匝间检验合格
08:40:12.890 @STD004 
08:40:12.892 @STD005 匝间测试仪
08:40:12.893 @STD006 0
08:40:12.894 @STD007 
08:40:12.895 @STD008 
08:40:12.897 @STD010 4
08:40:12.898 @STD011 11
08:40:12.899 Data Source=.;Initial Catalog=MT;User Id=sa;Password=1
08:40:12.901 @STD001 0002020021800332
08:40:12.903 @STD002 检验
08:40:12.904 @STD003 电阻不平衡度
08:40:12.905 @STD004 
08:40:12.907 @STD005 计算器
08:40:12.908 @STD006 0
08:40:12.909 @STD007 
08:40:12.910 @STD008 
08:40:12.912 @STD010 4
08:40:12.913 @STD011 17
08:40:12.914 Data Source=.;Initial Catalog=MT;User Id=sa;Password=1
08:40:12.916 @STD001 0002020021800332
08:40:12.918 @STD002 检验
08:40:12.919 @STD003 绝缘电阻(MΩ)
08:40:12.921 @STD004 
08:40:12.922 @STD005 摇表
08:40:12.923 @STD006 0
08:40:12.924 @STD007 
08:40:12.926 @STD008 
08:40:12.927 @STD010 4
08:40:12.928 @STD011 12
08:40:12.930 Data Source=.;Initial Catalog=MT;User Id=sa;Password=1
08:40:12.932 @STD001 0002020021800332
08:40:12.933 @STD002 检验
08:40:12.935 @STD003 曹契装配不合格
08:40:12.936 @STD004 
08:40:12.937 @STD005 目测
08:40:12.939 @STD006 0
08:40:12.940 @STD007 
08:40:12.941 @STD008 
08:40:12.942 @STD010 4
08:40:12.943 @STD011 25
08:40:12.945 Data Source=.;Initial Catalog=MT;User Id=sa;Password=1
08:40:12.947 @STD001 0002020021800332
08:40:12.948 @STD002 绕线
08:40:12.950 @STD003 确认线圈组数
08:40:12.951 @STD004 6
08:40:12.952 @STD005 目测
08:40:12.953 @STD006 0
08:40:12.955 @STD007 
08:40:12.956 @STD008 
08:40:12.957 @STD010 1
08:40:12.958 @STD011 1
08:40:12.960 Data Source=.;Initial Catalog=MT;User Id=sa;Password=1
08:40:12.962 @STD001 0002020021800332
08:40:12.964 @STD002 绕线
08:40:12.965 @STD003 并联路数
08:40:12.966 @STD004 1
08:40:12.968 @STD005 目测
08:40:12.971 @STD006 0
08:40:12.972 @STD007 
08:40:12.973 @STD008 
08:40:12.975 @STD010 1
08:40:12.976 @STD011 3
08:40:12.978 Data Source=.;Initial Catalog=MT;User Id=sa;Password=1
08:40:12.980 @STD001 0002020021800332
08:40:12.981 @STD002 检验
08:40:12.982 @STD003 线包高度超出
08:40:12.984 @STD004 
08:40:12.985 @STD005 目测
08:40:12.986 @STD006 0
08:40:12.987 @STD007 
08:40:12.988 @STD008 
08:40:12.989 @STD010 4
08:40:12.991 @STD011 28
08:40:12.992 Data Source=.;Initial Catalog=MT;User Id=sa;Password=1
08:40:12.994 @STD001 0002020021800332
08:40:12.996 @STD002 嵌线
08:40:12.997 @STD003 确认接头数量
08:40:12.998 @STD004 
08:40:13.000 @STD005 目测
08:40:13.001 @STD006 0
08:40:13.002 @STD007 
08:40:13.003 @STD008 
08:40:13.004 @STD010 2
08:40:13.005 @STD011 4
08:40:13.007 Data Source=.;Initial Catalog=MT;User Id=sa;Password=1
08:40:13.009 @STD001 0002020021800332
08:40:13.010 @STD002 检验
08:40:13.012 @STD003 槽楔整齐，无歪斜
08:40:13.013 @STD004 
08:40:13.014 @STD005 目测
08:40:13.015 @STD006 0
08:40:13.016 @STD007 
08:40:13.018 @STD008 
08:40:13.019 @STD010 4
08:40:13.020 @STD011 21
08:40:13.021 Data Source=.;Initial Catalog=MT;User Id=sa;Password=1
08:40:13.023 @STD001 0002020021800332
08:40:13.025 @STD002 检验
08:40:13.026 @STD003 线包尺寸用卡板检验合格%
08:40:13.027 @STD004 
08:40:13.029 @STD005 检具
08:40:13.030 @STD006 0
08:40:13.031 @STD007 
08:40:13.032 @STD008 
08:40:13.033 @STD010 4
08:40:13.035 @STD011 19
08:40:13.036 Data Source=.;Initial Catalog=MT;User Id=sa;Password=1
08:40:13.038 @STD001 0002020021800332
08:40:13.040 @STD002 检验
08:40:13.041 @STD003 漆包线无破损
08:40:13.042 @STD004 
08:40:13.044 @STD005 目测
08:40:13.045 @STD006 0
08:40:13.046 @STD007 
08:40:13.047 @STD008 
08:40:13.049 @STD010 4
08:40:13.050 @STD011 22
08:40:13.051 Data Source=.;Initial Catalog=MT;User Id=sa;Password=1
08:40:13.054 @STD001 0002020021800332
08:40:13.055 @STD002 检验
08:40:13.057 @STD003 外观整齐，无漏绑
08:40:13.058 @STD004 
08:40:13.059 @STD005 目测
08:40:13.061 @STD006 0
08:40:13.062 @STD007 
08:40:13.063 @STD008 
08:40:13.064 @STD010 4
08:40:13.065 @STD011 20
08:40:13.067 Data Source=.;Initial Catalog=MT;User Id=sa;Password=1
08:40:13.069 @STD001 0002020021800332
08:40:13.071 @STD002 检验
08:40:13.072 @STD003 (黄-红)线间电阻(Ω)
08:40:13.073 @STD004 
08:40:13.075 @STD005 
08:40:13.076 @STD006 0
08:40:13.077 @STD007 
08:40:13.078 @STD008 
08:40:13.080 @STD010 4
08:40:13.081 @STD011 15
08:40:13.082 Data Source=.;Initial Catalog=MT;User Id=sa;Password=1
08:40:13.084 @STD001 0002020021800332
08:40:13.086 @STD002 嵌线
08:40:13.087 @STD003 出线端线尺寸合格
08:40:13.088 @STD004 
08:40:13.090 @STD005 钢尺
08:40:13.091 @STD006 0
08:40:13.092 @STD007 
08:40:13.093 @STD008 
08:40:13.095 @STD010 3
08:40:13.096 @STD011 8
08:40:13.097 Data Source=.;Initial Catalog=MT;User Id=sa;Password=1
08:40:13.099 @STD001 0002020021800332
08:40:13.101 @STD002 检验
08:40:13.102 @STD003 引出线长度不够
08:40:13.103 @STD004 
08:40:13.105 @STD005 目测
08:40:13.106 @STD006 0
08:40:13.107 @STD007 
08:40:13.108 @STD008 
08:40:13.109 @STD010 4
08:40:13.111 @STD011 24
08:40:13.112 Data Source=.;Initial Catalog=MT;User Id=sa;Password=1
08:40:13.114 @STD001 0002020021800332
08:40:13.116 @STD002 绕线
08:40:13.117 @STD003 接头数量
08:40:13.118 @STD004 
08:40:13.120 @STD005 目测
08:40:13.121 @STD006 0
08:40:13.122 @STD007 
08:40:13.123 @STD008 
08:40:13.124 @STD010 1
08:40:13.126 @STD011 2
08:40:13.128 Data Source=.;Initial Catalog=MT;User Id=sa;Password=1
08:40:13.129 @STD001 0002020021800332
08:40:13.131 @STD002 嵌线
08:40:13.132 @STD003 引出线长度(mm)
08:40:13.133 @STD004 30
08:40:13.135 @STD005 钢尺
08:40:13.136 @STD006 0
08:40:13.137 @STD007 
08:40:13.138 @STD008 
08:40:13.139 @STD010 3
08:40:13.141 @STD011 6
08:40:13.142 Data Source=.;Initial Catalog=MT;User Id=sa;Password=1
08:40:13.144 @STD001 0002020021800332
08:40:13.146 @STD002 检验
08:40:13.147 @STD003 铁芯叠片翘起
08:40:13.148 @STD004 
08:40:13.149 @STD005 目测
08:40:13.151 @STD006 0
08:40:13.152 @STD007 
08:40:13.153 @STD008 
08:40:13.154 @STD010 4
08:40:13.155 @STD011 26
08:40:13.157 Data Source=.;Initial Catalog=MT;User Id=sa;Password=1
08:40:13.159 @STD001 0002020021800332
08:40:13.160 @STD002 嵌线
08:40:13.161 @STD003 非出线端线包尺寸合格
08:40:13.163 @STD004 
08:40:13.164 @STD005 钢尺
08:40:13.165 @STD006 0
08:40:13.167 @STD007 
08:40:13.168 @STD008 
08:40:13.169 @STD010 3
08:40:13.170 @STD011 9
08:40:13.172 Data Source=.;Initial Catalog=MT;User Id=sa;Password=1
08:40:13.174 @STC001 0002020021800332
08:40:13.176 @STC002 380
08:40:13.177 @STC003 GD201806210002
08:40:13.178 @STC004 MY05-630/100K
08:40:13.180 @STC005 0
08:40:13.181 @STC006 
08:40:13.183 Data Source=.;Initial Catalog=MT;User Id=sa;Password=1
08:40:13.185 @STD001 0002020021800332
08:40:13.186 @STD002 绕线
08:40:13.188 @STD003 确认线圈匝数
08:40:13.189 @STD004 58
08:40:13.190 @STD005 匝数测试仪
08:40:13.191 @STD006 0
08:40:13.192 @STD007 
08:40:13.194 @STD008 
08:40:13.195 @STD010 1
08:40:13.196 @STD011 0
08:40:13.198 Data Source=.;Initial Catalog=MT;User Id=sa;Password=1
08:40:13.200 Data Source=.;Initial Catalog=MT;User Id=sa;Password=1
08:40:13.202 Data Source=.;Initial Catalog=MT;User Id=sa;Password=1
08:40:13.208 Data Source=.;Initial Catalog=MT;User Id=sa;Password=1
08:40:13.209 @STD001 0002020021800332
08:40:13.211 @STD002 绕线
08:40:13.212 @STD003 并联路数
08:40:13.214 @STD004 1
08:40:13.221 Data Source=.;Initial Catalog=MT;User Id=sa;Password=1
08:40:13.223 Data Source=.;Initial Catalog=MT;User Id=sa;Password=1
08:40:13.249 Data Source=.;Initial Catalog=MT;User Id=sa;Password=1
