15:48:44.797 Data Source=.;Initial Catalog=MT;User Id=sa;Password=1
15:48:45.088 Data Source=.;Initial Catalog=MT;User Id=sa;Password=1
15:48:45.098 Data Source=.;Initial Catalog=MT;User Id=sa;Password=1
15:48:45.107 Data Source=.;Initial Catalog=MT;User Id=sa;Password=1
15:48:48.121 Data Source=.;Initial Catalog=MT;User Id=sa;Password=1
15:48:48.187 Data Source=.;Initial Catalog=MT;User Id=sa;Password=1
15:48:51.606 Data Source=.;Initial Catalog=MT;User Id=sa;Password=1
15:48:52.747 Data Source=.;Initial Catalog=MT;User Id=sa;Password=1
15:48:53.050 Data Source=.;Initial Catalog=MT;User Id=sa;Password=1
15:48:53.299 Data Source=.;Initial Catalog=MT;User Id=sa;Password=1
15:48:53.699 Data Source=.;Initial Catalog=MT;User Id=sa;Password=1
15:48:54.029 Data Source=.;Initial Catalog=MT;User Id=sa;Password=1
15:49:03.467 Data Source=.;Initial Catalog=MT;User Id=sa;Password=1
15:49:19.304 Data Source=.;Initial Catalog=MT;User Id=sa;Password=1
15:49:19.633 Data Source=.;Initial Catalog=MT;User Id=sa;Password=1
15:52:11.220 Data Source=.;Initial Catalog=MT;User Id=sa;Password=1
15:52:11.469 Data Source=.;Initial Catalog=MT;User Id=sa;Password=1
15:52:11.472 Data Source=.;Initial Catalog=MT;User Id=sa;Password=1
15:52:11.476 Data Source=.;Initial Catalog=MT;User Id=sa;Password=1
15:52:32.780 Data Source=.;Initial Catalog=MT;User Id=sa;Password=1
15:52:33.007 Data Source=.;Initial Catalog=MT;User Id=sa;Password=1
15:52:33.011 Data Source=.;Initial Catalog=MT;User Id=sa;Password=1
15:52:33.014 Data Source=.;Initial Catalog=MT;User Id=sa;Password=1
15:52:35.662 Data Source=.;Initial Catalog=MT;User Id=sa;Password=1
15:52:35.707 Data Source=.;Initial Catalog=MT;User Id=sa;Password=1
15:52:39.213 Data Source=.;Initial Catalog=MT;User Id=sa;Password=1
15:52:39.230 Data Source=.;Initial Catalog=MT;User Id=sa;Password=1
15:52:39.258 Data Source=.;Initial Catalog=MT;User Id=sa;Password=1
15:52:44.407 Data Source=.;Initial Catalog=MT;User Id=sa;Password=1
15:52:44.420 Data Source=.;Initial Catalog=MT;User Id=sa;Password=1
15:52:44.453 Data Source=.;Initial Catalog=MT;User Id=sa;Password=1
15:52:44.456 Data Source=.;Initial Catalog=MT;User Id=sa;Password=1
15:54:06.975 Data Source=.;Initial Catalog=MT;User Id=sa;Password=1
15:54:07.225 Data Source=.;Initial Catalog=MT;User Id=sa;Password=1
15:54:07.229 Data Source=.;Initial Catalog=MT;User Id=sa;Password=1
15:54:07.233 Data Source=.;Initial Catalog=MT;User Id=sa;Password=1
15:55:15.850 Data Source=.;Initial Catalog=MT;User Id=sa;Password=1
15:55:15.907 Data Source=.;Initial Catalog=MT;User Id=sa;Password=1
15:55:15.923 Data Source=.;Initial Catalog=MT;User Id=sa;Password=1
15:55:58.533 Data Source=.;Initial Catalog=MT;User Id=sa;Password=1
15:55:58.538 Data Source=.;Initial Catalog=MT;User Id=sa;Password=1
15:55:58.562 Data Source=.;Initial Catalog=MT;User Id=sa;Password=1
15:55:58.569 Data Source=.;Initial Catalog=MT;User Id=sa;Password=1
15:56:17.711 Data Source=.;Initial Catalog=MT;User Id=sa;Password=1
15:56:17.717 Data Source=.;Initial Catalog=MT;User Id=sa;Password=1
15:56:18.752 Data Source=.;Initial Catalog=MT;User Id=sa;Password=1
15:56:24.278 Data Source=.;Initial Catalog=MT;User Id=sa;Password=1
15:56:24.280 Data Source=.;Initial Catalog=MT;User Id=sa;Password=1
15:56:24.287 Data Source=.;Initial Catalog=MT;User Id=sa;Password=1
15:56:30.713 Data Source=.;Initial Catalog=MT;User Id=sa;Password=1
15:56:32.374 Data Source=.;Initial Catalog=MT;User Id=sa;Password=1
15:56:32.387 Data Source=.;Initial Catalog=MT;User Id=sa;Password=1
15:56:32.393 Data Source=.;Initial Catalog=MT;User Id=sa;Password=1
15:56:32.400 Data Source=.;Initial Catalog=MT;User Id=sa;Password=1
15:56:32.401 @STD001 0002020381800009
15:56:32.402 @STD002 绕线
15:56:32.403 @STD003 并联路数
15:56:32.404 @STD004 1
15:56:32.432 Data Source=.;Initial Catalog=MT;User Id=sa;Password=1
15:56:32.440 Data Source=.;Initial Catalog=MT;User Id=sa;Password=1
15:56:32.453 Data Source=.;Initial Catalog=MT;User Id=sa;Password=1
15:57:55.355 Data Source=.;Initial Catalog=MT;User Id=sa;Password=1
15:57:55.627 Data Source=.;Initial Catalog=MT;User Id=sa;Password=1
15:57:55.630 Data Source=.;Initial Catalog=MT;User Id=sa;Password=1
15:57:55.635 Data Source=.;Initial Catalog=MT;User Id=sa;Password=1
15:58:49.805 Data Source=.;Initial Catalog=MT;User Id=sa;Password=1
15:58:49.856 Data Source=.;Initial Catalog=MT;User Id=sa;Password=1
15:58:49.872 Data Source=.;Initial Catalog=MT;User Id=sa;Password=1
15:58:55.166 Data Source=.;Initial Catalog=MT;User Id=sa;Password=1
15:58:55.170 Data Source=.;Initial Catalog=MT;User Id=sa;Password=1
15:58:55.199 Data Source=.;Initial Catalog=MT;User Id=sa;Password=1
15:58:55.203 Data Source=.;Initial Catalog=MT;User Id=sa;Password=1
15:59:14.940 Data Source=.;Initial Catalog=MT;User Id=sa;Password=1
15:59:14.942 Data Source=.;Initial Catalog=MT;User Id=sa;Password=1
15:59:14.948 Data Source=.;Initial Catalog=MT;User Id=sa;Password=1
15:59:18.826 Data Source=.;Initial Catalog=MT;User Id=sa;Password=1
15:59:19.611 Data Source=.;Initial Catalog=MT;User Id=sa;Password=1
15:59:19.619 Data Source=.;Initial Catalog=MT;User Id=sa;Password=1
15:59:19.634 Data Source=.;Initial Catalog=MT;User Id=sa;Password=1
15:59:19.638 Data Source=.;Initial Catalog=MT;User Id=sa;Password=1
15:59:19.644 Data Source=.;Initial Catalog=MT;User Id=sa;Password=1
15:59:19.645 @STD001 0002020131800019
15:59:19.646 @STD002 绕线
15:59:19.646 @STD003 并联路数
15:59:19.647 @STD004 2
15:59:19.648 @STD005 目测
15:59:19.648 @STD006 0
15:59:19.649 @STD007 
15:59:19.649 @STD008 
15:59:19.650 @STD010 1
15:59:19.651 @STD011 3
15:59:19.654 Data Source=.;Initial Catalog=MT;User Id=sa;Password=1
15:59:19.658 @STD001 0002020131800019
15:59:19.660 @STD002 检验
15:59:19.660 @STD003 耐压2260V,测试一分钟无击穿
15:59:19.661 @STD004 True
15:59:19.662 @STD005 耐压测试仪
15:59:19.663 @STD006 0
15:59:19.664 @STD007 
15:59:19.664 @STD008 
15:59:19.665 @STD010 4
15:59:19.666 @STD011 10
15:59:19.667 Data Source=.;Initial Catalog=MT;User Id=sa;Password=1
15:59:19.669 @STD001 0002020131800019
15:59:19.670 @STD002 检验
15:59:19.671 @STD003 线包尺寸用卡板检验合格%
15:59:19.671 @STD004 
15:59:19.672 @STD005 检具
15:59:19.672 @STD006 0
15:59:19.673 @STD007 
15:59:19.673 @STD008 
15:59:19.674 @STD010 4
15:59:19.675 @STD011 19
15:59:19.676 Data Source=.;Initial Catalog=MT;User Id=sa;Password=1
15:59:19.677 @STD001 0002020131800019
15:59:19.678 @STD002 嵌线
15:59:19.679 @STD003 焊接接头数量
15:59:19.679 @STD004 
15:59:19.680 @STD005 目测
15:59:19.680 @STD006 0
15:59:19.681 @STD007 
15:59:19.682 @STD008 
15:59:19.683 @STD010 3
15:59:19.683 @STD011 7
15:59:19.684 Data Source=.;Initial Catalog=MT;User Id=sa;Password=1
15:59:19.686 @STD001 0002020131800019
15:59:19.686 @STD002 绕线
15:59:19.687 @STD003 确认线圈组数
15:59:19.688 @STD004 6
15:59:19.689 @STD005 目测
15:59:19.689 @STD006 0
15:59:19.690 @STD007 
15:59:19.690 @STD008 
15:59:19.691 @STD010 1
15:59:19.692 @STD011 1
15:59:19.693 Data Source=.;Initial Catalog=MT;User Id=sa;Password=1
15:59:19.694 @STC001 0002020131800019
15:59:19.695 @STC002 380
15:59:19.695 @STC003 GD201801160004
15:59:19.696 @STC004 MY05-1000/150K(160K)
15:59:19.696 @STC005 0
15:59:19.697 @STC006 
15:59:19.700 Data Source=.;Initial Catalog=MT;User Id=sa;Password=1
15:59:19.702 @STD001 0002020131800019
15:59:19.703 @STD002 检验
15:59:19.703 @STD003 环境温度(℃)
15:59:19.704 @STD004 13.9
15:59:19.705 @STD005 温度计
15:59:19.705 @STD006 0
15:59:19.706 @STD007 
15:59:19.707 @STD008 
15:59:19.707 @STD010 4
15:59:19.708 @STD011 16
15:59:19.709 Data Source=.;Initial Catalog=MT;User Id=sa;Password=1
15:59:19.710 @STD001 0002020131800019
15:59:19.711 @STD002 嵌线
15:59:19.712 @STD003 非出线端线包尺寸合格
15:59:19.712 @STD004 
15:59:19.713 @STD005 钢尺
15:59:19.713 @STD006 0
15:59:19.714 @STD007 
15:59:19.715 @STD008 
15:59:19.715 @STD010 3
15:59:19.716 @STD011 9
15:59:19.717 Data Source=.;Initial Catalog=MT;User Id=sa;Password=1
15:59:19.719 @STD001 0002020131800019
15:59:19.720 @STD002 嵌线
15:59:19.720 @STD003 引出线长度(mm)
15:59:19.721 @STD004 300
15:59:19.722 @STD005 钢尺
15:59:19.722 @STD006 0
15:59:19.723 @STD007 
15:59:19.723 @STD008 
15:59:19.724 @STD010 3
15:59:19.724 @STD011 6
15:59:19.725 Data Source=.;Initial Catalog=MT;User Id=sa;Password=1
15:59:19.727 @STD001 0002020131800019
15:59:19.728 @STD002 检验
15:59:19.729 @STD003 外观整齐，无漏绑
15:59:19.730 @STD004 
15:59:19.730 @STD005 目测
15:59:19.731 @STD006 0
15:59:19.731 @STD007 
15:59:19.732 @STD008 
15:59:19.733 @STD010 4
15:59:19.733 @STD011 20
15:59:19.734 Data Source=.;Initial Catalog=MT;User Id=sa;Password=1
15:59:19.736 @STD001 0002020131800019
15:59:19.736 @STD002 检验
15:59:19.737 @STD003 (黄-绿)线间电阻(Ω)
15:59:19.738 @STD004 1.25
15:59:19.738 @STD005 
15:59:19.739 @STD006 0
15:59:19.739 @STD007 
15:59:19.740 @STD008 
15:59:19.741 @STD010 4
15:59:19.741 @STD011 13
15:59:19.742 Data Source=.;Initial Catalog=MT;User Id=sa;Password=1
15:59:19.743 @STD001 0002020131800019
15:59:19.744 @STD002 检验
15:59:19.745 @STD003 电阻不平衡度
15:59:19.745 @STD004 0.032
15:59:19.746 @STD005 计算器
15:59:19.747 @STD006 0
15:59:19.748 @STD007 
15:59:19.749 @STD008 
15:59:19.749 @STD010 4
15:59:19.750 @STD011 17
15:59:19.751 Data Source=.;Initial Catalog=MT;User Id=sa;Password=1
15:59:19.752 @STD001 0002020131800019
15:59:19.753 @STD002 检验
15:59:19.754 @STD003 漆包线无破损
15:59:19.754 @STD004 
15:59:19.755 @STD005 目测
15:59:19.755 @STD006 0
15:59:19.756 @STD007 
15:59:19.757 @STD008 
15:59:19.757 @STD010 4
15:59:19.758 @STD011 22
15:59:19.759 Data Source=.;Initial Catalog=MT;User Id=sa;Password=1
15:59:19.760 @STD001 0002020131800019
15:59:19.761 @STD002 绕线
15:59:19.761 @STD003 确认线圈匝数
15:59:19.762 @STD004 50
15:59:19.763 @STD005 匝数测试仪
15:59:19.763 @STD006 0
15:59:19.764 @STD007 
15:59:19.765 @STD008 
15:59:19.765 @STD010 1
15:59:19.766 @STD011 0
15:59:19.767 Data Source=.;Initial Catalog=MT;User Id=sa;Password=1
15:59:19.768 @STD001 0002020131800019
15:59:19.769 @STD002 检验
15:59:19.770 @STD003 槽楔整齐，无歪斜
15:59:19.770 @STD004 
15:59:19.771 @STD005 目测
15:59:19.771 @STD006 0
15:59:19.772 @STD007 
15:59:19.773 @STD008 
15:59:19.773 @STD010 4
15:59:19.774 @STD011 21
15:59:19.775 Data Source=.;Initial Catalog=MT;User Id=sa;Password=1
15:59:19.777 @STD001 0002020131800019
15:59:19.778 @STD002 绕线
15:59:19.778 @STD003 接头数量
15:59:19.779 @STD004 
15:59:19.779 @STD005 目测
15:59:19.780 @STD006 0
15:59:19.781 @STD007 
15:59:19.782 @STD008 
15:59:19.782 @STD010 1
15:59:19.783 @STD011 2
15:59:19.784 Data Source=.;Initial Catalog=MT;User Id=sa;Password=1
15:59:19.785 @STD001 0002020131800019
15:59:19.786 @STD002 检验
15:59:19.787 @STD003 匝间检验合格
15:59:19.787 @STD004 True
15:59:19.788 @STD005 匝间测试仪
15:59:19.789 @STD006 0
15:59:19.789 @STD007 
15:59:19.790 @STD008 
15:59:19.791 @STD010 4
15:59:19.791 @STD011 11
15:59:19.792 Data Source=.;Initial Catalog=MT;User Id=sa;Password=1
15:59:19.793 @STD001 0002020131800019
15:59:19.794 @STD002 检验
15:59:19.795 @STD003 绝缘电阻(MΩ)
15:59:19.796 @STD004 >500
15:59:19.797 @STD005 摇表
15:59:19.798 @STD006 0
15:59:19.799 @STD007 
15:59:19.800 @STD008 
15:59:19.800 @STD010 4
15:59:19.801 @STD011 12
15:59:19.802 Data Source=.;Initial Catalog=MT;User Id=sa;Password=1
15:59:19.803 @STD001 0002020131800019
15:59:19.804 @STD002 嵌线
15:59:19.805 @STD003 出线端线尺寸合格
15:59:19.805 @STD004 
15:59:19.806 @STD005 钢尺
15:59:19.807 @STD006 0
15:59:19.807 @STD007 
15:59:19.808 @STD008 
15:59:19.808 @STD010 3
15:59:19.809 @STD011 8
15:59:19.810 Data Source=.;Initial Catalog=MT;User Id=sa;Password=1
15:59:19.811 @STD001 0002020131800019
15:59:19.812 @STD002 嵌线
15:59:19.813 @STD003 确认接头数量
15:59:19.814 @STD004 
15:59:19.814 @STD005 目测
15:59:19.815 @STD006 0
15:59:19.816 @STD007 
15:59:19.816 @STD008 
15:59:19.817 @STD010 2
15:59:19.818 @STD011 4
15:59:19.819 Data Source=.;Initial Catalog=MT;User Id=sa;Password=1
15:59:19.820 @STD001 0002020131800019
15:59:19.825 @STD002 检验
15:59:19.826 @STD003 (绿-红)线间电阻(Ω)
15:59:19.826 @STD004 1.25
15:59:19.827 @STD005 
15:59:19.828 @STD006 0
15:59:19.829 @STD007 
15:59:19.829 @STD008 
15:59:19.831 @STD010 4
15:59:19.831 @STD011 14
15:59:19.833 Data Source=.;Initial Catalog=MT;User Id=sa;Password=1
15:59:19.835 @STD001 0002020131800019
15:59:19.836 @STD002 嵌线
15:59:19.837 @STD003 引出线规格(平方)
15:59:19.838 @STD004 4
15:59:19.839 @STD005 目测
15:59:19.839 @STD006 0
15:59:19.840 @STD007 
15:59:19.841 @STD008 
15:59:19.841 @STD010 3
15:59:19.842 @STD011 5
15:59:19.843 Data Source=.;Initial Catalog=MT;User Id=sa;Password=1
15:59:19.844 @STD001 0002020131800019
15:59:19.845 @STD002 检验
15:59:19.846 @STD003 (黄-红)线间电阻(Ω)
15:59:19.846 @STD004 1.25
15:59:19.847 @STD005 
15:59:19.848 @STD006 0
15:59:19.848 @STD007 
15:59:19.849 @STD008 
15:59:19.849 @STD010 4
15:59:19.850 @STD011 15
15:59:19.851 Data Source=.;Initial Catalog=MT;User Id=sa;Password=1
15:59:19.856 Data Source=.;Initial Catalog=MT;User Id=sa;Password=1
15:59:19.859 Data Source=.;Initial Catalog=MT;User Id=sa;Password=1
15:59:19.861 Data Source=.;Initial Catalog=MT;User Id=sa;Password=1
15:59:19.862 @STD001 0002020131800019
15:59:19.863 @STD002 检验
15:59:19.864 @STD003 绝缘电阻(MΩ)
15:59:19.864 @STD004 >500
15:59:19.871 Data Source=.;Initial Catalog=MT;User Id=sa;Password=1
15:59:19.872 @STD001 0002020131800019
15:59:19.873 @STD002 绕线
15:59:19.874 @STD003 并联路数
15:59:19.874 @STD004 2
15:59:19.880 Data Source=.;Initial Catalog=MT;User Id=sa;Password=1
15:59:19.881 @STD001 0002020131800019
15:59:19.882 @STD002 检验
15:59:19.883 @STD003 (黄-红)线间电阻(Ω)
15:59:19.883 @STD004 1.25
15:59:19.889 Data Source=.;Initial Catalog=MT;User Id=sa;Password=1
15:59:19.891 @STD001 0002020131800019
15:59:19.892 @STD002 检验
15:59:19.892 @STD003 匝间检验合格
15:59:19.893 @STD004 True
15:59:19.899 Data Source=.;Initial Catalog=MT;User Id=sa;Password=1
15:59:19.900 @STD001 0002020131800019
15:59:19.902 @STD002 检验
15:59:19.903 @STD003 电阻不平衡度
15:59:19.904 @STD004 0.032
15:59:19.910 Data Source=.;Initial Catalog=MT;User Id=sa;Password=1
15:59:19.911 @STD001 0002020131800019
15:59:19.912 @STD002 检验
15:59:19.912 @STD003 环境温度(℃)
15:59:19.913 @STD004 13.9
15:59:19.919 Data Source=.;Initial Catalog=MT;User Id=sa;Password=1
15:59:19.920 @STD001 0002020131800019
15:59:19.921 @STD002 检验
15:59:19.922 @STD003 (黄-绿)线间电阻(Ω)
15:59:19.923 @STD004 1.25
15:59:19.928 Data Source=.;Initial Catalog=MT;User Id=sa;Password=1
15:59:19.930 @STD001 0002020131800019
15:59:19.931 @STD002 检验
15:59:19.931 @STD003 耐压2260V,测试一分钟无击穿
15:59:19.932 @STD004 True
15:59:19.938 Data Source=.;Initial Catalog=MT;User Id=sa;Password=1
15:59:19.939 @STD001 0002020131800019
15:59:19.940 @STD002 检验
15:59:19.941 @STD003 (绿-红)线间电阻(Ω)
15:59:19.941 @STD004 1.25
15:59:19.947 Data Source=.;Initial Catalog=MT;User Id=sa;Password=1
15:59:19.949 Data Source=.;Initial Catalog=MT;User Id=sa;Password=1
15:59:19.960 Data Source=.;Initial Catalog=MT;User Id=sa;Password=1
16:00:13.728 Data Source=.;Initial Catalog=MT;User Id=sa;Password=1
16:00:13.961 Data Source=.;Initial Catalog=MT;User Id=sa;Password=1
16:00:13.964 Data Source=.;Initial Catalog=MT;User Id=sa;Password=1
16:00:13.968 Data Source=.;Initial Catalog=MT;User Id=sa;Password=1
16:00:17.251 Data Source=.;Initial Catalog=MT;User Id=sa;Password=1
16:00:17.312 Data Source=.;Initial Catalog=MT;User Id=sa;Password=1
16:00:17.330 Data Source=.;Initial Catalog=MT;User Id=sa;Password=1
16:00:22.035 Data Source=.;Initial Catalog=MT;User Id=sa;Password=1
16:00:22.041 Data Source=.;Initial Catalog=MT;User Id=sa;Password=1
16:00:22.070 Data Source=.;Initial Catalog=MT;User Id=sa;Password=1
16:00:22.075 Data Source=.;Initial Catalog=MT;User Id=sa;Password=1
16:01:45.969 Data Source=.;Initial Catalog=MT;User Id=sa;Password=1
16:01:46.225 Data Source=.;Initial Catalog=MT;User Id=sa;Password=1
16:01:46.231 Data Source=.;Initial Catalog=MT;User Id=sa;Password=1
16:01:46.235 Data Source=.;Initial Catalog=MT;User Id=sa;Password=1
16:01:54.981 Data Source=.;Initial Catalog=MT;User Id=sa;Password=1
16:01:55.050 Data Source=.;Initial Catalog=MT;User Id=sa;Password=1
16:01:55.067 Data Source=.;Initial Catalog=MT;User Id=sa;Password=1
16:01:58.296 Data Source=.;Initial Catalog=MT;User Id=sa;Password=1
16:01:58.300 Data Source=.;Initial Catalog=MT;User Id=sa;Password=1
16:01:58.328 Data Source=.;Initial Catalog=MT;User Id=sa;Password=1
16:01:58.331 Data Source=.;Initial Catalog=MT;User Id=sa;Password=1
16:23:53.708 Data Source=.;Initial Catalog=MT;User Id=sa;Password=1
16:23:54.021 Data Source=.;Initial Catalog=MT;User Id=sa;Password=1
16:23:54.025 Data Source=.;Initial Catalog=MT;User Id=sa;Password=1
16:23:54.029 Data Source=.;Initial Catalog=MT;User Id=sa;Password=1
16:23:57.218 Data Source=.;Initial Catalog=MT;User Id=sa;Password=1
16:23:57.268 Data Source=.;Initial Catalog=MT;User Id=sa;Password=1
16:23:57.284 Data Source=.;Initial Catalog=MT;User Id=sa;Password=1
16:23:59.902 Data Source=.;Initial Catalog=MT;User Id=sa;Password=1
16:23:59.905 Data Source=.;Initial Catalog=MT;User Id=sa;Password=1
16:24:01.904 Data Source=.;Initial Catalog=MT;User Id=sa;Password=1
16:24:02.873 Data Source=.;Initial Catalog=MT;User Id=sa;Password=1
16:24:05.323 Data Source=.;Initial Catalog=MT;User Id=sa;Password=1
16:43:39.442 Data Source=.;Initial Catalog=MT;User Id=sa;Password=1
16:43:40.178 Data Source=.;Initial Catalog=MT;User Id=sa;Password=1
16:43:40.183 Data Source=.;Initial Catalog=MT;User Id=sa;Password=1
16:43:40.187 Data Source=.;Initial Catalog=MT;User Id=sa;Password=1
16:44:01.580 Data Source=.;Initial Catalog=MT;User Id=sa;Password=1
16:44:01.633 Data Source=.;Initial Catalog=MT;User Id=sa;Password=1
16:44:01.650 Data Source=.;Initial Catalog=MT;User Id=sa;Password=1
16:44:14.143 Data Source=.;Initial Catalog=MT;User Id=sa;Password=1
16:44:14.146 Data Source=.;Initial Catalog=MT;User Id=sa;Password=1
16:44:15.825 Data Source=.;Initial Catalog=MT;User Id=sa;Password=1
16:44:16.789 Data Source=.;Initial Catalog=MT;User Id=sa;Password=1
16:44:46.649 Data Source=.;Initial Catalog=MT;User Id=sa;Password=1
16:44:47.041 Data Source=.;Initial Catalog=MT;User Id=sa;Password=1
16:44:47.047 Data Source=.;Initial Catalog=MT;User Id=sa;Password=1
16:44:47.053 Data Source=.;Initial Catalog=MT;User Id=sa;Password=1
16:44:53.415 Data Source=.;Initial Catalog=MT;User Id=sa;Password=1
16:44:53.473 Data Source=.;Initial Catalog=MT;User Id=sa;Password=1
16:44:55.893 Data Source=.;Initial Catalog=MT;User Id=sa;Password=1
16:45:00.608 Data Source=.;Initial Catalog=MT;User Id=sa;Password=1
16:46:06.771 Data Source=.;Initial Catalog=MT;User Id=sa;Password=1
16:46:07.078 Data Source=.;Initial Catalog=MT;User Id=sa;Password=1
16:46:07.082 Data Source=.;Initial Catalog=MT;User Id=sa;Password=1
16:46:07.085 Data Source=.;Initial Catalog=MT;User Id=sa;Password=1
16:46:09.731 Data Source=.;Initial Catalog=MT;User Id=sa;Password=1
16:46:09.777 Data Source=.;Initial Catalog=MT;User Id=sa;Password=1
16:46:11.872 Data Source=.;Initial Catalog=MT;User Id=sa;Password=1
16:46:12.767 Data Source=.;Initial Catalog=MT;User Id=sa;Password=1
16:46:47.340 Data Source=.;Initial Catalog=MT;User Id=sa;Password=1
16:46:47.599 Data Source=.;Initial Catalog=MT;User Id=sa;Password=1
16:46:47.602 Data Source=.;Initial Catalog=MT;User Id=sa;Password=1
16:46:47.607 Data Source=.;Initial Catalog=MT;User Id=sa;Password=1
16:46:49.903 Data Source=.;Initial Catalog=MT;User Id=sa;Password=1
16:46:49.947 Data Source=.;Initial Catalog=MT;User Id=sa;Password=1
16:46:51.909 Data Source=.;Initial Catalog=MT;User Id=sa;Password=1
16:46:52.963 Data Source=.;Initial Catalog=MT;User Id=sa;Password=1
16:46:54.313 Data Source=.;Initial Catalog=MT;User Id=sa;Password=1
16:52:45.495 Data Source=.;Initial Catalog=MT;User Id=sa;Password=1
16:52:45.980 Data Source=.;Initial Catalog=MT;User Id=sa;Password=1
16:52:45.986 Data Source=.;Initial Catalog=MT;User Id=sa;Password=1
16:52:45.991 Data Source=.;Initial Catalog=MT;User Id=sa;Password=1
16:52:48.620 Data Source=.;Initial Catalog=MT;User Id=sa;Password=1
16:52:48.666 Data Source=.;Initial Catalog=MT;User Id=sa;Password=1
16:52:51.996 Data Source=.;Initial Catalog=MT;User Id=sa;Password=1
16:52:53.356 Data Source=.;Initial Catalog=MT;User Id=sa;Password=1
16:52:56.700 Data Source=.;Initial Catalog=MT;User Id=sa;Password=1
16:52:58.003 Data Source=.;Initial Catalog=MT;User Id=sa;Password=1
16:52:58.427 Data Source=.;Initial Catalog=MT;User Id=sa;Password=1
16:53:00.606 Data Source=.;Initial Catalog=MT;User Id=sa;Password=1
16:53:03.352 Data Source=.;Initial Catalog=MT;User Id=sa;Password=1
16:53:04.375 Data Source=.;Initial Catalog=MT;User Id=sa;Password=1
16:53:04.847 Data Source=.;Initial Catalog=MT;User Id=sa;Password=1
16:53:19.847 Data Source=.;Initial Catalog=MT;User Id=sa;Password=1
16:53:24.112 Data Source=.;Initial Catalog=MT;User Id=sa;Password=1
16:53:44.834 Data Source=.;Initial Catalog=MT;User Id=sa;Password=1
16:53:45.088 Data Source=.;Initial Catalog=MT;User Id=sa;Password=1
16:53:45.094 Data Source=.;Initial Catalog=MT;User Id=sa;Password=1
16:53:45.099 Data Source=.;Initial Catalog=MT;User Id=sa;Password=1
16:53:47.876 Data Source=.;Initial Catalog=MT;User Id=sa;Password=1
16:53:47.927 Data Source=.;Initial Catalog=MT;User Id=sa;Password=1
16:53:51.123 Data Source=.;Initial Catalog=MT;User Id=sa;Password=1
16:53:52.284 Data Source=.;Initial Catalog=MT;User Id=sa;Password=1
16:54:16.450 Data Source=.;Initial Catalog=MT;User Id=sa;Password=1
16:54:24.578 Data Source=.;Initial Catalog=MT;User Id=sa;Password=1
16:54:24.585 Data Source=.;Initial Catalog=MT;User Id=sa;Password=1
16:54:24.587 @STM001 20170518000001
16:54:24.588 @STM002 001
16:54:24.590 @STM003 STA1139E1
16:54:24.591 @STM006 00020206170009
16:54:24.591 @STM007 
16:54:24.599 Data Source=.;Initial Catalog=MT;User Id=sa;Password=1
16:54:24.605 @STM001 20170518000001
16:54:24.607 @STM002 001
16:54:24.608 @STM003 STA1139E1
16:54:24.609 @STM006 00020206170007
16:54:24.610 @STM007 
16:54:24.611 Data Source=.;Initial Catalog=MT;User Id=sa;Password=1
16:54:24.613 @STM001 20170518000001
16:54:24.614 @STM002 001
16:54:24.615 @STM003 STA1139E1
16:54:24.616 @STM006 00020206170008
16:54:24.617 @STM007 
16:54:24.618 Data Source=.;Initial Catalog=MT;User Id=sa;Password=1
16:54:24.620 @STM001 20170518000001
16:54:24.621 @STM002 001
16:54:24.622 @STM003 STA1139E1
16:54:24.623 @STM004 定子铁芯
16:54:24.624 @STM005 MY05B 88
16:54:24.625 @STM006 1004100015201800004
16:54:24.626 @STM007 
16:54:24.628 Data Source=.;Initial Catalog=MT;User Id=sa;Password=1
16:54:24.630 @STM001 20170518000001
16:54:24.631 @STM002 001
16:54:24.631 @STM003 STA1139E1
16:54:24.632 @STM006 00020206170005
16:54:24.633 @STM007 
16:54:24.634 Data Source=.;Initial Catalog=MT;User Id=sa;Password=1
16:54:24.635 @STM001 20170518000001
16:54:24.636 @STM002 001
16:54:24.637 @STM003 STA1139E1
16:54:24.638 @STM006 0001000151700004
16:54:24.638 @STM007 
16:54:24.639 Data Source=.;Initial Catalog=MT;User Id=sa;Password=1
16:54:24.641 @STM001 20170518000001
16:54:24.641 @STM002 001
16:54:24.642 @STM003 STA1139E1
16:54:24.643 @STM004 定子铁芯
16:54:24.643 @STM005 MY05B 88
16:54:24.644 @STM006 1004100015201800007
16:54:24.645 @STM007 
16:54:24.646 Data Source=.;Initial Catalog=MT;User Id=sa;Password=1
16:54:24.647 @STM001 20170518000001
16:54:24.648 @STM002 001
16:54:24.649 @STM003 STA1139E1
16:54:24.649 @STM006 0001000151700010
16:54:24.650 @STM007 
16:54:24.651 Data Source=.;Initial Catalog=MT;User Id=sa;Password=1
16:54:24.652 @STM001 20170518000001
16:54:24.653 @STM002 001
16:54:24.654 @STM003 STA1139E1
16:54:24.655 @STM004 定子铁芯
16:54:24.655 @STM005 MY05B 88
16:54:24.656 @STM006 1004100015201800010
16:54:24.657 @STM007 
16:54:24.658 Data Source=.;Initial Catalog=MT;User Id=sa;Password=1
16:54:24.659 @STM001 20170518000001
16:54:24.660 @STM002 001
16:54:24.661 @STM003 STA1139E1
16:54:24.662 @STM006 0001000151700003
16:54:24.662 @STM007 
16:54:24.663 Data Source=.;Initial Catalog=MT;User Id=sa;Password=1
16:54:24.665 @STM001 20170518000001
16:54:24.665 @STM002 001
16:54:24.666 @STM003 STA1139E1
16:54:24.667 @STM006 00020206170003
16:54:24.668 @STM007 
16:54:24.669 Data Source=.;Initial Catalog=MT;User Id=sa;Password=1
16:54:24.670 @STM001 20170518000001
16:54:24.671 @STM002 001
16:54:24.672 @STM003 STA1139E1
16:54:24.672 @STM006 00020206170010
16:54:24.673 @STM007 
16:54:24.674 Data Source=.;Initial Catalog=MT;User Id=sa;Password=1
16:54:24.675 @STM001 20170518000001
16:54:24.676 @STM002 001
16:54:24.677 @STM003 STA1139E1
16:54:24.678 @STM006 00020206170002
16:54:24.678 @STM007 
16:54:24.679 Data Source=.;Initial Catalog=MT;User Id=sa;Password=1
16:54:24.681 @STM001 20170518000001
16:54:24.681 @STM002 001
16:54:24.682 @STM003 STA1139E1
16:54:24.683 @STM004 定子铁芯
16:54:24.683 @STM005 MY05B 88
16:54:24.684 @STM006 1004100015201800002
16:54:24.684 @STM007 
16:54:24.686 Data Source=.;Initial Catalog=MT;User Id=sa;Password=1
16:54:24.687 @STM001 20170518000001
16:54:24.688 @STM002 001
16:54:24.688 @STM003 STA1139E1
16:54:24.689 @STM004 定子铁芯
16:54:24.690 @STM005 MY05B 88
16:54:24.690 @STM006 1004100015201800001
16:54:24.691 @STM007 
16:54:24.692 Data Source=.;Initial Catalog=MT;User Id=sa;Password=1
16:54:24.693 @STM001 20170518000001
16:54:24.694 @STM002 001
16:54:24.695 @STM003 STA1139E1
16:54:24.696 @STM004 定子铁芯
16:54:24.696 @STM005 MY05B 88
16:54:24.697 @STM006 1004100015201800009
16:54:24.697 @STM007 
16:54:24.698 Data Source=.;Initial Catalog=MT;User Id=sa;Password=1
16:54:24.700 @STM001 20170518000001
16:54:24.700 @STM002 001
16:54:24.701 @STM003 STA1139E1
16:54:24.702 @STM006 00020206170001
16:54:24.702 @STM007 
16:54:24.703 Data Source=.;Initial Catalog=MT;User Id=sa;Password=1
16:54:24.707 Data Source=.;Initial Catalog=MT;User Id=sa;Password=1
16:54:24.709 Data Source=.;Initial Catalog=MT;User Id=sa;Password=1
16:54:24.710 @STM001 20170518000001
16:54:24.711 @STM002 001
16:54:24.712 @STM003 STA1139E1
16:54:24.713 @STM004 定子铁芯
16:54:24.713 @STM005 MY05B 88
16:54:24.714 @STM006 1004100015201800008
16:54:24.714 @STM007 
16:54:24.716 Data Source=.;Initial Catalog=MT;User Id=sa;Password=1
16:54:24.718 @STM001 20170518000001
16:54:24.719 @STM002 001
16:54:24.720 @STM003 STA1139E1
16:54:24.721 @STM006 0001000151700009
16:54:24.722 @STM007 
16:54:24.723 Data Source=.;Initial Catalog=MT;User Id=sa;Password=1
16:54:24.724 @STM001 20170518000001
16:54:24.725 @STM002 001
16:54:24.726 @STM003 STA1139E1
16:54:24.727 @STM006 0001000151700007
16:54:24.727 @STM007 
16:54:24.729 Data Source=.;Initial Catalog=MT;User Id=sa;Password=1
16:54:24.730 @STM001 20170518000001
16:54:24.731 @STM002 001
16:54:24.731 @STM003 STA1139E1
16:54:24.732 @STM006 0001000151700005
16:54:24.733 @STM007 
16:54:24.734 Data Source=.;Initial Catalog=MT;User Id=sa;Password=1
16:54:24.736 @STM001 20170518000001
16:54:24.737 @STM002 001
16:54:24.737 @STM003 STA1139E1
16:54:24.738 @STM004 定子铁芯
16:54:24.739 @STM005 MY05B 88
16:54:24.739 @STM006 1004100015201800005
16:54:24.740 @STM007 
16:54:24.741 Data Source=.;Initial Catalog=MT;User Id=sa;Password=1
16:54:24.743 @STM001 20170518000001
16:54:24.744 @STM002 001
16:54:24.745 @STM003 STA1139E1
16:54:24.746 @STM006 0001000151700008
16:54:24.747 @STM007 
16:54:24.748 Data Source=.;Initial Catalog=MT;User Id=sa;Password=1
16:54:24.750 @STM001 20170518000001
16:54:24.751 @STM002 001
16:54:24.752 @STM003 STA1139E1
16:54:24.753 @STM004 定子铁芯
16:54:24.754 @STM005 MY05B 88
16:54:24.755 @STM006 1004100015201800006
16:54:24.755 @STM007 
16:54:24.757 Data Source=.;Initial Catalog=MT;User Id=sa;Password=1
16:54:24.758 @STM001 20170518000001
16:54:24.759 @STM002 001
16:54:24.760 @STM003 STA1139E1
16:54:24.761 @STM006 0001000151700002
16:54:24.762 @STM007 
16:54:24.763 Data Source=.;Initial Catalog=MT;User Id=sa;Password=1
16:54:24.764 @STM001 20170518000001
16:54:24.766 @STM002 001
16:54:24.767 @STM003 STA1139E1
16:54:24.768 @STM006 0001000151700006
16:54:24.769 @STM007 
16:54:24.770 Data Source=.;Initial Catalog=MT;User Id=sa;Password=1
16:54:24.772 @STM001 20170518000001
16:54:24.773 @STM002 001
16:54:24.774 @STM003 STA1139E1
16:54:24.775 @STM004 定子铁芯
16:54:24.776 @STM005 MY05B 88
16:54:24.776 @STM006 1004100015201800003
16:54:24.777 @STM007 
16:54:24.778 Data Source=.;Initial Catalog=MT;User Id=sa;Password=1
16:54:24.780 @STM001 20170518000001
16:54:24.781 @STM002 001
16:54:24.782 @STM003 STA1139E1
16:54:24.783 @STM006 00020206170006
16:54:24.784 @STM007 
16:54:24.785 Data Source=.;Initial Catalog=MT;User Id=sa;Password=1
16:54:26.568 Data Source=.;Initial Catalog=MT;User Id=sa;Password=1
16:54:30.113 Data Source=.;Initial Catalog=MT;User Id=sa;Password=1
16:54:32.542 Data Source=.;Initial Catalog=MT;User Id=sa;Password=1
16:54:33.386 Data Source=.;Initial Catalog=MT;User Id=sa;Password=1
16:54:41.583 Data Source=.;Initial Catalog=MT;User Id=sa;Password=1
16:54:48.026 Data Source=.;Initial Catalog=MT;User Id=sa;Password=1
16:54:49.443 Data Source=.;Initial Catalog=MT;User Id=sa;Password=1
16:54:50.143 Data Source=.;Initial Catalog=MT;User Id=sa;Password=1
16:54:56.821 Data Source=.;Initial Catalog=MT;User Id=sa;Password=1
16:54:58.830 Data Source=.;Initial Catalog=MT;User Id=sa;Password=1
16:55:02.275 Data Source=.;Initial Catalog=MT;User Id=sa;Password=1
16:55:09.221 Data Source=.;Initial Catalog=MT;User Id=sa;Password=1
16:55:10.372 Data Source=.;Initial Catalog=MT;User Id=sa;Password=1
16:55:14.127 Data Source=.;Initial Catalog=MT;User Id=sa;Password=1
16:55:26.393 Data Source=.;Initial Catalog=MT;User Id=sa;Password=1
16:55:51.683 Data Source=.;Initial Catalog=MT;User Id=sa;Password=1
16:56:04.663 Data Source=.;Initial Catalog=MT;User Id=sa;Password=1
16:56:05.061 Data Source=.;Initial Catalog=MT;User Id=sa;Password=1
16:56:05.066 Data Source=.;Initial Catalog=MT;User Id=sa;Password=1
16:56:05.069 Data Source=.;Initial Catalog=MT;User Id=sa;Password=1
16:56:07.574 Data Source=.;Initial Catalog=MT;User Id=sa;Password=1
16:56:07.620 Data Source=.;Initial Catalog=MT;User Id=sa;Password=1
16:56:10.050 Data Source=.;Initial Catalog=MT;User Id=sa;Password=1
16:56:17.144 Data Source=.;Initial Catalog=MT;User Id=sa;Password=1
16:56:18.583 Data Source=.;Initial Catalog=MT;User Id=sa;Password=1
16:56:19.470 Data Source=.;Initial Catalog=MT;User Id=sa;Password=1
16:56:24.880 Data Source=.;Initial Catalog=MT;User Id=sa;Password=1
16:57:13.472 Data Source=.;Initial Catalog=MT;User Id=sa;Password=1
16:57:46.438 Data Source=.;Initial Catalog=MT;User Id=sa;Password=1
16:57:46.763 Data Source=.;Initial Catalog=MT;User Id=sa;Password=1
16:57:46.767 Data Source=.;Initial Catalog=MT;User Id=sa;Password=1
16:57:46.771 Data Source=.;Initial Catalog=MT;User Id=sa;Password=1
16:57:49.283 Data Source=.;Initial Catalog=MT;User Id=sa;Password=1
16:57:49.329 Data Source=.;Initial Catalog=MT;User Id=sa;Password=1
16:57:52.389 Data Source=.;Initial Catalog=MT;User Id=sa;Password=1
16:57:54.518 Data Source=.;Initial Catalog=MT;User Id=sa;Password=1
16:57:55.222 Data Source=.;Initial Catalog=MT;User Id=sa;Password=1
16:57:55.598 Data Source=.;Initial Catalog=MT;User Id=sa;Password=1
16:57:56.757 Data Source=.;Initial Catalog=MT;User Id=sa;Password=1
16:57:57.248 Data Source=.;Initial Catalog=MT;User Id=sa;Password=1
16:57:57.977 Data Source=.;Initial Catalog=MT;User Id=sa;Password=1
16:58:00.679 Data Source=.;Initial Catalog=MT;User Id=sa;Password=1
16:58:02.184 Data Source=.;Initial Catalog=MT;User Id=sa;Password=1
