13:54:10.826 Data Source=.;Initial Catalog=MT;User Id=sa;Password=1
13:54:11.019 Data Source=.;Initial Catalog=MT;User Id=sa;Password=1
13:54:11.032 Data Source=.;Initial Catalog=MT;User Id=sa;Password=1
13:54:11.040 Data Source=.;Initial Catalog=MT;User Id=sa;Password=1
13:54:18.270 Data Source=.;Initial Catalog=MT;User Id=sa;Password=1
13:54:18.330 Data Source=.;Initial Catalog=MT;User Id=sa;Password=1
13:54:18.567 Data Source=.;Initial Catalog=MT;User Id=sa;Password=1
13:54:31.881 Data Source=.;Initial Catalog=MT;User Id=sa;Password=1
13:54:40.949 Data Source=.;Initial Catalog=MT;User Id=sa;Password=1
13:55:58.497 Data Source=.;Initial Catalog=MT;User Id=sa;Password=1
13:55:58.500 Data Source=.;Initial Catalog=MT;User Id=sa;Password=1
13:55:58.503 Data Source=.;Initial Catalog=MT;User Id=sa;Password=1
13:55:58.516 Data Source=.;Initial Catalog=MT;User Id=sa;Password=1
13:55:58.525 @WIE001 20181224001
13:55:58.525 @WIE002 STA1188E7-1
13:55:58.525 @WIE003 MY05-800/150K(160K)
13:55:58.525 @WIE004 2018/12/11 0:00:00
13:55:58.526 @WIE005 0002020071800595
13:55:58.526 @WIE006 1
13:55:58.526 @WIE007 
13:55:58.526 @WIE008 0
13:55:58.526 @WIE009 0
13:55:58.526 @WIE010 0
13:55:58.526 @WIE011 00583
13:55:58.526 @WIE012 周峰萍
13:55:58.528 @WIE013 0
13:55:58.528 @WIE014 0
13:55:58.528 @WIE015 
13:55:58.528 @WIE016 
13:55:58.534 Data Source=.;Initial Catalog=MT;User Id=sa;Password=1
13:55:58.540 @WIE001 20181224001
13:55:58.540 @WIE002 STA1188E7-1
13:55:58.541 @WIE003 MY05-800/150K(160K)
13:55:58.541 @WIE004 2018/12/11 0:00:00
13:55:58.541 @WIE005 0002020071800583
13:55:58.541 @WIE006 1
13:55:58.541 @WIE007 
13:55:58.541 @WIE008 0
13:55:58.541 @WIE009 0
13:55:58.541 @WIE010 0
13:55:58.542 @WIE011 06
13:55:58.542 @WIE012 许世锋
13:55:58.542 @WIE013 0
13:55:58.542 @WIE014 0
13:55:58.542 @WIE015 
13:55:58.542 @WIE016 
13:55:58.543 Data Source=.;Initial Catalog=MT;User Id=sa;Password=1
13:55:58.544 @WIE001 20181224001
13:55:58.544 @WIE002 STA1188E7-1
13:55:58.545 @WIE003 MY05-800/150K(160K)
13:55:58.545 @WIE004 2018/12/11 0:00:00
13:55:58.545 @WIE005 0002020071800596
13:55:58.545 @WIE006 1
13:55:58.545 @WIE007 
13:55:58.545 @WIE008 0
13:55:58.545 @WIE009 0
13:55:58.545 @WIE010 0
13:55:58.546 @WIE011 02
13:55:58.546 @WIE012 李杨
13:55:58.546 @WIE013 0
13:55:58.546 @WIE014 0
13:55:58.546 @WIE015 
13:55:58.546 @WIE016 
13:55:58.547 Data Source=.;Initial Catalog=MT;User Id=sa;Password=1
13:55:58.548 @WIE001 20181224001
13:55:58.549 @WIE002 STA1188E7-1
13:55:58.549 @WIE003 MY05-800/150K(160K)
13:55:58.549 @WIE004 2018/12/11 0:00:00
13:55:58.549 @WIE005 0002020071800586
13:55:58.549 @WIE006 1
13:55:58.550 @WIE007 
13:55:58.550 @WIE008 0
13:55:58.550 @WIE009 0
13:55:58.550 @WIE010 0
13:55:58.550 @WIE011 00583
13:55:58.551 @WIE012 周峰萍
13:55:58.551 @WIE013 0
13:55:58.551 @WIE014 0
13:55:58.551 @WIE015 
13:55:58.551 @WIE016 
13:55:58.552 Data Source=.;Initial Catalog=MT;User Id=sa;Password=1
13:55:58.553 @WIE001 20181224001
13:55:58.553 @WIE002 STA1188E7-1
13:55:58.554 @WIE003 MY05-800/150K(160K)
13:55:58.554 @WIE004 2018/12/11 0:00:00
13:55:58.554 @WIE005 0002020071800594
13:55:58.554 @WIE006 1
13:55:58.554 @WIE007 
13:55:58.555 @WIE008 0
13:55:58.555 @WIE009 0
13:55:58.555 @WIE010 0
13:55:58.555 @WIE011 SHH
13:55:58.555 @WIE012 桑海华
13:55:58.555 @WIE013 0
13:55:58.556 @WIE014 0
13:55:58.556 @WIE015 
13:55:58.556 @WIE016 
13:55:58.557 Data Source=.;Initial Catalog=MT;User Id=sa;Password=1
13:55:58.558 @WIE001 20181224001
13:55:58.558 @WIE002 STA1188E7-1
13:55:58.558 @WIE003 MY05-800/150K(160K)
13:55:58.559 @WIE004 2018/12/11 0:00:00
13:55:58.559 @WIE005 0002020071800584
13:55:58.559 @WIE006 1
13:55:58.559 @WIE007 
13:55:58.559 @WIE008 0
13:55:58.560 @WIE009 0
13:55:58.560 @WIE010 0
13:55:58.560 @WIE011 00600
13:55:58.560 @WIE012 姚利明
13:55:58.560 @WIE013 0
13:55:58.561 @WIE014 0
13:55:58.561 @WIE015 
13:55:58.561 @WIE016 
13:55:58.562 Data Source=.;Initial Catalog=MT;User Id=sa;Password=1
13:55:58.563 @WIE001 20181224001
13:55:58.563 @WIE002 STA1188E7-1
13:55:58.563 @WIE003 MY05-800/150K(160K)
13:55:58.563 @WIE004 2018/12/11 0:00:00
13:55:58.563 @WIE005 0002020071800592
13:55:58.564 @WIE006 1
13:55:58.564 @WIE007 
13:55:58.564 @WIE008 0
13:55:58.564 @WIE009 0
13:55:58.564 @WIE010 0
13:55:58.565 @WIE011 07
13:55:58.565 @WIE012 李全来
13:55:58.565 @WIE013 0
13:55:58.565 @WIE014 0
13:55:58.565 @WIE015 
13:55:58.566 @WIE016 
13:55:58.566 Data Source=.;Initial Catalog=MT;User Id=sa;Password=1
13:55:58.567 @WIE001 20181224001
13:55:58.567 @WIE002 STA1188E7-1
13:55:58.568 @WIE003 MY05-800/150K(160K)
13:55:58.568 @WIE004 2018/12/11 0:00:00
13:55:58.568 @WIE005 0002020071800588
13:55:58.568 @WIE006 1
13:55:58.568 @WIE007 
13:55:58.569 @WIE008 0
13:55:58.569 @WIE009 0
13:55:58.569 @WIE010 0
13:55:58.569 @WIE011 00004
13:55:58.569 @WIE012 李树国
13:55:58.570 @WIE013 0
13:55:58.570 @WIE014 0
13:55:58.570 @WIE015 
13:55:58.570 @WIE016 
13:55:58.571 Data Source=.;Initial Catalog=MT;User Id=sa;Password=1
13:55:58.572 @WIE001 20181224001
13:55:58.572 @WIE002 STA1188E7-1
13:55:58.572 @WIE003 MY05-800/150K(160K)
13:55:58.572 @WIE004 2018/12/11 0:00:00
13:55:58.573 @WIE005 0002020071800587
13:55:58.573 @WIE006 1
13:55:58.573 @WIE007 
13:55:58.573 @WIE008 0
13:55:58.573 @WIE009 0
13:55:58.574 @WIE010 0
13:55:58.574 @WIE011 00004
13:55:58.574 @WIE012 李树国
13:55:58.574 @WIE013 0
13:55:58.574 @WIE014 0
13:55:58.575 @WIE015 
13:55:58.575 @WIE016 
13:55:58.576 Data Source=.;Initial Catalog=MT;User Id=sa;Password=1
13:55:58.576 @WID001 20181224001
13:55:58.577 @WID002 GD201812100004
13:55:58.577 @WID005 2018/12/24 0:00:00
13:55:58.579 Data Source=.;Initial Catalog=MT;User Id=sa;Password=1
13:55:58.580 @WIE001 20181224001
13:55:58.580 @WIE002 STA1188E7-1
13:55:58.580 @WIE003 MY05-800/150K(160K)
13:55:58.580 @WIE004 2018/12/11 0:00:00
13:55:58.581 @WIE005 0002020071800589
13:55:58.581 @WIE006 1
13:55:58.581 @WIE007 
13:55:58.581 @WIE008 0
13:55:58.581 @WIE009 0
13:55:58.581 @WIE010 0
13:55:58.581 @WIE011 QX01
13:55:58.581 @WIE012 注销
13:55:58.581 @WIE013 0
13:55:58.582 @WIE014 0
13:55:58.582 @WIE015 
13:55:58.582 @WIE016 
13:55:58.583 Data Source=.;Initial Catalog=MT;User Id=sa;Password=1
13:55:58.584 @WIE001 20181224001
13:55:58.584 @WIE002 STA1188E7-1
13:55:58.584 @WIE003 MY05-800/150K(160K)
13:55:58.584 @WIE004 2018/12/11 0:00:00
13:55:58.585 @WIE005 0002020071800581
13:55:58.585 @WIE006 1
13:55:58.585 @WIE007 
13:55:58.585 @WIE008 0
13:55:58.585 @WIE009 0
13:55:58.586 @WIE010 0
13:55:58.586 @WIE011 ZY
13:55:58.586 @WIE012 章燕
13:55:58.586 @WIE013 0
13:55:58.586 @WIE014 0
13:55:58.587 @WIE015 
13:55:58.587 @WIE016 
13:55:58.588 Data Source=.;Initial Catalog=MT;User Id=sa;Password=1
13:55:58.589 @WIE001 20181224001
13:55:58.589 @WIE002 STA1188E7-1
13:55:58.589 @WIE003 MY05-800/150K(160K)
13:55:58.590 @WIE004 2018/12/11 0:00:00
13:55:58.590 @WIE005 0002020071800593
13:55:58.590 @WIE006 1
13:55:58.590 @WIE007 
13:55:58.590 @WIE008 0
13:55:58.590 @WIE009 0
13:55:58.590 @WIE010 0
13:55:58.591 @WIE011 00007
13:55:58.591 @WIE012 钦小铭
13:55:58.591 @WIE013 0
13:55:58.591 @WIE014 0
13:55:58.591 @WIE015 
13:55:58.592 @WIE016 
13:55:58.592 Data Source=.;Initial Catalog=MT;User Id=sa;Password=1
13:55:58.593 @WIE001 20181224001
13:55:58.594 @WIE002 STA1188E7-1
13:55:58.594 @WIE003 MY05-800/150K(160K)
13:55:58.594 @WIE004 2018/12/11 0:00:00
13:55:58.594 @WIE005 0002020071800600
13:55:58.594 @WIE006 1
13:55:58.594 @WIE007 
13:55:58.595 @WIE008 0
13:55:58.595 @WIE009 0
13:55:58.595 @WIE010 0
13:55:58.595 @WIE011 LYW
13:55:58.595 @WIE012 刘远望
13:55:58.595 @WIE013 0
13:55:58.596 @WIE014 0
13:55:58.596 @WIE015 
13:55:58.596 @WIE016 
13:55:58.600 Data Source=.;Initial Catalog=MT;User Id=sa;Password=1
13:55:58.601 @WIE001 20181224001
13:55:58.601 @WIE002 STA1188E7-1
13:55:58.601 @WIE003 MY05-800/150K(160K)
13:55:58.602 @WIE004 2018/12/11 0:00:00
13:55:58.602 @WIE005 0002020071800585
13:55:58.602 @WIE006 1
13:55:58.602 @WIE007 
13:55:58.602 @WIE008 0
13:55:58.603 @WIE009 0
13:55:58.603 @WIE010 0
13:55:58.603 @WIE011 08
13:55:58.603 @WIE012 姜伟
13:55:58.603 @WIE013 0
13:55:58.603 @WIE014 0
13:55:58.604 @WIE015 
13:55:58.604 @WIE016 
13:55:58.605 Data Source=.;Initial Catalog=MT;User Id=sa;Password=1
13:55:58.606 @WIE001 20181224001
13:55:58.606 @WIE002 STA1188E7-1
13:55:58.606 @WIE003 MY05-800/150K(160K)
13:55:58.607 @WIE004 2018/12/11 0:00:00
13:55:58.607 @WIE005 0002020071800599
13:55:58.607 @WIE006 1
13:55:58.607 @WIE007 
13:55:58.607 @WIE008 0
13:55:58.608 @WIE009 0
13:55:58.608 @WIE010 0
13:55:58.608 @WIE011 00007
13:55:58.608 @WIE012 钦小铭
13:55:58.608 @WIE013 0
13:55:58.609 @WIE014 0
13:55:58.609 @WIE015 
13:55:58.609 @WIE016 
13:55:58.610 Data Source=.;Initial Catalog=MT;User Id=sa;Password=1
13:55:58.611 @WIE001 20181224001
13:55:58.611 @WIE002 STA1188E7-1
13:55:58.611 @WIE003 MY05-800/150K(160K)
13:55:58.611 @WIE004 2018/12/11 0:00:00
13:55:58.611 @WIE005 0002020071800582
13:55:58.611 @WIE006 1
13:55:58.611 @WIE007 
13:55:58.612 @WIE008 0
13:55:58.612 @WIE009 0
13:55:58.612 @WIE010 0
13:55:58.612 @WIE011 03
13:55:58.613 @WIE012 张贤志
13:55:58.613 @WIE013 0
13:55:58.613 @WIE014 0
13:55:58.613 @WIE015 
13:55:58.613 @WIE016 
13:55:58.614 Data Source=.;Initial Catalog=MT;User Id=sa;Password=1
13:55:58.615 @WIE001 20181224001
13:55:58.615 @WIE002 STA1188E7-1
13:55:58.615 @WIE003 MY05-800/150K(160K)
13:55:58.616 @WIE004 2018/12/11 0:00:00
13:55:58.616 @WIE005 0002020071800597
13:55:58.616 @WIE006 1
13:55:58.616 @WIE007 
13:55:58.616 @WIE008 0
13:55:58.616 @WIE009 0
13:55:58.616 @WIE010 0
13:55:58.616 @WIE011 04
13:55:58.617 @WIE012 李显登
13:55:58.617 @WIE013 0
13:55:58.617 @WIE014 0
13:55:58.617 @WIE015 
13:55:58.617 @WIE016 
13:55:58.618 Data Source=.;Initial Catalog=MT;User Id=sa;Password=1
13:55:58.619 @WIE001 20181224001
13:55:58.619 @WIE002 STA1188E7-1
13:55:58.619 @WIE003 MY05-800/150K(160K)
13:55:58.620 @WIE004 2018/12/11 0:00:00
13:55:58.620 @WIE005 0002020071800591
13:55:58.620 @WIE006 1
13:55:58.620 @WIE007 
13:55:58.620 @WIE008 0
13:55:58.620 @WIE009 0
13:55:58.620 @WIE010 0
13:55:58.621 @WIE011 00604
13:55:58.621 @WIE012 陆芳芳
13:55:58.621 @WIE013 0
13:55:58.621 @WIE014 0
13:55:58.621 @WIE015 
13:55:58.621 @WIE016 
13:55:58.622 Data Source=.;Initial Catalog=MT;User Id=sa;Password=1
13:55:58.623 @WIE001 20181224001
13:55:58.623 @WIE002 STA1188E7-1
13:55:58.623 @WIE003 MY05-800/150K(160K)
13:55:58.623 @WIE004 2018/12/11 0:00:00
13:55:58.623 @WIE005 0002020071800598
13:55:58.624 @WIE006 1
13:55:58.624 @WIE007 
13:55:58.624 @WIE008 0
13:55:58.624 @WIE009 0
13:55:58.624 @WIE010 0
13:55:58.624 @WIE011 05
13:55:58.624 @WIE012 郑兴荣
13:55:58.624 @WIE013 0
13:55:58.625 @WIE014 0
13:55:58.625 @WIE015 
13:55:58.625 @WIE016 
13:55:58.630 Data Source=.;Initial Catalog=MT;User Id=sa;Password=1
13:55:58.631 @WIE001 20181224001
13:55:58.631 @WIE002 STA1188E7-1
13:55:58.632 @WIE003 MY05-800/150K(160K)
13:55:58.632 @WIE004 2018/12/11 0:00:00
13:55:58.632 @WIE005 0002020071800590
13:55:58.632 @WIE006 1
13:55:58.632 @WIE007 
13:55:58.632 @WIE008 0
13:55:58.632 @WIE009 0
13:55:58.633 @WIE010 0
13:55:58.633 @WIE011 01
13:55:58.633 @WIE012 张贤江
13:55:58.633 @WIE013 0
13:55:58.633 @WIE014 0
13:55:58.633 @WIE015 
13:55:58.633 @WIE016 
13:55:58.635 Data Source=.;Initial Catalog=MT;User Id=sa;Password=1
13:55:59.706 Data Source=.;Initial Catalog=MT;User Id=sa;Password=1
13:56:02.559 Data Source=.;Initial Catalog=MT;User Id=sa;Password=1
13:56:02.578 Data Source=.;Initial Catalog=MT;User Id=sa;Password=1
13:56:02.644 Data Source=.;Initial Catalog=MT;User Id=sa;Password=1
13:56:02.647 Data Source=.;Initial Catalog=MT;User Id=sa;Password=1
13:56:11.705 Data Source=.;Initial Catalog=MT;User Id=sa;Password=1
13:56:11.707 Data Source=.;Initial Catalog=MT;User Id=sa;Password=1
13:56:11.740 Data Source=.;Initial Catalog=MT;User Id=sa;Password=1
13:56:16.968 Data Source=.;Initial Catalog=MT;User Id=sa;Password=1
13:56:16.978 Data Source=.;Initial Catalog=MT;User Id=sa;Password=1
13:56:17.026 Data Source=.;Initial Catalog=MT;User Id=sa;Password=1
13:56:17.029 Data Source=.;Initial Catalog=MT;User Id=sa;Password=1
13:58:43.885 Data Source=.;Initial Catalog=MT;User Id=sa;Password=1
13:58:43.894 Data Source=.;Initial Catalog=MT;User Id=sa;Password=1
13:58:43.896 @idx 7146
13:58:43.896 @WIE007 
13:58:43.896 @WIE008 0
13:58:43.896 @WIE009 0
13:58:43.897 @WIE010 0.00
13:58:43.897 @WIE011 02
13:58:43.897 @WIE012 李杨
13:58:43.897 @WIE013 0
13:58:43.898 @WIE014 0
13:58:43.898 @WIE015 
13:58:43.898 @WIE016 
13:58:43.906 Data Source=.;Initial Catalog=MT;User Id=sa;Password=1
13:58:43.915 @idx 7161
13:58:43.915 @WIE007 
13:58:43.915 @WIE008 0
13:58:43.915 @WIE009 0
13:58:43.916 @WIE010 0.00
13:58:43.916 @WIE011 00604
13:58:43.916 @WIE012 陆芳芳
13:58:43.916 @WIE013 0
13:58:43.916 @WIE014 0
13:58:43.916 @WIE015 
13:58:43.916 @WIE016 
13:58:43.920 Data Source=.;Initial Catalog=MT;User Id=sa;Password=1
13:58:43.922 @idx 7149
13:58:43.922 @WIE007 
13:58:43.923 @WIE008 0
13:58:43.923 @WIE009 0
13:58:43.923 @WIE010 0.00
13:58:43.923 @WIE011 00600
13:58:43.923 @WIE012 姚利明
13:58:43.923 @WIE013 0
13:58:43.923 @WIE014 0
13:58:43.923 @WIE015 
13:58:43.923 @WIE016 
13:58:43.927 Data Source=.;Initial Catalog=MT;User Id=sa;Password=1
13:58:43.929 @idx 7148
13:58:43.930 @WIE007 
13:58:43.930 @WIE008 0
13:58:43.930 @WIE009 0
13:58:43.930 @WIE010 0.00
13:58:43.930 @WIE011 SHH
13:58:43.930 @WIE012 桑海华
13:58:43.930 @WIE013 0
13:58:43.930 @WIE014 0
13:58:43.931 @WIE015 
13:58:43.931 @WIE016 
13:58:43.934 Data Source=.;Initial Catalog=MT;User Id=sa;Password=1
13:58:43.938 @idx 7156
13:58:43.938 @WIE007 
13:58:43.938 @WIE008 0
13:58:43.938 @WIE009 0
13:58:43.938 @WIE010 0.00
13:58:43.938 @WIE011 LYW
13:58:43.938 @WIE012 刘远望
13:58:43.938 @WIE013 0
13:58:43.939 @WIE014 0
13:58:43.939 @WIE015 
13:58:43.939 @WIE016 
13:58:43.943 Data Source=.;Initial Catalog=MT;User Id=sa;Password=1
13:58:43.945 @idx 7154
13:58:43.945 @WIE007 
13:58:43.946 @WIE008 0
13:58:43.946 @WIE009 0
13:58:43.946 @WIE010 0.00
13:58:43.946 @WIE011 ZY
13:58:43.947 @WIE012 章燕
13:58:43.947 @WIE013 0
13:58:43.947 @WIE014 0
13:58:43.947 @WIE015 
13:58:43.947 @WIE016 
13:58:43.952 Data Source=.;Initial Catalog=MT;User Id=sa;Password=1
13:58:43.953 @WID001 20181224001
13:58:43.954 @WID005 2018/12/24 0:00:00
13:58:43.956 Data Source=.;Initial Catalog=MT;User Id=sa;Password=1
13:58:43.956 @idx 7147
13:58:43.957 @WIE007 
13:58:43.957 @WIE008 0
13:58:43.957 @WIE009 0
13:58:43.957 @WIE010 0.00
13:58:43.958 @WIE011 00583
13:58:43.958 @WIE012 周峰萍
13:58:43.958 @WIE013 0
13:58:43.958 @WIE014 0
13:58:43.958 @WIE015 
13:58:43.959 @WIE016 
13:58:43.962 Data Source=.;Initial Catalog=MT;User Id=sa;Password=1
13:58:43.963 @idx 7160
13:58:43.963 @WIE007 
13:58:43.964 @WIE008 0
13:58:43.964 @WIE009 0
13:58:43.964 @WIE010 0.00
13:58:43.964 @WIE011 04
13:58:43.964 @WIE012 李显登
13:58:43.964 @WIE013 0
13:58:43.965 @WIE014 0
13:58:43.965 @WIE015 
13:58:43.965 @WIE016 
13:58:43.968 Data Source=.;Initial Catalog=MT;User Id=sa;Password=1
13:58:43.974 Data Source=.;Initial Catalog=MT;User Id=sa;Password=1
13:58:43.975 @idx 7155
13:58:43.975 @WIE007 
13:58:43.975 @WIE008 0
13:58:43.975 @WIE009 0
13:58:43.975 @WIE010 0.00
13:58:43.976 @WIE011 00007
13:58:43.976 @WIE012 钦小铭
13:58:43.976 @WIE013 0
13:58:43.976 @WIE014 0
13:58:43.976 @WIE015 
13:58:43.976 @WIE016 
13:58:43.980 Data Source=.;Initial Catalog=MT;User Id=sa;Password=1
13:58:43.981 @idx 7152
13:58:43.981 @WIE007 
13:58:43.982 @WIE008 0
13:58:43.982 @WIE009 0
13:58:43.982 @WIE010 0.00
13:58:43.982 @WIE011 00004
13:58:43.982 @WIE012 李树国
13:58:43.983 @WIE013 0
13:58:43.983 @WIE014 0
13:58:43.983 @WIE015 
13:58:43.983 @WIE016 
13:58:43.988 Data Source=.;Initial Catalog=MT;User Id=sa;Password=1
13:58:43.989 @idx 7153
13:58:43.989 @WIE007 
13:58:43.989 @WIE008 0
13:58:43.989 @WIE009 0
13:58:43.989 @WIE010 0.00
13:58:43.990 @WIE011 QX01
13:58:43.990 @WIE012 注销
13:58:43.990 @WIE013 0
13:58:43.990 @WIE014 0
13:58:43.990 @WIE015 
13:58:43.991 @WIE016 
13:58:43.995 Data Source=.;Initial Catalog=MT;User Id=sa;Password=1
13:58:43.995 @idx 7163
13:58:43.996 @WIE007 
13:58:43.996 @WIE008 0
13:58:43.996 @WIE009 0
13:58:43.996 @WIE010 0.00
13:58:43.996 @WIE011 01
13:58:43.997 @WIE012 张贤江
13:58:43.997 @WIE013 0
13:58:43.997 @WIE014 0
13:58:43.997 @WIE015 
13:58:43.997 @WIE016 
13:58:44.002 Data Source=.;Initial Catalog=MT;User Id=sa;Password=1
13:58:44.003 @idx 7150
13:58:44.003 @WIE007 
13:58:44.003 @WIE008 0
13:58:44.003 @WIE009 0
13:58:44.003 @WIE010 0.00
13:58:44.004 @WIE011 07
13:58:44.004 @WIE012 李全来
13:58:44.004 @WIE013 0
13:58:44.004 @WIE014 0
13:58:44.004 @WIE015 
13:58:44.005 @WIE016 
13:58:44.008 Data Source=.;Initial Catalog=MT;User Id=sa;Password=1
13:58:44.009 @idx 7144
13:58:44.009 @WIE007 
13:58:44.009 @WIE008 0
13:58:44.010 @WIE009 0
13:58:44.010 @WIE010 0.00
13:58:44.010 @WIE011 00583
13:58:44.010 @WIE012 周峰萍
13:58:44.010 @WIE013 0
13:58:44.011 @WIE014 0
13:58:44.011 @WIE015 
13:58:44.011 @WIE016 
13:58:44.014 Data Source=.;Initial Catalog=MT;User Id=sa;Password=1
13:58:44.015 @idx 7145
13:58:44.016 @WIE007 
13:58:44.016 @WIE008 0
13:58:44.016 @WIE009 0
13:58:44.016 @WIE010 0.00
13:58:44.016 @WIE011 06
13:58:44.017 @WIE012 许世锋
13:58:44.017 @WIE013 0
13:58:44.017 @WIE014 0
13:58:44.017 @WIE015 
13:58:44.018 @WIE016 
13:58:44.021 Data Source=.;Initial Catalog=MT;User Id=sa;Password=1
13:58:44.022 @idx 7159
13:58:44.022 @WIE007 
13:58:44.022 @WIE008 0
13:58:44.023 @WIE009 0
13:58:44.023 @WIE010 0.00
13:58:44.023 @WIE011 03
13:58:44.023 @WIE012 张贤志
13:58:44.023 @WIE013 0
13:58:44.023 @WIE014 0
13:58:44.023 @WIE015 
13:58:44.024 @WIE016 
13:58:44.028 Data Source=.;Initial Catalog=MT;User Id=sa;Password=1
13:58:44.029 @idx 7151
13:58:44.029 @WIE007 
13:58:44.029 @WIE008 0
13:58:44.029 @WIE009 0
13:58:44.029 @WIE010 0.00
13:58:44.030 @WIE011 00004
13:58:44.030 @WIE012 李树国
13:58:44.030 @WIE013 0
13:58:44.030 @WIE014 0
13:58:44.030 @WIE015 
13:58:44.031 @WIE016 
13:58:44.034 Data Source=.;Initial Catalog=MT;User Id=sa;Password=1
13:58:44.035 @idx 7158
13:58:44.035 @WIE007 
13:58:44.036 @WIE008 0
13:58:44.036 @WIE009 0
13:58:44.036 @WIE010 0.00
13:58:44.036 @WIE011 00007
13:58:44.036 @WIE012 钦小铭
13:58:44.037 @WIE013 0
13:58:44.037 @WIE014 0
13:58:44.037 @WIE015 
13:58:44.037 @WIE016 
13:58:44.041 Data Source=.;Initial Catalog=MT;User Id=sa;Password=1
13:58:44.041 @idx 7162
13:58:44.042 @WIE007 
13:58:44.042 @WIE008 0
13:58:44.042 @WIE009 0
13:58:44.042 @WIE010 0.00
13:58:44.042 @WIE011 05
13:58:44.043 @WIE012 郑兴荣
13:58:44.043 @WIE013 0
13:58:44.043 @WIE014 0
13:58:44.043 @WIE015 
13:58:44.043 @WIE016 
13:58:44.047 Data Source=.;Initial Catalog=MT;User Id=sa;Password=1
13:58:44.937 Data Source=.;Initial Catalog=MT;User Id=sa;Password=1
13:58:46.081 Data Source=.;Initial Catalog=MT;User Id=sa;Password=1
13:58:46.085 Data Source=.;Initial Catalog=MT;User Id=sa;Password=1
13:58:46.124 Data Source=.;Initial Catalog=MT;User Id=sa;Password=1
13:58:46.125 Data Source=.;Initial Catalog=MT;User Id=sa;Password=1
14:00:00.911 Data Source=.;Initial Catalog=MT;User Id=sa;Password=1
14:00:01.088 Data Source=.;Initial Catalog=MT;User Id=sa;Password=1
14:00:01.092 Data Source=.;Initial Catalog=MT;User Id=sa;Password=1
14:00:01.094 Data Source=.;Initial Catalog=MT;User Id=sa;Password=1
14:00:05.247 Data Source=.;Initial Catalog=MT;User Id=sa;Password=1
14:00:05.315 Data Source=.;Initial Catalog=MT;User Id=sa;Password=1
14:00:05.359 Data Source=.;Initial Catalog=MT;User Id=sa;Password=1
14:00:08.367 Data Source=.;Initial Catalog=MT;User Id=sa;Password=1
14:00:19.794 Data Source=.;Initial Catalog=MT;User Id=sa;Password=1
14:00:23.703 Data Source=.;Initial Catalog=MT;User Id=sa;Password=1
14:00:23.705 Data Source=.;Initial Catalog=MT;User Id=sa;Password=1
14:00:23.715 Data Source=.;Initial Catalog=MT;User Id=sa;Password=1
14:00:23.719 @WIE001 20181224002
14:00:23.719 @WIE002 STA1188G3-1
14:00:23.720 @WIE003 MY05-1600B/200K
14:00:23.720 @WIE004 2018/12/17 0:00:00
14:00:23.720 @WIE005 0002020351800048
14:00:23.720 @WIE006 1
14:00:23.720 @WIE007 
14:00:23.721 @WIE008 0
14:00:23.721 @WIE009 0
14:00:23.721 @WIE010 0
14:00:23.721 @WIE011 
14:00:23.721 @WIE012 
14:00:23.722 @WIE013 0
14:00:23.722 @WIE014 0
14:00:23.722 @WIE015 
14:00:23.722 @WIE016 
14:00:23.727 Data Source=.;Initial Catalog=MT;User Id=sa;Password=1
14:00:23.730 @WIE001 20181224002
14:00:23.730 @WIE002 STA1188E6-1
14:00:23.731 @WIE003 MY05-800/100K
14:00:23.731 @WIE004 2018/12/13 0:00:00
14:00:23.731 @WIE005 0002020061802681
14:00:23.731 @WIE006 1
14:00:23.731 @WIE007 
14:00:23.731 @WIE008 0
14:00:23.731 @WIE009 0
14:00:23.731 @WIE010 0
14:00:23.732 @WIE011 
14:00:23.732 @WIE012 
14:00:23.732 @WIE013 0
14:00:23.732 @WIE014 0
14:00:23.732 @WIE015 
14:00:23.732 @WIE016 
14:00:23.733 Data Source=.;Initial Catalog=MT;User Id=sa;Password=1
14:00:23.734 @WID001 20181224002
14:00:23.734 @WID002 GD201812120001, GD201812100001, GD201812140003
14:00:23.734 @WID005 2018/12/24 0:00:00
14:00:23.735 Data Source=.;Initial Catalog=MT;User Id=sa;Password=1
14:00:23.736 @WIE001 20181224002
14:00:23.736 @WIE002 STA1188G3-1
14:00:23.737 @WIE003 MY05-1600B/200K
14:00:23.737 @WIE004 2018/12/17 0:00:00
14:00:23.737 @WIE005 0002020351800047
14:00:23.737 @WIE006 1
14:00:23.737 @WIE007 
14:00:23.738 @WIE008 0
14:00:23.738 @WIE009 0
14:00:23.738 @WIE010 0
14:00:23.738 @WIE011 
14:00:23.738 @WIE012 
14:00:23.738 @WIE013 0
14:00:23.739 @WIE014 0
14:00:23.739 @WIE015 
14:00:23.739 @WIE016 
14:00:23.740 Data Source=.;Initial Catalog=MT;User Id=sa;Password=1
14:00:23.741 @WIE001 20181224002
14:00:23.741 @WIE002 STA1188E6-1
14:00:23.741 @WIE003 MY05-800/100K
14:00:23.742 @WIE004 2018/12/13 0:00:00
14:00:23.742 @WIE005 0002020061802674
14:00:23.742 @WIE006 1
14:00:23.742 @WIE007 
14:00:23.742 @WIE008 0
14:00:23.742 @WIE009 0
14:00:23.743 @WIE010 0
14:00:23.743 @WIE011 
14:00:23.743 @WIE012 
14:00:23.743 @WIE013 0
14:00:23.743 @WIE014 0
14:00:23.743 @WIE015 
14:00:23.743 @WIE016 
14:00:23.745 Data Source=.;Initial Catalog=MT;User Id=sa;Password=1
14:00:23.746 @WIE001 20181224002
14:00:23.746 @WIE002 STA1188E6-1
14:00:23.746 @WIE003 MY05-800/100K
14:00:23.746 @WIE004 2018/12/13 0:00:00
14:00:23.746 @WIE005 0002020061802664
14:00:23.749 @WIE006 1
14:00:23.749 @WIE007 
14:00:23.749 @WIE008 0
14:00:23.750 @WIE009 0
14:00:23.750 @WIE010 0
14:00:23.750 @WIE011 
14:00:23.750 @WIE012 
14:00:23.750 @WIE013 0
14:00:23.750 @WIE014 0
14:00:23.751 @WIE015 
14:00:23.751 @WIE016 
14:00:23.752 Data Source=.;Initial Catalog=MT;User Id=sa;Password=1
14:00:23.753 @WIE001 20181224002
14:00:23.753 @WIE002 STA1188G3-1
14:00:23.754 @WIE003 MY05-1600B/200K
14:00:23.754 @WIE004 2018/12/17 0:00:00
14:00:23.754 @WIE005 0002020351800045
14:00:23.754 @WIE006 1
14:00:23.754 @WIE007 
14:00:23.755 @WIE008 0
14:00:23.755 @WIE009 0
14:00:23.755 @WIE010 0
14:00:23.755 @WIE011 
14:00:23.755 @WIE012 
14:00:23.756 @WIE013 0
14:00:23.756 @WIE014 0
14:00:23.756 @WIE015 
14:00:23.756 @WIE016 
14:00:23.757 Data Source=.;Initial Catalog=MT;User Id=sa;Password=1
14:00:23.758 @WIE001 20181224002
14:00:23.758 @WIE002 STA1188E6-1
14:00:23.758 @WIE003 MY05-800/100K
14:00:23.759 @WIE004 2018/12/13 0:00:00
14:00:23.759 @WIE005 0002020061802679
14:00:23.759 @WIE006 1
14:00:23.759 @WIE007 
14:00:23.760 @WIE008 0
14:00:23.760 @WIE009 0
14:00:23.760 @WIE010 0
14:00:23.760 @WIE011 
14:00:23.760 @WIE012 
14:00:23.761 @WIE013 0
14:00:23.761 @WIE014 0
14:00:23.761 @WIE015 
14:00:23.761 @WIE016 
14:00:23.762 Data Source=.;Initial Catalog=MT;User Id=sa;Password=1
14:00:23.763 @WIE001 20181224002
14:00:23.763 @WIE002 STA1188E6-1
14:00:23.763 @WIE003 MY05-800/100K
14:00:23.763 @WIE004 2018/12/13 0:00:00
14:00:23.764 @WIE005 0002020061802672
14:00:23.764 @WIE006 1
14:00:23.764 @WIE007 
14:00:23.764 @WIE008 0
14:00:23.765 @WIE009 0
14:00:23.765 @WIE010 0
14:00:23.765 @WIE011 
14:00:23.765 @WIE012 
14:00:23.765 @WIE013 0
14:00:23.766 @WIE014 0
14:00:23.766 @WIE015 
14:00:23.766 @WIE016 
14:00:23.767 Data Source=.;Initial Catalog=MT;User Id=sa;Password=1
14:00:23.767 @WIE001 20181224002
14:00:23.768 @WIE002 STA1188E6-1
14:00:23.768 @WIE003 MY05-800/100K
14:00:23.768 @WIE004 2018/12/13 0:00:00
14:00:23.768 @WIE005 0002020061802669
14:00:23.769 @WIE006 1
14:00:23.769 @WIE007 
14:00:23.769 @WIE008 0
14:00:23.769 @WIE009 0
14:00:23.769 @WIE010 0
14:00:23.769 @WIE011 
14:00:23.770 @WIE012 
14:00:23.770 @WIE013 0
14:00:23.770 @WIE014 0
14:00:23.770 @WIE015 
14:00:23.770 @WIE016 
14:00:23.771 Data Source=.;Initial Catalog=MT;User Id=sa;Password=1
14:00:23.772 @WIE001 20181224002
14:00:23.772 @WIE002 STA1188E6-1
14:00:23.772 @WIE003 MY05-800/100K
14:00:23.772 @WIE004 2018/12/13 0:00:00
14:00:23.773 @WIE005 0002020061802682
14:00:23.773 @WIE006 1
14:00:23.773 @WIE007 
14:00:23.773 @WIE008 0
14:00:23.773 @WIE009 0
14:00:23.773 @WIE010 0
14:00:23.774 @WIE011 
14:00:23.774 @WIE012 
14:00:23.774 @WIE013 0
14:00:23.774 @WIE014 0
14:00:23.774 @WIE015 
14:00:23.775 @WIE016 
14:00:23.775 Data Source=.;Initial Catalog=MT;User Id=sa;Password=1
14:00:23.776 @WIE001 20181224002
14:00:23.777 @WIE002 STA1188E6-1
14:00:23.777 @WIE003 MY05-800/100K
14:00:23.777 @WIE004 2018/12/13 0:00:00
14:00:23.777 @WIE005 0002020061802680
14:00:23.777 @WIE006 1
14:00:23.777 @WIE007 
14:00:23.778 @WIE008 0
14:00:23.778 @WIE009 0
14:00:23.778 @WIE010 0
14:00:23.778 @WIE011 
14:00:23.778 @WIE012 
14:00:23.779 @WIE013 0
14:00:23.779 @WIE014 0
14:00:23.779 @WIE015 
14:00:23.779 @WIE016 
14:00:23.780 Data Source=.;Initial Catalog=MT;User Id=sa;Password=1
14:00:23.781 @WIE001 20181224002
14:00:23.781 @WIE002 STA1188E6-1
14:00:23.781 @WIE003 MY05-800/100K
14:00:23.781 @WIE004 2018/12/13 0:00:00
14:00:23.782 @WIE005 0002020061802666
14:00:23.782 @WIE006 1
14:00:23.782 @WIE007 
14:00:23.782 @WIE008 0
14:00:23.782 @WIE009 0
14:00:23.783 @WIE010 0
14:00:23.783 @WIE011 
14:00:23.783 @WIE012 
14:00:23.783 @WIE013 0
14:00:23.783 @WIE014 0
14:00:23.783 @WIE015 
14:00:23.784 @WIE016 
14:00:23.785 Data Source=.;Initial Catalog=MT;User Id=sa;Password=1
14:00:23.785 @WIE001 20181224002
14:00:23.786 @WIE002 STA1188E6-1
14:00:23.786 @WIE003 MY05-800/100K
14:00:23.786 @WIE004 2018/12/13 0:00:00
14:00:23.786 @WIE005 0002020061802673
14:00:23.786 @WIE006 1
14:00:23.787 @WIE007 
14:00:23.787 @WIE008 0
14:00:23.787 @WIE009 0
14:00:23.787 @WIE010 0
14:00:23.787 @WIE011 
14:00:23.788 @WIE012 
14:00:23.788 @WIE013 0
14:00:23.788 @WIE014 0
14:00:23.788 @WIE015 
14:00:23.788 @WIE016 
14:00:23.789 Data Source=.;Initial Catalog=MT;User Id=sa;Password=1
14:00:23.790 @WIE001 20181224002
14:00:23.790 @WIE002 STA1188E6-1
14:00:23.790 @WIE003 MY05-800/100K
14:00:23.790 @WIE004 2018/12/13 0:00:00
14:00:23.791 @WIE005 0002020061802663
14:00:23.791 @WIE006 1
14:00:23.791 @WIE007 
14:00:23.791 @WIE008 0
14:00:23.791 @WIE009 0
14:00:23.792 @WIE010 0
14:00:23.792 @WIE011 
14:00:23.792 @WIE012 
14:00:23.792 @WIE013 0
14:00:23.792 @WIE014 0
14:00:23.793 @WIE015 
14:00:23.793 @WIE016 
14:00:23.793 Data Source=.;Initial Catalog=MT;User Id=sa;Password=1
14:00:23.794 @WIE001 20181224002
14:00:23.795 @WIE002 STA1188G3-1
14:00:23.795 @WIE003 MY05-1600B/200K
14:00:23.795 @WIE004 2018/12/17 0:00:00
14:00:23.795 @WIE005 0002020351800049
14:00:23.796 @WIE006 1
14:00:23.796 @WIE007 
14:00:23.796 @WIE008 0
14:00:23.796 @WIE009 0
14:00:23.796 @WIE010 0
14:00:23.797 @WIE011 
14:00:23.797 @WIE012 
14:00:23.797 @WIE013 0
14:00:23.797 @WIE014 0
14:00:23.797 @WIE015 
14:00:23.797 @WIE016 
14:00:23.798 Data Source=.;Initial Catalog=MT;User Id=sa;Password=1
14:00:23.799 @WIE001 20181224002
14:00:23.799 @WIE002 STA1188E6-1
14:00:23.800 @WIE003 MY05-800/100K
14:00:23.800 @WIE004 2018/12/13 0:00:00
14:00:23.800 @WIE005 0002020061802670
14:00:23.800 @WIE006 1
14:00:23.800 @WIE007 
14:00:23.801 @WIE008 0
14:00:23.801 @WIE009 0
14:00:23.801 @WIE010 0
14:00:23.801 @WIE011 
14:00:23.802 @WIE012 
14:00:23.802 @WIE013 0
14:00:23.802 @WIE014 0
14:00:23.802 @WIE015 
14:00:23.803 @WIE016 
14:00:23.804 Data Source=.;Initial Catalog=MT;User Id=sa;Password=1
14:00:23.804 @WIE001 20181224002
14:00:23.805 @WIE002 STA1188E6-1
14:00:23.805 @WIE003 MY05-800/100K
14:00:23.805 @WIE004 2018/12/13 0:00:00
14:00:23.805 @WIE005 0002020061802676
14:00:23.806 @WIE006 1
14:00:23.806 @WIE007 
14:00:23.806 @WIE008 0
14:00:23.806 @WIE009 0
14:00:23.806 @WIE010 0
14:00:23.807 @WIE011 
14:00:23.807 @WIE012 
14:00:23.807 @WIE013 0
14:00:23.807 @WIE014 0
14:00:23.808 @WIE015 
14:00:23.808 @WIE016 
14:00:23.808 Data Source=.;Initial Catalog=MT;User Id=sa;Password=1
14:00:23.809 @WIE001 20181224002
14:00:23.810 @WIE002 STA1188E6-1
14:00:23.810 @WIE003 MY05-800/100K
14:00:23.810 @WIE004 2018/12/13 0:00:00
14:00:23.810 @WIE005 0002020061802678
14:00:23.810 @WIE006 1
14:00:23.811 @WIE007 
14:00:23.811 @WIE008 0
14:00:23.811 @WIE009 0
14:00:23.811 @WIE010 0
14:00:23.812 @WIE011 
14:00:23.812 @WIE012 
14:00:23.812 @WIE013 0
14:00:23.812 @WIE014 0
14:00:23.812 @WIE015 
14:00:23.813 @WIE016 
14:00:23.814 Data Source=.;Initial Catalog=MT;User Id=sa;Password=1
14:00:23.815 @WIE001 20181224002
14:00:23.815 @WIE002 STA1188E6-1
14:00:23.815 @WIE003 MY05-800/100K
14:00:23.815 @WIE004 2018/12/13 0:00:00
14:00:23.815 @WIE005 0002020061802671
14:00:23.816 @WIE006 1
14:00:23.816 @WIE007 
14:00:23.816 @WIE008 0
14:00:23.816 @WIE009 0
14:00:23.816 @WIE010 0
14:00:23.816 @WIE011 
14:00:23.817 @WIE012 
14:00:23.817 @WIE013 0
14:00:23.817 @WIE014 0
14:00:23.817 @WIE015 
14:00:23.817 @WIE016 
14:00:23.818 Data Source=.;Initial Catalog=MT;User Id=sa;Password=1
14:00:23.819 @WIE001 20181224002
14:00:23.819 @WIE002 STA1188G3-1
14:00:23.819 @WIE003 MY05-1600B/200K
14:00:23.819 @WIE004 2018/12/17 0:00:00
14:00:23.820 @WIE005 0002020351800046
14:00:23.820 @WIE006 1
14:00:23.820 @WIE007 
14:00:23.820 @WIE008 0
14:00:23.820 @WIE009 0
14:00:23.821 @WIE010 0
14:00:23.821 @WIE011 
14:00:23.821 @WIE012 
14:00:23.821 @WIE013 0
14:00:23.821 @WIE014 0
14:00:23.821 @WIE015 
14:00:23.821 @WIE016 
14:00:23.822 Data Source=.;Initial Catalog=MT;User Id=sa;Password=1
14:00:23.823 @WIE001 20181224002
14:00:23.823 @WIE002 STA1188E6-1
14:00:23.823 @WIE003 MY05-800/100K
14:00:23.823 @WIE004 2018/12/13 0:00:00
14:00:23.824 @WIE005 0002020061802667
14:00:23.824 @WIE006 1
14:00:23.824 @WIE007 
14:00:23.824 @WIE008 0
14:00:23.824 @WIE009 0
14:00:23.825 @WIE010 0
14:00:23.825 @WIE011 
14:00:23.825 @WIE012 
14:00:23.825 @WIE013 0
14:00:23.825 @WIE014 0
14:00:23.825 @WIE015 
14:00:23.825 @WIE016 
14:00:23.826 Data Source=.;Initial Catalog=MT;User Id=sa;Password=1
14:00:23.827 @WIE001 20181224002
14:00:23.827 @WIE002 STA1188E6-1
14:00:23.827 @WIE003 MY05-800/100K
14:00:23.828 @WIE004 2018/12/13 0:00:00
14:00:23.828 @WIE005 0002020061802675
14:00:23.828 @WIE006 1
14:00:23.828 @WIE007 
14:00:23.828 @WIE008 0
14:00:23.828 @WIE009 0
14:00:23.829 @WIE010 0
14:00:23.829 @WIE011 
14:00:23.829 @WIE012 
14:00:23.829 @WIE013 0
14:00:23.829 @WIE014 0
14:00:23.830 @WIE015 
14:00:23.830 @WIE016 
14:00:23.830 Data Source=.;Initial Catalog=MT;User Id=sa;Password=1
14:00:23.831 @WIE001 20181224002
14:00:23.831 @WIE002 STA1188E6-1
14:00:23.831 @WIE003 MY05-800/100K
14:00:23.832 @WIE004 2018/12/13 0:00:00
14:00:23.832 @WIE005 0002020061802677
14:00:23.832 @WIE006 1
14:00:23.832 @WIE007 
14:00:23.832 @WIE008 0
14:00:23.833 @WIE009 0
14:00:23.833 @WIE010 0
14:00:23.833 @WIE011 
14:00:23.833 @WIE012 
14:00:23.833 @WIE013 0
14:00:23.833 @WIE014 0
14:00:23.834 @WIE015 
14:00:23.834 @WIE016 
14:00:23.834 Data Source=.;Initial Catalog=MT;User Id=sa;Password=1
14:00:23.835 @WIE001 20181224002
14:00:23.835 @WIE002 STA1188E6-1
14:00:23.836 @WIE003 MY05-800/100K
14:00:23.836 @WIE004 2018/12/13 0:00:00
14:00:23.836 @WIE005 0002020061802668
14:00:23.836 @WIE006 1
14:00:23.836 @WIE007 
14:00:23.837 @WIE008 0
14:00:23.837 @WIE009 0
14:00:23.837 @WIE010 0
14:00:23.837 @WIE011 
14:00:23.837 @WIE012 
14:00:23.837 @WIE013 0
14:00:23.838 @WIE014 0
14:00:23.838 @WIE015 
14:00:23.838 @WIE016 
14:00:23.838 Data Source=.;Initial Catalog=MT;User Id=sa;Password=1
14:00:23.839 @WIE001 20181224002
14:00:23.839 @WIE002 STA1188E6-1
14:00:23.840 @WIE003 MY05-800/100K
14:00:23.840 @WIE004 2018/12/13 0:00:00
14:00:23.840 @WIE005 0002020061802665
14:00:23.840 @WIE006 1
14:00:23.840 @WIE007 
14:00:23.841 @WIE008 0
14:00:23.841 @WIE009 0
14:00:23.841 @WIE010 0
14:00:23.841 @WIE011 
14:00:23.841 @WIE012 
14:00:23.841 @WIE013 0
14:00:23.842 @WIE014 0
14:00:23.842 @WIE015 
14:00:23.842 @WIE016 
14:00:23.843 Data Source=.;Initial Catalog=MT;User Id=sa;Password=1
14:00:24.757 Data Source=.;Initial Catalog=MT;User Id=sa;Password=1
14:00:28.651 Data Source=.;Initial Catalog=MT;User Id=sa;Password=1
14:00:28.685 Data Source=.;Initial Catalog=MT;User Id=sa;Password=1
14:00:28.763 Data Source=.;Initial Catalog=MT;User Id=sa;Password=1
14:00:28.767 Data Source=.;Initial Catalog=MT;User Id=sa;Password=1
14:01:13.315 Data Source=.;Initial Catalog=MT;User Id=sa;Password=1
14:01:13.327 Data Source=.;Initial Catalog=MT;User Id=sa;Password=1
14:01:13.332 @idx 7183
14:01:13.332 @WIE007 
14:01:13.332 @WIE008 0
14:01:13.333 @WIE009 0
14:01:13.333 @WIE010 0.00
14:01:13.333 @WIE011 
14:01:13.333 @WIE012 
14:01:13.334 @WIE013 0
14:01:13.334 @WIE014 0
14:01:13.334 @WIE015 
14:01:13.334 @WIE016 
14:01:13.342 Data Source=.;Initial Catalog=MT;User Id=sa;Password=1
14:01:13.345 @idx 7173
14:01:13.345 @WIE007 
14:01:13.345 @WIE008 0
14:01:13.345 @WIE009 0
14:01:13.346 @WIE010 0.00
14:01:13.346 @WIE011 
14:01:13.346 @WIE012 
14:01:13.346 @WIE013 0
14:01:13.346 @WIE014 0
14:01:13.347 @WIE015 
14:01:13.347 @WIE016 
14:01:13.350 Data Source=.;Initial Catalog=MT;User Id=sa;Password=1
14:01:13.351 @idx 7180
14:01:13.351 @WIE007 
14:01:13.352 @WIE008 0
14:01:13.352 @WIE009 0
14:01:13.352 @WIE010 0.00
14:01:13.352 @WIE011 
14:01:13.352 @WIE012 
14:01:13.352 @WIE013 0
14:01:13.353 @WIE014 0
14:01:13.353 @WIE015 
14:01:13.353 @WIE016 
14:01:13.357 Data Source=.;Initial Catalog=MT;User Id=sa;Password=1
14:01:13.358 @idx 7186
14:01:13.363 @WIE007 
14:01:13.363 @WIE008 0
14:01:13.363 @WIE009 0
14:01:13.363 @WIE010 0.00
14:01:13.363 @WIE011 
14:01:13.363 @WIE012 
14:01:13.364 @WIE013 0
14:01:13.364 @WIE014 0
14:01:13.364 @WIE015 
14:01:13.364 @WIE016 
14:01:13.368 Data Source=.;Initial Catalog=MT;User Id=sa;Password=1
14:01:13.369 @idx 7188
14:01:13.369 @WIE007 
14:01:13.369 @WIE008 0
14:01:13.369 @WIE009 0
14:01:13.370 @WIE010 0.00
14:01:13.370 @WIE011 
14:01:13.370 @WIE012 
14:01:13.370 @WIE013 0
14:01:13.370 @WIE014 0
14:01:13.371 @WIE015 
14:01:13.371 @WIE016 
14:01:13.374 Data Source=.;Initial Catalog=MT;User Id=sa;Password=1
14:01:13.375 @idx 7182
14:01:13.375 @WIE007 
14:01:13.375 @WIE008 0
14:01:13.376 @WIE009 0
14:01:13.376 @WIE010 0.00
14:01:13.376 @WIE011 
14:01:13.376 @WIE012 
14:01:13.376 @WIE013 0
14:01:13.377 @WIE014 0
14:01:13.377 @WIE015 
14:01:13.377 @WIE016 
14:01:13.380 Data Source=.;Initial Catalog=MT;User Id=sa;Password=1
14:01:13.381 @WID001 20181224002
14:01:13.381 @WID005 2018/12/24 0:00:00
14:01:13.382 Data Source=.;Initial Catalog=MT;User Id=sa;Password=1
14:01:13.383 @idx 7168
14:01:13.383 @WIE007 
14:01:13.384 @WIE008 0
14:01:13.384 @WIE009 0
14:01:13.384 @WIE010 0.00
14:01:13.384 @WIE011 
14:01:13.384 @WIE012 
14:01:13.384 @WIE013 0
14:01:13.385 @WIE014 0
14:01:13.385 @WIE015 
14:01:13.385 @WIE016 
14:01:13.389 Data Source=.;Initial Catalog=MT;User Id=sa;Password=1
14:01:13.390 @idx 7178
14:01:13.390 @WIE007 
14:01:13.390 @WIE008 0
14:01:13.391 @WIE009 0
14:01:13.391 @WIE010 0.00
14:01:13.391 @WIE011 
14:01:13.391 @WIE012 
14:01:13.391 @WIE013 0
14:01:13.392 @WIE014 0
14:01:13.392 @WIE015 
14:01:13.392 @WIE016 
14:01:13.396 Data Source=.;Initial Catalog=MT;User Id=sa;Password=1
14:01:13.396 @idx 7171
14:01:13.397 @WIE007 
14:01:13.397 @WIE008 0
14:01:13.397 @WIE009 0
14:01:13.397 @WIE010 0.00
14:01:13.397 @WIE011 
14:01:13.398 @WIE012 
14:01:13.398 @WIE013 0
14:01:13.398 @WIE014 0
14:01:13.398 @WIE015 
14:01:13.398 @WIE016 
14:01:13.402 Data Source=.;Initial Catalog=MT;User Id=sa;Password=1
14:01:13.403 @idx 7184
14:01:13.403 @WIE007 
14:01:13.404 @WIE008 0
14:01:13.404 @WIE009 0
14:01:13.404 @WIE010 0.00
14:01:13.404 @WIE011 
14:01:13.404 @WIE012 
14:01:13.405 @WIE013 0
14:01:13.405 @WIE014 0
14:01:13.405 @WIE015 
14:01:13.405 @WIE016 
14:01:13.409 Data Source=.;Initial Catalog=MT;User Id=sa;Password=1
14:01:13.410 @idx 7174
14:01:13.410 @WIE007 
14:01:13.410 @WIE008 0
14:01:13.410 @WIE009 0
14:01:13.410 @WIE010 0.00
14:01:13.411 @WIE011 
14:01:13.411 @WIE012 
14:01:13.411 @WIE013 0
14:01:13.411 @WIE014 0
14:01:13.411 @WIE015 
14:01:13.412 @WIE016 
14:01:13.415 Data Source=.;Initial Catalog=MT;User Id=sa;Password=1
14:01:13.416 @idx 7167
14:01:13.416 @WIE007 
14:01:13.416 @WIE008 0
14:01:13.416 @WIE009 0
14:01:13.417 @WIE010 0.00
14:01:13.417 @WIE011 
14:01:13.417 @WIE012 
14:01:13.417 @WIE013 0
14:01:13.417 @WIE014 0
14:01:13.418 @WIE015 
14:01:13.418 @WIE016 
14:01:13.422 Data Source=.;Initial Catalog=MT;User Id=sa;Password=1
14:01:13.423 @idx 7187
14:01:13.423 @WIE007 
14:01:13.423 @WIE008 0
14:01:13.423 @WIE009 0
14:01:13.423 @WIE010 0.00
14:01:13.423 @WIE011 
14:01:13.423 @WIE012 
14:01:13.424 @WIE013 0
14:01:13.424 @WIE014 0
14:01:13.424 @WIE015 
14:01:13.424 @WIE016 
14:01:13.428 Data Source=.;Initial Catalog=MT;User Id=sa;Password=1
14:01:13.431 Data Source=.;Initial Catalog=MT;User Id=sa;Password=1
14:01:13.432 @idx 7185
14:01:13.433 @WIE007 
14:01:13.433 @WIE008 0
14:01:13.433 @WIE009 0
14:01:13.433 @WIE010 0.00
14:01:13.433 @WIE011 
14:01:13.433 @WIE012 
14:01:13.433 @WIE013 0
14:01:13.434 @WIE014 0
14:01:13.434 @WIE015 
14:01:13.434 @WIE016 
14:01:13.439 Data Source=.;Initial Catalog=MT;User Id=sa;Password=1
14:01:13.440 @idx 7164
14:01:13.440 @WIE007 
14:01:13.440 @WIE008 0
14:01:13.440 @WIE009 0
14:01:13.440 @WIE010 0.00
14:01:13.441 @WIE011 
14:01:13.441 @WIE012 
14:01:13.441 @WIE013 0
14:01:13.441 @WIE014 0
14:01:13.441 @WIE015 
14:01:13.441 @WIE016 
14:01:13.445 Data Source=.;Initial Catalog=MT;User Id=sa;Password=1
14:01:13.446 @idx 7169
14:01:13.446 @WIE007 
14:01:13.446 @WIE008 0
14:01:13.446 @WIE009 0
14:01:13.446 @WIE010 0.00
14:01:13.446 @WIE011 
14:01:13.447 @WIE012 
14:01:13.447 @WIE013 0
14:01:13.447 @WIE014 0
14:01:13.447 @WIE015 
14:01:13.447 @WIE016 
14:01:13.451 Data Source=.;Initial Catalog=MT;User Id=sa;Password=1
14:01:13.452 @idx 7176
14:01:13.452 @WIE007 
14:01:13.453 @WIE008 0
14:01:13.453 @WIE009 0
14:01:13.453 @WIE010 0.00
14:01:13.453 @WIE011 
14:01:13.453 @WIE012 
14:01:13.454 @WIE013 0
14:01:13.454 @WIE014 0
14:01:13.454 @WIE015 
14:01:13.454 @WIE016 
14:01:13.458 Data Source=.;Initial Catalog=MT;User Id=sa;Password=1
14:01:13.459 @idx 7172
14:01:13.460 @WIE007 
14:01:13.460 @WIE008 0
14:01:13.460 @WIE009 0
14:01:13.460 @WIE010 0.00
14:01:13.460 @WIE011 
14:01:13.460 @WIE012 
14:01:13.461 @WIE013 0
14:01:13.461 @WIE014 0
14:01:13.461 @WIE015 
14:01:13.461 @WIE016 
14:01:13.465 Data Source=.;Initial Catalog=MT;User Id=sa;Password=1
14:01:13.465 @idx 7175
14:01:13.466 @WIE007 
14:01:13.466 @WIE008 0
14:01:13.466 @WIE009 0
14:01:13.466 @WIE010 0.00
14:01:13.466 @WIE011 
14:01:13.467 @WIE012 
14:01:13.467 @WIE013 0
14:01:13.467 @WIE014 0
14:01:13.467 @WIE015 
14:01:13.467 @WIE016 
14:01:13.471 Data Source=.;Initial Catalog=MT;User Id=sa;Password=1
14:01:13.472 @idx 7177
14:01:13.472 @WIE007 
14:01:13.472 @WIE008 0
14:01:13.472 @WIE009 0
14:01:13.472 @WIE010 0.00
14:01:13.473 @WIE011 
14:01:13.473 @WIE012 
14:01:13.473 @WIE013 0
14:01:13.473 @WIE014 0
14:01:13.473 @WIE015 
14:01:13.473 @WIE016 
14:01:13.477 Data Source=.;Initial Catalog=MT;User Id=sa;Password=1
14:01:13.477 @idx 7179
14:01:13.478 @WIE007 
14:01:13.478 @WIE008 0
14:01:13.478 @WIE009 0
14:01:13.478 @WIE010 0.00
14:01:13.478 @WIE011 
14:01:13.479 @WIE012 
14:01:13.479 @WIE013 0
14:01:13.479 @WIE014 0
14:01:13.479 @WIE015 
14:01:13.479 @WIE016 
14:01:13.483 Data Source=.;Initial Catalog=MT;User Id=sa;Password=1
14:01:13.484 @idx 7166
14:01:13.484 @WIE007 
14:01:13.484 @WIE008 0
14:01:13.484 @WIE009 0
14:01:13.484 @WIE010 0.00
14:01:13.485 @WIE011 
14:01:13.485 @WIE012 
14:01:13.485 @WIE013 0
14:01:13.485 @WIE014 0
14:01:13.485 @WIE015 
14:01:13.485 @WIE016 
14:01:13.489 Data Source=.;Initial Catalog=MT;User Id=sa;Password=1
14:01:13.490 @idx 7181
14:01:13.490 @WIE007 
14:01:13.490 @WIE008 0
14:01:13.490 @WIE009 0
14:01:13.491 @WIE010 0.00
14:01:13.491 @WIE011 
14:01:13.491 @WIE012 
14:01:13.491 @WIE013 0
14:01:13.491 @WIE014 0
14:01:13.491 @WIE015 
14:01:13.492 @WIE016 
14:01:13.495 Data Source=.;Initial Catalog=MT;User Id=sa;Password=1
14:01:13.499 Data Source=.;Initial Catalog=MT;User Id=sa;Password=1
14:01:14.372 Data Source=.;Initial Catalog=MT;User Id=sa;Password=1
14:01:17.936 Data Source=.;Initial Catalog=MT;User Id=sa;Password=1
14:01:17.938 Data Source=.;Initial Catalog=MT;User Id=sa;Password=1
14:01:17.966 Data Source=.;Initial Catalog=MT;User Id=sa;Password=1
14:01:23.990 Data Source=.;Initial Catalog=MT;User Id=sa;Password=1
14:01:23.996 Data Source=.;Initial Catalog=MT;User Id=sa;Password=1
14:01:24.047 Data Source=.;Initial Catalog=MT;User Id=sa;Password=1
14:01:24.049 Data Source=.;Initial Catalog=MT;User Id=sa;Password=1
14:01:30.456 Data Source=.;Initial Catalog=MT;User Id=sa;Password=1
14:01:30.467 Data Source=.;Initial Catalog=MT;User Id=sa;Password=1
14:01:30.511 Data Source=.;Initial Catalog=MT;User Id=sa;Password=1
14:01:30.513 Data Source=.;Initial Catalog=MT;User Id=sa;Password=1
14:01:32.074 Data Source=.;Initial Catalog=MT;User Id=sa;Password=1
14:01:32.079 Data Source=.;Initial Catalog=MT;User Id=sa;Password=1
14:01:32.129 Data Source=.;Initial Catalog=MT;User Id=sa;Password=1
14:01:32.131 Data Source=.;Initial Catalog=MT;User Id=sa;Password=1
14:01:34.651 Data Source=.;Initial Catalog=MT;User Id=sa;Password=1
14:01:34.664 Data Source=.;Initial Catalog=MT;User Id=sa;Password=1
14:01:34.705 Data Source=.;Initial Catalog=MT;User Id=sa;Password=1
14:01:34.707 Data Source=.;Initial Catalog=MT;User Id=sa;Password=1
14:07:47.996 Data Source=.;Initial Catalog=MT;User Id=sa;Password=1
14:07:48.174 Data Source=.;Initial Catalog=MT;User Id=sa;Password=1
14:07:48.179 Data Source=.;Initial Catalog=MT;User Id=sa;Password=1
14:07:48.182 Data Source=.;Initial Catalog=MT;User Id=sa;Password=1
14:07:51.265 Data Source=.;Initial Catalog=MT;User Id=sa;Password=1
14:07:51.338 Data Source=.;Initial Catalog=MT;User Id=sa;Password=1
14:07:51.381 Data Source=.;Initial Catalog=MT;User Id=sa;Password=1
14:07:56.717 Data Source=.;Initial Catalog=MT;User Id=sa;Password=1
14:07:56.720 Data Source=.;Initial Catalog=MT;User Id=sa;Password=1
14:07:56.746 Data Source=.;Initial Catalog=MT;User Id=sa;Password=1
14:07:56.753 Data Source=.;Initial Catalog=MT;User Id=sa;Password=1
14:08:03.879 Data Source=.;Initial Catalog=MT;User Id=sa;Password=1
14:08:03.897 Data Source=.;Initial Catalog=MT;User Id=sa;Password=1
14:08:03.900 @idx 7160
14:08:03.900 @WIE007 
14:08:03.900 @WIE008 0
14:08:03.900 @WIE009 0
14:08:03.901 @WIE010 0.00
14:08:03.901 @WIE011 04
14:08:03.901 @WIE012 李显登
14:08:03.901 @WIE013 0
14:08:03.901 @WIE014 0
14:08:03.901 @WIE015 
14:08:03.901 @WIE016 
14:08:03.907 Data Source=.;Initial Catalog=MT;User Id=sa;Password=1
14:08:03.912 @idx 7162
14:08:03.912 @WIE007 
14:08:03.912 @WIE008 0
14:08:03.913 @WIE009 0
14:08:03.913 @WIE010 0.00
14:08:03.913 @WIE011 05
14:08:03.913 @WIE012 郑兴荣
14:08:03.913 @WIE013 0
14:08:03.913 @WIE014 0
14:08:03.913 @WIE015 
14:08:03.913 @WIE016 
14:08:03.917 Data Source=.;Initial Catalog=MT;User Id=sa;Password=1
14:08:03.918 @idx 7145
14:08:03.919 @WIE007 
14:08:03.919 @WIE008 0
14:08:03.919 @WIE009 0
14:08:03.919 @WIE010 0.00
14:08:03.919 @WIE011 06
14:08:03.919 @WIE012 许世锋
14:08:03.919 @WIE013 0
14:08:03.919 @WIE014 0
14:08:03.920 @WIE015 
14:08:03.920 @WIE016 
14:08:03.923 Data Source=.;Initial Catalog=MT;User Id=sa;Password=1
14:08:03.925 @idx 7155
14:08:03.925 @WIE007 
14:08:03.925 @WIE008 0
14:08:03.925 @WIE009 0
14:08:03.925 @WIE010 0.00
14:08:03.925 @WIE011 00007
14:08:03.926 @WIE012 钦小铭
14:08:03.926 @WIE013 0
14:08:03.926 @WIE014 0
14:08:03.926 @WIE015 
14:08:03.926 @WIE016 
14:08:03.930 Data Source=.;Initial Catalog=MT;User Id=sa;Password=1
14:08:03.931 @idx 7161
14:08:03.931 @WIE007 
14:08:03.931 @WIE008 0
14:08:03.931 @WIE009 0
14:08:03.931 @WIE010 0.00
14:08:03.932 @WIE011 00604
14:08:03.932 @WIE012 陆芳芳
14:08:03.932 @WIE013 0
14:08:03.932 @WIE014 0
14:08:03.932 @WIE015 
14:08:03.932 @WIE016 
14:08:03.937 Data Source=.;Initial Catalog=MT;User Id=sa;Password=1
14:08:03.938 @idx 7147
14:08:03.938 @WIE007 
14:08:03.938 @WIE008 0
14:08:03.938 @WIE009 0
14:08:03.939 @WIE010 0.00
14:08:03.939 @WIE011 00583
14:08:03.939 @WIE012 周峰萍
14:08:03.939 @WIE013 0
14:08:03.939 @WIE014 0
14:08:03.939 @WIE015 
14:08:03.939 @WIE016 
14:08:03.943 Data Source=.;Initial Catalog=MT;User Id=sa;Password=1
14:08:03.944 @WID001 20181224001
14:08:03.944 @WID005 2018/12/24 0:00:00
14:08:03.945 Data Source=.;Initial Catalog=MT;User Id=sa;Password=1
14:08:03.946 @idx 7149
14:08:03.946 @WIE007 
14:08:03.946 @WIE008 0
14:08:03.947 @WIE009 0
14:08:03.947 @WIE010 0.00
14:08:03.947 @WIE011 00600
14:08:03.947 @WIE012 姚利明
14:08:03.947 @WIE013 0
14:08:03.947 @WIE014 0
14:08:03.947 @WIE015 
14:08:03.947 @WIE016 
14:08:03.951 Data Source=.;Initial Catalog=MT;User Id=sa;Password=1
14:08:03.957 Data Source=.;Initial Catalog=MT;User Id=sa;Password=1
14:08:03.958 @idx 7153
14:08:03.958 @WIE007 
14:08:03.958 @WIE008 0
14:08:03.958 @WIE009 0
14:08:03.958 @WIE010 0.00
14:08:03.959 @WIE011 QX01
14:08:03.959 @WIE012 注销
14:08:03.959 @WIE013 0
14:08:03.959 @WIE014 0
14:08:03.960 @WIE015 
14:08:03.960 @WIE016 
14:08:03.964 Data Source=.;Initial Catalog=MT;User Id=sa;Password=1
14:08:03.964 @idx 7146
14:08:03.965 @WIE007 
14:08:03.965 @WIE008 0
14:08:03.965 @WIE009 0
14:08:03.965 @WIE010 0.00
14:08:03.965 @WIE011 02
14:08:03.966 @WIE012 李杨
14:08:03.966 @WIE013 0
14:08:03.966 @WIE014 0
14:08:03.966 @WIE015 
14:08:03.966 @WIE016 
14:08:03.972 Data Source=.;Initial Catalog=MT;User Id=sa;Password=1
14:08:03.972 @idx 7156
14:08:03.973 @WIE007 
14:08:03.973 @WIE008 0
14:08:03.973 @WIE009 0
14:08:03.973 @WIE010 0.00
14:08:03.973 @WIE011 LYW
14:08:03.974 @WIE012 刘远望
14:08:03.974 @WIE013 0
14:08:03.974 @WIE014 0
14:08:03.974 @WIE015 
14:08:03.974 @WIE016 
14:08:03.979 Data Source=.;Initial Catalog=MT;User Id=sa;Password=1
14:08:03.980 @idx 7159
14:08:03.980 @WIE007 
14:08:03.981 @WIE008 0
14:08:03.981 @WIE009 0
14:08:03.981 @WIE010 0.00
14:08:03.981 @WIE011 03
14:08:03.981 @WIE012 张贤志
14:08:03.981 @WIE013 0
14:08:03.981 @WIE014 0
14:08:03.981 @WIE015 
14:08:03.982 @WIE016 
14:08:03.986 Data Source=.;Initial Catalog=MT;User Id=sa;Password=1
14:08:03.987 @idx 7163
14:08:03.987 @WIE007 
14:08:03.987 @WIE008 0
14:08:03.988 @WIE009 0
14:08:03.988 @WIE010 0.00
14:08:03.988 @WIE011 01
14:08:03.988 @WIE012 张贤江
14:08:03.988 @WIE013 0
14:08:03.989 @WIE014 0
14:08:03.989 @WIE015 
14:08:03.989 @WIE016 
14:08:03.993 Data Source=.;Initial Catalog=MT;User Id=sa;Password=1
14:08:03.994 @idx 7154
14:08:03.994 @WIE007 
14:08:03.994 @WIE008 0
14:08:03.995 @WIE009 0
14:08:03.995 @WIE010 0.00
14:08:03.995 @WIE011 ZY
14:08:03.995 @WIE012 章燕
14:08:03.995 @WIE013 0
14:08:03.995 @WIE014 0
14:08:03.995 @WIE015 
14:08:03.995 @WIE016 
14:08:03.999 Data Source=.;Initial Catalog=MT;User Id=sa;Password=1
14:08:04.000 @idx 7152
14:08:04.001 @WIE007 
14:08:04.001 @WIE008 0
14:08:04.001 @WIE009 0
14:08:04.001 @WIE010 0.00
14:08:04.001 @WIE011 00004
14:08:04.002 @WIE012 李树国
14:08:04.002 @WIE013 0
14:08:04.002 @WIE014 0
14:08:04.002 @WIE015 
14:08:04.002 @WIE016 
14:08:04.006 Data Source=.;Initial Catalog=MT;User Id=sa;Password=1
14:08:04.007 @idx 7158
14:08:04.007 @WIE007 
14:08:04.007 @WIE008 0
14:08:04.007 @WIE009 0
14:08:04.008 @WIE010 0.00
14:08:04.008 @WIE011 00007
14:08:04.008 @WIE012 钦小铭
14:08:04.008 @WIE013 0
14:08:04.008 @WIE014 0
14:08:04.009 @WIE015 
14:08:04.009 @WIE016 
14:08:04.013 Data Source=.;Initial Catalog=MT;User Id=sa;Password=1
14:08:04.014 @idx 7144
14:08:04.014 @WIE007 
14:08:04.015 @WIE008 0
14:08:04.015 @WIE009 0
14:08:04.015 @WIE010 0.00
14:08:04.015 @WIE011 00583
14:08:04.015 @WIE012 周峰萍
14:08:04.016 @WIE013 0
14:08:04.016 @WIE014 0
14:08:04.016 @WIE015 
14:08:04.016 @WIE016 
14:08:04.019 Data Source=.;Initial Catalog=MT;User Id=sa;Password=1
14:08:04.020 @idx 7150
14:08:04.020 @WIE007 
14:08:04.021 @WIE008 0
14:08:04.021 @WIE009 0
14:08:04.021 @WIE010 0.00
14:08:04.021 @WIE011 07
14:08:04.021 @WIE012 李全来
14:08:04.022 @WIE013 0
14:08:04.022 @WIE014 0
14:08:04.022 @WIE015 
14:08:04.022 @WIE016 
14:08:04.025 Data Source=.;Initial Catalog=MT;User Id=sa;Password=1
14:08:04.026 @idx 7148
14:08:04.026 @WIE007 
14:08:04.027 @WIE008 0
14:08:04.027 @WIE009 0
14:08:04.027 @WIE010 0.00
14:08:04.027 @WIE011 SHH
14:08:04.027 @WIE012 桑海华
14:08:04.027 @WIE013 0
14:08:04.028 @WIE014 0
14:08:04.028 @WIE015 
14:08:04.028 @WIE016 
14:08:04.033 Data Source=.;Initial Catalog=MT;User Id=sa;Password=1
14:08:04.860 Data Source=.;Initial Catalog=MT;User Id=sa;Password=1
14:08:08.692 Data Source=.;Initial Catalog=MT;User Id=sa;Password=1
14:08:08.699 Data Source=.;Initial Catalog=MT;User Id=sa;Password=1
14:08:08.735 Data Source=.;Initial Catalog=MT;User Id=sa;Password=1
14:08:08.736 Data Source=.;Initial Catalog=MT;User Id=sa;Password=1
14:08:19.929 Data Source=.;Initial Catalog=MT;User Id=sa;Password=1
14:08:19.934 Data Source=.;Initial Catalog=MT;User Id=sa;Password=1
14:08:19.934 @idx 7148
14:08:19.934 @WIE007 
14:08:19.935 @WIE008 0
14:08:19.935 @WIE009 0
14:08:19.935 @WIE010 0.00
14:08:19.935 @WIE011 SHH
14:08:19.936 @WIE012 桑海华
14:08:19.936 @WIE013 0
14:08:19.936 @WIE014 0
14:08:19.936 @WIE015 
14:08:19.940 @WIE016 
14:08:19.944 Data Source=.;Initial Catalog=MT;User Id=sa;Password=1
14:08:19.947 @idx 7160
14:08:19.947 @WIE007 
14:08:19.948 @WIE008 0
14:08:19.948 @WIE009 0
14:08:19.948 @WIE010 0.00
14:08:19.948 @WIE011 04
14:08:19.949 @WIE012 李显登
14:08:19.949 @WIE013 0
14:08:19.949 @WIE014 0
14:08:19.949 @WIE015 
14:08:19.949 @WIE016 
14:08:19.954 Data Source=.;Initial Catalog=MT;User Id=sa;Password=1
14:08:19.955 @WID001 20181224001
14:08:19.956 @WID005 2018/12/24 0:00:00
14:08:19.957 Data Source=.;Initial Catalog=MT;User Id=sa;Password=1
14:08:19.961 Data Source=.;Initial Catalog=MT;User Id=sa;Password=1
14:08:19.962 @idx 7155
14:08:19.963 @WIE007 
14:08:19.963 @WIE008 0
14:08:19.963 @WIE009 0
14:08:19.963 @WIE010 0.00
14:08:19.964 @WIE011 00007
14:08:19.964 @WIE012 钦小铭
14:08:19.964 @WIE013 0
14:08:19.964 @WIE014 0
14:08:19.965 @WIE015 
14:08:19.965 @WIE016 
14:08:19.970 Data Source=.;Initial Catalog=MT;User Id=sa;Password=1
14:08:19.971 @idx 7145
14:08:19.971 @WIE007 
14:08:19.971 @WIE008 0
14:08:19.971 @WIE009 0
14:08:19.972 @WIE010 0.00
14:08:19.972 @WIE011 06
14:08:19.972 @WIE012 许世锋
14:08:19.972 @WIE013 0
14:08:19.973 @WIE014 0
14:08:19.973 @WIE015 
14:08:19.973 @WIE016 
14:08:19.977 Data Source=.;Initial Catalog=MT;User Id=sa;Password=1
14:08:19.978 @idx 7161
14:08:19.978 @WIE007 
14:08:19.979 @WIE008 0
14:08:19.979 @WIE009 0
14:08:19.979 @WIE010 0.00
14:08:19.979 @WIE011 00604
14:08:19.979 @WIE012 陆芳芳
14:08:19.980 @WIE013 0
14:08:19.980 @WIE014 0
14:08:19.980 @WIE015 
14:08:19.980 @WIE016 
14:08:19.984 Data Source=.;Initial Catalog=MT;User Id=sa;Password=1
14:08:19.985 @idx 7156
14:08:19.986 @WIE007 
14:08:19.986 @WIE008 0
14:08:19.986 @WIE009 0
14:08:19.986 @WIE010 0.00
14:08:19.986 @WIE011 LYW
14:08:19.986 @WIE012 刘远望
14:08:19.987 @WIE013 0
14:08:19.987 @WIE014 0
14:08:19.987 @WIE015 
14:08:19.987 @WIE016 
14:08:19.991 Data Source=.;Initial Catalog=MT;User Id=sa;Password=1
14:08:19.992 @idx 7152
14:08:19.992 @WIE007 
14:08:19.992 @WIE008 0
14:08:19.993 @WIE009 0
14:08:19.993 @WIE010 0.00
14:08:19.993 @WIE011 00004
14:08:19.993 @WIE012 李树国
14:08:19.993 @WIE013 0
14:08:19.994 @WIE014 0
14:08:19.994 @WIE015 
14:08:19.994 @WIE016 
14:08:19.998 Data Source=.;Initial Catalog=MT;User Id=sa;Password=1
14:08:20.000 @idx 7154
14:08:20.000 @WIE007 
14:08:20.000 @WIE008 0
14:08:20.000 @WIE009 0
14:08:20.000 @WIE010 0.00
14:08:20.001 @WIE011 ZY
14:08:20.001 @WIE012 章燕
14:08:20.001 @WIE013 0
14:08:20.001 @WIE014 0
14:08:20.001 @WIE015 
14:08:20.002 @WIE016 
14:08:20.006 Data Source=.;Initial Catalog=MT;User Id=sa;Password=1
14:08:20.007 @idx 7153
14:08:20.007 @WIE007 
14:08:20.007 @WIE008 0
14:08:20.007 @WIE009 0
14:08:20.008 @WIE010 0.00
14:08:20.008 @WIE011 QX01
14:08:20.008 @WIE012 注销
14:08:20.008 @WIE013 0
14:08:20.008 @WIE014 0
14:08:20.009 @WIE015 
14:08:20.009 @WIE016 
14:08:20.012 Data Source=.;Initial Catalog=MT;User Id=sa;Password=1
14:08:20.013 @idx 7162
14:08:20.013 @WIE007 
14:08:20.014 @WIE008 0
14:08:20.014 @WIE009 0
14:08:20.014 @WIE010 0.00
14:08:20.014 @WIE011 05
14:08:20.014 @WIE012 郑兴荣
14:08:20.014 @WIE013 0
14:08:20.015 @WIE014 0
14:08:20.015 @WIE015 
14:08:20.015 @WIE016 
14:08:20.020 Data Source=.;Initial Catalog=MT;User Id=sa;Password=1
14:08:20.021 @idx 7144
14:08:20.021 @WIE007 
14:08:20.021 @WIE008 0
14:08:20.021 @WIE009 0
14:08:20.021 @WIE010 0.00
14:08:20.022 @WIE011 00583
14:08:20.022 @WIE012 周峰萍
14:08:20.022 @WIE013 0
14:08:20.022 @WIE014 0
14:08:20.023 @WIE015 
14:08:20.023 @WIE016 
14:08:20.026 Data Source=.;Initial Catalog=MT;User Id=sa;Password=1
14:08:20.027 @idx 7159
14:08:20.027 @WIE007 
14:08:20.028 @WIE008 0
14:08:20.028 @WIE009 0
14:08:20.028 @WIE010 0.00
14:08:20.028 @WIE011 03
14:08:20.028 @WIE012 张贤志
14:08:20.029 @WIE013 0
14:08:20.029 @WIE014 0
14:08:20.029 @WIE015 
14:08:20.029 @WIE016 
14:08:20.033 Data Source=.;Initial Catalog=MT;User Id=sa;Password=1
14:08:20.034 @idx 7147
14:08:20.034 @WIE007 
14:08:20.034 @WIE008 0
14:08:20.034 @WIE009 0
14:08:20.034 @WIE010 0.00
14:08:20.035 @WIE011 00583
14:08:20.035 @WIE012 周峰萍
14:08:20.035 @WIE013 0
14:08:20.035 @WIE014 0
14:08:20.035 @WIE015 
14:08:20.036 @WIE016 
14:08:20.039 Data Source=.;Initial Catalog=MT;User Id=sa;Password=1
14:08:20.040 @idx 7149
14:08:20.040 @WIE007 
14:08:20.040 @WIE008 0
14:08:20.041 @WIE009 0
14:08:20.041 @WIE010 0.00
14:08:20.041 @WIE011 00600
14:08:20.041 @WIE012 姚利明
14:08:20.041 @WIE013 0
14:08:20.041 @WIE014 0
14:08:20.042 @WIE015 
14:08:20.042 @WIE016 
14:08:20.045 Data Source=.;Initial Catalog=MT;User Id=sa;Password=1
14:08:20.046 @idx 7150
14:08:20.046 @WIE007 
14:08:20.046 @WIE008 0
14:08:20.047 @WIE009 0
14:08:20.047 @WIE010 0.00
14:08:20.047 @WIE011 07
14:08:20.047 @WIE012 李全来
14:08:20.047 @WIE013 0
14:08:20.048 @WIE014 0
14:08:20.048 @WIE015 
14:08:20.048 @WIE016 
14:08:20.052 Data Source=.;Initial Catalog=MT;User Id=sa;Password=1
14:08:20.053 @idx 7163
14:08:20.053 @WIE007 
14:08:20.053 @WIE008 0
14:08:20.053 @WIE009 0
14:08:20.053 @WIE010 0.00
14:08:20.054 @WIE011 01
14:08:20.054 @WIE012 张贤江
14:08:20.054 @WIE013 0
14:08:20.054 @WIE014 0
14:08:20.054 @WIE015 
14:08:20.054 @WIE016 
14:08:20.058 Data Source=.;Initial Catalog=MT;User Id=sa;Password=1
14:08:20.059 @idx 7146
14:08:20.059 @WIE007 
14:08:20.059 @WIE008 0
14:08:20.059 @WIE009 0
14:08:20.059 @WIE010 0.00
14:08:20.060 @WIE011 02
14:08:20.060 @WIE012 李杨
14:08:20.060 @WIE013 0
14:08:20.060 @WIE014 0
14:08:20.060 @WIE015 
14:08:20.061 @WIE016 
14:08:20.064 Data Source=.;Initial Catalog=MT;User Id=sa;Password=1
14:08:20.998 Data Source=.;Initial Catalog=MT;User Id=sa;Password=1
14:08:23.236 Data Source=.;Initial Catalog=MT;User Id=sa;Password=1
14:08:23.246 Data Source=.;Initial Catalog=MT;User Id=sa;Password=1
14:08:23.298 Data Source=.;Initial Catalog=MT;User Id=sa;Password=1
14:08:23.301 Data Source=.;Initial Catalog=MT;User Id=sa;Password=1
15:53:08.307 Data Source=.;Initial Catalog=MT;User Id=sa;Password=1
15:53:08.491 Data Source=.;Initial Catalog=MT;User Id=sa;Password=1
15:53:08.495 Data Source=.;Initial Catalog=MT;User Id=sa;Password=1
15:53:08.497 Data Source=.;Initial Catalog=MT;User Id=sa;Password=1
15:53:18.306 Data Source=.;Initial Catalog=MT;User Id=sa;Password=1
