16:56:03.721 Data Source=.;Initial Catalog=MT;User Id=sa;Password=1
16:56:04.031 Data Source=.;Initial Catalog=MT;User Id=sa;Password=1
16:56:04.040 Data Source=.;Initial Catalog=MT;User Id=sa;Password=1
16:56:04.051 Data Source=.;Initial Catalog=MT;User Id=sa;Password=1
16:58:26.535 Data Source=.;Initial Catalog=MT;User Id=sa;Password=1
16:58:26.608 Data Source=.;Initial Catalog=MT;User Id=sa;Password=1
16:58:28.977 Data Source=.;Initial Catalog=MT;User Id=sa;Password=1
16:58:29.921 Data Source=.;Initial Catalog=MT;User Id=sa;Password=1
16:58:32.105 Data Source=.;Initial Catalog=MT;User Id=sa;Password=1
16:58:42.807 Data Source=.;Initial Catalog=MT;User Id=sa;Password=1
16:58:47.983 Data Source=.;Initial Catalog=MT;User Id=sa;Password=1
16:58:48.385 Data Source=.;Initial Catalog=MT;User Id=sa;Password=1
16:58:48.617 Data Source=.;Initial Catalog=MT;User Id=sa;Password=1
16:58:48.626 Data Source=.;Initial Catalog=MT;User Id=sa;Password=1
16:58:48.628 Data Source=.;Initial Catalog=MT;User Id=sa;Password=1
16:58:55.643 Data Source=.;Initial Catalog=MT;User Id=sa;Password=1
16:58:57.903 Data Source=.;Initial Catalog=MT;User Id=sa;Password=1
16:59:06.689 Data Source=.;Initial Catalog=MT;User Id=sa;Password=1
16:59:06.694 Data Source=.;Initial Catalog=MT;User Id=sa;Password=1
16:59:06.696 Data Source=.;Initial Catalog=MT;User Id=sa;Password=1
16:59:07.433 Data Source=.;Initial Catalog=MT;User Id=sa;Password=1
16:59:12.433 Data Source=.;Initial Catalog=MT;User Id=sa;Password=1
16:59:12.441 Data Source=.;Initial Catalog=MT;User Id=sa;Password=1
16:59:12.446 Data Source=.;Initial Catalog=MT;User Id=sa;Password=1
16:59:12.449 @STM001 JH201803220001
16:59:12.451 @STM002 001
16:59:12.452 @STM003 STA1139E1
16:59:12.453 @STM004 定子铁芯
16:59:12.454 @STM005 MY05B 88
16:59:12.455 @STM006 004100015201800127
16:59:12.456 @STM007 
16:59:12.462 Data Source=.;Initial Catalog=MT;User Id=sa;Password=1
16:59:12.473 @STM001 20180312000005
16:59:12.474 @STM002 002
16:59:12.475 @STM003 STA1139E1
16:59:12.476 @STM004 定子铁芯
16:59:12.477 @STM005 MY05B 88
16:59:12.477 @STM006 004100015201800042
16:59:12.478 @STM007 
16:59:12.479 Data Source=.;Initial Catalog=MT;User Id=sa;Password=1
16:59:12.481 @STM001 20180312000005
16:59:12.481 @STM002 002
16:59:12.482 @STM003 STA1139E1
16:59:12.483 @STM004 定子铁芯
16:59:12.484 @STM005 MY05B 88
16:59:12.484 @STM006 004100015201800060
16:59:12.485 @STM007 
16:59:12.486 Data Source=.;Initial Catalog=MT;User Id=sa;Password=1
16:59:12.488 @STM001 JH201803220001
16:59:12.489 @STM002 001
16:59:12.489 @STM003 STA1139E1
16:59:12.490 @STM004 定子铁芯
16:59:12.491 @STM005 MY05B 88
16:59:12.491 @STM006 004100015201800133
16:59:12.492 @STM007 
16:59:12.494 Data Source=.;Initial Catalog=MT;User Id=sa;Password=1
16:59:12.496 @STM001 JH201803220001
16:59:12.497 @STM002 001
16:59:12.497 @STM003 STA1139E1
16:59:12.498 @STM004 定子铁芯
16:59:12.499 @STM005 MY05B 88
16:59:12.499 @STM006 004100015201800088
16:59:12.500 @STM007 
16:59:12.501 Data Source=.;Initial Catalog=MT;User Id=sa;Password=1
16:59:12.502 @STM001 JH201803220001
16:59:12.503 @STM002 001
16:59:12.504 @STM003 STA1139E1
16:59:12.505 @STM004 定子铁芯
16:59:12.506 @STM005 MY05B 88
16:59:12.506 @STM006 004100015201800087
16:59:12.507 @STM007 
16:59:12.508 Data Source=.;Initial Catalog=MT;User Id=sa;Password=1
16:59:12.510 @STM001 JH201803220001
16:59:12.510 @STM002 001
16:59:12.511 @STM003 STA1139E1
16:59:12.512 @STM004 定子铁芯
16:59:12.512 @STM005 MY05B 88
16:59:12.513 @STM006 004100015201800112
16:59:12.514 @STM007 
16:59:12.515 Data Source=.;Initial Catalog=MT;User Id=sa;Password=1
16:59:12.517 @STM001 JH201803220001
16:59:12.518 @STM002 001
16:59:12.518 @STM003 STA1139E1
16:59:12.519 @STM004 定子铁芯
16:59:12.520 @STM005 MY05B 88
16:59:12.520 @STM006 004100015201800118
16:59:12.521 @STM007 
16:59:12.522 Data Source=.;Initial Catalog=MT;User Id=sa;Password=1
16:59:12.523 @STM001 JH201803220001
16:59:12.524 @STM002 001
16:59:12.525 @STM003 STA1139E1
16:59:12.526 @STM004 定子铁芯
16:59:12.526 @STM005 MY05B 88
16:59:12.527 @STM006 004100015201800120
16:59:12.527 @STM007 
16:59:12.528 Data Source=.;Initial Catalog=MT;User Id=sa;Password=1
16:59:12.530 @STM001 20180312000005
16:59:12.531 @STM002 002
16:59:12.531 @STM003 STA1139E1
16:59:12.532 @STM004 定子铁芯
16:59:12.533 @STM005 MY05B 88
16:59:12.533 @STM006 004100015201800048
16:59:12.534 @STM007 
16:59:12.536 Data Source=.;Initial Catalog=MT;User Id=sa;Password=1
16:59:12.537 @STM001 JH201803220001
16:59:12.538 @STM002 001
16:59:12.539 @STM003 STA1139E1
16:59:12.539 @STM004 定子铁芯
16:59:12.540 @STM005 MY05B 88
16:59:12.541 @STM006 004100015201800131
16:59:12.541 @STM007 
16:59:12.543 Data Source=.;Initial Catalog=MT;User Id=sa;Password=1
16:59:12.544 @STM001 JH201803220001
16:59:12.545 @STM002 001
16:59:12.545 @STM003 STA1139E1
16:59:12.546 @STM004 定子铁芯
16:59:12.546 @STM005 MY05B 88
16:59:12.547 @STM006 004100015201800155
16:59:12.548 @STM007 
16:59:12.549 Data Source=.;Initial Catalog=MT;User Id=sa;Password=1
16:59:12.550 @STM001 JH201803220001
16:59:12.551 @STM002 001
16:59:12.552 @STM003 STA1139E1
16:59:12.552 @STM004 定子铁芯
16:59:12.553 @STM005 MY05B 88
16:59:12.553 @STM006 004100015201800148
16:59:12.554 @STM007 
16:59:12.556 Data Source=.;Initial Catalog=MT;User Id=sa;Password=1
16:59:12.557 @STM001 JH201803220001
16:59:12.558 @STM002 001
16:59:12.558 @STM003 STA1139E1
16:59:12.559 @STM004 定子铁芯
16:59:12.560 @STM005 MY05B 88
16:59:12.560 @STM006 004100015201800109
16:59:12.561 @STM007 
16:59:12.563 Data Source=.;Initial Catalog=MT;User Id=sa;Password=1
16:59:12.564 @STM001 20180312000005
16:59:12.565 @STM002 002
16:59:12.566 @STM003 STA1139E1
16:59:12.566 @STM004 定子铁芯
16:59:12.567 @STM005 MY05B 88
16:59:12.568 @STM006 004100015201800058
16:59:12.568 @STM007 
16:59:12.569 Data Source=.;Initial Catalog=MT;User Id=sa;Password=1
16:59:12.570 @STM001 JH201803220001
16:59:12.571 @STM002 001
16:59:12.572 @STM003 STA1139E1
16:59:12.573 @STM004 定子铁芯
16:59:12.573 @STM005 MY05B 88
16:59:12.574 @STM006 004100015201800086
16:59:12.575 @STM007 
16:59:12.576 Data Source=.;Initial Catalog=MT;User Id=sa;Password=1
16:59:12.577 @STM001 20180312000005
16:59:12.578 @STM002 002
16:59:12.578 @STM003 STA1139E1
16:59:12.579 @STM004 定子铁芯
16:59:12.580 @STM005 MY05B 88
16:59:12.581 @STM006 004100015201800041
16:59:12.582 @STM007 
16:59:12.583 Data Source=.;Initial Catalog=MT;User Id=sa;Password=1
16:59:12.584 @STM001 JH201803220001
16:59:12.585 @STM002 001
16:59:12.586 @STM003 STA1139E1
16:59:12.586 @STM004 定子铁芯
16:59:12.587 @STM005 MY05B 88
16:59:12.588 @STM006 004100015201800126
16:59:12.588 @STM007 
16:59:12.589 Data Source=.;Initial Catalog=MT;User Id=sa;Password=1
16:59:12.591 @STM001 JH201803220001
16:59:12.592 @STM002 001
16:59:12.592 @STM003 STA1139E1
16:59:12.593 @STM004 定子铁芯
16:59:12.594 @STM005 MY05B 88
16:59:12.594 @STM006 004100015201800113
16:59:12.595 @STM007 
16:59:12.596 Data Source=.;Initial Catalog=MT;User Id=sa;Password=1
16:59:12.597 @STM001 20180312000005
16:59:12.598 @STM002 002
16:59:12.599 @STM003 STA1139E1
16:59:12.599 @STM004 定子铁芯
16:59:12.600 @STM005 MY05B 88
16:59:12.601 @STM006 004100015201800038
16:59:12.602 @STM007 
16:59:12.603 Data Source=.;Initial Catalog=MT;User Id=sa;Password=1
16:59:12.604 @STM001 JH201803220001
16:59:12.605 @STM002 001
16:59:12.606 @STM003 STA1139E1
16:59:12.607 @STM004 定子铁芯
16:59:12.607 @STM005 MY05B 88
16:59:12.608 @STM006 004100015201800081
16:59:12.609 @STM007 
16:59:12.610 Data Source=.;Initial Catalog=MT;User Id=sa;Password=1
16:59:12.611 @STM001 JH201803220001
16:59:12.612 @STM002 001
16:59:12.613 @STM003 STA1139E1
16:59:12.614 @STM004 定子铁芯
16:59:12.614 @STM005 MY05B 88
16:59:12.615 @STM006 004100015201800146
16:59:12.616 @STM007 
16:59:12.617 Data Source=.;Initial Catalog=MT;User Id=sa;Password=1
16:59:12.618 @STM001 20180312000005
16:59:12.619 @STM002 002
16:59:12.620 @STM003 STA1139E1
16:59:12.620 @STM004 定子铁芯
16:59:12.621 @STM005 MY05B 88
16:59:12.622 @STM006 004100015201800077
16:59:12.623 @STM007 
16:59:12.624 Data Source=.;Initial Catalog=MT;User Id=sa;Password=1
16:59:12.625 @STM001 20180312000005
16:59:12.626 @STM002 002
16:59:12.627 @STM003 STA1139E1
16:59:12.627 @STM004 定子铁芯
16:59:12.628 @STM005 MY05B 88
16:59:12.629 @STM006 004100015201800032
16:59:12.629 @STM007 
16:59:12.630 Data Source=.;Initial Catalog=MT;User Id=sa;Password=1
16:59:12.632 @STM001 JH201803220001
16:59:12.632 @STM002 001
16:59:12.633 @STM003 STA1139E1
16:59:12.634 @STM004 定子铁芯
16:59:12.634 @STM005 MY05B 88
16:59:12.635 @STM006 004100015201800102
16:59:12.636 @STM007 
16:59:12.637 Data Source=.;Initial Catalog=MT;User Id=sa;Password=1
16:59:12.638 @STM001 JH201803220001
16:59:12.639 @STM002 001
16:59:12.640 @STM003 STA1139E1
16:59:12.641 @STM004 定子铁芯
16:59:12.642 @STM005 MY05B 88
16:59:12.642 @STM006 004100015201800104
16:59:12.643 @STM007 
16:59:12.644 Data Source=.;Initial Catalog=MT;User Id=sa;Password=1
16:59:12.645 @STM001 JH201803220001
16:59:12.646 @STM002 001
16:59:12.647 @STM003 STA1139E1
16:59:12.648 @STM004 定子铁芯
16:59:12.648 @STM005 MY05B 88
16:59:12.649 @STM006 004100015201800094
16:59:12.650 @STM007 
16:59:12.651 Data Source=.;Initial Catalog=MT;User Id=sa;Password=1
16:59:12.652 @STM001 20180312000005
16:59:12.653 @STM002 002
16:59:12.654 @STM003 STA1139E1
16:59:12.655 @STM004 定子铁芯
16:59:12.655 @STM005 MY05B 88
16:59:12.656 @STM006 004100015201800033
16:59:12.657 @STM007 
16:59:12.658 Data Source=.;Initial Catalog=MT;User Id=sa;Password=1
16:59:12.659 @STM001 20180312000005
16:59:12.660 @STM002 002
16:59:12.661 @STM003 STA1139E1
16:59:12.661 @STM004 定子铁芯
16:59:12.662 @STM005 MY05B 88
16:59:12.663 @STM006 004100015201800026
16:59:12.663 @STM007 
16:59:12.664 Data Source=.;Initial Catalog=MT;User Id=sa;Password=1
16:59:12.666 @STM001 20180312000005
16:59:12.667 @STM002 002
16:59:12.667 @STM003 STA1139E1
16:59:12.668 @STM004 定子铁芯
16:59:12.669 @STM005 MY05B 88
16:59:12.669 @STM006 004100015201800072
16:59:12.670 @STM007 
16:59:12.671 Data Source=.;Initial Catalog=MT;User Id=sa;Password=1
16:59:12.672 @STM001 20180312000005
16:59:12.673 @STM002 002
16:59:12.674 @STM003 STA1139E1
16:59:12.675 @STM004 定子铁芯
16:59:12.675 @STM005 MY05B 88
16:59:12.676 @STM006 004100015201800024
16:59:12.677 @STM007 
16:59:12.678 Data Source=.;Initial Catalog=MT;User Id=sa;Password=1
16:59:12.679 @STM001 JH201803220001
16:59:12.680 @STM002 001
16:59:12.681 @STM003 STA1139E1
16:59:12.681 @STM004 定子铁芯
16:59:12.682 @STM005 MY05B 88
16:59:12.683 @STM006 004100015201800093
16:59:12.683 @STM007 
16:59:12.685 Data Source=.;Initial Catalog=MT;User Id=sa;Password=1
16:59:12.686 @STM001 20180312000005
16:59:12.687 @STM002 002
16:59:12.688 @STM003 STA1139E1
16:59:12.689 @STM004 定子铁芯
16:59:12.690 @STM005 MY05B 88
16:59:12.691 @STM006 004100015201800065
16:59:12.691 @STM007 
16:59:12.692 Data Source=.;Initial Catalog=MT;User Id=sa;Password=1
16:59:12.694 @STM001 20180312000005
16:59:12.695 @STM002 002
16:59:12.695 @STM003 STA1139E1
16:59:12.696 @STM004 定子铁芯
16:59:12.697 @STM005 MY05B 88
16:59:12.697 @STM006 004100015201800079
16:59:12.698 @STM007 
16:59:12.699 Data Source=.;Initial Catalog=MT;User Id=sa;Password=1
16:59:12.700 @STM001 20180312000005
16:59:12.701 @STM002 002
16:59:12.702 @STM003 STA1139E1
16:59:12.703 @STM004 定子铁芯
16:59:12.704 @STM005 MY05B 88
16:59:12.705 @STM006 004100015201800054
16:59:12.705 @STM007 
16:59:12.706 Data Source=.;Initial Catalog=MT;User Id=sa;Password=1
16:59:12.708 @STM001 JH201803220001
16:59:12.708 @STM002 001
16:59:12.709 @STM003 STA1139E1
16:59:12.710 @STM004 定子铁芯
16:59:12.711 @STM005 MY05B 88
16:59:12.711 @STM006 004100015201800084
16:59:12.712 @STM007 
16:59:12.713 Data Source=.;Initial Catalog=MT;User Id=sa;Password=1
16:59:12.714 @STM001 JH201803220001
16:59:12.715 @STM002 001
16:59:12.716 @STM003 STA1139E1
16:59:12.717 @STM004 定子铁芯
16:59:12.718 @STM005 MY05B 88
16:59:12.718 @STM006 004100015201800122
16:59:12.719 @STM007 
16:59:12.721 Data Source=.;Initial Catalog=MT;User Id=sa;Password=1
16:59:12.723 @STM001 JH201803220001
16:59:12.724 @STM002 001
16:59:12.724 @STM003 STA1139E1
16:59:12.725 @STM004 定子铁芯
16:59:12.726 @STM005 MY05B 88
16:59:12.727 @STM006 004100015201800149
16:59:12.727 @STM007 
16:59:12.728 Data Source=.;Initial Catalog=MT;User Id=sa;Password=1
16:59:12.730 @STM001 20180312000005
16:59:12.730 @STM002 002
16:59:12.731 @STM003 STA1139E1
16:59:12.732 @STM004 定子铁芯
16:59:12.732 @STM005 MY05B 88
16:59:12.733 @STM006 004100015201800040
16:59:12.734 @STM007 
16:59:12.735 Data Source=.;Initial Catalog=MT;User Id=sa;Password=1
16:59:12.737 @STM001 JH201803220001
16:59:12.737 @STM002 001
16:59:12.738 @STM003 STA1139E1
16:59:12.739 @STM004 定子铁芯
16:59:12.739 @STM005 MY05B 88
16:59:12.740 @STM006 004100015201800150
16:59:12.741 @STM007 
16:59:12.742 Data Source=.;Initial Catalog=MT;User Id=sa;Password=1
16:59:12.743 @STM001 JH201803220001
16:59:12.744 @STM002 001
16:59:12.745 @STM003 STA1139E1
16:59:12.745 @STM004 定子铁芯
16:59:12.746 @STM005 MY05B 88
16:59:12.747 @STM006 004100015201800085
16:59:12.747 @STM007 
16:59:12.749 Data Source=.;Initial Catalog=MT;User Id=sa;Password=1
16:59:12.750 @STM001 20180312000005
16:59:12.751 @STM002 002
16:59:12.752 @STM003 STA1139E1
16:59:12.752 @STM004 定子铁芯
16:59:12.753 @STM005 MY05B 88
16:59:12.753 @STM006 004100015201800064
16:59:12.754 @STM007 
16:59:12.755 Data Source=.;Initial Catalog=MT;User Id=sa;Password=1
16:59:12.756 @STM001 20180312000005
16:59:12.757 @STM002 002
16:59:12.758 @STM003 STA1139E1
16:59:12.759 @STM004 定子铁芯
16:59:12.759 @STM005 MY05B 88
16:59:12.760 @STM006 004100015201800045
16:59:12.761 @STM007 
16:59:12.762 Data Source=.;Initial Catalog=MT;User Id=sa;Password=1
16:59:12.763 @STM001 20180312000005
16:59:12.764 @STM002 002
16:59:12.765 @STM003 STA1139E1
16:59:12.765 @STM004 定子铁芯
16:59:12.767 @STM005 MY05B 88
16:59:12.767 @STM006 004100015201800031
16:59:12.768 @STM007 
16:59:12.770 Data Source=.;Initial Catalog=MT;User Id=sa;Password=1
16:59:12.772 @STM001 JH201803220001
16:59:12.773 @STM002 001
16:59:12.774 @STM003 STA1139E1
16:59:12.774 @STM004 定子铁芯
16:59:12.775 @STM005 MY05B 88
16:59:12.775 @STM006 004100015201800121
16:59:12.776 @STM007 
16:59:12.777 Data Source=.;Initial Catalog=MT;User Id=sa;Password=1
16:59:12.778 @STM001 JH201803220001
16:59:12.780 @STM002 001
16:59:12.781 @STM003 STA1139E1
16:59:12.782 @STM004 定子铁芯
16:59:12.782 @STM005 MY05B 88
16:59:12.783 @STM006 004100015201800117
16:59:12.783 @STM007 
16:59:12.785 Data Source=.;Initial Catalog=MT;User Id=sa;Password=1
16:59:12.786 @STM001 JH201803220001
16:59:12.787 @STM002 001
16:59:12.787 @STM003 STA1139E1
16:59:12.788 @STM004 定子铁芯
16:59:12.788 @STM005 MY05B 88
16:59:12.789 @STM006 004100015201800115
16:59:12.790 @STM007 
16:59:12.791 Data Source=.;Initial Catalog=MT;User Id=sa;Password=1
16:59:12.792 @STM001 20180312000005
16:59:12.793 @STM002 002
16:59:12.794 @STM003 STA1139E1
16:59:12.794 @STM004 定子铁芯
16:59:12.795 @STM005 MY05B 88
16:59:12.796 @STM006 004100015201800069
16:59:12.797 @STM007 
16:59:12.798 Data Source=.;Initial Catalog=MT;User Id=sa;Password=1
16:59:12.800 @STM001 JH201803220001
16:59:12.800 @STM002 001
16:59:12.801 @STM003 STA1139E1
16:59:12.802 @STM004 定子铁芯
16:59:12.802 @STM005 MY05B 88
16:59:12.803 @STM006 004100015201800145
16:59:12.804 @STM007 
16:59:12.805 Data Source=.;Initial Catalog=MT;User Id=sa;Password=1
16:59:12.806 @STM001 20180312000005
16:59:12.807 @STM002 002
16:59:12.807 @STM003 STA1139E1
16:59:12.808 @STM004 定子铁芯
16:59:12.809 @STM005 MY05B 88
16:59:12.809 @STM006 004100015201800062
16:59:12.810 @STM007 
16:59:12.812 Data Source=.;Initial Catalog=MT;User Id=sa;Password=1
16:59:12.813 @STM001 20180312000005
16:59:12.814 @STM002 002
16:59:12.814 @STM003 STA1139E1
16:59:12.815 @STM004 定子铁芯
16:59:12.816 @STM005 MY05B 88
16:59:12.816 @STM006 004100015201800063
16:59:12.817 @STM007 
16:59:12.818 Data Source=.;Initial Catalog=MT;User Id=sa;Password=1
16:59:12.819 @STM001 20180312000005
16:59:12.820 @STM002 002
16:59:12.821 @STM003 STA1139E1
16:59:12.822 @STM004 定子铁芯
16:59:12.822 @STM005 MY05B 88
16:59:12.823 @STM006 004100015201800037
16:59:12.824 @STM007 
16:59:12.825 Data Source=.;Initial Catalog=MT;User Id=sa;Password=1
16:59:12.826 @STM001 20180312000005
16:59:12.827 @STM002 002
16:59:12.827 @STM003 STA1139E1
16:59:12.828 @STM004 定子铁芯
16:59:12.829 @STM005 MY05B 88
16:59:12.829 @STM006 004100015201800035
16:59:12.830 @STM007 
16:59:12.831 Data Source=.;Initial Catalog=MT;User Id=sa;Password=1
16:59:12.833 @STM001 JH201803220001
16:59:12.834 @STM002 001
16:59:12.834 @STM003 STA1139E1
16:59:12.835 @STM004 定子铁芯
16:59:12.836 @STM005 MY05B 88
16:59:12.836 @STM006 004100015201800103
16:59:12.837 @STM007 
16:59:12.838 Data Source=.;Initial Catalog=MT;User Id=sa;Password=1
16:59:12.839 @STM001 20180312000005
16:59:12.840 @STM002 002
16:59:12.841 @STM003 STA1139E1
16:59:12.842 @STM004 定子铁芯
16:59:12.842 @STM005 MY05B 88
16:59:12.843 @STM006 004100015201800047
16:59:12.844 @STM007 
16:59:12.845 Data Source=.;Initial Catalog=MT;User Id=sa;Password=1
16:59:12.846 @STM001 20180312000005
16:59:12.847 @STM002 002
16:59:12.848 @STM003 STA1139E1
16:59:12.848 @STM004 定子铁芯
16:59:12.849 @STM005 MY05B 88
16:59:12.850 @STM006 004100015201800055
16:59:12.850 @STM007 
16:59:12.852 Data Source=.;Initial Catalog=MT;User Id=sa;Password=1
16:59:12.853 @STM001 20180312000005
16:59:12.854 @STM002 002
16:59:12.855 @STM003 STA1139E1
16:59:12.856 @STM004 定子铁芯
16:59:12.856 @STM005 MY05B 88
16:59:12.857 @STM006 004100015201800027
16:59:12.858 @STM007 
16:59:12.859 Data Source=.;Initial Catalog=MT;User Id=sa;Password=1
16:59:12.861 @STM001 JH201803220001
16:59:12.861 @STM002 001
16:59:12.862 @STM003 STA1139E1
16:59:12.863 @STM004 定子铁芯
16:59:12.863 @STM005 MY05B 88
16:59:12.864 @STM006 004100015201800116
16:59:12.865 @STM007 
16:59:12.866 Data Source=.;Initial Catalog=MT;User Id=sa;Password=1
16:59:12.867 @STM001 20180312000005
16:59:12.868 @STM002 002
16:59:12.869 @STM003 STA1139E1
16:59:12.869 @STM004 定子铁芯
16:59:12.870 @STM005 MY05B 88
16:59:12.870 @STM006 004100015201800021
16:59:12.871 @STM007 
16:59:12.873 Data Source=.;Initial Catalog=MT;User Id=sa;Password=1
16:59:12.874 @STM001 JH201803220001
16:59:12.875 @STM002 001
16:59:12.876 @STM003 STA1139E1
16:59:12.876 @STM004 定子铁芯
16:59:12.877 @STM005 MY05B 88
16:59:12.878 @STM006 004100015201800123
16:59:12.878 @STM007 
16:59:12.879 Data Source=.;Initial Catalog=MT;User Id=sa;Password=1
16:59:12.881 @STM001 JH201803220001
16:59:12.882 @STM002 001
16:59:12.882 @STM003 STA1139E1
16:59:12.883 @STM004 定子铁芯
16:59:12.884 @STM005 MY05B 88
16:59:12.884 @STM006 004100015201800136
16:59:12.885 @STM007 
16:59:12.886 Data Source=.;Initial Catalog=MT;User Id=sa;Password=1
16:59:12.887 @STM001 20180312000005
16:59:12.888 @STM002 002
16:59:12.889 @STM003 STA1139E1
16:59:12.890 @STM004 定子铁芯
16:59:12.890 @STM005 MY05B 88
16:59:12.891 @STM006 004100015201800074
16:59:12.892 @STM007 
16:59:12.893 Data Source=.;Initial Catalog=MT;User Id=sa;Password=1
16:59:12.894 @STM001 JH201803220001
16:59:12.895 @STM002 001
16:59:12.896 @STM003 STA1139E1
16:59:12.897 @STM004 定子铁芯
16:59:12.897 @STM005 MY05B 88
16:59:12.898 @STM006 004100015201800141
16:59:12.899 @STM007 
16:59:12.900 Data Source=.;Initial Catalog=MT;User Id=sa;Password=1
16:59:12.901 @STM001 20180312000005
16:59:12.902 @STM002 002
16:59:12.903 @STM003 STA1139E1
16:59:12.903 @STM004 定子铁芯
16:59:12.904 @STM005 MY05B 88
16:59:12.904 @STM006 004100015201800080
16:59:12.905 @STM007 
16:59:12.906 Data Source=.;Initial Catalog=MT;User Id=sa;Password=1
16:59:12.907 @STM001 JH201803220001
16:59:12.908 @STM002 001
16:59:12.909 @STM003 STA1139E1
16:59:12.910 @STM004 定子铁芯
16:59:12.910 @STM005 MY05B 88
16:59:12.911 @STM006 004100015201800142
16:59:12.912 @STM007 
16:59:12.913 Data Source=.;Initial Catalog=MT;User Id=sa;Password=1
16:59:12.914 @STM001 JH201803220001
16:59:12.915 @STM002 001
16:59:12.916 @STM003 STA1139E1
16:59:12.916 @STM004 定子铁芯
16:59:12.917 @STM005 MY05B 88
16:59:12.918 @STM006 004100015201800098
16:59:12.918 @STM007 
16:59:12.919 Data Source=.;Initial Catalog=MT;User Id=sa;Password=1
16:59:12.921 @STM001 20180312000005
16:59:12.922 @STM002 002
16:59:12.922 @STM003 STA1139E1
16:59:12.923 @STM004 定子铁芯
16:59:12.923 @STM005 MY05B 88
16:59:12.924 @STM006 004100015201800029
16:59:12.925 @STM007 
16:59:12.926 Data Source=.;Initial Catalog=MT;User Id=sa;Password=1
16:59:12.928 @STM001 JH201803220001
16:59:12.928 @STM002 001
16:59:12.929 @STM003 STA1139E1
16:59:12.930 @STM004 定子铁芯
16:59:12.930 @STM005 MY05B 88
16:59:12.931 @STM006 004100015201800152
16:59:12.931 @STM007 
16:59:12.933 Data Source=.;Initial Catalog=MT;User Id=sa;Password=1
16:59:12.934 @STM001 JH201803220001
16:59:12.935 @STM002 001
16:59:12.935 @STM003 STA1139E1
16:59:12.936 @STM004 定子铁芯
16:59:12.937 @STM005 MY05B 88
16:59:12.938 @STM006 004100015201800138
16:59:12.938 @STM007 
16:59:12.940 Data Source=.;Initial Catalog=MT;User Id=sa;Password=1
16:59:12.941 @STM001 20180312000005
16:59:12.942 @STM002 002
16:59:12.943 @STM003 STA1139E1
16:59:12.944 @STM004 定子铁芯
16:59:12.944 @STM005 MY05B 88
16:59:12.945 @STM006 004100015201800050
16:59:12.945 @STM007 
16:59:12.947 Data Source=.;Initial Catalog=MT;User Id=sa;Password=1
16:59:12.948 @STM001 20180312000005
16:59:12.949 @STM002 002
16:59:12.949 @STM003 STA1139E1
16:59:12.950 @STM004 定子铁芯
16:59:12.951 @STM005 MY05B 88
16:59:12.952 @STM006 004100015201800075
16:59:12.953 @STM007 
16:59:12.954 Data Source=.;Initial Catalog=MT;User Id=sa;Password=1
16:59:12.955 @STM001 JH201803220001
16:59:12.956 @STM002 001
16:59:12.957 @STM003 STA1139E1
16:59:12.958 @STM004 定子铁芯
16:59:12.958 @STM005 MY05B 88
16:59:12.959 @STM006 004100015201800124
16:59:12.959 @STM007 
16:59:12.961 Data Source=.;Initial Catalog=MT;User Id=sa;Password=1
16:59:12.962 @STM001 JH201803220001
16:59:12.963 @STM002 001
16:59:12.964 @STM003 STA1139E1
16:59:12.964 @STM004 定子铁芯
16:59:12.965 @STM005 MY05B 88
16:59:12.966 @STM006 004100015201800129
16:59:12.966 @STM007 
16:59:12.967 Data Source=.;Initial Catalog=MT;User Id=sa;Password=1
16:59:12.968 @STM001 JH201803220001
16:59:12.969 @STM002 001
16:59:12.970 @STM003 STA1139E1
16:59:12.971 @STM004 定子铁芯
16:59:12.971 @STM005 MY05B 88
16:59:12.972 @STM006 004100015201800125
16:59:12.973 @STM007 
16:59:12.974 Data Source=.;Initial Catalog=MT;User Id=sa;Password=1
16:59:12.975 @STM001 20180312000005
16:59:12.976 @STM002 002
16:59:12.977 @STM003 STA1139E1
16:59:12.978 @STM004 定子铁芯
16:59:12.978 @STM005 MY05B 88
16:59:12.979 @STM006 004100015201800051
16:59:12.979 @STM007 
16:59:12.981 Data Source=.;Initial Catalog=MT;User Id=sa;Password=1
16:59:12.983 @STM001 20180312000005
16:59:12.984 @STM002 002
16:59:12.985 @STM003 STA1139E1
16:59:12.985 @STM004 定子铁芯
16:59:12.986 @STM005 MY05B 88
16:59:12.987 @STM006 004100015201800076
16:59:12.987 @STM007 
16:59:12.988 Data Source=.;Initial Catalog=MT;User Id=sa;Password=1
16:59:12.990 @STM001 JH201803220001
16:59:12.991 @STM002 001
16:59:12.991 @STM003 STA1139E1
16:59:12.992 @STM004 定子铁芯
16:59:12.993 @STM005 MY05B 88
16:59:12.993 @STM006 004100015201800144
16:59:12.994 @STM007 
16:59:12.995 Data Source=.;Initial Catalog=MT;User Id=sa;Password=1
16:59:12.996 @STM001 JH201803220001
16:59:12.997 @STM002 001
16:59:12.998 @STM003 STA1139E1
16:59:12.998 @STM004 定子铁芯
16:59:12.999 @STM005 MY05B 88
16:59:13.000 @STM006 004100015201800128
16:59:13.000 @STM007 
16:59:13.001 Data Source=.;Initial Catalog=MT;User Id=sa;Password=1
16:59:13.003 @STM001 JH201803220001
16:59:13.004 @STM002 001
16:59:13.005 @STM003 STA1139E1
16:59:13.005 @STM004 定子铁芯
16:59:13.006 @STM005 MY05B 88
16:59:13.007 @STM006 004100015201800097
16:59:13.007 @STM007 
16:59:13.008 Data Source=.;Initial Catalog=MT;User Id=sa;Password=1
16:59:13.010 @STM001 JH201803220001
16:59:13.010 @STM002 001
16:59:13.011 @STM003 STA1139E1
16:59:13.012 @STM004 定子铁芯
16:59:13.012 @STM005 MY05B 88
16:59:13.013 @STM006 004100015201800101
16:59:13.014 @STM007 
16:59:13.015 Data Source=.;Initial Catalog=MT;User Id=sa;Password=1
16:59:13.016 @STM001 JH201803220001
16:59:13.017 @STM002 001
16:59:13.018 @STM003 STA1139E1
16:59:13.018 @STM004 定子铁芯
16:59:13.019 @STM005 MY05B 88
16:59:13.020 @STM006 004100015201800105
16:59:13.020 @STM007 
16:59:13.021 Data Source=.;Initial Catalog=MT;User Id=sa;Password=1
16:59:13.023 @STM001 20180312000005
16:59:13.024 @STM002 002
16:59:13.024 @STM003 STA1139E1
16:59:13.025 @STM004 定子铁芯
16:59:13.026 @STM005 MY05B 88
16:59:13.026 @STM006 004100015201800030
16:59:13.027 @STM007 
16:59:13.028 Data Source=.;Initial Catalog=MT;User Id=sa;Password=1
16:59:13.029 @STM001 20180312000005
16:59:13.031 @STM002 002
16:59:13.031 @STM003 STA1139E1
16:59:13.032 @STM004 定子铁芯
16:59:13.033 @STM005 MY05B 88
16:59:13.034 @STM006 004100015201800053
16:59:13.034 @STM007 
16:59:13.035 Data Source=.;Initial Catalog=MT;User Id=sa;Password=1
16:59:13.037 @STM001 JH201803220001
16:59:13.038 @STM002 001
16:59:13.038 @STM003 STA1139E1
16:59:13.039 @STM004 定子铁芯
16:59:13.040 @STM005 MY05B 88
16:59:13.040 @STM006 004100015201800139
16:59:13.041 @STM007 
16:59:13.042 Data Source=.;Initial Catalog=MT;User Id=sa;Password=1
16:59:13.043 @STM001 20180312000005
16:59:13.045 @STM002 002
16:59:13.046 @STM003 STA1139E1
16:59:13.046 @STM004 定子铁芯
16:59:13.047 @STM005 MY05B 88
16:59:13.048 @STM006 004100015201800036
16:59:13.048 @STM007 
16:59:13.049 Data Source=.;Initial Catalog=MT;User Id=sa;Password=1
16:59:13.051 @STM001 JH201803220001
16:59:13.051 @STM002 001
16:59:13.052 @STM003 STA1139E1
16:59:13.053 @STM004 定子铁芯
16:59:13.054 @STM005 MY05B 88
16:59:13.054 @STM006 004100015201800089
16:59:13.055 @STM007 
16:59:13.056 Data Source=.;Initial Catalog=MT;User Id=sa;Password=1
16:59:13.057 @STM001 JH201803220001
16:59:13.058 @STM002 001
16:59:13.059 @STM003 STA1139E1
16:59:13.060 @STM004 定子铁芯
16:59:13.060 @STM005 MY05B 88
16:59:13.061 @STM006 004100015201800114
16:59:13.061 @STM007 
16:59:13.063 Data Source=.;Initial Catalog=MT;User Id=sa;Password=1
16:59:13.064 @STM001 20180312000005
16:59:13.065 @STM002 002
16:59:13.066 @STM003 STA1139E1
16:59:13.067 @STM004 定子铁芯
16:59:13.068 @STM005 MY05B 88
16:59:13.068 @STM006 004100015201800039
16:59:13.069 @STM007 
16:59:13.070 Data Source=.;Initial Catalog=MT;User Id=sa;Password=1
16:59:13.072 @STM001 20180312000005
16:59:13.073 @STM002 002
16:59:13.073 @STM003 STA1139E1
16:59:13.074 @STM004 定子铁芯
16:59:13.075 @STM005 MY05B 88
16:59:13.075 @STM006 004100015201800073
16:59:13.076 @STM007 
16:59:13.077 Data Source=.;Initial Catalog=MT;User Id=sa;Password=1
16:59:13.079 @STM001 20180312000005
16:59:13.080 @STM002 002
16:59:13.080 @STM003 STA1139E1
16:59:13.081 @STM004 定子铁芯
16:59:13.082 @STM005 MY05B 88
16:59:13.082 @STM006 004100015201800028
16:59:13.083 @STM007 
16:59:13.084 Data Source=.;Initial Catalog=MT;User Id=sa;Password=1
16:59:13.085 @STM001 JH201803220001
16:59:13.086 @STM002 001
16:59:13.087 @STM003 STA1139E1
16:59:13.088 @STM004 定子铁芯
16:59:13.088 @STM005 MY05B 88
16:59:13.089 @STM006 004100015201800151
16:59:13.090 @STM007 
16:59:13.091 Data Source=.;Initial Catalog=MT;User Id=sa;Password=1
16:59:13.092 @STM001 JH201803220001
16:59:13.093 @STM002 001
16:59:13.094 @STM003 STA1139E1
16:59:13.095 @STM004 定子铁芯
16:59:13.096 @STM005 MY05B 88
16:59:13.096 @STM006 004100015201800137
16:59:13.097 @STM007 
16:59:13.099 Data Source=.;Initial Catalog=MT;User Id=sa;Password=1
16:59:13.101 @STM001 JH201803220001
16:59:13.102 @STM002 001
16:59:13.103 @STM003 STA1139E1
16:59:13.104 @STM004 定子铁芯
16:59:13.104 @STM005 MY05B 88
16:59:13.105 @STM006 004100015201800092
16:59:13.106 @STM007 
16:59:13.107 Data Source=.;Initial Catalog=MT;User Id=sa;Password=1
16:59:13.109 @STM001 20180312000005
16:59:13.110 @STM002 002
16:59:13.111 @STM003 STA1139E1
16:59:13.112 @STM004 定子铁芯
16:59:13.112 @STM005 MY05B 88
16:59:13.113 @STM006 004100015201800068
16:59:13.114 @STM007 
16:59:13.115 Data Source=.;Initial Catalog=MT;User Id=sa;Password=1
16:59:13.116 @STM001 JH201803220001
16:59:13.117 @STM002 001
16:59:13.118 @STM003 STA1139E1
16:59:13.118 @STM004 定子铁芯
16:59:13.119 @STM005 MY05B 88
16:59:13.120 @STM006 004100015201800107
16:59:13.120 @STM007 
16:59:13.121 Data Source=.;Initial Catalog=MT;User Id=sa;Password=1
16:59:13.123 @STM001 20180312000005
16:59:13.124 @STM002 002
16:59:13.124 @STM003 STA1139E1
16:59:13.125 @STM004 定子铁芯
16:59:13.126 @STM005 MY05B 88
16:59:13.126 @STM006 004100015201800056
16:59:13.127 @STM007 
16:59:13.128 Data Source=.;Initial Catalog=MT;User Id=sa;Password=1
16:59:13.129 @STM001 20180312000005
16:59:13.130 @STM002 002
16:59:13.131 @STM003 STA1139E1
16:59:13.132 @STM004 定子铁芯
16:59:13.133 @STM005 MY05B 88
16:59:13.133 @STM006 004100015201800078
16:59:13.134 @STM007 
16:59:13.135 Data Source=.;Initial Catalog=MT;User Id=sa;Password=1
16:59:13.144 @STM001 20180312000005
16:59:13.145 @STM002 002
16:59:13.146 @STM003 STA1139E1
16:59:13.147 @STM004 定子铁芯
16:59:13.147 @STM005 MY05B 88
16:59:13.148 @STM006 004100015201800034
16:59:13.149 @STM007 
16:59:13.150 Data Source=.;Initial Catalog=MT;User Id=sa;Password=1
16:59:13.151 @STM001 JH201803220001
16:59:13.152 @STM002 001
16:59:13.153 @STM003 STA1139E1
16:59:13.153 @STM004 定子铁芯
16:59:13.154 @STM005 MY05B 88
16:59:13.154 @STM006 004100015201800119
16:59:13.155 @STM007 
16:59:13.156 Data Source=.;Initial Catalog=MT;User Id=sa;Password=1
16:59:13.157 @STM001 JH201803220001
16:59:13.158 @STM002 001
16:59:13.159 @STM003 STA1139E1
16:59:13.160 @STM004 定子铁芯
16:59:13.160 @STM005 MY05B 88
16:59:13.161 @STM006 004100015201800091
16:59:13.162 @STM007 
16:59:13.164 Data Source=.;Initial Catalog=MT;User Id=sa;Password=1
16:59:13.165 @STM001 JH201803220001
16:59:13.166 @STM002 001
16:59:13.166 @STM003 STA1139E1
16:59:13.167 @STM004 定子铁芯
16:59:13.168 @STM005 MY05B 88
16:59:13.168 @STM006 004100015201800108
16:59:13.169 @STM007 
16:59:13.170 Data Source=.;Initial Catalog=MT;User Id=sa;Password=1
16:59:13.172 @STM001 JH201803220001
16:59:13.173 @STM002 001
16:59:13.173 @STM003 STA1139E1
16:59:13.174 @STM004 定子铁芯
16:59:13.175 @STM005 MY05B 88
16:59:13.175 @STM006 004100015201800157
16:59:13.176 @STM007 
16:59:13.177 Data Source=.;Initial Catalog=MT;User Id=sa;Password=1
16:59:13.178 @STM001 JH201803220001
16:59:13.179 @STM002 001
16:59:13.180 @STM003 STA1139E1
16:59:13.180 @STM004 定子铁芯
16:59:13.181 @STM005 MY05B 88
16:59:13.182 @STM006 004100015201800132
16:59:13.183 @STM007 
16:59:13.184 Data Source=.;Initial Catalog=MT;User Id=sa;Password=1
16:59:13.185 @STM001 JH201803220001
16:59:13.186 @STM002 001
16:59:13.187 @STM003 STA1139E1
16:59:13.187 @STM004 定子铁芯
16:59:13.188 @STM005 MY05B 88
16:59:13.189 @STM006 004100015201800099
16:59:13.189 @STM007 
16:59:13.191 Data Source=.;Initial Catalog=MT;User Id=sa;Password=1
16:59:13.193 @STM001 20180312000005
16:59:13.194 @STM002 002
16:59:13.194 @STM003 STA1139E1
16:59:13.195 @STM004 定子铁芯
16:59:13.196 @STM005 MY05B 88
16:59:13.196 @STM006 004100015201800057
16:59:13.197 @STM007 
16:59:13.198 Data Source=.;Initial Catalog=MT;User Id=sa;Password=1
16:59:13.199 @STM001 JH201803220001
16:59:13.200 @STM002 001
16:59:13.201 @STM003 STA1139E1
16:59:13.201 @STM004 定子铁芯
16:59:13.202 @STM005 MY05B 88
16:59:13.203 @STM006 004100015201800083
16:59:13.204 @STM007 
16:59:13.205 Data Source=.;Initial Catalog=MT;User Id=sa;Password=1
16:59:13.206 @STM001 20180312000005
16:59:13.207 @STM002 002
16:59:13.208 @STM003 STA1139E1
16:59:13.209 @STM004 定子铁芯
16:59:13.209 @STM005 MY05B 88
16:59:13.210 @STM006 004100015201800066
16:59:13.211 @STM007 
16:59:13.212 Data Source=.;Initial Catalog=MT;User Id=sa;Password=1
16:59:13.213 @STM001 JH201803220001
16:59:13.215 @STM002 001
16:59:13.215 @STM003 STA1139E1
16:59:13.216 @STM004 定子铁芯
16:59:13.217 @STM005 MY05B 88
16:59:13.217 @STM006 004100015201800147
16:59:13.218 @STM007 
16:59:13.219 Data Source=.;Initial Catalog=MT;User Id=sa;Password=1
16:59:13.221 @STM001 JH201803220001
16:59:13.221 @STM002 001
16:59:13.222 @STM003 STA1139E1
16:59:13.223 @STM004 定子铁芯
16:59:13.224 @STM005 MY05B 88
16:59:13.224 @STM006 004100015201800096
16:59:13.225 @STM007 
16:59:13.226 Data Source=.;Initial Catalog=MT;User Id=sa;Password=1
16:59:13.228 @STM001 20180312000005
16:59:13.228 @STM002 002
16:59:13.229 @STM003 STA1139E1
16:59:13.230 @STM004 定子铁芯
16:59:13.230 @STM005 MY05B 88
16:59:13.231 @STM006 004100015201800071
16:59:13.232 @STM007 
16:59:13.233 Data Source=.;Initial Catalog=MT;User Id=sa;Password=1
16:59:13.235 @STM001 JH201803220001
16:59:13.236 @STM002 001
16:59:13.237 @STM003 STA1139E1
16:59:13.237 @STM004 定子铁芯
16:59:13.238 @STM005 MY05B 88
16:59:13.238 @STM006 004100015201800110
16:59:13.239 @STM007 
16:59:13.240 Data Source=.;Initial Catalog=MT;User Id=sa;Password=1
16:59:13.241 @STM001 JH201803220001
16:59:13.242 @STM002 001
16:59:13.243 @STM003 STA1139E1
16:59:13.244 @STM004 定子铁芯
16:59:13.244 @STM005 MY05B 88
16:59:13.245 @STM006 004100015201800111
16:59:13.246 @STM007 
16:59:13.247 Data Source=.;Initial Catalog=MT;User Id=sa;Password=1
16:59:13.248 @STM001 JH201803220001
16:59:13.249 @STM002 001
16:59:13.250 @STM003 STA1139E1
16:59:13.251 @STM004 定子铁芯
16:59:13.252 @STM005 MY05B 88
16:59:13.253 @STM006 004100015201800134
16:59:13.254 @STM007 
16:59:13.255 Data Source=.;Initial Catalog=MT;User Id=sa;Password=1
16:59:13.257 @STM001 20180312000005
16:59:13.258 @STM002 002
16:59:13.259 @STM003 STA1139E1
16:59:13.260 @STM004 定子铁芯
16:59:13.260 @STM005 MY05B 88
16:59:13.261 @STM006 004100015201800067
16:59:13.262 @STM007 
16:59:13.263 Data Source=.;Initial Catalog=MT;User Id=sa;Password=1
16:59:13.265 @STM001 JH201803220001
16:59:13.266 @STM002 001
16:59:13.266 @STM003 STA1139E1
16:59:13.267 @STM004 定子铁芯
16:59:13.268 @STM005 MY05B 88
16:59:13.268 @STM006 004100015201800130
16:59:13.269 @STM007 
16:59:13.270 Data Source=.;Initial Catalog=MT;User Id=sa;Password=1
16:59:13.271 @STM001 JH201803220001
16:59:13.272 @STM002 001
16:59:13.273 @STM003 STA1139E1
16:59:13.273 @STM004 定子铁芯
16:59:13.274 @STM005 MY05B 88
16:59:13.275 @STM006 004100015201800100
16:59:13.275 @STM007 
16:59:13.276 Data Source=.;Initial Catalog=MT;User Id=sa;Password=1
16:59:13.278 @STM001 20180312000005
16:59:13.278 @STM002 002
16:59:13.279 @STM003 STA1139E1
16:59:13.280 @STM004 定子铁芯
16:59:13.280 @STM005 MY05B 88
16:59:13.281 @STM006 004100015201800059
16:59:13.282 @STM007 
16:59:13.283 Data Source=.;Initial Catalog=MT;User Id=sa;Password=1
16:59:13.285 @STM001 20180312000005
16:59:13.285 @STM002 002
16:59:13.286 @STM003 STA1139E1
16:59:13.287 @STM004 定子铁芯
16:59:13.287 @STM005 MY05B 88
16:59:13.288 @STM006 004100015201800025
16:59:13.289 @STM007 
16:59:13.290 Data Source=.;Initial Catalog=MT;User Id=sa;Password=1
16:59:13.291 @STM001 20180312000005
16:59:13.292 @STM002 002
16:59:13.293 @STM003 STA1139E1
16:59:13.294 @STM004 定子铁芯
16:59:13.295 @STM005 MY05B 88
16:59:13.295 @STM006 004100015201800049
16:59:13.296 @STM007 
16:59:13.297 Data Source=.;Initial Catalog=MT;User Id=sa;Password=1
16:59:13.298 @STM001 JH201803220001
16:59:13.299 @STM002 001
16:59:13.300 @STM003 STA1139E1
16:59:13.300 @STM004 定子铁芯
16:59:13.301 @STM005 MY05B 88
16:59:13.302 @STM006 004100015201800153
16:59:13.303 @STM007 
16:59:13.304 Data Source=.;Initial Catalog=MT;User Id=sa;Password=1
16:59:13.305 @STM001 JH201803220001
16:59:13.306 @STM002 001
16:59:13.307 @STM003 STA1139E1
16:59:13.307 @STM004 定子铁芯
16:59:13.308 @STM005 MY05B 88
16:59:13.308 @STM006 004100015201800140
16:59:13.309 @STM007 
16:59:13.311 Data Source=.;Initial Catalog=MT;User Id=sa;Password=1
16:59:13.312 @STM001 20180312000005
16:59:13.313 @STM002 002
16:59:13.314 @STM003 STA1139E1
16:59:13.315 @STM004 定子铁芯
16:59:13.316 @STM005 MY05B 88
16:59:13.316 @STM006 004100015201800022
16:59:13.317 @STM007 
16:59:13.318 Data Source=.;Initial Catalog=MT;User Id=sa;Password=1
16:59:13.319 @STM001 JH201803220001
16:59:13.320 @STM002 001
16:59:13.321 @STM003 STA1139E1
16:59:13.321 @STM004 定子铁芯
16:59:13.322 @STM005 MY05B 88
16:59:13.323 @STM006 004100015201800143
16:59:13.323 @STM007 
16:59:13.325 Data Source=.;Initial Catalog=MT;User Id=sa;Password=1
16:59:13.326 @STM001 20180312000005
16:59:13.327 @STM002 002
16:59:13.327 @STM003 STA1139E1
16:59:13.328 @STM004 定子铁芯
16:59:13.329 @STM005 MY05B 88
16:59:13.329 @STM006 004100015201800070
16:59:13.330 @STM007 
16:59:13.331 Data Source=.;Initial Catalog=MT;User Id=sa;Password=1
16:59:13.333 @STM001 20180312000005
16:59:13.333 @STM002 002
16:59:13.334 @STM003 STA1139E1
16:59:13.335 @STM004 定子铁芯
16:59:13.335 @STM005 MY05B 88
16:59:13.336 @STM006 004100015201800044
16:59:13.336 @STM007 
16:59:13.338 Data Source=.;Initial Catalog=MT;User Id=sa;Password=1
16:59:13.339 @STM001 JH201803220001
16:59:13.340 @STM002 001
16:59:13.341 @STM003 STA1139E1
16:59:13.341 @STM004 定子铁芯
16:59:13.342 @STM005 MY05B 88
16:59:13.343 @STM006 004100015201800156
16:59:13.344 @STM007 
16:59:13.345 Data Source=.;Initial Catalog=MT;User Id=sa;Password=1
16:59:13.346 @STM001 JH201803220001
16:59:13.347 @STM002 001
16:59:13.348 @STM003 STA1139E1
16:59:13.348 @STM004 定子铁芯
16:59:13.349 @STM005 MY05B 88
16:59:13.349 @STM006 004100015201800135
16:59:13.350 @STM007 
16:59:13.351 Data Source=.;Initial Catalog=MT;User Id=sa;Password=1
16:59:13.353 @STM001 JH201803220001
16:59:13.354 @STM002 001
16:59:13.355 @STM003 STA1139E1
16:59:13.355 @STM004 定子铁芯
16:59:13.356 @STM005 MY05B 88
16:59:13.357 @STM006 004100015201800082
16:59:13.357 @STM007 
16:59:13.359 Data Source=.;Initial Catalog=MT;User Id=sa;Password=1
16:59:13.360 @STM001 JH201803220001
16:59:13.361 @STM002 001
16:59:13.362 @STM003 STA1139E1
16:59:13.363 @STM004 定子铁芯
16:59:13.363 @STM005 MY05B 88
16:59:13.364 @STM006 004100015201800106
16:59:13.364 @STM007 
16:59:13.366 Data Source=.;Initial Catalog=MT;User Id=sa;Password=1
16:59:13.367 @STM001 20180312000005
16:59:13.368 @STM002 002
16:59:13.369 @STM003 STA1139E1
16:59:13.369 @STM004 定子铁芯
16:59:13.370 @STM005 MY05B 88
16:59:13.370 @STM006 004100015201800043
16:59:13.371 @STM007 
16:59:13.373 Data Source=.;Initial Catalog=MT;User Id=sa;Password=1
16:59:13.374 @STM001 JH201803220001
16:59:13.375 @STM002 001
16:59:13.376 @STM003 STA1139E1
16:59:13.376 @STM004 定子铁芯
16:59:13.377 @STM005 MY05B 88
16:59:13.377 @STM006 004100015201800095
16:59:13.378 @STM007 
16:59:13.379 Data Source=.;Initial Catalog=MT;User Id=sa;Password=1
16:59:13.380 @STM001 20180312000005
16:59:13.381 @STM002 002
16:59:13.382 @STM003 STA1139E1
16:59:13.383 @STM004 定子铁芯
16:59:13.383 @STM005 MY05B 88
16:59:13.384 @STM006 004100015201800023
16:59:13.384 @STM007 
16:59:13.386 Data Source=.;Initial Catalog=MT;User Id=sa;Password=1
16:59:13.387 @STM001 JH201803220001
16:59:13.388 @STM002 001
16:59:13.388 @STM003 STA1139E1
16:59:13.389 @STM004 定子铁芯
16:59:13.390 @STM005 MY05B 88
16:59:13.390 @STM006 004100015201800090
16:59:13.391 @STM007 
16:59:13.393 Data Source=.;Initial Catalog=MT;User Id=sa;Password=1
16:59:13.394 @STM001 20180312000005
16:59:13.395 @STM002 002
16:59:13.396 @STM003 STA1139E1
16:59:13.396 @STM004 定子铁芯
16:59:13.397 @STM005 MY05B 88
16:59:13.398 @STM006 004100015201800046
16:59:13.398 @STM007 
16:59:13.399 Data Source=.;Initial Catalog=MT;User Id=sa;Password=1
16:59:13.401 @STM001 20180312000005
16:59:13.402 @STM002 002
16:59:13.402 @STM003 STA1139E1
16:59:13.403 @STM004 定子铁芯
16:59:13.404 @STM005 MY05B 88
16:59:13.405 @STM006 004100015201800052
16:59:13.406 @STM007 
16:59:13.407 Data Source=.;Initial Catalog=MT;User Id=sa;Password=1
16:59:13.409 @STM001 JH201803220001
16:59:13.410 @STM002 001
16:59:13.411 @STM003 STA1139E1
16:59:13.412 @STM004 定子铁芯
16:59:13.413 @STM005 MY05B 88
16:59:13.414 @STM006 004100015201800154
16:59:13.414 @STM007 
16:59:13.415 Data Source=.;Initial Catalog=MT;User Id=sa;Password=1
16:59:13.417 @STM001 20180312000005
16:59:13.418 @STM002 002
16:59:13.418 @STM003 STA1139E1
16:59:13.419 @STM004 定子铁芯
16:59:13.419 @STM005 MY05B 88
16:59:13.420 @STM006 004100015201800061
16:59:13.421 @STM007 
16:59:13.422 Data Source=.;Initial Catalog=MT;User Id=sa;Password=1
16:59:15.757 Data Source=.;Initial Catalog=MT;User Id=sa;Password=1
16:59:19.799 Data Source=.;Initial Catalog=MT;User Id=sa;Password=1
16:59:22.689 Data Source=.;Initial Catalog=MT;User Id=sa;Password=1
16:59:23.705 Data Source=.;Initial Catalog=MT;User Id=sa;Password=1
16:59:23.711 Data Source=.;Initial Catalog=MT;User Id=sa;Password=1
16:59:23.716 Data Source=.;Initial Catalog=MT;User Id=sa;Password=1
16:59:28.573 Data Source=.;Initial Catalog=MT;User Id=sa;Password=1
