09:46:27.343 Data Source=.;Initial Catalog=MT;User Id=sa;Password=1
09:46:27.609 Data Source=.;Initial Catalog=MT;User Id=sa;Password=1
09:46:27.618 Data Source=.;Initial Catalog=MT;User Id=sa;Password=1
09:46:31.045 Data Source=.;Initial Catalog=MT;User Id=sa;Password=1
09:46:34.050 Data Source=.;Initial Catalog=MT;User Id=sa;Password=1
09:46:36.585 Data Source=.;Initial Catalog=MT;User Id=sa;Password=1
09:46:36.606 Data Source=.;Initial Catalog=MT;User Id=sa;Password=1
09:46:36.616 Data Source=.;Initial Catalog=MT;User Id=sa;Password=1
09:46:36.627 Data Source=.;Initial Catalog=MT;User Id=sa;Password=1
09:46:36.630 @STD001 0002020231800003
09:46:36.632 @STD002 检验
09:46:36.633 @STD003 环境温度(℃)
09:46:36.635 @STD004 9.1
09:46:36.652 Data Source=.;Initial Catalog=MT;User Id=sa;Password=1
09:46:36.660 @STD001 0002020231800003
09:46:36.662 @STD002 检验
09:46:36.663 @STD003 (黄-绿)线间电阻(Ω)
09:46:36.664 @STD004 9.20
09:46:36.672 Data Source=.;Initial Catalog=MT;User Id=sa;Password=1
09:46:36.673 @STD001 0002020231800003
09:46:36.675 @STD002 检验
09:46:36.676 @STD003 (绿-红)线间电阻(Ω)
09:46:36.677 @STD004 9.20
09:46:36.684 Data Source=.;Initial Catalog=MT;User Id=sa;Password=1
09:46:36.686 @STD001 0002020231800003
09:46:36.687 @STD002 检验
09:46:36.689 @STD003 耐压2260V,测试一分钟无击穿
09:46:36.692 @STD004 True
09:46:36.700 Data Source=.;Initial Catalog=MT;User Id=sa;Password=1
09:46:36.702 @STD001 0002020231800003
09:46:36.703 @STD002 检验
09:46:36.704 @STD003 电阻不平衡度
09:46:36.705 @STD004 0.049
09:46:36.713 Data Source=.;Initial Catalog=MT;User Id=sa;Password=1
09:46:36.715 @STD001 0002020231800003
09:46:36.716 @STD002 检验
09:46:36.718 @STD003 绝缘电阻(MΩ)
09:46:36.720 @STD004 >500
09:46:36.727 Data Source=.;Initial Catalog=MT;User Id=sa;Password=1
09:46:36.729 @STD001 0002020231800003
09:46:36.731 @STD002 检验
09:46:36.732 @STD003 (黄-红)线间电阻(Ω)
09:46:36.734 @STD004 9.19
09:46:36.741 Data Source=.;Initial Catalog=MT;User Id=sa;Password=1
09:46:36.743 @STD001 0002020231800003
09:46:36.745 @STD002 检验
09:46:36.746 @STD003 匝间检验合格
09:46:36.747 @STD004 True
09:46:36.755 Data Source=.;Initial Catalog=MT;User Id=sa;Password=1
09:46:36.757 Data Source=.;Initial Catalog=MT;User Id=sa;Password=1
09:46:36.773 Data Source=.;Initial Catalog=MT;User Id=sa;Password=1
09:47:47.003 Data Source=.;Initial Catalog=MT;User Id=sa;Password=1
09:47:49.683 Data Source=.;Initial Catalog=MT;User Id=sa;Password=1
09:47:49.687 Data Source=.;Initial Catalog=MT;User Id=sa;Password=1
09:47:49.690 Data Source=.;Initial Catalog=MT;User Id=sa;Password=1
09:47:49.700 Data Source=.;Initial Catalog=MT;User Id=sa;Password=1
09:47:49.701 @STD001 0002020381800007
09:47:49.703 @STD002 绕线
09:47:49.704 @STD003 并联路数
09:47:49.705 @STD004 1
09:47:49.713 Data Source=.;Initial Catalog=MT;User Id=sa;Password=1
09:47:49.717 Data Source=.;Initial Catalog=MT;User Id=sa;Password=1
09:47:49.729 Data Source=.;Initial Catalog=MT;User Id=sa;Password=1
09:48:32.322 Data Source=.;Initial Catalog=MT;User Id=sa;Password=1
09:48:34.243 Data Source=.;Initial Catalog=MT;User Id=sa;Password=1
09:48:34.246 Data Source=.;Initial Catalog=MT;User Id=sa;Password=1
09:48:34.249 Data Source=.;Initial Catalog=MT;User Id=sa;Password=1
09:48:34.262 Data Source=.;Initial Catalog=MT;User Id=sa;Password=1
09:48:34.263 @STD001 0002020381800007
09:48:34.265 @STD002 绕线
09:48:34.266 @STD003 并联路数
09:48:34.267 @STD004 1
09:48:34.274 Data Source=.;Initial Catalog=MT;User Id=sa;Password=1
09:48:34.278 Data Source=.;Initial Catalog=MT;User Id=sa;Password=1
09:48:34.282 Data Source=.;Initial Catalog=MT;User Id=sa;Password=1
09:48:41.627 Data Source=.;Initial Catalog=MT;User Id=sa;Password=1
09:48:43.831 Data Source=.;Initial Catalog=MT;User Id=sa;Password=1
09:48:43.834 Data Source=.;Initial Catalog=MT;User Id=sa;Password=1
09:48:43.837 Data Source=.;Initial Catalog=MT;User Id=sa;Password=1
09:48:43.846 Data Source=.;Initial Catalog=MT;User Id=sa;Password=1
09:48:43.847 @STD001 0002020131800324
09:48:43.849 @STD002 绕线
09:48:43.850 @STD003 并联路数
09:48:43.852 @STD004 2
09:48:43.861 Data Source=.;Initial Catalog=MT;User Id=sa;Password=1
09:48:43.863 Data Source=.;Initial Catalog=MT;User Id=sa;Password=1
09:48:43.875 Data Source=.;Initial Catalog=MT;User Id=sa;Password=1
09:48:53.528 Data Source=.;Initial Catalog=MT;User Id=sa;Password=1
09:48:55.920 Data Source=.;Initial Catalog=MT;User Id=sa;Password=1
09:48:55.924 Data Source=.;Initial Catalog=MT;User Id=sa;Password=1
09:48:55.928 Data Source=.;Initial Catalog=MT;User Id=sa;Password=1
09:48:55.937 Data Source=.;Initial Catalog=MT;User Id=sa;Password=1
09:48:55.939 @STD001 0002020121800220
09:48:55.940 @STD002 检验
09:48:55.942 @STD003 绝缘电阻(MΩ)
09:48:55.943 @STD004 >500
09:48:55.950 Data Source=.;Initial Catalog=MT;User Id=sa;Password=1
09:48:55.954 @STD001 0002020121800220
09:48:55.955 @STD002 检验
09:48:55.957 @STD003 耐压2260V,测试一分钟无击穿
09:48:55.958 @STD004 True
09:48:55.966 Data Source=.;Initial Catalog=MT;User Id=sa;Password=1
09:48:55.970 @STD001 0002020121800220
09:48:55.972 @STD002 检验
09:48:55.973 @STD003 (绿-红)线间电阻(Ω)
09:48:55.974 @STD004 2.72
09:48:55.982 Data Source=.;Initial Catalog=MT;User Id=sa;Password=1
09:48:55.984 @STD001 0002020121800220
09:48:55.985 @STD002 检验
09:48:55.986 @STD003 (黄-红)线间电阻(Ω)
09:48:55.988 @STD004 2.72
09:48:55.996 Data Source=.;Initial Catalog=MT;User Id=sa;Password=1
09:48:55.998 @STD001 0002020121800220
09:48:55.999 @STD002 绕线
09:48:56.000 @STD003 并联路数
09:48:56.001 @STD004 1
09:48:56.009 Data Source=.;Initial Catalog=MT;User Id=sa;Password=1
09:48:56.012 @STD001 0002020121800220
09:48:56.013 @STD002 检验
09:48:56.014 @STD003 (黄-绿)线间电阻(Ω)
09:48:56.016 @STD004 2.72
09:48:56.024 Data Source=.;Initial Catalog=MT;User Id=sa;Password=1
09:48:56.026 @STD001 0002020121800220
09:48:56.027 @STD002 检验
09:48:56.028 @STD003 电阻不平衡度
09:48:56.030 @STD004 0.103
09:48:56.037 Data Source=.;Initial Catalog=MT;User Id=sa;Password=1
09:48:56.040 @STD001 0002020121800220
09:48:56.041 @STD002 检验
09:48:56.043 @STD003 匝间检验合格
09:48:56.044 @STD004 True
09:48:56.051 Data Source=.;Initial Catalog=MT;User Id=sa;Password=1
09:48:56.053 @STD001 0002020121800220
09:48:56.055 @STD002 检验
09:48:56.057 @STD003 环境温度(℃)
09:48:56.058 @STD004 19.6
09:48:56.065 Data Source=.;Initial Catalog=MT;User Id=sa;Password=1
09:48:56.068 Data Source=.;Initial Catalog=MT;User Id=sa;Password=1
09:48:56.081 Data Source=.;Initial Catalog=MT;User Id=sa;Password=1
09:49:15.513 Data Source=.;Initial Catalog=MT;User Id=sa;Password=1
09:49:17.677 Data Source=.;Initial Catalog=MT;User Id=sa;Password=1
09:49:17.680 Data Source=.;Initial Catalog=MT;User Id=sa;Password=1
09:49:17.683 Data Source=.;Initial Catalog=MT;User Id=sa;Password=1
09:49:17.691 Data Source=.;Initial Catalog=MT;User Id=sa;Password=1
09:49:17.693 @STD001 0002020121800220
09:49:17.695 @STD002 检验
09:49:17.696 @STD003 电阻不平衡度
09:49:17.697 @STD004 0.103
09:49:17.705 Data Source=.;Initial Catalog=MT;User Id=sa;Password=1
09:49:17.708 @STD001 0002020121800220
09:49:17.710 @STD002 检验
09:49:17.711 @STD003 匝间检验合格
09:49:17.713 @STD004 True
09:49:17.720 Data Source=.;Initial Catalog=MT;User Id=sa;Password=1
09:49:17.722 @STD001 0002020121800220
09:49:17.724 @STD002 检验
09:49:17.725 @STD003 (绿-红)线间电阻(Ω)
09:49:17.726 @STD004 2.72
09:49:17.734 Data Source=.;Initial Catalog=MT;User Id=sa;Password=1
09:49:17.736 @STD001 0002020121800220
09:49:17.738 @STD002 检验
09:49:17.740 @STD003 (黄-红)线间电阻(Ω)
09:49:17.741 @STD004 2.72
09:49:17.748 Data Source=.;Initial Catalog=MT;User Id=sa;Password=1
09:49:17.750 @STD001 0002020121800220
09:49:17.752 @STD002 检验
09:49:17.753 @STD003 (黄-绿)线间电阻(Ω)
09:49:17.755 @STD004 2.72
09:49:17.762 Data Source=.;Initial Catalog=MT;User Id=sa;Password=1
09:49:17.764 @STD001 0002020121800220
09:49:17.766 @STD002 检验
09:49:17.767 @STD003 环境温度(℃)
09:49:17.768 @STD004 19.6
09:49:17.776 Data Source=.;Initial Catalog=MT;User Id=sa;Password=1
09:49:17.778 @STD001 0002020121800220
09:49:17.779 @STD002 检验
09:49:17.781 @STD003 绝缘电阻(MΩ)
09:49:17.782 @STD004 >500
09:49:17.790 Data Source=.;Initial Catalog=MT;User Id=sa;Password=1
09:49:17.792 @STD001 0002020121800220
09:49:17.794 @STD002 绕线
09:49:17.795 @STD003 并联路数
09:49:17.796 @STD004 1
09:49:17.804 Data Source=.;Initial Catalog=MT;User Id=sa;Password=1
09:49:17.806 @STD001 0002020121800220
09:49:17.807 @STD002 检验
09:49:17.810 @STD003 耐压2260V,测试一分钟无击穿
09:49:17.812 @STD004 True
09:49:17.820 Data Source=.;Initial Catalog=MT;User Id=sa;Password=1
09:49:17.822 Data Source=.;Initial Catalog=MT;User Id=sa;Password=1
09:49:17.827 Data Source=.;Initial Catalog=MT;User Id=sa;Password=1
09:49:23.883 Data Source=.;Initial Catalog=MT;User Id=sa;Password=1
09:49:29.528 Data Source=.;Initial Catalog=MT;User Id=sa;Password=1
09:49:29.531 Data Source=.;Initial Catalog=MT;User Id=sa;Password=1
09:49:29.534 Data Source=.;Initial Catalog=MT;User Id=sa;Password=1
09:49:29.542 Data Source=.;Initial Catalog=MT;User Id=sa;Password=1
09:49:29.544 @STD001 0002020121800220
09:49:29.546 @STD002 检验
09:49:29.548 @STD003 环境温度(℃)
09:49:29.550 @STD004 19.6
09:49:29.559 Data Source=.;Initial Catalog=MT;User Id=sa;Password=1
09:49:29.562 @STD001 0002020121800220
09:49:29.563 @STD002 检验
09:49:29.564 @STD003 绝缘电阻(MΩ)
09:49:29.565 @STD004 >500
09:49:29.573 Data Source=.;Initial Catalog=MT;User Id=sa;Password=1
09:49:29.575 @STD001 0002020121800220
09:49:29.576 @STD002 检验
09:49:29.578 @STD003 (绿-红)线间电阻(Ω)
09:49:29.579 @STD004 2.72
09:49:29.587 Data Source=.;Initial Catalog=MT;User Id=sa;Password=1
09:49:29.589 @STD001 0002020121800220
09:49:29.590 @STD002 检验
09:49:29.592 @STD003 电阻不平衡度
09:49:29.593 @STD004 0.103
09:49:29.601 Data Source=.;Initial Catalog=MT;User Id=sa;Password=1
09:49:29.603 @STD001 0002020121800220
09:49:29.605 @STD002 检验
09:49:29.606 @STD003 (黄-红)线间电阻(Ω)
09:49:29.607 @STD004 2.72
09:49:29.615 Data Source=.;Initial Catalog=MT;User Id=sa;Password=1
09:49:29.617 @STD001 0002020121800220
09:49:29.619 @STD002 检验
09:49:29.620 @STD003 匝间检验合格
09:49:29.621 @STD004 True
09:49:29.628 Data Source=.;Initial Catalog=MT;User Id=sa;Password=1
09:49:29.631 @STD001 0002020121800220
09:49:29.632 @STD002 检验
09:49:29.634 @STD003 耐压2260V,测试一分钟无击穿
09:49:29.635 @STD004 True
09:49:29.643 Data Source=.;Initial Catalog=MT;User Id=sa;Password=1
09:49:29.645 @STD001 0002020121800220
09:49:29.647 @STD002 绕线
09:49:29.648 @STD003 并联路数
09:49:29.649 @STD004 1
09:49:29.657 Data Source=.;Initial Catalog=MT;User Id=sa;Password=1
09:49:29.659 @STD001 0002020121800220
09:49:29.660 @STD002 检验
09:49:29.662 @STD003 (黄-绿)线间电阻(Ω)
09:49:29.663 @STD004 2.72
09:49:29.670 Data Source=.;Initial Catalog=MT;User Id=sa;Password=1
09:50:23.806 Data Source=.;Initial Catalog=MT;User Id=sa;Password=1
09:50:24.068 Data Source=.;Initial Catalog=MT;User Id=sa;Password=1
09:50:24.071 Data Source=.;Initial Catalog=MT;User Id=sa;Password=1
09:50:24.076 Data Source=.;Initial Catalog=MT;User Id=sa;Password=1
09:50:31.057 Data Source=.;Initial Catalog=MT;User Id=sa;Password=1
09:50:32.818 Data Source=.;Initial Catalog=MT;User Id=sa;Password=1
09:50:35.151 Data Source=.;Initial Catalog=MT;User Id=sa;Password=1
09:50:35.158 Data Source=.;Initial Catalog=MT;User Id=sa;Password=1
09:50:35.163 Data Source=.;Initial Catalog=MT;User Id=sa;Password=1
09:50:35.171 Data Source=.;Initial Catalog=MT;User Id=sa;Password=1
09:50:35.173 @STD001 0002020121800220
09:50:35.175 @STD002 检验
09:50:35.177 @STD003 (黄-红)线间电阻(Ω)
09:50:35.179 @STD004 2.72
09:50:35.189 Data Source=.;Initial Catalog=MT;User Id=sa;Password=1
09:50:35.196 @STD001 0002020121800220
09:50:35.198 @STD002 检验
09:50:35.200 @STD003 耐压2260V,测试一分钟无击穿
09:50:35.202 @STD004 True
09:50:35.209 Data Source=.;Initial Catalog=MT;User Id=sa;Password=1
09:50:35.212 @STD001 0002020121800220
09:50:35.214 @STD002 检验
09:50:35.215 @STD003 (黄-绿)线间电阻(Ω)
09:50:35.216 @STD004 2.72
09:50:35.224 Data Source=.;Initial Catalog=MT;User Id=sa;Password=1
09:50:35.226 @STD001 0002020121800220
09:50:35.228 @STD002 检验
09:50:35.229 @STD003 (绿-红)线间电阻(Ω)
09:50:35.230 @STD004 2.72
09:50:35.238 Data Source=.;Initial Catalog=MT;User Id=sa;Password=1
09:50:35.240 @STD001 0002020121800220
09:50:35.242 @STD002 检验
09:50:35.243 @STD003 绝缘电阻(MΩ)
09:50:35.245 @STD004 >500
09:50:35.253 Data Source=.;Initial Catalog=MT;User Id=sa;Password=1
09:50:35.255 @STD001 0002020121800220
09:50:35.257 @STD002 检验
09:50:35.258 @STD003 电阻不平衡度
09:50:35.259 @STD004 0.103
09:50:35.267 Data Source=.;Initial Catalog=MT;User Id=sa;Password=1
09:50:35.269 @STD001 0002020121800220
09:50:35.271 @STD002 检验
09:50:35.272 @STD003 环境温度(℃)
09:50:35.273 @STD004 19.6
09:50:35.281 Data Source=.;Initial Catalog=MT;User Id=sa;Password=1
09:50:35.283 @STD001 0002020121800220
09:50:35.284 @STD002 绕线
09:50:35.286 @STD003 并联路数
09:50:35.287 @STD004 1
09:50:35.295 Data Source=.;Initial Catalog=MT;User Id=sa;Password=1
09:50:35.297 @STD001 0002020121800220
09:50:35.298 @STD002 检验
09:50:35.300 @STD003 匝间检验合格
09:50:35.301 @STD004 True
09:50:35.310 Data Source=.;Initial Catalog=MT;User Id=sa;Password=1
09:50:35.313 Data Source=.;Initial Catalog=MT;User Id=sa;Password=1
09:50:35.336 Data Source=.;Initial Catalog=MT;User Id=sa;Password=1
09:51:03.901 Data Source=.;Initial Catalog=MT;User Id=sa;Password=1
09:51:03.904 @idx 5605
09:51:03.905 @STD004 合格
09:51:03.907 @STD006 0
09:51:03.909 @STD007 王宁
09:51:03.911 @STD008 2018/3/29 0:00:00
09:51:03.912 @STD012 
09:51:03.914 @STD013 
09:51:03.941 Data Source=.;Initial Catalog=MT;User Id=sa;Password=1
09:51:03.943 @idx 5596
09:51:03.945 @STD004 2.72
09:51:03.946 @STD006 0
09:51:03.947 @STD007 王宁
09:51:03.948 @STD008 2018/3/29 0:00:00
09:51:03.949 @STD012 
09:51:03.950 @STD013 
09:51:03.957 Data Source=.;Initial Catalog=MT;User Id=sa;Password=1
09:51:03.959 @idx 5595
09:51:03.961 @STD004 4
09:51:03.962 @STD006 0
09:51:03.964 @STD007 王宁
09:51:03.965 @STD008 2018/3/29 0:00:00
09:51:03.966 @STD012 
09:51:03.968 @STD013 
09:51:03.974 Data Source=.;Initial Catalog=MT;User Id=sa;Password=1
09:51:03.976 @idx 5603
09:51:03.978 @STD004 0
09:51:03.979 @STD006 0
09:51:03.980 @STD007 王宁
09:51:03.981 @STD008 2018/3/29 0:00:00
09:51:03.983 @STD012 
09:51:03.984 @STD013 
09:51:03.991 Data Source=.;Initial Catalog=MT;User Id=sa;Password=1
09:51:03.993 @idx 5608
09:51:03.994 @STD004 合格
09:51:03.996 @STD006 0
09:51:03.997 @STD007 王宁
09:51:03.998 @STD008 2018/3/29 0:00:00
09:51:03.999 @STD012 
09:51:04.001 @STD013 
09:51:04.007 Data Source=.;Initial Catalog=MT;User Id=sa;Password=1
09:51:04.009 @idx 5602
09:51:04.011 @STD004 30
09:51:04.012 @STD006 0
09:51:04.013 @STD007 王宁
09:51:04.015 @STD008 2018/3/29 0:00:00
09:51:04.016 @STD012 
09:51:04.017 @STD013 
09:51:04.025 Data Source=.;Initial Catalog=MT;User Id=sa;Password=1
09:51:04.027 @STC001 0002020121800220
09:51:04.029 @STC005 7368
09:51:04.030 @STC006 YT1803019006
09:51:04.031 @STC007 ZJL
09:51:04.033 @STC008 朱洁丽
09:51:04.037 Data Source=.;Initial Catalog=MT;User Id=sa;Password=1
09:51:04.041 @idx 5610
09:51:04.042 @STD004 
09:51:04.044 @STD006 0
09:51:04.046 @STD007 王宁
09:51:04.047 @STD008 2018/3/29 0:00:00
09:51:04.048 @STD012 
09:51:04.049 @STD013 
09:51:04.056 Data Source=.;Initial Catalog=MT;User Id=sa;Password=1
09:51:04.058 @idx 5593
09:51:04.060 @STD004 >500
09:51:04.061 @STD006 0
09:51:04.062 @STD007 王宁
09:51:04.063 @STD008 2018/3/29 0:00:00
09:51:04.065 @STD012 
09:51:04.066 @STD013 
09:51:04.073 Data Source=.;Initial Catalog=MT;User Id=sa;Password=1
09:51:04.075 @idx 5599
09:51:04.077 @STD004 0
09:51:04.078 @STD006 0
09:51:04.079 @STD007 陆芳芳
09:51:04.081 @STD008 2018/9/13 9:50:23
09:51:04.082 @STD012 
09:51:04.083 @STD013 
09:51:04.090 Data Source=.;Initial Catalog=MT;User Id=sa;Password=1
09:51:04.092 @idx 5594
09:51:04.094 @STD004 合格
09:51:04.095 @STD006 0
09:51:04.096 @STD007 王宁
09:51:04.097 @STD008 2018/3/29 0:00:00
09:51:04.098 @STD012 
09:51:04.100 @STD013 
09:51:04.106 Data Source=.;Initial Catalog=MT;User Id=sa;Password=1
09:51:04.108 @idx 5597
09:51:04.109 @STD004 7
09:51:04.111 @STD006 0
09:51:04.112 @STD007 王宁
09:51:04.113 @STD008 2018/3/29 0:00:00
09:51:04.114 @STD012 
09:51:04.115 @STD013 
09:51:04.122 Data Source=.;Initial Catalog=MT;User Id=sa;Password=1
09:51:04.124 @idx 5591
09:51:04.125 @STD004 0.103
09:51:04.127 @STD006 0
09:51:04.128 @STD007 王宁
09:51:04.129 @STD008 2018/3/29 0:00:00
09:51:04.130 @STD012 
09:51:04.132 @STD013 
09:51:04.139 Data Source=.;Initial Catalog=MT;User Id=sa;Password=1
09:51:04.141 @idx 5592
09:51:04.142 @STD004 1
09:51:04.144 @STD006 0
09:51:04.145 @STD007 陆芳芳
09:51:04.147 @STD008 2018/9/13 9:50:23
09:51:04.148 @STD012 
09:51:04.149 @STD013 
09:51:04.156 Data Source=.;Initial Catalog=MT;User Id=sa;Password=1
09:51:04.158 @idx 5609
09:51:04.159 @STD004 2.72
09:51:04.161 @STD006 0
09:51:04.162 @STD007 王宁
09:51:04.163 @STD008 2018/3/29 0:00:00
09:51:04.164 @STD012 
09:51:04.166 @STD013 
09:51:04.173 Data Source=.;Initial Catalog=MT;User Id=sa;Password=1
09:51:04.175 @idx 5598
09:51:04.176 @STD004 19.6
09:51:04.177 @STD006 0
09:51:04.179 @STD007 王宁
09:51:04.180 @STD008 2018/3/29 0:00:00
09:51:04.181 @STD012 
09:51:04.183 @STD013 
09:51:04.189 Data Source=.;Initial Catalog=MT;User Id=sa;Password=1
09:51:04.191 @idx 5600
09:51:04.193 @STD004 合格
09:51:04.194 @STD006 0
09:51:04.195 @STD007 王宁
09:51:04.197 @STD008 2018/3/29 0:00:00
09:51:04.198 @STD012 
09:51:04.199 @STD013 
09:51:04.206 Data Source=.;Initial Catalog=MT;User Id=sa;Password=1
09:51:04.208 @idx 5589
09:51:04.209 @STD004 2.72
09:51:04.211 @STD006 0
09:51:04.212 @STD007 王宁
09:51:04.214 @STD008 2018/3/29 0:00:00
09:51:04.215 @STD012 
09:51:04.217 @STD013 
09:51:04.226 Data Source=.;Initial Catalog=MT;User Id=sa;Password=1
09:51:04.229 @idx 5590
09:51:04.231 @STD004 32
09:51:04.232 @STD006 0
09:51:04.233 @STD007 王宁
09:51:04.235 @STD008 2018/3/29 0:00:00
09:51:04.236 @STD012 
09:51:04.237 @STD013 
09:51:04.245 Data Source=.;Initial Catalog=MT;User Id=sa;Password=1
09:51:04.247 @idx 5607
09:51:04.249 @STD004 6
09:51:04.250 @STD006 0
09:51:04.251 @STD007 陆芳芳
09:51:04.253 @STD008 2018/9/13 9:50:23
09:51:04.254 @STD012 
09:51:04.255 @STD013 
09:51:04.262 Data Source=.;Initial Catalog=MT;User Id=sa;Password=1
09:51:04.264 @idx 5601
09:51:04.266 @STD004 32
09:51:04.267 @STD006 0
09:51:04.268 @STD007 王宁
09:51:04.270 @STD008 2018/3/29 0:00:00
09:51:04.271 @STD012 
09:51:04.272 @STD013 
09:51:04.280 Data Source=.;Initial Catalog=MT;User Id=sa;Password=1
09:51:04.282 @idx 5606
09:51:04.284 @STD004 合格
09:51:04.285 @STD006 0
09:51:04.287 @STD007 王宁
09:51:04.288 @STD008 2018/3/29 0:00:00
09:51:04.289 @STD012 
09:51:04.290 @STD013 
09:51:04.297 Data Source=.;Initial Catalog=MT;User Id=sa;Password=1
09:51:04.299 @idx 5604
09:51:04.301 @STD004 37
09:51:04.302 @STD006 0
09:51:04.304 @STD007 陆芳芳
09:51:04.305 @STD008 2018/9/13 9:50:23
09:51:04.306 @STD012 
09:51:04.307 @STD013 
09:51:04.316 Data Source=.;Initial Catalog=MT;User Id=sa;Password=1
09:51:06.647 Data Source=.;Initial Catalog=MT;User Id=sa;Password=1
09:51:24.280 Data Source=.;Initial Catalog=MT;User Id=sa;Password=1
09:51:24.284 Data Source=.;Initial Catalog=MT;User Id=sa;Password=1
09:51:24.289 Data Source=.;Initial Catalog=MT;User Id=sa;Password=1
09:51:24.299 Data Source=.;Initial Catalog=MT;User Id=sa;Password=1
09:51:24.301 @STD001 0002020121800220
09:51:24.303 @STD002 检验
09:51:24.305 @STD003 匝间检验合格
09:51:24.306 @STD004 True
09:51:24.315 Data Source=.;Initial Catalog=MT;User Id=sa;Password=1
09:51:24.319 @STD001 0002020121800220
09:51:24.321 @STD002 绕线
09:51:24.322 @STD003 并联路数
09:51:24.323 @STD004 1
09:51:24.331 Data Source=.;Initial Catalog=MT;User Id=sa;Password=1
09:51:24.333 @STD001 0002020121800220
09:51:24.335 @STD002 检验
09:51:24.336 @STD003 绝缘电阻(MΩ)
09:51:24.338 @STD004 >500
09:51:24.345 Data Source=.;Initial Catalog=MT;User Id=sa;Password=1
09:51:24.347 @STD001 0002020121800220
09:51:24.349 @STD002 检验
09:51:24.350 @STD003 (黄-绿)线间电阻(Ω)
09:51:24.352 @STD004 2.72
09:51:24.359 Data Source=.;Initial Catalog=MT;User Id=sa;Password=1
09:51:24.361 @STD001 0002020121800220
09:51:24.363 @STD002 检验
09:51:24.364 @STD003 耐压2260V,测试一分钟无击穿
09:51:24.366 @STD004 True
09:51:24.373 Data Source=.;Initial Catalog=MT;User Id=sa;Password=1
09:51:24.375 @STD001 0002020121800220
09:51:24.377 @STD002 检验
09:51:24.378 @STD003 电阻不平衡度
09:51:24.379 @STD004 0.103
09:51:24.387 Data Source=.;Initial Catalog=MT;User Id=sa;Password=1
09:51:24.389 @STD001 0002020121800220
09:51:24.391 @STD002 检验
09:51:24.392 @STD003 (绿-红)线间电阻(Ω)
09:51:24.393 @STD004 2.72
09:51:24.401 Data Source=.;Initial Catalog=MT;User Id=sa;Password=1
09:51:24.403 @STD001 0002020121800220
09:51:24.405 @STD002 检验
09:51:24.406 @STD003 (黄-红)线间电阻(Ω)
09:51:24.408 @STD004 2.72
09:51:24.416 Data Source=.;Initial Catalog=MT;User Id=sa;Password=1
09:51:24.418 @STD001 0002020121800220
09:51:24.419 @STD002 检验
09:51:24.421 @STD003 环境温度(℃)
09:51:24.422 @STD004 19.6
09:51:24.430 Data Source=.;Initial Catalog=MT;User Id=sa;Password=1
09:51:24.432 Data Source=.;Initial Catalog=MT;User Id=sa;Password=1
09:51:24.448 Data Source=.;Initial Catalog=MT;User Id=sa;Password=1
09:52:17.681 Data Source=.;Initial Catalog=MT;User Id=sa;Password=1
09:52:18.030 Data Source=.;Initial Catalog=MT;User Id=sa;Password=1
09:52:18.034 Data Source=.;Initial Catalog=MT;User Id=sa;Password=1
09:52:18.038 Data Source=.;Initial Catalog=MT;User Id=sa;Password=1
09:52:22.647 Data Source=.;Initial Catalog=MT;User Id=sa;Password=1
09:52:24.729 Data Source=.;Initial Catalog=MT;User Id=sa;Password=1
09:52:32.747 Data Source=.;Initial Catalog=MT;User Id=sa;Password=1
09:52:32.755 Data Source=.;Initial Catalog=MT;User Id=sa;Password=1
09:52:32.760 Data Source=.;Initial Catalog=MT;User Id=sa;Password=1
09:52:32.768 Data Source=.;Initial Catalog=MT;User Id=sa;Password=1
09:52:32.769 @STD001 0002020121800220
09:52:32.771 @STD002 检验
09:52:32.773 @STD003 电阻不平衡度
09:52:32.774 @STD004 0.103
09:52:32.784 Data Source=.;Initial Catalog=MT;User Id=sa;Password=1
09:52:32.791 @STD001 0002020121800220
09:52:32.793 @STD002 检验
09:52:32.795 @STD003 (黄-红)线间电阻(Ω)
09:52:32.797 @STD004 2.72
09:52:32.806 Data Source=.;Initial Catalog=MT;User Id=sa;Password=1
09:52:32.808 @STD001 0002020121800220
09:52:32.810 @STD002 检验
09:52:32.811 @STD003 匝间检验合格
09:52:32.812 @STD004 True
09:52:32.820 Data Source=.;Initial Catalog=MT;User Id=sa;Password=1
09:52:32.822 @STD001 0002020121800220
09:52:32.824 @STD002 检验
09:52:32.825 @STD003 耐压2260V,测试一分钟无击穿
09:52:32.828 @STD004 True
09:52:32.836 Data Source=.;Initial Catalog=MT;User Id=sa;Password=1
09:52:32.839 @STD001 0002020121800220
09:52:32.840 @STD002 检验
09:52:32.842 @STD003 绝缘电阻(MΩ)
09:52:32.843 @STD004 >500
09:52:32.851 Data Source=.;Initial Catalog=MT;User Id=sa;Password=1
09:52:32.853 @STD001 0002020121800220
09:52:32.854 @STD002 检验
09:52:32.856 @STD003 (黄-绿)线间电阻(Ω)
09:52:32.857 @STD004 2.72
09:52:32.867 Data Source=.;Initial Catalog=MT;User Id=sa;Password=1
09:52:32.869 @STD001 0002020121800220
09:52:32.871 @STD002 绕线
09:52:32.872 @STD003 并联路数
09:52:32.873 @STD004 1
09:52:32.882 Data Source=.;Initial Catalog=MT;User Id=sa;Password=1
09:52:32.884 @STD001 0002020121800220
09:52:32.885 @STD002 检验
09:52:32.887 @STD003 环境温度(℃)
09:52:32.888 @STD004 19.6
09:52:32.895 Data Source=.;Initial Catalog=MT;User Id=sa;Password=1
09:52:32.898 @STD001 0002020121800220
09:52:32.899 @STD002 检验
09:52:32.900 @STD003 (绿-红)线间电阻(Ω)
09:52:32.902 @STD004 2.72
09:52:32.909 Data Source=.;Initial Catalog=MT;User Id=sa;Password=1
09:52:32.912 Data Source=.;Initial Catalog=MT;User Id=sa;Password=1
09:52:32.927 Data Source=.;Initial Catalog=MT;User Id=sa;Password=1
09:52:35.084 Data Source=.;Initial Catalog=MT;User Id=sa;Password=1
09:52:43.501 Data Source=.;Initial Catalog=MT;User Id=sa;Password=1
09:52:43.506 Data Source=.;Initial Catalog=MT;User Id=sa;Password=1
09:52:43.509 Data Source=.;Initial Catalog=MT;User Id=sa;Password=1
09:52:43.519 Data Source=.;Initial Catalog=MT;User Id=sa;Password=1
09:52:43.521 @STD001 0002020121800221
09:52:43.523 @STD002 检验
09:52:43.526 @STD003 (黄-绿)线间电阻(Ω)
09:52:43.528 @STD004 2.71
09:52:43.541 Data Source=.;Initial Catalog=MT;User Id=sa;Password=1
09:52:43.543 @STD001 0002020121800221
09:52:43.544 @STD002 绕线
09:52:43.546 @STD003 并联路数
09:52:43.547 @STD004 1
09:52:43.555 Data Source=.;Initial Catalog=MT;User Id=sa;Password=1
09:52:43.559 @STD001 0002020121800221
09:52:43.560 @STD002 检验
09:52:43.561 @STD003 匝间检验合格
09:52:43.563 @STD004 True
09:52:43.572 Data Source=.;Initial Catalog=MT;User Id=sa;Password=1
09:52:43.574 @STD001 0002020121800221
09:52:43.576 @STD002 检验
09:52:43.577 @STD003 耐压2260V,测试一分钟无击穿
09:52:43.579 @STD004 True
09:52:43.588 Data Source=.;Initial Catalog=MT;User Id=sa;Password=1
09:52:43.590 @STD001 0002020121800221
09:52:43.591 @STD002 检验
09:52:43.592 @STD003 电阻不平衡度
09:52:43.594 @STD004 0.133
09:52:43.602 Data Source=.;Initial Catalog=MT;User Id=sa;Password=1
09:52:43.604 @STD001 0002020121800221
09:52:43.605 @STD002 检验
09:52:43.607 @STD003 (黄-红)线间电阻(Ω)
09:52:43.608 @STD004 2.71
09:52:43.616 Data Source=.;Initial Catalog=MT;User Id=sa;Password=1
09:52:43.618 @STD001 0002020121800221
09:52:43.620 @STD002 检验
09:52:43.621 @STD003 绝缘电阻(MΩ)
09:52:43.622 @STD004 482
09:52:43.631 Data Source=.;Initial Catalog=MT;User Id=sa;Password=1
09:52:43.633 @STD001 0002020121800221
09:52:43.634 @STD002 检验
09:52:43.636 @STD003 (绿-红)线间电阻(Ω)
09:52:43.637 @STD004 2.71
09:52:43.645 Data Source=.;Initial Catalog=MT;User Id=sa;Password=1
09:52:43.647 @STD001 0002020121800221
09:52:43.648 @STD002 检验
09:52:43.650 @STD003 环境温度(℃)
09:52:43.651 @STD004 19.6
09:52:43.658 Data Source=.;Initial Catalog=MT;User Id=sa;Password=1
09:52:43.660 Data Source=.;Initial Catalog=MT;User Id=sa;Password=1
09:52:43.686 Data Source=.;Initial Catalog=MT;User Id=sa;Password=1
09:52:52.240 Data Source=.;Initial Catalog=MT;User Id=sa;Password=1
09:52:52.243 @idx 5579
09:52:52.245 @STD004 7
09:52:52.247 @STD006 0
09:52:52.249 @STD007 王宁
09:52:52.251 @STD008 2018/3/29 0:00:00
09:52:52.253 @STD012 
09:52:52.256 @STD013 
09:52:52.264 Data Source=.;Initial Catalog=MT;User Id=sa;Password=1
09:52:52.268 @idx 5572
09:52:52.269 @STD004 19.6
09:52:52.270 @STD006 0
09:52:52.271 @STD007 王宁
09:52:52.272 @STD008 2018/3/29 0:00:00
09:52:52.274 @STD012 
09:52:52.275 @STD013 
09:52:52.281 Data Source=.;Initial Catalog=MT;User Id=sa;Password=1
09:52:52.284 @idx 5582
09:52:52.285 @STD004 2.71
09:52:52.286 @STD006 0
09:52:52.287 @STD007 王宁
09:52:52.289 @STD008 2018/3/29 0:00:00
09:52:52.290 @STD012 
09:52:52.291 @STD013 
09:52:52.297 Data Source=.;Initial Catalog=MT;User Id=sa;Password=1
09:52:52.300 @idx 5578
09:52:52.301 @STD004 0.133
09:52:52.302 @STD006 0
09:52:52.304 @STD007 王宁
09:52:52.305 @STD008 2018/3/29 0:00:00
09:52:52.307 @STD012 
09:52:52.308 @STD013 
09:52:52.314 Data Source=.;Initial Catalog=MT;User Id=sa;Password=1
09:52:52.316 @idx 5580
09:52:52.318 @STD004 4
09:52:52.319 @STD006 0
09:52:52.320 @STD007 王宁
09:52:52.322 @STD008 2018/3/29 0:00:00
09:52:52.323 @STD012 
09:52:52.324 @STD013 
09:52:52.331 Data Source=.;Initial Catalog=MT;User Id=sa;Password=1
09:52:52.333 @idx 5569
09:52:52.334 @STD004 合格
09:52:52.336 @STD006 0
09:52:52.337 @STD007 王宁
09:52:52.338 @STD008 2018/3/29 0:00:00
09:52:52.339 @STD012 
09:52:52.341 @STD013 
09:52:52.347 Data Source=.;Initial Catalog=MT;User Id=sa;Password=1
09:52:52.351 @STC001 0002020121800221
09:52:52.353 @STC005 7375
09:52:52.354 @STC006 YT1803019022
09:52:52.356 @STC007 
09:52:52.357 @STC008 
09:52:52.359 Data Source=.;Initial Catalog=MT;User Id=sa;Password=1
09:52:52.361 @idx 5567
09:52:52.362 @STD004 32
09:52:52.364 @STD006 0
09:52:52.365 @STD007 王宁
09:52:52.366 @STD008 2018/3/29 0:00:00
09:52:52.367 @STD012 
09:52:52.368 @STD013 
09:52:52.375 Data Source=.;Initial Catalog=MT;User Id=sa;Password=1
09:52:52.377 @idx 5588
09:52:52.378 @STD004 30
09:52:52.380 @STD006 0
09:52:52.381 @STD007 王宁
09:52:52.382 @STD008 2018/3/29 0:00:00
09:52:52.383 @STD012 
09:52:52.384 @STD013 
09:52:52.391 Data Source=.;Initial Catalog=MT;User Id=sa;Password=1
09:52:52.393 @idx 5584
09:52:52.395 @STD004 
09:52:52.396 @STD006 0
09:52:52.397 @STD007 王宁
09:52:52.398 @STD008 2018/3/29 0:00:00
09:52:52.400 @STD012 
09:52:52.401 @STD013 
09:52:52.408 Data Source=.;Initial Catalog=MT;User Id=sa;Password=1
09:52:52.410 @idx 5573
09:52:52.411 @STD004 合格
09:52:52.412 @STD006 0
09:52:52.414 @STD007 王宁
09:52:52.415 @STD008 2018/3/29 0:00:00
09:52:52.416 @STD012 
09:52:52.417 @STD013 
09:52:52.424 Data Source=.;Initial Catalog=MT;User Id=sa;Password=1
09:52:52.426 @idx 5585
09:52:52.427 @STD004 6
09:52:52.429 @STD006 0
09:52:52.430 @STD007 陆芳芳
09:52:52.431 @STD008 2018/9/13 9:52:17
09:52:52.432 @STD012 
09:52:52.434 @STD013 
09:52:52.440 Data Source=.;Initial Catalog=MT;User Id=sa;Password=1
09:52:52.442 @idx 5570
09:52:52.443 @STD004 合格
09:52:52.445 @STD006 0
09:52:52.446 @STD007 王宁
09:52:52.447 @STD008 2018/3/29 0:00:00
09:52:52.448 @STD012 
09:52:52.450 @STD013 
09:52:52.456 Data Source=.;Initial Catalog=MT;User Id=sa;Password=1
09:52:52.458 @idx 5586
09:52:52.460 @STD004 2.71
09:52:52.461 @STD006 0
09:52:52.462 @STD007 王宁
09:52:52.464 @STD008 2018/3/29 0:00:00
09:52:52.465 @STD012 
09:52:52.466 @STD013 
09:52:52.472 Data Source=.;Initial Catalog=MT;User Id=sa;Password=1
09:52:52.474 @idx 5571
09:52:52.476 @STD004 37
09:52:52.477 @STD006 0
09:52:52.478 @STD007 陆芳芳
09:52:52.480 @STD008 2018/9/13 9:52:17
09:52:52.481 @STD012 
09:52:52.482 @STD013 
09:52:52.489 Data Source=.;Initial Catalog=MT;User Id=sa;Password=1
09:52:52.491 @idx 5576
09:52:52.493 @STD004 0
09:52:52.494 @STD006 0
09:52:52.496 @STD007 王宁
09:52:52.497 @STD008 2018/3/29 0:00:00
09:52:52.498 @STD012 
09:52:52.499 @STD013 
09:52:52.506 Data Source=.;Initial Catalog=MT;User Id=sa;Password=1
09:52:52.508 @idx 5583
09:52:52.509 @STD004 482
09:52:52.511 @STD006 0
09:52:52.512 @STD007 王宁
09:52:52.513 @STD008 2018/3/29 0:00:00
09:52:52.515 @STD012 
09:52:52.516 @STD013 
09:52:52.523 Data Source=.;Initial Catalog=MT;User Id=sa;Password=1
09:52:52.526 @idx 5587
09:52:52.527 @STD004 1
09:52:52.529 @STD006 0
09:52:52.530 @STD007 陆芳芳
09:52:52.531 @STD008 2018/9/13 9:52:17
09:52:52.533 @STD012 
09:52:52.534 @STD013 
09:52:52.542 Data Source=.;Initial Catalog=MT;User Id=sa;Password=1
09:52:52.544 @idx 5574
09:52:52.546 @STD004 合格
09:52:52.547 @STD006 0
09:52:52.548 @STD007 王宁
09:52:52.549 @STD008 2018/3/29 0:00:00
09:52:52.551 @STD012 
09:52:52.552 @STD013 
09:52:52.558 Data Source=.;Initial Catalog=MT;User Id=sa;Password=1
09:52:52.560 @idx 5577
09:52:52.562 @STD004 0
09:52:52.563 @STD006 0
09:52:52.565 @STD007 陆芳芳
09:52:52.566 @STD008 2018/9/13 9:52:17
09:52:52.567 @STD012 
09:52:52.568 @STD013 
09:52:52.575 Data Source=.;Initial Catalog=MT;User Id=sa;Password=1
09:52:52.577 @idx 5575
09:52:52.579 @STD004 2.71
09:52:52.580 @STD006 0
09:52:52.581 @STD007 王宁
09:52:52.583 @STD008 2018/3/29 0:00:00
09:52:52.584 @STD012 
09:52:52.585 @STD013 
09:52:52.592 Data Source=.;Initial Catalog=MT;User Id=sa;Password=1
09:52:52.595 @idx 5568
09:52:52.597 @STD004 32
09:52:52.598 @STD006 0
09:52:52.599 @STD007 王宁
09:52:52.600 @STD008 2018/3/29 0:00:00
09:52:52.602 @STD012 
09:52:52.603 @STD013 
09:52:52.611 Data Source=.;Initial Catalog=MT;User Id=sa;Password=1
09:52:52.613 @idx 5581
09:52:52.614 @STD004 合格
09:52:52.615 @STD006 0
09:52:52.617 @STD007 王宁
09:52:52.618 @STD008 2018/3/29 0:00:00
09:52:52.619 @STD012 
09:52:52.620 @STD013 
09:52:52.627 Data Source=.;Initial Catalog=MT;User Id=sa;Password=1
09:52:55.001 Data Source=.;Initial Catalog=MT;User Id=sa;Password=1
09:52:59.973 Data Source=.;Initial Catalog=MT;User Id=sa;Password=1
09:52:59.977 Data Source=.;Initial Catalog=MT;User Id=sa;Password=1
09:52:59.981 Data Source=.;Initial Catalog=MT;User Id=sa;Password=1
09:52:59.990 Data Source=.;Initial Catalog=MT;User Id=sa;Password=1
09:52:59.993 @STD001 0002020121800221
09:52:59.996 @STD002 检验
09:52:59.997 @STD003 电阻不平衡度
09:52:59.999 @STD004 0.133
09:53:00.008 Data Source=.;Initial Catalog=MT;User Id=sa;Password=1
09:53:00.013 @STD001 0002020121800221
09:53:00.015 @STD002 检验
09:53:00.017 @STD003 耐压2260V,测试一分钟无击穿
09:53:00.018 @STD004 True
09:53:00.028 Data Source=.;Initial Catalog=MT;User Id=sa;Password=1
09:53:00.030 @STD001 0002020121800221
09:53:00.032 @STD002 检验
09:53:00.033 @STD003 环境温度(℃)
09:53:00.035 @STD004 19.6
09:53:00.042 Data Source=.;Initial Catalog=MT;User Id=sa;Password=1
09:53:00.045 @STD001 0002020121800221
09:53:00.046 @STD002 检验
09:53:00.048 @STD003 (绿-红)线间电阻(Ω)
09:53:00.049 @STD004 2.71
09:53:00.056 Data Source=.;Initial Catalog=MT;User Id=sa;Password=1
09:53:00.058 @STD001 0002020121800221
09:53:00.060 @STD002 绕线
09:53:00.061 @STD003 并联路数
09:53:00.062 @STD004 1
09:53:00.070 Data Source=.;Initial Catalog=MT;User Id=sa;Password=1
09:53:00.072 @STD001 0002020121800221
09:53:00.074 @STD002 检验
09:53:00.075 @STD003 绝缘电阻(MΩ)
09:53:00.077 @STD004 482
09:53:00.084 Data Source=.;Initial Catalog=MT;User Id=sa;Password=1
09:53:00.086 @STD001 0002020121800221
09:53:00.088 @STD002 检验
09:53:00.089 @STD003 (黄-绿)线间电阻(Ω)
09:53:00.090 @STD004 2.71
09:53:00.098 Data Source=.;Initial Catalog=MT;User Id=sa;Password=1
09:53:00.100 @STD001 0002020121800221
09:53:00.101 @STD002 检验
09:53:00.103 @STD003 匝间检验合格
09:53:00.104 @STD004 True
09:53:00.112 Data Source=.;Initial Catalog=MT;User Id=sa;Password=1
09:53:00.114 @STD001 0002020121800221
09:53:00.115 @STD002 检验
09:53:00.116 @STD003 (黄-红)线间电阻(Ω)
09:53:00.118 @STD004 2.71
09:53:00.126 Data Source=.;Initial Catalog=MT;User Id=sa;Password=1
09:53:00.128 Data Source=.;Initial Catalog=MT;User Id=sa;Password=1
09:53:00.145 Data Source=.;Initial Catalog=MT;User Id=sa;Password=1
09:53:11.520 Data Source=.;Initial Catalog=MT;User Id=sa;Password=1
09:53:11.522 @idx 5582
09:53:11.524 @STD004 2.71
09:53:11.525 @STD006 0
09:53:11.527 @STD007 王宁
09:53:11.528 @STD008 2018/3/29 0:00:00
09:53:11.529 @STD012           
09:53:11.531 @STD013           
09:53:11.539 Data Source=.;Initial Catalog=MT;User Id=sa;Password=1
09:53:11.543 @idx 5579
09:53:11.545 @STD004 7
09:53:11.546 @STD006 0
09:53:11.548 @STD007 王宁
09:53:11.549 @STD008 2018/3/29 0:00:00
09:53:11.550 @STD012           
09:53:11.551 @STD013           
09:53:11.558 Data Source=.;Initial Catalog=MT;User Id=sa;Password=1
09:53:11.561 @idx 5584
09:53:11.562 @STD004 
09:53:11.563 @STD006 0
09:53:11.564 @STD007 王宁
09:53:11.566 @STD008 2018/3/29 0:00:00
09:53:11.567 @STD012           
09:53:11.568 @STD013           
09:53:11.574 Data Source=.;Initial Catalog=MT;User Id=sa;Password=1
09:53:11.576 @idx 5586
09:53:11.578 @STD004 2.71
09:53:11.579 @STD006 0
09:53:11.581 @STD007 王宁
09:53:11.582 @STD008 2018/3/29 0:00:00
09:53:11.583 @STD012           
09:53:11.584 @STD013           
09:53:11.591 Data Source=.;Initial Catalog=MT;User Id=sa;Password=1
09:53:11.593 @idx 5576
09:53:11.595 @STD004 0
09:53:11.596 @STD006 0
09:53:11.597 @STD007 王宁
09:53:11.599 @STD008 2018/3/29 0:00:00
09:53:11.600 @STD012           
09:53:11.601 @STD013           
09:53:11.608 Data Source=.;Initial Catalog=MT;User Id=sa;Password=1
09:53:11.610 @idx 5583
09:53:11.611 @STD004 482
09:53:11.613 @STD006 0
09:53:11.614 @STD007 王宁
09:53:11.615 @STD008 2018/3/29 0:00:00
09:53:11.617 @STD012           
09:53:11.618 @STD013           
09:53:11.625 Data Source=.;Initial Catalog=MT;User Id=sa;Password=1
09:53:11.627 @idx 5585
09:53:11.628 @STD004 6
09:53:11.630 @STD006 0
09:53:11.631 @STD007 陆芳芳
09:53:11.632 @STD008 2018/9/13 9:52:17
09:53:11.633 @STD012           
09:53:11.635 @STD013           
09:53:11.641 Data Source=.;Initial Catalog=MT;User Id=sa;Password=1
09:53:11.643 @idx 5573
09:53:11.645 @STD004 合格
09:53:11.646 @STD006 0
09:53:11.647 @STD007 王宁
09:53:11.649 @STD008 2018/3/29 0:00:00
09:53:11.650 @STD012           
09:53:11.651 @STD013           
09:53:11.658 Data Source=.;Initial Catalog=MT;User Id=sa;Password=1
09:53:11.660 @idx 5580
09:53:11.661 @STD004 4
09:53:11.663 @STD006 0
09:53:11.664 @STD007 王宁
09:53:11.666 @STD008 2018/3/29 0:00:00
09:53:11.667 @STD012           
09:53:11.668 @STD013           
09:53:11.675 Data Source=.;Initial Catalog=MT;User Id=sa;Password=1
09:53:11.677 @idx 5577
09:53:11.679 @STD004 0
09:53:11.680 @STD006 0
09:53:11.682 @STD007 陆芳芳
09:53:11.683 @STD008 2018/9/13 9:52:17
09:53:11.685 @STD012           
09:53:11.686 @STD013           
09:53:11.693 Data Source=.;Initial Catalog=MT;User Id=sa;Password=1
09:53:11.695 @idx 5574
09:53:11.697 @STD004 合格
09:53:11.698 @STD006 0
09:53:11.699 @STD007 王宁
09:53:11.700 @STD008 2018/3/29 0:00:00
09:53:11.702 @STD012           
09:53:11.703 @STD013           
09:53:11.710 Data Source=.;Initial Catalog=MT;User Id=sa;Password=1
09:53:11.713 @idx 5568
09:53:11.714 @STD004 32
09:53:11.716 @STD006 0
09:53:11.717 @STD007 王宁
09:53:11.719 @STD008 2018/3/29 0:00:00
09:53:11.720 @STD012           
09:53:11.721 @STD013           
09:53:11.729 Data Source=.;Initial Catalog=MT;User Id=sa;Password=1
09:53:11.731 @idx 5569
09:53:11.732 @STD004 合格
09:53:11.734 @STD006 0
09:53:11.735 @STD007 王宁
09:53:11.736 @STD008 2018/3/29 0:00:00
09:53:11.737 @STD012           
09:53:11.739 @STD013           
09:53:11.746 Data Source=.;Initial Catalog=MT;User Id=sa;Password=1
09:53:11.748 @idx 5587
09:53:11.750 @STD004 1
09:53:11.751 @STD006 0
09:53:11.752 @STD007 陆芳芳
09:53:11.753 @STD008 2018/9/13 9:52:17
09:53:11.755 @STD012           
09:53:11.756 @STD013           
09:53:11.762 Data Source=.;Initial Catalog=MT;User Id=sa;Password=1
09:53:11.765 @idx 5570
09:53:11.766 @STD004 合格
09:53:11.768 @STD006 0
09:53:11.769 @STD007 王宁
09:53:11.771 @STD008 2018/3/29 0:00:00
09:53:11.772 @STD012           
09:53:11.773 @STD013           
09:53:11.780 Data Source=.;Initial Catalog=MT;User Id=sa;Password=1
09:53:11.782 @idx 5581
09:53:11.783 @STD004 合格
09:53:11.785 @STD006 0
09:53:11.786 @STD007 王宁
09:53:11.787 @STD008 2018/3/29 0:00:00
09:53:11.789 @STD012           
09:53:11.790 @STD013           
09:53:11.800 Data Source=.;Initial Catalog=MT;User Id=sa;Password=1
09:53:11.803 @idx 5571
09:53:11.804 @STD004 37
09:53:11.806 @STD006 0
09:53:11.808 @STD007 陆芳芳
09:53:11.809 @STD008 2018/9/13 9:52:17
09:53:11.810 @STD012           
09:53:11.811 @STD013           
09:53:11.818 Data Source=.;Initial Catalog=MT;User Id=sa;Password=1
09:53:11.820 @STC001 0002020121800221
09:53:11.822 @STC005 7375
09:53:11.823 @STC006 YT1803019022
09:53:11.824 @STC007 
09:53:11.825 @STC008 
09:53:11.828 Data Source=.;Initial Catalog=MT;User Id=sa;Password=1
09:53:11.829 @idx 5588
09:53:11.831 @STD004 30
09:53:11.832 @STD006 0
09:53:11.833 @STD007 王宁
09:53:11.836 @STD008 2018/3/29 0:00:00
09:53:11.837 @STD012           
09:53:11.839 @STD013           
09:53:11.847 Data Source=.;Initial Catalog=MT;User Id=sa;Password=1
09:53:11.849 @idx 5567
09:53:11.850 @STD004 32
09:53:11.852 @STD006 0
09:53:11.853 @STD007 王宁
09:53:11.855 @STD008 2018/3/29 0:00:00
09:53:11.856 @STD012           
09:53:11.857 @STD013           
09:53:11.865 Data Source=.;Initial Catalog=MT;User Id=sa;Password=1
09:53:11.867 @idx 5572
09:53:11.868 @STD004 19.6
09:53:11.870 @STD006 0
09:53:11.871 @STD007 王宁
09:53:11.872 @STD008 2018/3/29 0:00:00
09:53:11.873 @STD012           
09:53:11.874 @STD013           
09:53:11.881 Data Source=.;Initial Catalog=MT;User Id=sa;Password=1
09:53:11.883 @idx 5575
09:53:11.885 @STD004 2.71
09:53:11.886 @STD006 0
09:53:11.887 @STD007 王宁
09:53:11.889 @STD008 2018/3/29 0:00:00
09:53:11.890 @STD012           
09:53:11.891 @STD013           
09:53:11.898 Data Source=.;Initial Catalog=MT;User Id=sa;Password=1
09:53:11.900 @idx 5578
09:53:11.901 @STD004 0.133
09:53:11.902 @STD006 0
09:53:11.904 @STD007 王宁
09:53:11.905 @STD008 2018/3/29 0:00:00
09:53:11.906 @STD012           
09:53:11.907 @STD013           
09:53:11.914 Data Source=.;Initial Catalog=MT;User Id=sa;Password=1
09:53:13.852 Data Source=.;Initial Catalog=MT;User Id=sa;Password=1
09:53:16.268 Data Source=.;Initial Catalog=MT;User Id=sa;Password=1
09:53:16.273 Data Source=.;Initial Catalog=MT;User Id=sa;Password=1
09:53:16.278 Data Source=.;Initial Catalog=MT;User Id=sa;Password=1
09:53:16.288 Data Source=.;Initial Catalog=MT;User Id=sa;Password=1
09:53:16.290 @STD001 0002020121800221
09:53:16.292 @STD002 检验
09:53:16.294 @STD003 匝间检验合格
09:53:16.295 @STD004 True
09:53:16.306 Data Source=.;Initial Catalog=MT;User Id=sa;Password=1
09:53:16.309 @STD001 0002020121800221
09:53:16.311 @STD002 检验
09:53:16.312 @STD003 电阻不平衡度
09:53:16.313 @STD004 0.133
09:53:16.324 Data Source=.;Initial Catalog=MT;User Id=sa;Password=1
09:53:16.326 @STD001 0002020121800221
09:53:16.328 @STD002 检验
09:53:16.329 @STD003 绝缘电阻(MΩ)
09:53:16.330 @STD004 482
09:53:16.338 Data Source=.;Initial Catalog=MT;User Id=sa;Password=1
09:53:16.340 @STD001 0002020121800221
09:53:16.342 @STD002 检验
09:53:16.343 @STD003 (黄-绿)线间电阻(Ω)
09:53:16.345 @STD004 2.71
09:53:16.353 Data Source=.;Initial Catalog=MT;User Id=sa;Password=1
09:53:16.356 @STD001 0002020121800221
09:53:16.357 @STD002 检验
09:53:16.359 @STD003 (黄-红)线间电阻(Ω)
09:53:16.361 @STD004 2.71
09:53:16.370 Data Source=.;Initial Catalog=MT;User Id=sa;Password=1
09:53:16.373 @STD001 0002020121800221
09:53:16.374 @STD002 绕线
09:53:16.376 @STD003 并联路数
09:53:16.379 @STD004 1
09:53:16.386 Data Source=.;Initial Catalog=MT;User Id=sa;Password=1
09:53:16.389 @STD001 0002020121800221
09:53:16.390 @STD002 检验
09:53:16.392 @STD003 (绿-红)线间电阻(Ω)
09:53:16.393 @STD004 2.71
09:53:16.400 Data Source=.;Initial Catalog=MT;User Id=sa;Password=1
09:53:16.402 @STD001 0002020121800221
09:53:16.404 @STD002 检验
09:53:16.405 @STD003 耐压2260V,测试一分钟无击穿
09:53:16.407 @STD004 True
09:53:16.415 Data Source=.;Initial Catalog=MT;User Id=sa;Password=1
09:53:16.417 @STD001 0002020121800221
09:53:16.418 @STD002 检验
09:53:16.419 @STD003 环境温度(℃)
09:53:16.420 @STD004 19.6
09:53:16.428 Data Source=.;Initial Catalog=MT;User Id=sa;Password=1
09:53:16.430 Data Source=.;Initial Catalog=MT;User Id=sa;Password=1
09:53:16.446 Data Source=.;Initial Catalog=MT;User Id=sa;Password=1
