13:14:43.751 Data Source=.;Initial Catalog=MT;User Id=sa;Password=1
13:14:44.070 Data Source=.;Initial Catalog=MT;User Id=sa;Password=1
13:16:34.995 Data Source=.;Initial Catalog=MT;User Id=sa;Password=1
13:16:35.226 Data Source=.;Initial Catalog=MT;User Id=sa;Password=1
13:19:09.255 Data Source=.;Initial Catalog=MT;User Id=sa;Password=1
13:19:09.482 Data Source=.;Initial Catalog=MT;User Id=sa;Password=1
13:19:49.541 Data Source=.;Initial Catalog=MT;User Id=sa;Password=1
13:19:49.768 Data Source=.;Initial Catalog=MT;User Id=sa;Password=1
13:20:26.064 Data Source=.;Initial Catalog=MT;User Id=sa;Password=1
13:20:48.769 Data Source=.;Initial Catalog=MT;User Id=sa;Password=1
13:20:48.778 Data Source=.;Initial Catalog=MT;User Id=sa;Password=1
13:20:48.805 Data Source=.;Initial Catalog=MT;User Id=sa;Password=1
13:20:52.809 Data Source=.;Initial Catalog=MT;User Id=sa;Password=1
13:20:52.864 Data Source=.;Initial Catalog=MT;User Id=sa;Password=1
13:20:52.922 Data Source=.;Initial Catalog=MT;User Id=sa;Password=1
13:20:57.918 Data Source=.;Initial Catalog=MT;User Id=sa;Password=1
13:20:57.923 Data Source=.;Initial Catalog=MT;User Id=sa;Password=1
13:20:57.963 Data Source=.;Initial Catalog=MT;User Id=sa;Password=1
13:20:57.967 Data Source=.;Initial Catalog=MT;User Id=sa;Password=1
13:31:14.055 Data Source=.;Initial Catalog=MT;User Id=sa;Password=1
13:31:14.289 Data Source=.;Initial Catalog=MT;User Id=sa;Password=1
13:31:14.297 Data Source=.;Initial Catalog=MT;User Id=sa;Password=1
13:31:14.303 Data Source=.;Initial Catalog=MT;User Id=sa;Password=1
13:31:18.007 Data Source=.;Initial Catalog=MT;User Id=sa;Password=1
13:31:18.087 Data Source=.;Initial Catalog=MT;User Id=sa;Password=1
13:31:20.056 Data Source=.;Initial Catalog=MT;User Id=sa;Password=1
13:31:20.912 Data Source=.;Initial Catalog=MT;User Id=sa;Password=1
13:31:21.132 Data Source=.;Initial Catalog=MT;User Id=sa;Password=1
13:31:21.489 Data Source=.;Initial Catalog=MT;User Id=sa;Password=1
13:31:23.881 Data Source=.;Initial Catalog=MT;User Id=sa;Password=1
13:31:25.041 Data Source=.;Initial Catalog=MT;User Id=sa;Password=1
13:31:25.220 Data Source=.;Initial Catalog=MT;User Id=sa;Password=1
13:31:28.987 Data Source=.;Initial Catalog=MT;User Id=sa;Password=1
13:31:29.187 Data Source=.;Initial Catalog=MT;User Id=sa;Password=1
13:31:29.675 Data Source=.;Initial Catalog=MT;User Id=sa;Password=1
13:31:31.060 Data Source=.;Initial Catalog=MT;User Id=sa;Password=1
13:31:31.254 Data Source=.;Initial Catalog=MT;User Id=sa;Password=1
13:31:31.709 Data Source=.;Initial Catalog=MT;User Id=sa;Password=1
13:31:32.694 Data Source=.;Initial Catalog=MT;User Id=sa;Password=1
13:31:33.774 Data Source=.;Initial Catalog=MT;User Id=sa;Password=1
13:31:34.639 Data Source=.;Initial Catalog=MT;User Id=sa;Password=1
13:31:38.287 Data Source=.;Initial Catalog=MT;User Id=sa;Password=1
13:32:16.625 Data Source=.;Initial Catalog=MT;User Id=sa;Password=1
13:32:16.970 Data Source=.;Initial Catalog=MT;User Id=sa;Password=1
13:32:17.354 Data Source=.;Initial Catalog=MT;User Id=sa;Password=1
13:32:19.652 Data Source=.;Initial Catalog=MT;User Id=sa;Password=1
13:32:19.844 Data Source=.;Initial Catalog=MT;User Id=sa;Password=1
13:32:20.396 Data Source=.;Initial Catalog=MT;User Id=sa;Password=1
13:34:26.298 Data Source=.;Initial Catalog=MT;User Id=sa;Password=1
13:34:26.537 Data Source=.;Initial Catalog=MT;User Id=sa;Password=1
13:34:26.545 Data Source=.;Initial Catalog=MT;User Id=sa;Password=1
13:34:26.551 Data Source=.;Initial Catalog=MT;User Id=sa;Password=1
13:34:29.073 Data Source=.;Initial Catalog=MT;User Id=sa;Password=1
13:34:29.151 Data Source=.;Initial Catalog=MT;User Id=sa;Password=1
13:34:31.310 Data Source=.;Initial Catalog=MT;User Id=sa;Password=1
13:34:42.487 Data Source=.;Initial Catalog=MT;User Id=sa;Password=1
13:35:06.023 Data Source=.;Initial Catalog=MT;User Id=sa;Password=1
13:35:06.222 Data Source=.;Initial Catalog=MT;User Id=sa;Password=1
13:35:12.721 Data Source=.;Initial Catalog=MT;User Id=sa;Password=1
14:52:06.902 Data Source=.;Initial Catalog=MT;User Id=sa;Password=1
14:52:07.149 Data Source=.;Initial Catalog=MT;User Id=sa;Password=1
14:52:07.160 Data Source=.;Initial Catalog=MT;User Id=sa;Password=1
14:52:07.184 Data Source=.;Initial Catalog=MT;User Id=sa;Password=1
14:52:09.953 Data Source=.;Initial Catalog=MT;User Id=sa;Password=1
14:52:10.022 Data Source=.;Initial Catalog=MT;User Id=sa;Password=1
14:52:16.622 Data Source=.;Initial Catalog=MT;User Id=sa;Password=1
14:52:18.236 Data Source=.;Initial Catalog=MT;User Id=sa;Password=1
14:53:00.823 Data Source=.;Initial Catalog=MT;User Id=sa;Password=1
14:53:01.087 Data Source=.;Initial Catalog=MT;User Id=sa;Password=1
14:53:01.091 Data Source=.;Initial Catalog=MT;User Id=sa;Password=1
14:53:01.095 Data Source=.;Initial Catalog=MT;User Id=sa;Password=1
14:53:04.614 Data Source=.;Initial Catalog=MT;User Id=sa;Password=1
14:53:04.667 Data Source=.;Initial Catalog=MT;User Id=sa;Password=1
14:53:06.427 Data Source=.;Initial Catalog=MT;User Id=sa;Password=1
14:53:28.613 Data Source=.;Initial Catalog=MT;User Id=sa;Password=1
14:56:42.133 Data Source=.;Initial Catalog=MT;User Id=sa;Password=1
14:56:42.417 Data Source=.;Initial Catalog=MT;User Id=sa;Password=1
14:56:42.420 Data Source=.;Initial Catalog=MT;User Id=sa;Password=1
14:56:42.424 Data Source=.;Initial Catalog=MT;User Id=sa;Password=1
14:56:44.910 Data Source=.;Initial Catalog=MT;User Id=sa;Password=1
14:56:44.955 Data Source=.;Initial Catalog=MT;User Id=sa;Password=1
14:56:46.817 Data Source=.;Initial Catalog=MT;User Id=sa;Password=1
14:56:55.718 Data Source=.;Initial Catalog=MT;User Id=sa;Password=1
14:57:04.096 Data Source=.;Initial Catalog=MT;User Id=sa;Password=1
14:57:04.097 Data Source=.;Initial Catalog=MT;User Id=sa;Password=1
14:57:50.213 Data Source=.;Initial Catalog=MT;User Id=sa;Password=1
14:57:50.466 Data Source=.;Initial Catalog=MT;User Id=sa;Password=1
14:57:50.471 Data Source=.;Initial Catalog=MT;User Id=sa;Password=1
14:57:50.476 Data Source=.;Initial Catalog=MT;User Id=sa;Password=1
14:57:53.836 Data Source=.;Initial Catalog=MT;User Id=sa;Password=1
14:57:53.904 Data Source=.;Initial Catalog=MT;User Id=sa;Password=1
14:57:55.754 Data Source=.;Initial Catalog=MT;User Id=sa;Password=1
14:58:05.589 Data Source=.;Initial Catalog=MT;User Id=sa;Password=1
14:58:53.144 Data Source=.;Initial Catalog=MT;User Id=sa;Password=1
14:58:53.375 Data Source=.;Initial Catalog=MT;User Id=sa;Password=1
14:58:53.378 Data Source=.;Initial Catalog=MT;User Id=sa;Password=1
14:58:53.381 Data Source=.;Initial Catalog=MT;User Id=sa;Password=1
14:58:55.926 Data Source=.;Initial Catalog=MT;User Id=sa;Password=1
14:58:55.971 Data Source=.;Initial Catalog=MT;User Id=sa;Password=1
14:58:58.193 Data Source=.;Initial Catalog=MT;User Id=sa;Password=1
14:59:05.558 Data Source=.;Initial Catalog=MT;User Id=sa;Password=1
14:59:10.133 Data Source=.;Initial Catalog=MT;User Id=sa;Password=1
15:04:04.815 Data Source=.;Initial Catalog=MT;User Id=sa;Password=1
15:04:05.079 Data Source=.;Initial Catalog=MT;User Id=sa;Password=1
15:04:05.083 Data Source=.;Initial Catalog=MT;User Id=sa;Password=1
15:04:05.087 Data Source=.;Initial Catalog=MT;User Id=sa;Password=1
15:04:15.558 Data Source=.;Initial Catalog=MT;User Id=sa;Password=1
15:04:15.603 Data Source=.;Initial Catalog=MT;User Id=sa;Password=1
15:04:17.774 Data Source=.;Initial Catalog=MT;User Id=sa;Password=1
15:04:18.620 Data Source=.;Initial Catalog=MT;User Id=sa;Password=1
15:04:18.642 Data Source=.;Initial Catalog=MT;User Id=sa;Password=1
15:04:18.644 Data Source=.;Initial Catalog=MT;User Id=sa;Password=1
15:04:22.013 Data Source=.;Initial Catalog=MT;User Id=sa;Password=1
15:05:09.494 Data Source=.;Initial Catalog=MT;User Id=sa;Password=1
15:05:09.497 Data Source=.;Initial Catalog=MT;User Id=sa;Password=1
15:05:11.712 Data Source=.;Initial Catalog=MT;User Id=sa;Password=1
15:05:18.028 Data Source=.;Initial Catalog=MT;User Id=sa;Password=1
15:05:20.614 Data Source=.;Initial Catalog=MT;User Id=sa;Password=1
15:05:20.616 Data Source=.;Initial Catalog=MT;User Id=sa;Password=1
15:05:45.838 Data Source=.;Initial Catalog=MT;User Id=sa;Password=1
15:06:42.825 Data Source=.;Initial Catalog=MT;User Id=sa;Password=1
15:06:43.079 Data Source=.;Initial Catalog=MT;User Id=sa;Password=1
15:06:43.083 Data Source=.;Initial Catalog=MT;User Id=sa;Password=1
15:06:43.087 Data Source=.;Initial Catalog=MT;User Id=sa;Password=1
15:06:45.518 Data Source=.;Initial Catalog=MT;User Id=sa;Password=1
15:06:45.563 Data Source=.;Initial Catalog=MT;User Id=sa;Password=1
15:06:47.764 Data Source=.;Initial Catalog=MT;User Id=sa;Password=1
15:06:51.579 Data Source=.;Initial Catalog=MT;User Id=sa;Password=1
15:06:51.608 Data Source=.;Initial Catalog=MT;User Id=sa;Password=1
15:06:51.609 Data Source=.;Initial Catalog=MT;User Id=sa;Password=1
15:06:57.688 Data Source=.;Initial Catalog=MT;User Id=sa;Password=1
15:08:53.824 Data Source=.;Initial Catalog=MT;User Id=sa;Password=1
15:08:54.111 Data Source=.;Initial Catalog=MT;User Id=sa;Password=1
15:08:54.114 Data Source=.;Initial Catalog=MT;User Id=sa;Password=1
15:08:54.119 Data Source=.;Initial Catalog=MT;User Id=sa;Password=1
15:08:56.169 Data Source=.;Initial Catalog=MT;User Id=sa;Password=1
15:08:56.216 Data Source=.;Initial Catalog=MT;User Id=sa;Password=1
15:08:58.457 Data Source=.;Initial Catalog=MT;User Id=sa;Password=1
15:09:01.607 Data Source=.;Initial Catalog=MT;User Id=sa;Password=1
15:09:01.653 Data Source=.;Initial Catalog=MT;User Id=sa;Password=1
15:09:01.654 Data Source=.;Initial Catalog=MT;User Id=sa;Password=1
15:09:07.401 Data Source=.;Initial Catalog=MT;User Id=sa;Password=1
15:10:08.926 Data Source=.;Initial Catalog=MT;User Id=sa;Password=1
15:10:09.177 Data Source=.;Initial Catalog=MT;User Id=sa;Password=1
15:10:09.180 Data Source=.;Initial Catalog=MT;User Id=sa;Password=1
15:10:09.184 Data Source=.;Initial Catalog=MT;User Id=sa;Password=1
15:10:11.362 Data Source=.;Initial Catalog=MT;User Id=sa;Password=1
15:10:11.407 Data Source=.;Initial Catalog=MT;User Id=sa;Password=1
15:10:14.349 Data Source=.;Initial Catalog=MT;User Id=sa;Password=1
15:10:19.776 Data Source=.;Initial Catalog=MT;User Id=sa;Password=1
15:10:22.310 Data Source=.;Initial Catalog=MT;User Id=sa;Password=1
15:10:22.313 Data Source=.;Initial Catalog=MT;User Id=sa;Password=1
15:11:46.164 Data Source=.;Initial Catalog=MT;User Id=sa;Password=1
15:11:46.425 Data Source=.;Initial Catalog=MT;User Id=sa;Password=1
15:11:46.428 Data Source=.;Initial Catalog=MT;User Id=sa;Password=1
15:11:46.433 Data Source=.;Initial Catalog=MT;User Id=sa;Password=1
15:11:55.096 Data Source=.;Initial Catalog=MT;User Id=sa;Password=1
15:11:55.145 Data Source=.;Initial Catalog=MT;User Id=sa;Password=1
15:11:58.390 Data Source=.;Initial Catalog=MT;User Id=sa;Password=1
15:12:36.958 Data Source=.;Initial Catalog=MT;User Id=sa;Password=1
15:12:39.430 Data Source=.;Initial Catalog=MT;User Id=sa;Password=1
15:12:39.432 Data Source=.;Initial Catalog=MT;User Id=sa;Password=1
15:12:47.631 Data Source=.;Initial Catalog=MT;User Id=sa;Password=1
15:13:43.214 Data Source=.;Initial Catalog=MT;User Id=sa;Password=1
15:13:43.457 Data Source=.;Initial Catalog=MT;User Id=sa;Password=1
15:13:43.460 Data Source=.;Initial Catalog=MT;User Id=sa;Password=1
15:13:43.464 Data Source=.;Initial Catalog=MT;User Id=sa;Password=1
15:13:45.898 Data Source=.;Initial Catalog=MT;User Id=sa;Password=1
15:13:45.944 Data Source=.;Initial Catalog=MT;User Id=sa;Password=1
15:13:48.607 Data Source=.;Initial Catalog=MT;User Id=sa;Password=1
15:13:52.264 Data Source=.;Initial Catalog=MT;User Id=sa;Password=1
15:13:52.316 Data Source=.;Initial Catalog=MT;User Id=sa;Password=1
15:13:52.318 Data Source=.;Initial Catalog=MT;User Id=sa;Password=1
15:15:46.421 Data Source=.;Initial Catalog=MT;User Id=sa;Password=1
15:15:46.653 Data Source=.;Initial Catalog=MT;User Id=sa;Password=1
15:15:46.656 Data Source=.;Initial Catalog=MT;User Id=sa;Password=1
15:15:46.660 Data Source=.;Initial Catalog=MT;User Id=sa;Password=1
15:15:49.054 Data Source=.;Initial Catalog=MT;User Id=sa;Password=1
15:15:49.099 Data Source=.;Initial Catalog=MT;User Id=sa;Password=1
15:15:51.818 Data Source=.;Initial Catalog=MT;User Id=sa;Password=1
15:15:52.646 Data Source=.;Initial Catalog=MT;User Id=sa;Password=1
15:15:52.688 Data Source=.;Initial Catalog=MT;User Id=sa;Password=1
15:15:52.689 Data Source=.;Initial Catalog=MT;User Id=sa;Password=1
15:15:53.632 Data Source=.;Initial Catalog=MT;User Id=sa;Password=1
15:16:18.197 Data Source=.;Initial Catalog=MT;User Id=sa;Password=1
15:16:18.455 Data Source=.;Initial Catalog=MT;User Id=sa;Password=1
15:16:18.458 Data Source=.;Initial Catalog=MT;User Id=sa;Password=1
15:16:18.462 Data Source=.;Initial Catalog=MT;User Id=sa;Password=1
15:16:20.603 Data Source=.;Initial Catalog=MT;User Id=sa;Password=1
15:16:20.648 Data Source=.;Initial Catalog=MT;User Id=sa;Password=1
15:16:23.886 Data Source=.;Initial Catalog=MT;User Id=sa;Password=1
15:16:25.655 Data Source=.;Initial Catalog=MT;User Id=sa;Password=1
15:16:25.705 Data Source=.;Initial Catalog=MT;User Id=sa;Password=1
15:16:25.706 Data Source=.;Initial Catalog=MT;User Id=sa;Password=1
15:16:34.076 Data Source=.;Initial Catalog=MT;User Id=sa;Password=1
15:19:37.789 Data Source=.;Initial Catalog=MT;User Id=sa;Password=1
15:19:38.017 Data Source=.;Initial Catalog=MT;User Id=sa;Password=1
15:19:38.020 Data Source=.;Initial Catalog=MT;User Id=sa;Password=1
15:19:38.023 Data Source=.;Initial Catalog=MT;User Id=sa;Password=1
15:19:40.191 Data Source=.;Initial Catalog=MT;User Id=sa;Password=1
15:19:40.237 Data Source=.;Initial Catalog=MT;User Id=sa;Password=1
15:19:43.027 Data Source=.;Initial Catalog=MT;User Id=sa;Password=1
15:19:43.998 Data Source=.;Initial Catalog=MT;User Id=sa;Password=1
15:19:44.020 Data Source=.;Initial Catalog=MT;User Id=sa;Password=1
15:19:44.021 Data Source=.;Initial Catalog=MT;User Id=sa;Password=1
15:19:44.954 Data Source=.;Initial Catalog=MT;User Id=sa;Password=1
15:19:47.923 Data Source=.;Initial Catalog=MT;User Id=sa;Password=1
15:19:56.143 Data Source=.;Initial Catalog=MT;User Id=sa;Password=1
15:20:04.695 Data Source=.;Initial Catalog=MT;User Id=sa;Password=1
15:20:04.954 Data Source=.;Initial Catalog=MT;User Id=sa;Password=1
15:20:04.957 Data Source=.;Initial Catalog=MT;User Id=sa;Password=1
15:20:04.961 Data Source=.;Initial Catalog=MT;User Id=sa;Password=1
15:20:07.303 Data Source=.;Initial Catalog=MT;User Id=sa;Password=1
15:20:07.348 Data Source=.;Initial Catalog=MT;User Id=sa;Password=1
15:20:09.905 Data Source=.;Initial Catalog=MT;User Id=sa;Password=1
15:20:11.041 Data Source=.;Initial Catalog=MT;User Id=sa;Password=1
15:20:11.063 Data Source=.;Initial Catalog=MT;User Id=sa;Password=1
15:20:11.064 Data Source=.;Initial Catalog=MT;User Id=sa;Password=1
15:23:49.479 Data Source=.;Initial Catalog=MT;User Id=sa;Password=1
15:23:49.748 Data Source=.;Initial Catalog=MT;User Id=sa;Password=1
15:23:49.752 Data Source=.;Initial Catalog=MT;User Id=sa;Password=1
15:23:49.756 Data Source=.;Initial Catalog=MT;User Id=sa;Password=1
15:23:54.273 Data Source=.;Initial Catalog=MT;User Id=sa;Password=1
15:23:54.320 Data Source=.;Initial Catalog=MT;User Id=sa;Password=1
15:23:57.058 Data Source=.;Initial Catalog=MT;User Id=sa;Password=1
15:23:57.951 Data Source=.;Initial Catalog=MT;User Id=sa;Password=1
15:23:57.976 Data Source=.;Initial Catalog=MT;User Id=sa;Password=1
15:23:57.977 Data Source=.;Initial Catalog=MT;User Id=sa;Password=1
15:23:59.343 Data Source=.;Initial Catalog=MT;User Id=sa;Password=1
15:24:03.040 Data Source=.;Initial Catalog=MT;User Id=sa;Password=1
15:24:09.386 Data Source=.;Initial Catalog=MT;User Id=sa;Password=1
15:24:09.391 Data Source=.;Initial Catalog=MT;User Id=sa;Password=1
15:24:09.394 Data Source=.;Initial Catalog=MT;User Id=sa;Password=1
15:24:10.804 Data Source=.;Initial Catalog=MT;User Id=sa;Password=1
15:24:12.268 Data Source=.;Initial Catalog=MT;User Id=sa;Password=1
15:24:14.151 Data Source=.;Initial Catalog=MT;User Id=sa;Password=1
15:24:14.156 Data Source=.;Initial Catalog=MT;User Id=sa;Password=1
15:24:14.159 Data Source=.;Initial Catalog=MT;User Id=sa;Password=1
15:24:14.164 Data Source=.;Initial Catalog=MT;User Id=sa;Password=1
15:24:14.170 @STM001 20170518000001
15:24:14.172 @STM002 001
15:24:14.173 @STM003 STA1139E1
15:24:14.175 @STM004 定子铁芯
15:24:14.177 @STM005 MY05B 88
15:24:14.178 @STM006 004100015201800003
15:24:14.179 @STM007 
15:24:14.182 Data Source=.;Initial Catalog=MT;User Id=sa;Password=1
15:24:14.190 @STM001 20170518000001
15:24:14.191 @STM002 001
15:24:14.192 @STM003 STA1139E1
15:24:14.193 @STM004 定子铁芯
15:24:14.193 @STM005 MY05B 88
15:24:14.194 @STM006 004100015201800002
15:24:14.194 @STM007 
15:24:14.196 Data Source=.;Initial Catalog=MT;User Id=sa;Password=1
15:24:14.197 @STM001 20170518000001
15:24:14.198 @STM002 001
15:24:14.199 @STM003 STA1139E1
15:24:14.199 @STM004 定子铁芯
15:24:14.200 @STM005 MY05B 88
15:24:14.201 @STM006 004100015201800007
15:24:14.201 @STM007 
15:24:14.202 Data Source=.;Initial Catalog=MT;User Id=sa;Password=1
15:24:14.204 @STM001 20170616000001
15:24:14.205 @STM002 001
15:24:14.205 @STM003 STA1139E1
15:24:14.206 @STM004 定子铁芯
15:24:14.207 @STM005 MY05B 88
15:24:14.207 @STM006 004100015201800015
15:24:14.208 @STM007 
15:24:14.209 Data Source=.;Initial Catalog=MT;User Id=sa;Password=1
15:24:14.210 @STM001 20170518000001
15:24:14.211 @STM002 001
15:24:14.212 @STM003 STA1139E1
15:24:14.213 @STM004 定子铁芯
15:24:14.214 @STM005 MY05B 88
15:24:14.214 @STM006 004100015201800006
15:24:14.215 @STM007 
15:24:14.216 Data Source=.;Initial Catalog=MT;User Id=sa;Password=1
15:24:14.217 @STM001 20170616000001
15:24:14.218 @STM002 001
15:24:14.219 @STM003 STA1139E1
15:24:14.219 @STM004 定子铁芯
15:24:14.220 @STM005 MY05B 88
15:24:14.221 @STM006 004100015201800013
15:24:14.221 @STM007 
15:24:14.222 Data Source=.;Initial Catalog=MT;User Id=sa;Password=1
15:24:14.225 @STM001 20170518000001
15:24:14.226 @STM002 001
15:24:14.227 @STM003 STA1139E1
15:24:14.227 @STM004 定子铁芯
15:24:14.228 @STM005 MY05B 88
15:24:14.228 @STM006 004100015201800009
15:24:14.229 @STM007 
15:24:14.230 Data Source=.;Initial Catalog=MT;User Id=sa;Password=1
15:24:14.232 @STM001 20170518000001
15:24:14.233 @STM002 001
15:24:14.233 @STM003 STA1139E1
15:24:14.234 @STM004 定子铁芯
15:24:14.235 @STM005 MY05B 88
15:24:14.235 @STM006 004100015201800001
15:24:14.236 @STM007 
15:24:14.237 Data Source=.;Initial Catalog=MT;User Id=sa;Password=1
15:24:14.238 @STM001 20170518000001
15:24:14.239 @STM002 001
15:24:14.240 @STM003 STA1139E1
15:24:14.240 @STM004 定子铁芯
15:24:14.241 @STM005 MY05B 88
15:24:14.242 @STM006 004100015201800004
15:24:14.242 @STM007 
15:24:14.244 Data Source=.;Initial Catalog=MT;User Id=sa;Password=1
15:24:14.245 @STM001 20170518000001
15:24:14.246 @STM002 001
15:24:14.247 @STM003 STA1139E1
15:24:14.247 @STM004 定子铁芯
15:24:14.248 @STM005 MY05B 88
15:24:14.249 @STM006 004100015201800008
15:24:14.249 @STM007 
15:24:14.250 Data Source=.;Initial Catalog=MT;User Id=sa;Password=1
15:24:14.252 @STM001 20170518000001
15:24:14.253 @STM002 001
15:24:14.253 @STM003 STA1139E1
15:24:14.254 @STM004 定子铁芯
15:24:14.255 @STM005 MY05B 88
15:24:14.256 @STM006 004100015201800010
15:24:14.256 @STM007 
15:24:14.258 Data Source=.;Initial Catalog=MT;User Id=sa;Password=1
15:24:14.259 @STM001 20170616000001
15:24:14.260 @STM002 001
15:24:14.261 @STM003 STA1139E1
15:24:14.261 @STM004 定子铁芯
15:24:14.262 @STM005 MY05B 88
15:24:14.262 @STM006 004100015201800014
15:24:14.263 @STM007 
15:24:14.264 Data Source=.;Initial Catalog=MT;User Id=sa;Password=1
15:24:14.266 @STM001 20170620000002
15:24:14.266 @STM002 001
15:24:14.267 @STM003 STA1139E1
15:24:14.268 @STM004 定子铁芯
15:24:14.268 @STM005 MY05B 88
15:24:14.269 @STM006 004100015201800017
15:24:14.270 @STM007 
15:24:14.271 Data Source=.;Initial Catalog=MT;User Id=sa;Password=1
15:24:14.272 @STM001 20170616000001
15:24:14.273 @STM002 001
15:24:14.274 @STM003 STA1139E1
15:24:14.274 @STM004 定子铁芯
15:24:14.275 @STM005 MY05B 88
15:24:14.276 @STM006 004100015201800016
15:24:14.276 @STM007 
15:24:14.277 Data Source=.;Initial Catalog=MT;User Id=sa;Password=1
15:24:14.279 @STM001 20170620000002
15:24:14.279 @STM002 001
15:24:14.280 @STM003 STA1139E1
15:24:14.281 @STM004 定子铁芯
15:24:14.281 @STM005 MY05B 88
15:24:14.282 @STM006 004100015201800020
15:24:14.283 @STM007 
15:24:14.284 Data Source=.;Initial Catalog=MT;User Id=sa;Password=1
15:24:14.285 @STM001 20170620000002
15:24:14.286 @STM002 001
15:24:14.287 @STM003 STA1139E1
15:24:14.287 @STM004 定子铁芯
15:24:14.288 @STM005 MY05B 88
15:24:14.288 @STM006 004100015201800018
15:24:14.289 @STM007 
15:24:14.290 Data Source=.;Initial Catalog=MT;User Id=sa;Password=1
15:24:14.292 @STM001 20170620000002
15:24:14.293 @STM002 001
15:24:14.293 @STM003 STA1139E1
15:24:14.295 @STM004 定子铁芯
15:24:14.295 @STM005 MY05B 88
15:24:14.296 @STM006 004100015201800019
15:24:14.297 @STM007 
15:24:14.298 Data Source=.;Initial Catalog=MT;User Id=sa;Password=1
15:24:14.299 @STM001 20170518000001
15:24:14.300 @STM002 001
15:24:14.301 @STM003 STA1139E1
15:24:14.302 @STM004 定子铁芯
15:24:14.302 @STM005 MY05B 88
15:24:14.303 @STM006 004100015201800005
15:24:14.304 @STM007 
15:24:14.305 Data Source=.;Initial Catalog=MT;User Id=sa;Password=1
15:24:14.306 @STM001 20170616000001
15:24:14.307 @STM002 001
15:24:14.308 @STM003 STA1139E1
15:24:14.308 @STM004 定子铁芯
15:24:14.309 @STM005 MY05B 88
15:24:14.310 @STM006 004100015201800012
15:24:14.310 @STM007 
15:24:14.311 Data Source=.;Initial Catalog=MT;User Id=sa;Password=1
15:24:14.313 @STM001 20170616000001
15:24:14.313 @STM002 001
15:24:14.314 @STM003 STA1139E1
15:24:14.315 @STM004 定子铁芯
15:24:14.316 @STM005 MY05B 88
15:24:14.316 @STM006 004100015201800011
15:24:14.317 @STM007 
15:24:14.318 Data Source=.;Initial Catalog=MT;User Id=sa;Password=1
15:24:18.062 Data Source=.;Initial Catalog=MT;User Id=sa;Password=1
15:24:18.069 Data Source=.;Initial Catalog=MT;User Id=sa;Password=1
15:24:20.015 Data Source=.;Initial Catalog=MT;User Id=sa;Password=1
15:24:20.784 Data Source=.;Initial Catalog=MT;User Id=sa;Password=1
15:24:21.864 Data Source=.;Initial Catalog=MT;User Id=sa;Password=1
15:24:23.050 Data Source=.;Initial Catalog=MT;User Id=sa;Password=1
15:24:23.530 Data Source=.;Initial Catalog=MT;User Id=sa;Password=1
15:24:37.875 Data Source=.;Initial Catalog=MT;User Id=sa;Password=1
15:24:39.410 Data Source=.;Initial Catalog=MT;User Id=sa;Password=1
15:24:40.450 Data Source=.;Initial Catalog=MT;User Id=sa;Password=1
15:24:41.619 Data Source=.;Initial Catalog=MT;User Id=sa;Password=1
15:24:43.854 Data Source=.;Initial Catalog=MT;User Id=sa;Password=1
15:24:45.139 Data Source=.;Initial Catalog=MT;User Id=sa;Password=1
15:24:45.628 Data Source=.;Initial Catalog=MT;User Id=sa;Password=1
15:24:46.108 Data Source=.;Initial Catalog=MT;User Id=sa;Password=1
15:24:48.430 Data Source=.;Initial Catalog=MT;User Id=sa;Password=1
15:24:48.436 Data Source=.;Initial Catalog=MT;User Id=sa;Password=1
15:24:48.439 Data Source=.;Initial Catalog=MT;User Id=sa;Password=1
15:24:52.912 Data Source=.;Initial Catalog=MT;User Id=sa;Password=1
15:24:56.418 Data Source=.;Initial Catalog=MT;User Id=sa;Password=1
15:24:57.987 Data Source=.;Initial Catalog=MT;User Id=sa;Password=1
15:24:58.347 Data Source=.;Initial Catalog=MT;User Id=sa;Password=1
15:24:58.684 Data Source=.;Initial Catalog=MT;User Id=sa;Password=1
15:24:58.971 Data Source=.;Initial Catalog=MT;User Id=sa;Password=1
15:24:59.459 Data Source=.;Initial Catalog=MT;User Id=sa;Password=1
15:25:04.759 Data Source=.;Initial Catalog=MT;User Id=sa;Password=1
