09:00:12.865 Data Source=.;Initial Catalog=MT;User Id=sa;Password=1
09:00:13.199 Data Source=.;Initial Catalog=MT;User Id=sa;Password=1
09:00:13.207 Data Source=.;Initial Catalog=MT;User Id=sa;Password=1
09:00:15.688 Data Source=.;Initial Catalog=MT;User Id=sa;Password=1
09:00:15.764 Data Source=.;Initial Catalog=MT;User Id=sa;Password=1
09:00:19.334 Data Source=.;Initial Catalog=MT;User Id=sa;Password=1
09:27:50.883 Data Source=.;Initial Catalog=MT;User Id=sa;Password=1
09:27:51.092 Data Source=.;Initial Catalog=MT;User Id=sa;Password=1
09:27:51.096 Data Source=.;Initial Catalog=MT;User Id=sa;Password=1
09:27:54.672 Data Source=.;Initial Catalog=MT;User Id=sa;Password=1
09:27:54.717 Data Source=.;Initial Catalog=MT;User Id=sa;Password=1
09:27:58.179 Data Source=.;Initial Catalog=MT;User Id=sa;Password=1
09:27:59.220 Data Source=.;Initial Catalog=MT;User Id=sa;Password=1
09:28:04.668 Data Source=.;Initial Catalog=MT;User Id=sa;Password=1
09:28:04.679 Data Source=.;Initial Catalog=MT;User Id=sa;Password=1
09:28:06.776 Data Source=.;Initial Catalog=MT;User Id=sa;Password=1
09:28:08.479 Data Source=.;Initial Catalog=MT;User Id=sa;Password=1
09:28:08.485 Data Source=.;Initial Catalog=MT;User Id=sa;Password=1
09:28:09.875 Data Source=.;Initial Catalog=MT;User Id=sa;Password=1
09:28:12.271 Data Source=.;Initial Catalog=MT;User Id=sa;Password=1
09:28:12.277 Data Source=.;Initial Catalog=MT;User Id=sa;Password=1
09:28:13.732 Data Source=.;Initial Catalog=MT;User Id=sa;Password=1
09:28:15.781 Data Source=.;Initial Catalog=MT;User Id=sa;Password=1
09:28:15.788 Data Source=.;Initial Catalog=MT;User Id=sa;Password=1
09:28:17.429 Data Source=.;Initial Catalog=MT;User Id=sa;Password=1
09:28:18.919 Data Source=.;Initial Catalog=MT;User Id=sa;Password=1
09:28:19.303 Data Source=.;Initial Catalog=MT;User Id=sa;Password=1
09:28:21.212 Data Source=.;Initial Catalog=MT;User Id=sa;Password=1
09:28:21.217 Data Source=.;Initial Catalog=MT;User Id=sa;Password=1
09:28:22.512 Data Source=.;Initial Catalog=MT;User Id=sa;Password=1
09:28:23.832 Data Source=.;Initial Catalog=MT;User Id=sa;Password=1
09:29:38.444 Data Source=.;Initial Catalog=MT;User Id=sa;Password=1
09:29:38.650 Data Source=.;Initial Catalog=MT;User Id=sa;Password=1
09:29:38.655 Data Source=.;Initial Catalog=MT;User Id=sa;Password=1
09:29:41.141 Data Source=.;Initial Catalog=MT;User Id=sa;Password=1
09:29:41.185 Data Source=.;Initial Catalog=MT;User Id=sa;Password=1
09:29:45.153 Data Source=.;Initial Catalog=MT;User Id=sa;Password=1
09:29:46.035 Data Source=.;Initial Catalog=MT;User Id=sa;Password=1
09:29:46.505 Data Source=.;Initial Catalog=MT;User Id=sa;Password=1
09:29:46.930 Data Source=.;Initial Catalog=MT;User Id=sa;Password=1
09:29:47.434 Data Source=.;Initial Catalog=MT;User Id=sa;Password=1
09:30:23.847 Data Source=.;Initial Catalog=MT;User Id=sa;Password=1
09:30:24.060 Data Source=.;Initial Catalog=MT;User Id=sa;Password=1
09:30:24.064 Data Source=.;Initial Catalog=MT;User Id=sa;Password=1
09:30:26.490 Data Source=.;Initial Catalog=MT;User Id=sa;Password=1
09:30:26.533 Data Source=.;Initial Catalog=MT;User Id=sa;Password=1
09:30:29.511 Data Source=.;Initial Catalog=MT;User Id=sa;Password=1
09:30:30.254 Data Source=.;Initial Catalog=MT;User Id=sa;Password=1
09:30:35.385 Data Source=.;Initial Catalog=MT;User Id=sa;Password=1
09:30:56.607 Data Source=.;Initial Catalog=MT;User Id=sa;Password=1
09:30:59.854 Data Source=.;Initial Catalog=MT;User Id=sa;Password=1
09:31:06.548 Data Source=.;Initial Catalog=MT;User Id=sa;Password=1
09:31:56.380 Data Source=.;Initial Catalog=MT;User Id=sa;Password=1
09:31:56.602 Data Source=.;Initial Catalog=MT;User Id=sa;Password=1
09:31:56.607 Data Source=.;Initial Catalog=MT;User Id=sa;Password=1
09:32:20.580 Data Source=.;Initial Catalog=MT;User Id=sa;Password=1
09:32:20.787 Data Source=.;Initial Catalog=MT;User Id=sa;Password=1
09:32:20.790 Data Source=.;Initial Catalog=MT;User Id=sa;Password=1
09:32:24.717 Data Source=.;Initial Catalog=MT;User Id=sa;Password=1
09:32:24.782 Data Source=.;Initial Catalog=MT;User Id=sa;Password=1
09:32:27.730 Data Source=.;Initial Catalog=MT;User Id=sa;Password=1
09:32:28.543 Data Source=.;Initial Catalog=MT;User Id=sa;Password=1
09:32:33.163 Data Source=.;Initial Catalog=MT;User Id=sa;Password=1
09:32:34.667 Data Source=.;Initial Catalog=MT;User Id=sa;Password=1
09:32:38.728 Data Source=.;Initial Catalog=MT;User Id=sa;Password=1
09:32:48.407 Data Source=.;Initial Catalog=MT;User Id=sa;Password=1
09:32:49.282 Data Source=.;Initial Catalog=MT;User Id=sa;Password=1
09:32:49.715 Data Source=.;Initial Catalog=MT;User Id=sa;Password=1
09:32:50.099 Data Source=.;Initial Catalog=MT;User Id=sa;Password=1
09:32:50.443 Data Source=.;Initial Catalog=MT;User Id=sa;Password=1
09:32:50.739 Data Source=.;Initial Catalog=MT;User Id=sa;Password=1
09:32:51.043 Data Source=.;Initial Catalog=MT;User Id=sa;Password=1
09:32:51.267 Data Source=.;Initial Catalog=MT;User Id=sa;Password=1
09:32:51.475 Data Source=.;Initial Catalog=MT;User Id=sa;Password=1
09:32:51.724 Data Source=.;Initial Catalog=MT;User Id=sa;Password=1
09:32:51.980 Data Source=.;Initial Catalog=MT;User Id=sa;Password=1
09:32:52.212 Data Source=.;Initial Catalog=MT;User Id=sa;Password=1
09:32:52.500 Data Source=.;Initial Catalog=MT;User Id=sa;Password=1
09:32:54.389 Data Source=.;Initial Catalog=MT;User Id=sa;Password=1
09:32:54.708 Data Source=.;Initial Catalog=MT;User Id=sa;Password=1
09:33:17.395 Data Source=.;Initial Catalog=MT;User Id=sa;Password=1
09:33:17.604 Data Source=.;Initial Catalog=MT;User Id=sa;Password=1
09:33:17.607 Data Source=.;Initial Catalog=MT;User Id=sa;Password=1
09:33:22.481 Data Source=.;Initial Catalog=MT;User Id=sa;Password=1
09:33:22.525 Data Source=.;Initial Catalog=MT;User Id=sa;Password=1
09:33:27.195 Data Source=.;Initial Catalog=MT;User Id=sa;Password=1
09:33:28.384 Data Source=.;Initial Catalog=MT;User Id=sa;Password=1
09:33:31.391 Data Source=.;Initial Catalog=MT;User Id=sa;Password=1
09:33:31.823 Data Source=.;Initial Catalog=MT;User Id=sa;Password=1
09:33:35.819 Data Source=.;Initial Catalog=MT;User Id=sa;Password=1
09:33:38.498 Data Source=.;Initial Catalog=MT;User Id=sa;Password=1
09:33:41.824 Data Source=.;Initial Catalog=MT;User Id=sa;Password=1
09:33:45.023 Data Source=.;Initial Catalog=MT;User Id=sa;Password=1
09:33:45.031 Data Source=.;Initial Catalog=MT;User Id=sa;Password=1
09:33:45.038 Data Source=.;Initial Catalog=MT;User Id=sa;Password=1
09:33:45.046 @STM001 20170518000001
09:33:45.049 @STM002 001
09:33:45.053 @STM003 STA1139E1
09:33:45.056 @STM004 定子铁芯
09:33:45.058 @STM005 MY05B 88
09:33:45.059 @STM006 004STA1139E1201800004
09:33:45.061 @STM007 
09:33:45.066 Data Source=.;Initial Catalog=MT;User Id=sa;Password=1
09:33:45.074 @STM001 20170518000001
09:33:45.076 @STM002 001
09:33:45.077 @STM003 STA1139E1
09:33:45.078 @STM004 定子铁芯
09:33:45.080 @STM005 MY05B 88
09:33:45.081 @STM006 004STA1139E1201800002
09:33:45.083 @STM007 
09:33:45.084 Data Source=.;Initial Catalog=MT;User Id=sa;Password=1
09:33:45.087 @STM001 20170616000001
09:33:45.088 @STM002 001
09:33:45.089 @STM003 STA1139E1
09:33:45.090 @STM004 定子铁芯
09:33:45.091 @STM005 MY05B 88
09:33:45.092 @STM006 004STA1139E1201800006
09:33:45.093 @STM007 
09:33:45.095 Data Source=.;Initial Catalog=MT;User Id=sa;Password=1
09:33:45.097 @STM001 20170616000001
09:33:45.098 @STM002 001
09:33:45.099 @STM003 STA1139E1
09:33:45.100 @STM004 定子铁芯
09:33:45.101 @STM005 MY05B 88
09:33:45.102 @STM006 004STA1139E1201800007
09:33:45.103 @STM007 
09:33:45.104 Data Source=.;Initial Catalog=MT;User Id=sa;Password=1
09:33:45.106 @STM001 20170518000001
09:33:45.107 @STM002 001
09:33:45.108 @STM003 STA1139E1
09:33:45.109 @STM004 定子铁芯
09:33:45.110 @STM005 MY05B 88
09:33:45.111 @STM006 004STA1139E1201800001
09:33:45.112 @STM007 
09:33:45.114 Data Source=.;Initial Catalog=MT;User Id=sa;Password=1
09:33:45.115 @STM001 20170518000001
09:33:45.116 @STM002 001
09:33:45.117 @STM003 STA1139E1
09:33:45.118 @STM004 定子铁芯
09:33:45.119 @STM005 MY05B 88
09:33:45.120 @STM006 004STA1139E1201800005
09:33:45.121 @STM007 
09:33:45.123 Data Source=.;Initial Catalog=MT;User Id=sa;Password=1
09:33:45.124 @STM001 20170518000001
09:33:45.126 @STM002 001
09:33:45.127 @STM003 STA1139E1
09:33:45.128 @STM004 定子铁芯
09:33:45.129 @STM005 MY05B 88
09:33:45.129 @STM006 004STA1139E1201800003
09:33:45.131 @STM007 
09:33:45.132 Data Source=.;Initial Catalog=MT;User Id=sa;Password=1
09:33:46.967 Data Source=.;Initial Catalog=MT;User Id=sa;Password=1
09:33:47.271 Data Source=.;Initial Catalog=MT;User Id=sa;Password=1
09:33:48.035 Data Source=.;Initial Catalog=MT;User Id=sa;Password=1
09:33:48.896 Data Source=.;Initial Catalog=MT;User Id=sa;Password=1
09:33:50.288 Data Source=.;Initial Catalog=MT;User Id=sa;Password=1
09:33:51.161 Data Source=.;Initial Catalog=MT;User Id=sa;Password=1
09:33:55.314 Data Source=.;Initial Catalog=MT;User Id=sa;Password=1
09:33:59.829 Data Source=.;Initial Catalog=MT;User Id=sa;Password=1
09:34:00.557 Data Source=.;Initial Catalog=MT;User Id=sa;Password=1
09:34:02.166 Data Source=.;Initial Catalog=MT;User Id=sa;Password=1
09:34:02.559 Data Source=.;Initial Catalog=MT;User Id=sa;Password=1
09:34:02.934 Data Source=.;Initial Catalog=MT;User Id=sa;Password=1
09:34:03.391 Data Source=.;Initial Catalog=MT;User Id=sa;Password=1
09:34:03.839 Data Source=.;Initial Catalog=MT;User Id=sa;Password=1
09:34:04.223 Data Source=.;Initial Catalog=MT;User Id=sa;Password=1
09:34:06.576 Data Source=.;Initial Catalog=MT;User Id=sa;Password=1
09:34:07.113 Data Source=.;Initial Catalog=MT;User Id=sa;Password=1
09:34:07.569 Data Source=.;Initial Catalog=MT;User Id=sa;Password=1
09:34:08.089 Data Source=.;Initial Catalog=MT;User Id=sa;Password=1
09:34:08.489 Data Source=.;Initial Catalog=MT;User Id=sa;Password=1
09:34:14.533 Data Source=.;Initial Catalog=MT;User Id=sa;Password=1
09:34:15.004 Data Source=.;Initial Catalog=MT;User Id=sa;Password=1
09:34:15.382 Data Source=.;Initial Catalog=MT;User Id=sa;Password=1
09:45:49.785 Data Source=.;Initial Catalog=MT;User Id=sa;Password=1
09:45:50.273 Data Source=.;Initial Catalog=MT;User Id=sa;Password=1
09:45:50.761 Data Source=.;Initial Catalog=MT;User Id=sa;Password=1
09:45:52.011 Data Source=.;Initial Catalog=MT;User Id=sa;Password=1
09:50:11.789 Data Source=.;Initial Catalog=MT;User Id=sa;Password=1
09:50:12.005 Data Source=.;Initial Catalog=MT;User Id=sa;Password=1
09:50:12.008 Data Source=.;Initial Catalog=MT;User Id=sa;Password=1
09:50:22.775 Data Source=.;Initial Catalog=MT;User Id=sa;Password=1
09:50:22.823 Data Source=.;Initial Catalog=MT;User Id=sa;Password=1
09:50:25.005 Data Source=.;Initial Catalog=MT;User Id=sa;Password=1
09:50:25.833 Data Source=.;Initial Catalog=MT;User Id=sa;Password=1
09:50:29.756 Data Source=.;Initial Catalog=MT;User Id=sa;Password=1
09:50:30.396 Data Source=.;Initial Catalog=MT;User Id=sa;Password=1
09:51:39.794 Data Source=.;Initial Catalog=MT;User Id=sa;Password=1
09:53:29.637 Data Source=.;Initial Catalog=MT;User Id=sa;Password=1
09:53:29.840 Data Source=.;Initial Catalog=MT;User Id=sa;Password=1
09:53:29.844 Data Source=.;Initial Catalog=MT;User Id=sa;Password=1
09:53:32.113 Data Source=.;Initial Catalog=MT;User Id=sa;Password=1
09:53:32.158 Data Source=.;Initial Catalog=MT;User Id=sa;Password=1
09:53:34.329 Data Source=.;Initial Catalog=MT;User Id=sa;Password=1
09:53:36.078 Data Source=.;Initial Catalog=MT;User Id=sa;Password=1
09:53:36.806 Data Source=.;Initial Catalog=MT;User Id=sa;Password=1
09:53:41.593 Data Source=.;Initial Catalog=MT;User Id=sa;Password=1
09:53:45.828 Data Source=.;Initial Catalog=MT;User Id=sa;Password=1
09:53:46.267 Data Source=.;Initial Catalog=MT;User Id=sa;Password=1
09:53:49.965 Data Source=.;Initial Catalog=MT;User Id=sa;Password=1
09:53:54.639 Data Source=.;Initial Catalog=MT;User Id=sa;Password=1
09:54:08.910 Data Source=.;Initial Catalog=MT;User Id=sa;Password=1
09:54:34.205 Data Source=.;Initial Catalog=MT;User Id=sa;Password=1
09:54:34.411 Data Source=.;Initial Catalog=MT;User Id=sa;Password=1
09:54:34.415 Data Source=.;Initial Catalog=MT;User Id=sa;Password=1
09:54:37.334 Data Source=.;Initial Catalog=MT;User Id=sa;Password=1
09:54:37.381 Data Source=.;Initial Catalog=MT;User Id=sa;Password=1
09:54:40.238 Data Source=.;Initial Catalog=MT;User Id=sa;Password=1
09:54:41.183 Data Source=.;Initial Catalog=MT;User Id=sa;Password=1
09:54:41.543 Data Source=.;Initial Catalog=MT;User Id=sa;Password=1
09:54:43.391 Data Source=.;Initial Catalog=MT;User Id=sa;Password=1
09:54:43.831 Data Source=.;Initial Catalog=MT;User Id=sa;Password=1
09:54:51.069 Data Source=.;Initial Catalog=MT;User Id=sa;Password=1
09:54:51.080 Data Source=.;Initial Catalog=MT;User Id=sa;Password=1
09:54:51.090 Data Source=.;Initial Catalog=MT;User Id=sa;Password=1
09:54:51.104 Data Source=.;Initial Catalog=MT;User Id=sa;Password=1
09:54:51.111 @STM001 20170616000001
09:54:51.113 @STM002 001
09:54:51.114 @STM003 STA1139E1
09:54:51.115 @STM006 004STA1139E1201800007
09:54:51.116 @STM007 
09:54:51.125 Data Source=.;Initial Catalog=MT;User Id=sa;Password=1
09:54:51.127 @STM001 20170518000001
09:54:51.128 @STM002 001
09:54:51.129 @STM003 STA1139E1
09:54:51.130 @STM006 004STA1139E1201800003
09:54:51.131 @STM007 
09:54:51.132 Data Source=.;Initial Catalog=MT;User Id=sa;Password=1
09:54:51.134 @STM001 20170518000001
09:54:51.136 @STM002 001
09:54:51.137 @STM003 STA1139E1
09:54:51.137 @STM006 004STA1139E1201800001
09:54:51.139 @STM007 
09:54:51.140 Data Source=.;Initial Catalog=MT;User Id=sa;Password=1
09:54:51.142 @STM001 20170616000001
09:54:51.143 @STM002 001
09:54:51.144 @STM003 STA1139E1
09:54:51.145 @STM006 004STA1139E1201800006
09:54:51.146 @STM007 
09:54:51.148 Data Source=.;Initial Catalog=MT;User Id=sa;Password=1
09:54:51.149 @STM001 20170518000001
09:54:51.151 @STM002 001
09:54:51.152 @STM003 STA1139E1
09:54:51.153 @STM006 004STA1139E1201800002
09:54:51.154 @STM007 
09:54:51.155 Data Source=.;Initial Catalog=MT;User Id=sa;Password=1
09:54:51.157 @STM001 20170518000001
09:54:51.158 @STM002 001
09:54:51.159 @STM003 STA1139E1
09:54:51.160 @STM006 004STA1139E1201800004
09:54:51.161 @STM007 
09:54:51.163 Data Source=.;Initial Catalog=MT;User Id=sa;Password=1
09:54:52.816 Data Source=.;Initial Catalog=MT;User Id=sa;Password=1
09:54:53.732 Data Source=.;Initial Catalog=MT;User Id=sa;Password=1
09:54:54.236 Data Source=.;Initial Catalog=MT;User Id=sa;Password=1
09:59:15.911 Data Source=.;Initial Catalog=MT;User Id=sa;Password=1
09:59:16.124 Data Source=.;Initial Catalog=MT;User Id=sa;Password=1
09:59:16.127 Data Source=.;Initial Catalog=MT;User Id=sa;Password=1
09:59:18.443 Data Source=.;Initial Catalog=MT;User Id=sa;Password=1
09:59:18.489 Data Source=.;Initial Catalog=MT;User Id=sa;Password=1
09:59:25.212 Data Source=.;Initial Catalog=MT;User Id=sa;Password=1
09:59:27.414 Data Source=.;Initial Catalog=MT;User Id=sa;Password=1
09:59:40.288 Data Source=.;Initial Catalog=MT;User Id=sa;Password=1
09:59:41.492 Data Source=.;Initial Catalog=MT;User Id=sa;Password=1
09:59:41.732 Data Source=.;Initial Catalog=MT;User Id=sa;Password=1
09:59:56.079 Data Source=.;Initial Catalog=MT;User Id=sa;Password=1
10:00:42.491 Data Source=.;Initial Catalog=MT;User Id=sa;Password=1
10:00:53.775 Data Source=.;Initial Catalog=MT;User Id=sa;Password=1
10:01:00.061 Data Source=.;Initial Catalog=MT;User Id=sa;Password=1
10:01:28.203 Data Source=.;Initial Catalog=MT;User Id=sa;Password=1
10:01:28.415 Data Source=.;Initial Catalog=MT;User Id=sa;Password=1
10:01:28.418 Data Source=.;Initial Catalog=MT;User Id=sa;Password=1
10:01:30.761 Data Source=.;Initial Catalog=MT;User Id=sa;Password=1
10:01:30.806 Data Source=.;Initial Catalog=MT;User Id=sa;Password=1
10:01:32.882 Data Source=.;Initial Catalog=MT;User Id=sa;Password=1
10:01:34.320 Data Source=.;Initial Catalog=MT;User Id=sa;Password=1
10:01:39.410 Data Source=.;Initial Catalog=MT;User Id=sa;Password=1
10:01:41.459 Data Source=.;Initial Catalog=MT;User Id=sa;Password=1
10:01:53.277 Data Source=.;Initial Catalog=MT;User Id=sa;Password=1
10:01:54.917 Data Source=.;Initial Catalog=MT;User Id=sa;Password=1
16:08:15.674 Data Source=.;Initial Catalog=MT;User Id=sa;Password=1
16:08:15.922 Data Source=.;Initial Catalog=MT;User Id=sa;Password=1
16:08:17.511 Data Source=.;Initial Catalog=MT;User Id=sa;Password=1
16:08:20.429 Data Source=.;Initial Catalog=MT;User Id=sa;Password=1
16:08:20.477 Data Source=.;Initial Catalog=MT;User Id=sa;Password=1
16:08:22.515 Data Source=.;Initial Catalog=MT;User Id=sa;Password=1
16:08:38.049 Data Source=.;Initial Catalog=MT;User Id=sa;Password=1
16:08:38.053 Data Source=.;Initial Catalog=MT;User Id=sa;Password=1
17:06:07.341 Data Source=.;Initial Catalog=MT;User Id=sa;Password=1
17:06:07.572 Data Source=.;Initial Catalog=MT;User Id=sa;Password=1
17:06:07.576 Data Source=.;Initial Catalog=MT;User Id=sa;Password=1
17:06:10.038 Data Source=.;Initial Catalog=MT;User Id=sa;Password=1
17:06:10.092 Data Source=.;Initial Catalog=MT;User Id=sa;Password=1
17:06:13.409 Data Source=.;Initial Catalog=MT;User Id=sa;Password=1
17:06:28.287 Data Source=.;Initial Catalog=MT;User Id=sa;Password=1
17:06:33.661 Data Source=.;Initial Catalog=MT;User Id=sa;Password=1
17:07:27.554 Data Source=.;Initial Catalog=MT;User Id=sa;Password=1
17:07:27.812 Data Source=.;Initial Catalog=MT;User Id=sa;Password=1
17:07:27.816 Data Source=.;Initial Catalog=MT;User Id=sa;Password=1
17:07:29.975 Data Source=.;Initial Catalog=MT;User Id=sa;Password=1
17:07:30.026 Data Source=.;Initial Catalog=MT;User Id=sa;Password=1
17:10:28.478 Data Source=.;Initial Catalog=MT;User Id=sa;Password=1
17:10:28.729 Data Source=.;Initial Catalog=MT;User Id=sa;Password=1
17:10:28.733 Data Source=.;Initial Catalog=MT;User Id=sa;Password=1
17:10:31.243 Data Source=.;Initial Catalog=MT;User Id=sa;Password=1
17:10:31.333 Data Source=.;Initial Catalog=MT;User Id=sa;Password=1
17:10:34.049 Data Source=.;Initial Catalog=MT;User Id=sa;Password=1
17:10:39.848 Data Source=.;Initial Catalog=MT;User Id=sa;Password=1
17:10:44.384 Data Source=.;Initial Catalog=MT;User Id=sa;Password=1
17:12:14.033 Data Source=.;Initial Catalog=MT;User Id=sa;Password=1
17:12:14.272 Data Source=.;Initial Catalog=MT;User Id=sa;Password=1
17:12:14.276 Data Source=.;Initial Catalog=MT;User Id=sa;Password=1
17:12:16.709 Data Source=.;Initial Catalog=MT;User Id=sa;Password=1
17:12:16.789 Data Source=.;Initial Catalog=MT;User Id=sa;Password=1
17:12:22.373 Data Source=.;Initial Catalog=MT;User Id=sa;Password=1
17:12:24.980 Data Source=.;Initial Catalog=MT;User Id=sa;Password=1
17:12:36.113 Data Source=.;Initial Catalog=MT;User Id=sa;Password=1
17:12:39.906 Data Source=.;Initial Catalog=MT;User Id=sa;Password=1
17:12:48.886 Data Source=.;Initial Catalog=MT;User Id=sa;Password=1
17:12:50.147 Data Source=.;Initial Catalog=MT;User Id=sa;Password=1
17:19:45.990 Data Source=.;Initial Catalog=MT;User Id=sa;Password=1
17:19:46.208 Data Source=.;Initial Catalog=MT;User Id=sa;Password=1
17:19:46.213 Data Source=.;Initial Catalog=MT;User Id=sa;Password=1
17:21:13.024 Data Source=.;Initial Catalog=MT;User Id=sa;Password=1
17:21:13.105 Data Source=.;Initial Catalog=MT;User Id=sa;Password=1
17:21:31.695 Data Source=.;Initial Catalog=MT;User Id=sa;Password=1
17:22:05.290 Data Source=.;Initial Catalog=MT;User Id=sa;Password=1
17:22:05.504 Data Source=.;Initial Catalog=MT;User Id=sa;Password=1
17:22:05.507 Data Source=.;Initial Catalog=MT;User Id=sa;Password=1
17:22:08.056 Data Source=.;Initial Catalog=MT;User Id=sa;Password=1
17:22:08.136 Data Source=.;Initial Catalog=MT;User Id=sa;Password=1
17:23:08.346 Data Source=.;Initial Catalog=MT;User Id=sa;Password=1
17:23:08.556 Data Source=.;Initial Catalog=MT;User Id=sa;Password=1
17:23:08.559 Data Source=.;Initial Catalog=MT;User Id=sa;Password=1
17:23:11.335 Data Source=.;Initial Catalog=MT;User Id=sa;Password=1
17:23:11.418 Data Source=.;Initial Catalog=MT;User Id=sa;Password=1
17:23:13.705 Data Source=.;Initial Catalog=MT;User Id=sa;Password=1
17:24:25.348 Data Source=.;Initial Catalog=MT;User Id=sa;Password=1
17:24:25.560 Data Source=.;Initial Catalog=MT;User Id=sa;Password=1
17:24:25.563 Data Source=.;Initial Catalog=MT;User Id=sa;Password=1
17:24:27.982 Data Source=.;Initial Catalog=MT;User Id=sa;Password=1
17:24:28.071 Data Source=.;Initial Catalog=MT;User Id=sa;Password=1
17:25:44.089 Data Source=.;Initial Catalog=MT;User Id=sa;Password=1
17:25:44.325 Data Source=.;Initial Catalog=MT;User Id=sa;Password=1
17:25:44.329 Data Source=.;Initial Catalog=MT;User Id=sa;Password=1
17:25:46.928 Data Source=.;Initial Catalog=MT;User Id=sa;Password=1
17:25:47.011 Data Source=.;Initial Catalog=MT;User Id=sa;Password=1
17:26:17.503 Data Source=.;Initial Catalog=MT;User Id=sa;Password=1
17:26:17.710 Data Source=.;Initial Catalog=MT;User Id=sa;Password=1
17:26:17.713 Data Source=.;Initial Catalog=MT;User Id=sa;Password=1
17:26:20.068 Data Source=.;Initial Catalog=MT;User Id=sa;Password=1
17:26:20.150 Data Source=.;Initial Catalog=MT;User Id=sa;Password=1
17:26:24.821 Data Source=.;Initial Catalog=MT;User Id=sa;Password=1
17:26:31.107 Data Source=.;Initial Catalog=MT;User Id=sa;Password=1
17:26:31.554 Data Source=.;Initial Catalog=MT;User Id=sa;Password=1
17:26:46.009 Data Source=.;Initial Catalog=MT;User Id=sa;Password=1
17:26:47.890 Data Source=.;Initial Catalog=MT;User Id=sa;Password=1
17:34:19.082 Data Source=.;Initial Catalog=MT;User Id=sa;Password=1
17:34:19.305 Data Source=.;Initial Catalog=MT;User Id=sa;Password=1
17:34:19.311 Data Source=.;Initial Catalog=MT;User Id=sa;Password=1
17:34:22.663 Data Source=.;Initial Catalog=MT;User Id=sa;Password=1
17:34:22.788 Data Source=.;Initial Catalog=MT;User Id=sa;Password=1
17:34:25.656 Data Source=.;Initial Catalog=MT;User Id=sa;Password=1
17:34:26.375 Data Source=.;Initial Catalog=MT;User Id=sa;Password=1
17:34:33.283 Data Source=.;Initial Catalog=MT;User Id=sa;Password=1
17:34:33.731 Data Source=.;Initial Catalog=MT;User Id=sa;Password=1
17:34:35.635 Data Source=.;Initial Catalog=MT;User Id=sa;Password=1
17:34:36.181 Data Source=.;Initial Catalog=MT;User Id=sa;Password=1
17:34:36.549 Data Source=.;Initial Catalog=MT;User Id=sa;Password=1
17:37:15.996 Data Source=.;Initial Catalog=MT;User Id=sa;Password=1
17:37:16.213 Data Source=.;Initial Catalog=MT;User Id=sa;Password=1
17:37:16.217 Data Source=.;Initial Catalog=MT;User Id=sa;Password=1
17:37:18.484 Data Source=.;Initial Catalog=MT;User Id=sa;Password=1
17:37:18.571 Data Source=.;Initial Catalog=MT;User Id=sa;Password=1
17:37:21.189 Data Source=.;Initial Catalog=MT;User Id=sa;Password=1
17:37:21.881 Data Source=.;Initial Catalog=MT;User Id=sa;Password=1
17:37:25.239 Data Source=.;Initial Catalog=MT;User Id=sa;Password=1
17:37:25.639 Data Source=.;Initial Catalog=MT;User Id=sa;Password=1
17:37:28.529 Data Source=.;Initial Catalog=MT;User Id=sa;Password=1
17:37:30.575 Data Source=.;Initial Catalog=MT;User Id=sa;Password=1
17:37:30.584 Data Source=.;Initial Catalog=MT;User Id=sa;Password=1
17:37:30.591 Data Source=.;Initial Catalog=MT;User Id=sa;Password=1
17:37:30.597 @STM001 20170616000001
17:37:30.599 @STM002 001
17:37:30.600 @STM003 STA1139E1
17:37:30.601 @STM006 004STA1139E1201800006
17:37:30.602 @STM007 
17:37:30.607 Data Source=.;Initial Catalog=MT;User Id=sa;Password=1
17:37:30.612 @STM001 20170518000001
17:37:30.613 @STM002 001
17:37:30.614 @STM003 STA1139E1
17:37:30.618 @STM006 004STA1139E1201800001
17:37:30.619 @STM007 1
17:37:30.620 Data Source=.;Initial Catalog=MT;User Id=sa;Password=1
17:37:30.622 @STM001 20170518000001
17:37:30.624 @STM002 001
17:37:30.625 @STM003 STA1139E1
17:37:30.626 @STM006 004STA1139E1201800003
17:37:30.628 @STM007 1
17:37:30.629 Data Source=.;Initial Catalog=MT;User Id=sa;Password=1
17:37:30.631 @STM001 20170518000001
17:37:30.632 @STM002 001
17:37:30.633 @STM003 STA1139E1
17:37:30.634 @STM006 004STA1139E1201800004
17:37:30.636 @STM007 1
17:37:30.637 Data Source=.;Initial Catalog=MT;User Id=sa;Password=1
17:37:30.639 @STM001 20170616000001
17:37:30.640 @STM002 001
17:37:30.641 @STM003 STA1139E1
17:37:30.642 @STM006 004STA1139E1201800007
17:37:30.643 @STM007 
17:37:30.645 Data Source=.;Initial Catalog=MT;User Id=sa;Password=1
17:37:30.647 @STM001 20170518000001
17:37:30.648 @STM002 001
17:37:30.649 @STM003 STA1139E1
17:37:30.650 @STM006 004STA1139E1201800002
17:37:30.651 @STM007 1
17:37:30.653 Data Source=.;Initial Catalog=MT;User Id=sa;Password=1
17:37:32.731 Data Source=.;Initial Catalog=MT;User Id=sa;Password=1
17:37:33.219 Data Source=.;Initial Catalog=MT;User Id=sa;Password=1
17:37:34.302 Data Source=.;Initial Catalog=MT;User Id=sa;Password=1
17:37:35.052 Data Source=.;Initial Catalog=MT;User Id=sa;Password=1
17:37:35.492 Data Source=.;Initial Catalog=MT;User Id=sa;Password=1
