14:56:13.343 Data Source=.;Initial Catalog=MT;User Id=sa;Password=1
14:56:21.455 Data Source=.;Initial Catalog=MT;User Id=sa;Password=1
14:56:21.838 Data Source=.;Initial Catalog=MT;User Id=sa;Password=1
14:56:21.851 Data Source=.;Initial Catalog=MT;User Id=sa;Password=1
14:56:37.425 Data Source=.;Initial Catalog=MT;User Id=sa;Password=1
14:56:41.344 Data Source=.;Initial Catalog=MT;User Id=sa;Password=1
14:56:41.354 Data Source=.;Initial Catalog=MT;User Id=sa;Password=1
14:56:41.373 Data Source=.;Initial Catalog=MT;User Id=sa;Password=1
14:56:41.385 Data Source=.;Initial Catalog=MT;User Id=sa;Password=1
14:56:41.397 Data Source=.;Initial Catalog=MT;User Id=sa;Password=1
14:56:41.399 @STD001 0002020131800324
14:56:41.401 @STD002 检验
14:56:41.403 @STD003 曹契装配不合格
14:56:41.405 @STD004 
14:56:41.407 @STD005 目测
14:56:41.409 @STD006 0
14:56:41.410 @STD007 
14:56:41.412 @STD008 
14:56:41.413 @STD010 4
14:56:41.414 @STD011 25
14:56:41.421 Data Source=.;Initial Catalog=MT;User Id=sa;Password=1
14:56:41.431 @STD001 0002020131800324
14:56:41.433 @STD002 检验
14:56:41.435 @STD003 (绿-红)线间电阻(Ω)
14:56:41.436 @STD004 
14:56:41.438 @STD005 
14:56:41.440 @STD006 0
14:56:41.441 @STD007 
14:56:41.443 @STD008 
14:56:41.444 @STD010 4
14:56:41.446 @STD011 14
14:56:41.448 Data Source=.;Initial Catalog=MT;User Id=sa;Password=1
14:56:41.450 @STD001 0002020131800324
14:56:41.451 @STD002 检验
14:56:41.453 @STD003 (黄-绿)线间电阻(Ω)
14:56:41.454 @STD004 
14:56:41.456 @STD005 
14:56:41.457 @STD006 0
14:56:41.458 @STD007 
14:56:41.459 @STD008 
14:56:41.460 @STD010 4
14:56:41.462 @STD011 13
14:56:41.463 Data Source=.;Initial Catalog=MT;User Id=sa;Password=1
14:56:41.465 @STD001 0002020131800324
14:56:41.466 @STD002 检验
14:56:41.468 @STD003 匝间检验合格
14:56:41.469 @STD004 
14:56:41.470 @STD005 匝间测试仪
14:56:41.472 @STD006 0
14:56:41.473 @STD007 
14:56:41.474 @STD008 
14:56:41.475 @STD010 4
14:56:41.477 @STD011 11
14:56:41.478 Data Source=.;Initial Catalog=MT;User Id=sa;Password=1
14:56:41.480 @STD001 0002020131800324
14:56:41.481 @STD002 绕线
14:56:41.483 @STD003 接头数量
14:56:41.485 @STD004 
14:56:41.486 @STD005 目测
14:56:41.487 @STD006 0
14:56:41.488 @STD007 
14:56:41.490 @STD008 
14:56:41.491 @STD010 1
14:56:41.492 @STD011 2
14:56:41.494 Data Source=.;Initial Catalog=MT;User Id=sa;Password=1
14:56:41.495 @STD001 0002020131800324
14:56:41.497 @STD002 检验
14:56:41.500 @STD003 漆包线无破损
14:56:41.502 @STD004 
14:56:41.503 @STD005 目测
14:56:41.505 @STD006 0
14:56:41.506 @STD007 
14:56:41.507 @STD008 
14:56:41.508 @STD010 4
14:56:41.509 @STD011 22
14:56:41.511 Data Source=.;Initial Catalog=MT;User Id=sa;Password=1
14:56:41.513 @STC001 0002020131800324
14:56:41.515 @STC002 380
14:56:41.516 @STC003 GD201807230002
14:56:41.517 @STC004 MY05-1000/150K(160K)
14:56:41.518 @STC005 0
14:56:41.520 @STC006 
14:56:41.522 Data Source=.;Initial Catalog=MT;User Id=sa;Password=1
14:56:41.524 @STD001 0002020131800324
14:56:41.526 @STD002 嵌线
14:56:41.527 @STD003 出线端线尺寸合格
14:56:41.528 @STD004 
14:56:41.530 @STD005 钢尺
14:56:41.531 @STD006 0
14:56:41.532 @STD007 
14:56:41.533 @STD008 
14:56:41.535 @STD010 3
14:56:41.536 @STD011 8
14:56:41.538 Data Source=.;Initial Catalog=MT;User Id=sa;Password=1
14:56:41.540 @STD001 0002020131800324
14:56:41.542 @STD002 嵌线
14:56:41.543 @STD003 非出线端线包尺寸合格
14:56:41.544 @STD004 
14:56:41.546 @STD005 钢尺
14:56:41.547 @STD006 0
14:56:41.548 @STD007 
14:56:41.550 @STD008 
14:56:41.551 @STD010 3
14:56:41.552 @STD011 9
14:56:41.554 Data Source=.;Initial Catalog=MT;User Id=sa;Password=1
14:56:41.555 @STD001 0002020131800324
14:56:41.557 @STD002 检验
14:56:41.558 @STD003 引出线长度不够
14:56:41.559 @STD004 
14:56:41.560 @STD005 目测
14:56:41.562 @STD006 0
14:56:41.563 @STD007 
14:56:41.564 @STD008 
14:56:41.566 @STD010 4
14:56:41.567 @STD011 24
14:56:41.568 Data Source=.;Initial Catalog=MT;User Id=sa;Password=1
14:56:41.570 @STD001 0002020131800324
14:56:41.572 @STD002 检验
14:56:41.573 @STD003 电阻不平衡度
14:56:41.574 @STD004 
14:56:41.576 @STD005 计算器
14:56:41.577 @STD006 0
14:56:41.578 @STD007 
14:56:41.580 @STD008 
14:56:41.581 @STD010 4
14:56:41.582 @STD011 17
14:56:41.584 Data Source=.;Initial Catalog=MT;User Id=sa;Password=1
14:56:41.586 @STD001 0002020131800324
14:56:41.587 @STD002 嵌线
14:56:41.588 @STD003 引出线长度(mm)
14:56:41.589 @STD004 30
14:56:41.591 @STD005 钢尺
14:56:41.592 @STD006 0
14:56:41.594 @STD007 
14:56:41.595 @STD008 
14:56:41.596 @STD010 3
14:56:41.598 @STD011 6
14:56:41.599 Data Source=.;Initial Catalog=MT;User Id=sa;Password=1
14:56:41.601 @STD001 0002020131800324
14:56:41.603 @STD002 嵌线
14:56:41.604 @STD003 引出线规格(平方)
14:56:41.605 @STD004 4
14:56:41.606 @STD005 目测
14:56:41.608 @STD006 0
14:56:41.609 @STD007 
14:56:41.610 @STD008 
14:56:41.611 @STD010 3
14:56:41.613 @STD011 5
14:56:41.614 Data Source=.;Initial Catalog=MT;User Id=sa;Password=1
14:56:41.616 @STD001 0002020131800324
14:56:41.618 @STD002 检验
14:56:41.619 @STD003 (黄-红)线间电阻(Ω)
14:56:41.620 @STD004 
14:56:41.621 @STD005 
14:56:41.622 @STD006 0
14:56:41.624 @STD007 
14:56:41.625 @STD008 
14:56:41.626 @STD010 4
14:56:41.627 @STD011 15
14:56:41.629 Data Source=.;Initial Catalog=MT;User Id=sa;Password=1
14:56:41.631 @STD001 0002020131800324
14:56:41.632 @STD002 检验
14:56:41.633 @STD003 铁芯叠片翘起
14:56:41.635 @STD004 
14:56:41.636 @STD005 目测
14:56:41.637 @STD006 0
14:56:41.638 @STD007 
14:56:41.640 @STD008 
14:56:41.641 @STD010 4
14:56:41.643 @STD011 26
14:56:41.645 Data Source=.;Initial Catalog=MT;User Id=sa;Password=1
14:56:41.647 @STD001 0002020131800324
14:56:41.648 @STD002 绕线
14:56:41.649 @STD003 确认线圈组数
14:56:41.651 @STD004 6
14:56:41.652 @STD005 目测
14:56:41.653 @STD006 0
14:56:41.655 @STD007 
14:56:41.656 @STD008 
14:56:41.657 @STD010 1
14:56:41.658 @STD011 1
14:56:41.660 Data Source=.;Initial Catalog=MT;User Id=sa;Password=1
14:56:41.662 @STD001 0002020131800324
14:56:41.663 @STD002 检验
14:56:41.665 @STD003 外观整齐，无漏绑
14:56:41.666 @STD004 
14:56:41.667 @STD005 目测
14:56:41.668 @STD006 0
14:56:41.670 @STD007 
14:56:41.671 @STD008 
14:56:41.672 @STD010 4
14:56:41.673 @STD011 20
14:56:41.676 Data Source=.;Initial Catalog=MT;User Id=sa;Password=1
14:56:41.678 @STD001 0002020131800324
14:56:41.679 @STD002 绕线
14:56:41.681 @STD003 确认线圈匝数
14:56:41.682 @STD004 50
14:56:41.683 @STD005 匝数测试仪
14:56:41.684 @STD006 0
14:56:41.686 @STD007 
14:56:41.687 @STD008 
14:56:41.688 @STD010 1
14:56:41.689 @STD011 0
14:56:41.692 Data Source=.;Initial Catalog=MT;User Id=sa;Password=1
14:56:41.694 @STD001 0002020131800324
14:56:41.695 @STD002 检验
14:56:41.696 @STD003 绝缘纸维修剪
14:56:41.698 @STD004 
14:56:41.699 @STD005 目测
14:56:41.700 @STD006 0
14:56:41.701 @STD007 
14:56:41.703 @STD008 
14:56:41.704 @STD010 4
14:56:41.706 @STD011 23
14:56:41.708 Data Source=.;Initial Catalog=MT;User Id=sa;Password=1
14:56:41.710 @STD001 0002020131800324
14:56:41.711 @STD002 检验
14:56:41.712 @STD003 虚焊
14:56:41.714 @STD004 
14:56:41.715 @STD005 目测
14:56:41.716 @STD006 0
14:56:41.717 @STD007 
14:56:41.718 @STD008 
14:56:41.720 @STD010 4
14:56:41.721 @STD011 27
14:56:41.723 Data Source=.;Initial Catalog=MT;User Id=sa;Password=1
14:56:41.725 @STD001 0002020131800324
14:56:41.727 @STD002 检验
14:56:41.728 @STD003 绑线松紧不够
14:56:41.729 @STD004 
14:56:41.731 @STD005 目测
14:56:41.732 @STD006 0
14:56:41.733 @STD007 
14:56:41.734 @STD008 
14:56:41.736 @STD010 4
14:56:41.737 @STD011 29
14:56:41.740 Data Source=.;Initial Catalog=MT;User Id=sa;Password=1
14:56:41.742 @STD001 0002020131800324
14:56:41.744 @STD002 嵌线
14:56:41.745 @STD003 焊接接头数量
14:56:41.746 @STD004 
14:56:41.747 @STD005 目测
14:56:41.749 @STD006 0
14:56:41.750 @STD007 
14:56:41.751 @STD008 
14:56:41.752 @STD010 3
14:56:41.754 @STD011 7
14:56:41.755 Data Source=.;Initial Catalog=MT;User Id=sa;Password=1
14:56:41.757 @STD001 0002020131800324
14:56:41.759 @STD002 检验
14:56:41.760 @STD003 耐压2260V,测试一分钟无击穿
14:56:41.761 @STD004 
14:56:41.762 @STD005 耐压测试仪
14:56:41.764 @STD006 0
14:56:41.765 @STD007 
14:56:41.766 @STD008 
14:56:41.767 @STD010 4
14:56:41.769 @STD011 10
14:56:41.770 Data Source=.;Initial Catalog=MT;User Id=sa;Password=1
14:56:41.772 @STD001 0002020131800324
14:56:41.774 @STD002 检验
14:56:41.775 @STD003 环境温度(℃)
14:56:41.776 @STD004 
14:56:41.777 @STD005 温度计
14:56:41.779 @STD006 0
14:56:41.781 @STD007 
14:56:41.782 @STD008 
14:56:41.783 @STD010 4
14:56:41.784 @STD011 16
14:56:41.786 Data Source=.;Initial Catalog=MT;User Id=sa;Password=1
14:56:41.788 @STD001 0002020131800324
14:56:41.789 @STD002 检验
14:56:41.790 @STD003 绝缘电阻(MΩ)
14:56:41.792 @STD004 
14:56:41.793 @STD005 摇表
14:56:41.794 @STD006 0
14:56:41.795 @STD007 
14:56:41.796 @STD008 
14:56:41.798 @STD010 4
14:56:41.799 @STD011 12
14:56:41.800 Data Source=.;Initial Catalog=MT;User Id=sa;Password=1
14:56:41.802 @STD001 0002020131800324
14:56:41.804 @STD002 检验
14:56:41.805 @STD003 槽楔整齐，无歪斜
14:56:41.806 @STD004 
14:56:41.808 @STD005 目测
14:56:41.809 @STD006 0
14:56:41.810 @STD007 
14:56:41.811 @STD008 
14:56:41.813 @STD010 4
14:56:41.814 @STD011 21
14:56:41.816 Data Source=.;Initial Catalog=MT;User Id=sa;Password=1
14:56:41.818 @STD001 0002020131800324
14:56:41.819 @STD002 检验
14:56:41.820 @STD003 线包尺寸用卡板检验合格%
14:56:41.822 @STD004 
14:56:41.823 @STD005 检具
14:56:41.824 @STD006 0
14:56:41.825 @STD007 
14:56:41.827 @STD008 
14:56:41.828 @STD010 4
14:56:41.829 @STD011 19
14:56:41.831 Data Source=.;Initial Catalog=MT;User Id=sa;Password=1
14:56:41.833 @STD001 0002020131800324
14:56:41.834 @STD002 嵌线
14:56:41.836 @STD003 确认接头数量
14:56:41.837 @STD004 
14:56:41.838 @STD005 目测
14:56:41.839 @STD006 0
14:56:41.840 @STD007 
14:56:41.841 @STD008 
14:56:41.843 @STD010 2
14:56:41.844 @STD011 4
14:56:41.846 Data Source=.;Initial Catalog=MT;User Id=sa;Password=1
14:56:41.848 @STD001 0002020131800324
14:56:41.849 @STD002 绕线
14:56:41.851 @STD003 并联路数
14:56:41.852 @STD004 2
14:56:41.853 @STD005 目测
14:56:41.854 @STD006 0
14:56:41.856 @STD007 
14:56:41.857 @STD008 
14:56:41.858 @STD010 1
14:56:41.859 @STD011 3
14:56:41.861 Data Source=.;Initial Catalog=MT;User Id=sa;Password=1
14:56:41.863 @STD001 0002020131800324
14:56:41.864 @STD002 检验
14:56:41.866 @STD003 线包高度超出
14:56:41.867 @STD004 
14:56:41.868 @STD005 目测
14:56:41.869 @STD006 0
14:56:41.870 @STD007 
14:56:41.872 @STD008 
14:56:41.873 @STD010 4
14:56:41.875 @STD011 28
14:56:41.876 Data Source=.;Initial Catalog=MT;User Id=sa;Password=1
14:56:41.881 Data Source=.;Initial Catalog=MT;User Id=sa;Password=1
14:56:41.883 Data Source=.;Initial Catalog=MT;User Id=sa;Password=1
14:56:41.890 Data Source=.;Initial Catalog=MT;User Id=sa;Password=1
14:56:41.893 @STD001 0002020131800324
14:56:41.894 @STD002 绕线
14:56:41.895 @STD003 并联路数
14:56:41.897 @STD004 2
14:56:41.910 Data Source=.;Initial Catalog=MT;User Id=sa;Password=1
14:56:41.913 Data Source=.;Initial Catalog=MT;User Id=sa;Password=1
14:56:41.930 Data Source=.;Initial Catalog=MT;User Id=sa;Password=1
14:56:46.680 Data Source=.;Initial Catalog=MT;User Id=sa;Password=1
14:56:49.421 Data Source=.;Initial Catalog=MT;User Id=sa;Password=1
14:56:49.424 Data Source=.;Initial Catalog=MT;User Id=sa;Password=1
14:56:49.432 Data Source=.;Initial Catalog=MT;User Id=sa;Password=1
14:56:49.436 Data Source=.;Initial Catalog=MT;User Id=sa;Password=1
14:56:49.445 Data Source=.;Initial Catalog=MT;User Id=sa;Password=1
14:56:49.447 @STD001 0002020141800607
14:56:49.448 @STD002 嵌线
14:56:49.449 @STD003 焊接接头数量
14:56:49.450 @STD004 
14:56:49.451 @STD005 目测
14:56:49.453 @STD006 0
14:56:49.454 @STD007 
14:56:49.455 @STD008 
14:56:49.456 @STD010 3
14:56:49.458 @STD011 7
14:56:49.459 Data Source=.;Initial Catalog=MT;User Id=sa;Password=1
14:56:49.462 @STD001 0002020141800607
14:56:49.463 @STD002 检验
14:56:49.465 @STD003 (黄-红)线间电阻(Ω)
14:56:49.466 @STD004 0.86
14:56:49.467 @STD005 
14:56:49.468 @STD006 0
14:56:49.469 @STD007 
14:56:49.471 @STD008 
14:56:49.472 @STD010 4
14:56:49.474 @STD011 15
14:56:49.475 Data Source=.;Initial Catalog=MT;User Id=sa;Password=1
14:56:49.477 @STD001 0002020141800607
14:56:49.479 @STD002 检验
14:56:49.480 @STD003 匝间检验合格
14:56:49.481 @STD004 True
14:56:49.482 @STD005 匝间测试仪
14:56:49.484 @STD006 0
14:56:49.485 @STD007 
14:56:49.486 @STD008 
14:56:49.487 @STD010 4
14:56:49.489 @STD011 11
14:56:49.490 Data Source=.;Initial Catalog=MT;User Id=sa;Password=1
14:56:49.492 @STD001 0002020141800607
14:56:49.493 @STD002 嵌线
14:56:49.494 @STD003 引出线规格(平方)
14:56:49.496 @STD004 6
14:56:49.497 @STD005 目测
14:56:49.498 @STD006 0
14:56:49.499 @STD007 
14:56:49.500 @STD008 
14:56:49.502 @STD010 3
14:56:49.503 @STD011 5
14:56:49.505 Data Source=.;Initial Catalog=MT;User Id=sa;Password=1
14:56:49.507 @STD001 0002020141800607
14:56:49.509 @STD002 检验
14:56:49.510 @STD003 (黄-绿)线间电阻(Ω)
14:56:49.511 @STD004 0.87
14:56:49.513 @STD005 
14:56:49.514 @STD006 0
14:56:49.515 @STD007 
14:56:49.517 @STD008 
14:56:49.518 @STD010 4
14:56:49.519 @STD011 13
14:56:49.521 Data Source=.;Initial Catalog=MT;User Id=sa;Password=1
14:56:49.524 @STD001 0002020141800607
14:56:49.526 @STD002 绕线
14:56:49.528 @STD003 并联路数
14:56:49.529 @STD004 2
14:56:49.531 @STD005 目测
14:56:49.532 @STD006 0
14:56:49.534 @STD007 
14:56:49.535 @STD008 
14:56:49.539 @STD010 1
14:56:49.541 @STD011 3
14:56:49.543 Data Source=.;Initial Catalog=MT;User Id=sa;Password=1
14:56:49.545 @STD001 0002020141800607
14:56:49.547 @STD002 检验
14:56:49.549 @STD003 绝缘纸维修剪
14:56:49.550 @STD004 
14:56:49.552 @STD005 目测
14:56:49.554 @STD006 0
14:56:49.555 @STD007 
14:56:49.556 @STD008 
14:56:49.558 @STD010 4
14:56:49.560 @STD011 23
14:56:49.561 Data Source=.;Initial Catalog=MT;User Id=sa;Password=1
14:56:49.564 @STD001 0002020141800607
14:56:49.565 @STD002 嵌线
14:56:49.567 @STD003 出线端线尺寸合格
14:56:49.569 @STD004 
14:56:49.570 @STD005 钢尺
14:56:49.572 @STD006 0
14:56:49.574 @STD007 
14:56:49.575 @STD008 
14:56:49.577 @STD010 3
14:56:49.578 @STD011 8
14:56:49.581 Data Source=.;Initial Catalog=MT;User Id=sa;Password=1
14:56:49.583 @STD001 0002020141800607
14:56:49.585 @STD002 检验
14:56:49.586 @STD003 线包高度超出
14:56:49.588 @STD004 
14:56:49.589 @STD005 目测
14:56:49.591 @STD006 0
14:56:49.592 @STD007 
14:56:49.594 @STD008 
14:56:49.596 @STD010 4
14:56:49.597 @STD011 28
14:56:49.599 Data Source=.;Initial Catalog=MT;User Id=sa;Password=1
14:56:49.601 @STD001 0002020141800607
14:56:49.603 @STD002 检验
14:56:49.605 @STD003 电阻不平衡度
14:56:49.607 @STD004 0.324
14:56:49.608 @STD005 计算器
14:56:49.610 @STD006 0
14:56:49.612 @STD007 
14:56:49.613 @STD008 
14:56:49.615 @STD010 4
14:56:49.616 @STD011 17
14:56:49.619 Data Source=.;Initial Catalog=MT;User Id=sa;Password=1
14:56:49.621 @STD001 0002020141800607
14:56:49.622 @STD002 检验
14:56:49.624 @STD003 曹契装配不合格
14:56:49.626 @STD004 
14:56:49.628 @STD005 目测
14:56:49.629 @STD006 0
14:56:49.631 @STD007 
14:56:49.633 @STD008 
14:56:49.635 @STD010 4
14:56:49.636 @STD011 25
14:56:49.639 Data Source=.;Initial Catalog=MT;User Id=sa;Password=1
14:56:49.641 @STD001 0002020141800607
14:56:49.643 @STD002 检验
14:56:49.644 @STD003 引出线长度不够
14:56:49.646 @STD004 
14:56:49.647 @STD005 目测
14:56:49.649 @STD006 0
14:56:49.651 @STD007 
14:56:49.652 @STD008 
14:56:49.654 @STD010 4
14:56:49.655 @STD011 24
14:56:49.658 Data Source=.;Initial Catalog=MT;User Id=sa;Password=1
14:56:49.660 @STC001 0002020141800607
14:56:49.662 @STC002 380
14:56:49.664 @STC003 GD201805290003
14:56:49.666 @STC004 MY05-1000/175K
14:56:49.667 @STC005 0
14:56:49.669 @STC006 
14:56:49.673 Data Source=.;Initial Catalog=MT;User Id=sa;Password=1
14:56:49.675 @STD001 0002020141800607
14:56:49.677 @STD002 检验
14:56:49.678 @STD003 铁芯叠片翘起
14:56:49.679 @STD004 
14:56:49.681 @STD005 目测
14:56:49.682 @STD006 0
14:56:49.684 @STD007 
14:56:49.685 @STD008 
14:56:49.687 @STD010 4
14:56:49.688 @STD011 26
14:56:49.691 Data Source=.;Initial Catalog=MT;User Id=sa;Password=1
14:56:49.693 @STD001 0002020141800607
14:56:49.695 @STD002 检验
14:56:49.696 @STD003 耐压2260V,测试一分钟无击穿
14:56:49.698 @STD004 True
14:56:49.700 @STD005 耐压测试仪
14:56:49.701 @STD006 0
14:56:49.703 @STD007 
14:56:49.704 @STD008 
14:56:49.706 @STD010 4
14:56:49.707 @STD011 10
14:56:49.709 Data Source=.;Initial Catalog=MT;User Id=sa;Password=1
14:56:49.711 @STD001 0002020141800607
14:56:49.713 @STD002 检验
14:56:49.715 @STD003 绑线松紧不够
14:56:49.716 @STD004 
14:56:49.718 @STD005 目测
14:56:49.719 @STD006 0
14:56:49.721 @STD007 
14:56:49.723 @STD008 
14:56:49.725 @STD010 4
14:56:49.726 @STD011 29
14:56:49.728 Data Source=.;Initial Catalog=MT;User Id=sa;Password=1
14:56:49.731 @STD001 0002020141800607
14:56:49.732 @STD002 检验
14:56:49.734 @STD003 槽楔整齐，无歪斜
14:56:49.736 @STD004 
14:56:49.738 @STD005 目测
14:56:49.740 @STD006 0
14:56:49.742 @STD007 
14:56:49.743 @STD008 
14:56:49.745 @STD010 4
14:56:49.747 @STD011 21
14:56:49.749 Data Source=.;Initial Catalog=MT;User Id=sa;Password=1
14:56:49.752 @STD001 0002020141800607
14:56:49.754 @STD002 检验
14:56:49.756 @STD003 外观整齐，无漏绑
14:56:49.757 @STD004 
14:56:49.759 @STD005 目测
14:56:49.760 @STD006 0
14:56:49.761 @STD007 
14:56:49.763 @STD008 
14:56:49.764 @STD010 4
14:56:49.766 @STD011 20
14:56:49.768 Data Source=.;Initial Catalog=MT;User Id=sa;Password=1
14:56:49.770 @STD001 0002020141800607
14:56:49.772 @STD002 检验
14:56:49.773 @STD003 (绿-红)线间电阻(Ω)
14:56:49.775 @STD004 0.86
14:56:49.776 @STD005 
14:56:49.778 @STD006 0
14:56:49.779 @STD007 
14:56:49.781 @STD008 
14:56:49.782 @STD010 4
14:56:49.784 @STD011 14
14:56:49.786 Data Source=.;Initial Catalog=MT;User Id=sa;Password=1
14:56:49.788 @STD001 0002020141800607
14:56:49.790 @STD002 嵌线
14:56:49.792 @STD003 非出线端线包尺寸合格
14:56:49.793 @STD004 
14:56:49.795 @STD005 钢尺
14:56:49.797 @STD006 0
14:56:49.798 @STD007 
14:56:49.800 @STD008 
14:56:49.801 @STD010 3
14:56:49.803 @STD011 9
14:56:49.805 Data Source=.;Initial Catalog=MT;User Id=sa;Password=1
14:56:49.807 @STD001 0002020141800607
14:56:49.809 @STD002 绕线
14:56:49.811 @STD003 确认线圈组数
14:56:49.812 @STD004 6
14:56:49.814 @STD005 目测
14:56:49.816 @STD006 0
14:56:49.817 @STD007 
14:56:49.819 @STD008 
14:56:49.820 @STD010 1
14:56:49.822 @STD011 1
14:56:49.824 Data Source=.;Initial Catalog=MT;User Id=sa;Password=1
14:56:49.826 @STD001 0002020141800607
14:56:49.828 @STD002 检验
14:56:49.829 @STD003 绝缘电阻(MΩ)
14:56:49.831 @STD004 >500
14:56:49.832 @STD005 摇表
14:56:49.834 @STD006 0
14:56:49.835 @STD007 
14:56:49.837 @STD008 
14:56:49.838 @STD010 4
14:56:49.840 @STD011 12
14:56:49.842 Data Source=.;Initial Catalog=MT;User Id=sa;Password=1
14:56:49.844 @STD001 0002020141800607
14:56:49.845 @STD002 检验
14:56:49.846 @STD003 环境温度(℃)
14:56:49.848 @STD004 26.5
14:56:49.849 @STD005 温度计
14:56:49.851 @STD006 0
14:56:49.852 @STD007 
14:56:49.853 @STD008 
14:56:49.855 @STD010 4
14:56:49.856 @STD011 16
14:56:49.866 Data Source=.;Initial Catalog=MT;User Id=sa;Password=1
14:56:49.872 @STD001 0002020141800607
14:56:49.874 @STD002 检验
14:56:49.875 @STD003 线包尺寸用卡板检验合格%
14:56:49.876 @STD004 
14:56:49.877 @STD005 检具
14:56:49.878 @STD006 0
14:56:49.880 @STD007 
14:56:49.881 @STD008 
14:56:49.882 @STD010 4
14:56:49.883 @STD011 19
14:56:49.892 Data Source=.;Initial Catalog=MT;User Id=sa;Password=1
14:56:49.895 @STD001 0002020141800607
14:56:49.897 @STD002 嵌线
14:56:49.898 @STD003 确认接头数量
14:56:49.899 @STD004 
14:56:49.900 @STD005 目测
14:56:49.901 @STD006 0
14:56:49.903 @STD007 
14:56:49.904 @STD008 
14:56:49.906 @STD010 2
14:56:49.908 @STD011 4
14:56:49.911 Data Source=.;Initial Catalog=MT;User Id=sa;Password=1
14:56:49.914 @STD001 0002020141800607
14:56:49.916 @STD002 检验
14:56:49.917 @STD003 虚焊
14:56:49.919 @STD004 
14:56:49.921 @STD005 目测
14:56:49.923 @STD006 0
14:56:49.924 @STD007 
14:56:49.926 @STD008 
14:56:49.927 @STD010 4
14:56:49.929 @STD011 27
14:56:49.931 Data Source=.;Initial Catalog=MT;User Id=sa;Password=1
14:56:49.933 @STD001 0002020141800607
14:56:49.934 @STD002 嵌线
14:56:49.935 @STD003 引出线长度(mm)
14:56:49.937 @STD004 30
14:56:49.938 @STD005 钢尺
14:56:49.939 @STD006 0
14:56:49.940 @STD007 
14:56:49.942 @STD008 
14:56:49.943 @STD010 3
14:56:49.944 @STD011 6
14:56:49.946 Data Source=.;Initial Catalog=MT;User Id=sa;Password=1
14:56:49.947 @STD001 0002020141800607
14:56:49.949 @STD002 检验
14:56:49.950 @STD003 漆包线无破损
14:56:49.951 @STD004 
14:56:49.953 @STD005 目测
14:56:49.954 @STD006 0
14:56:49.955 @STD007 
14:56:49.956 @STD008 
14:56:49.957 @STD010 4
14:56:49.959 @STD011 22
14:56:49.961 Data Source=.;Initial Catalog=MT;User Id=sa;Password=1
14:56:49.963 @STD001 0002020141800607
14:56:49.964 @STD002 绕线
14:56:49.966 @STD003 接头数量
14:56:49.967 @STD004 
14:56:49.968 @STD005 目测
14:56:49.969 @STD006 0
14:56:49.971 @STD007 
14:56:49.972 @STD008 
14:56:49.974 @STD010 1
14:56:49.975 @STD011 2
14:56:49.977 Data Source=.;Initial Catalog=MT;User Id=sa;Password=1
14:56:49.979 @STD001 0002020141800607
14:56:49.980 @STD002 绕线
14:56:49.981 @STD003 确认线圈匝数
14:56:49.982 @STD004 42
14:56:49.984 @STD005 匝数测试仪
14:56:49.985 @STD006 0
14:56:49.987 @STD007 
14:56:49.988 @STD008 
14:56:49.989 @STD010 1
14:56:49.990 @STD011 0
14:56:49.992 Data Source=.;Initial Catalog=MT;User Id=sa;Password=1
14:56:49.994 Data Source=.;Initial Catalog=MT;User Id=sa;Password=1
14:56:49.996 Data Source=.;Initial Catalog=MT;User Id=sa;Password=1
14:56:50.002 Data Source=.;Initial Catalog=MT;User Id=sa;Password=1
14:56:50.004 @STD001 0002020141800607
14:56:50.005 @STD002 检验
14:56:50.006 @STD003 (黄-红)线间电阻(Ω)
14:56:50.007 @STD004 0.86
14:56:50.015 Data Source=.;Initial Catalog=MT;User Id=sa;Password=1
14:56:50.017 @STD001 0002020141800607
14:56:50.019 @STD002 检验
14:56:50.020 @STD003 环境温度(℃)
14:56:50.021 @STD004 26.5
14:56:50.028 Data Source=.;Initial Catalog=MT;User Id=sa;Password=1
14:56:50.030 @STD001 0002020141800607
14:56:50.031 @STD002 检验
14:56:50.032 @STD003 (黄-绿)线间电阻(Ω)
14:56:50.034 @STD004 0.87
14:56:50.042 Data Source=.;Initial Catalog=MT;User Id=sa;Password=1
14:56:50.044 @STD001 0002020141800607
14:56:50.045 @STD002 检验
14:56:50.046 @STD003 匝间检验合格
14:56:50.048 @STD004 True
14:56:50.055 Data Source=.;Initial Catalog=MT;User Id=sa;Password=1
14:56:50.057 @STD001 0002020141800607
14:56:50.059 @STD002 检验
14:56:50.060 @STD003 耐压2260V,测试一分钟无击穿
14:56:50.061 @STD004 True
14:56:50.068 Data Source=.;Initial Catalog=MT;User Id=sa;Password=1
14:56:50.070 @STD001 0002020141800607
14:56:50.072 @STD002 检验
14:56:50.073 @STD003 绝缘电阻(MΩ)
14:56:50.074 @STD004 >500
14:56:50.082 Data Source=.;Initial Catalog=MT;User Id=sa;Password=1
14:56:50.085 @STD001 0002020141800607
14:56:50.087 @STD002 绕线
14:56:50.088 @STD003 并联路数
14:56:50.089 @STD004 2
14:56:50.096 Data Source=.;Initial Catalog=MT;User Id=sa;Password=1
14:56:50.098 @STD001 0002020141800607
14:56:50.100 @STD002 检验
14:56:50.101 @STD003 电阻不平衡度
14:56:50.102 @STD004 0.324
14:56:50.109 Data Source=.;Initial Catalog=MT;User Id=sa;Password=1
14:56:50.113 @STD001 0002020141800607
14:56:50.115 @STD002 检验
14:56:50.116 @STD003 (绿-红)线间电阻(Ω)
14:56:50.118 @STD004 0.86
14:56:50.125 Data Source=.;Initial Catalog=MT;User Id=sa;Password=1
14:56:50.127 Data Source=.;Initial Catalog=MT;User Id=sa;Password=1
14:56:50.139 Data Source=.;Initial Catalog=MT;User Id=sa;Password=1
14:56:51.192 Data Source=.;Initial Catalog=MT;User Id=sa;Password=1
14:57:00.439 Data Source=.;Initial Catalog=MT;User Id=sa;Password=1
14:57:00.444 Data Source=.;Initial Catalog=MT;User Id=sa;Password=1
14:57:00.455 Data Source=.;Initial Catalog=MT;User Id=sa;Password=1
14:57:00.458 Data Source=.;Initial Catalog=MT;User Id=sa;Password=1
14:57:00.465 Data Source=.;Initial Catalog=MT;User Id=sa;Password=1
14:57:00.467 @STD001 0002020061801203
14:57:00.468 @STD002 检验
14:57:00.470 @STD003 (绿-红)线间电阻(Ω)
14:57:00.472 @STD004 
14:57:00.473 @STD005 
14:57:00.475 @STD006 0
14:57:00.476 @STD007 
14:57:00.477 @STD008 
14:57:00.478 @STD010 4
14:57:00.479 @STD011 14
14:57:00.481 Data Source=.;Initial Catalog=MT;User Id=sa;Password=1
14:57:00.483 @STD001 0002020061801203
14:57:00.484 @STD002 嵌线
14:57:00.486 @STD003 引出线长度(mm)
14:57:00.487 @STD004 30
14:57:00.489 @STD005 钢尺
14:57:00.490 @STD006 0
14:57:00.491 @STD007 
14:57:00.492 @STD008 
14:57:00.493 @STD010 3
14:57:00.495 @STD011 6
14:57:00.496 Data Source=.;Initial Catalog=MT;User Id=sa;Password=1
14:57:00.498 @STD001 0002020061801203
14:57:00.499 @STD002 检验
14:57:00.503 @STD003 曹契装配不合格
14:57:00.504 @STD004 
14:57:00.506 @STD005 目测
14:57:00.507 @STD006 0
14:57:00.508 @STD007 
14:57:00.510 @STD008 
14:57:00.511 @STD010 4
14:57:00.512 @STD011 25
14:57:00.514 Data Source=.;Initial Catalog=MT;User Id=sa;Password=1
14:57:00.516 @STD001 0002020061801203
14:57:00.518 @STD002 嵌线
14:57:00.519 @STD003 非出线端线包尺寸合格
14:57:00.520 @STD004 
14:57:00.522 @STD005 钢尺
14:57:00.523 @STD006 0
14:57:00.524 @STD007 
14:57:00.525 @STD008 
14:57:00.527 @STD010 3
14:57:00.528 @STD011 9
14:57:00.529 Data Source=.;Initial Catalog=MT;User Id=sa;Password=1
14:57:00.532 @STD001 0002020061801203
14:57:00.534 @STD002 检验
14:57:00.535 @STD003 匝间检验合格
14:57:00.536 @STD004 
14:57:00.537 @STD005 匝间测试仪
14:57:00.539 @STD006 0
14:57:00.540 @STD007 
14:57:00.541 @STD008 
14:57:00.542 @STD010 4
14:57:00.543 @STD011 11
14:57:00.545 Data Source=.;Initial Catalog=MT;User Id=sa;Password=1
14:57:00.547 @STD001 0002020061801203
14:57:00.549 @STD002 检验
14:57:00.550 @STD003 槽楔整齐，无歪斜
14:57:00.552 @STD004 
14:57:00.553 @STD005 目测
14:57:00.554 @STD006 0
14:57:00.555 @STD007 
14:57:00.557 @STD008 
14:57:00.558 @STD010 4
14:57:00.559 @STD011 21
14:57:00.561 Data Source=.;Initial Catalog=MT;User Id=sa;Password=1
14:57:00.563 @STD001 0002020061801203
14:57:00.565 @STD002 检验
14:57:00.566 @STD003 绝缘电阻(MΩ)
14:57:00.568 @STD004 
14:57:00.569 @STD005 摇表
14:57:00.570 @STD006 0
14:57:00.571 @STD007 
14:57:00.572 @STD008 
14:57:00.573 @STD010 4
14:57:00.575 @STD011 12
14:57:00.576 Data Source=.;Initial Catalog=MT;User Id=sa;Password=1
14:57:00.578 @STD001 0002020061801203
14:57:00.580 @STD002 绕线
14:57:00.581 @STD003 接头数量
14:57:00.582 @STD004 
14:57:00.584 @STD005 目测
14:57:00.585 @STD006 0
14:57:00.586 @STD007 
14:57:00.587 @STD008 
14:57:00.589 @STD010 1
14:57:00.590 @STD011 2
14:57:00.591 Data Source=.;Initial Catalog=MT;User Id=sa;Password=1
14:57:00.594 @STD001 0002020061801203
14:57:00.595 @STD002 检验
14:57:00.597 @STD003 外观整齐，无漏绑
14:57:00.598 @STD004 
14:57:00.599 @STD005 目测
14:57:00.600 @STD006 0
14:57:00.601 @STD007 
14:57:00.602 @STD008 
14:57:00.604 @STD010 4
14:57:00.605 @STD011 20
14:57:00.606 Data Source=.;Initial Catalog=MT;User Id=sa;Password=1
14:57:00.608 @STD001 0002020061801203
14:57:00.609 @STD002 检验
14:57:00.611 @STD003 绝缘纸维修剪
14:57:00.612 @STD004 
14:57:00.614 @STD005 目测
14:57:00.615 @STD006 0
14:57:00.616 @STD007 
14:57:00.617 @STD008 
14:57:00.619 @STD010 4
14:57:00.620 @STD011 23
14:57:00.621 Data Source=.;Initial Catalog=MT;User Id=sa;Password=1
14:57:00.624 @STD001 0002020061801203
14:57:00.625 @STD002 检验
14:57:00.626 @STD003 铁芯叠片翘起
14:57:00.628 @STD004 
14:57:00.629 @STD005 目测
14:57:00.631 @STD006 0
14:57:00.632 @STD007 
14:57:00.634 @STD008 
14:57:00.635 @STD010 4
14:57:00.636 @STD011 26
14:57:00.638 Data Source=.;Initial Catalog=MT;User Id=sa;Password=1
14:57:00.640 @STD001 0002020061801203
14:57:00.642 @STD002 嵌线
14:57:00.644 @STD003 焊接接头数量
14:57:00.645 @STD004 
14:57:00.646 @STD005 目测
14:57:00.647 @STD006 0
14:57:00.649 @STD007 
14:57:00.650 @STD008 
14:57:00.651 @STD010 3
14:57:00.652 @STD011 7
14:57:00.654 Data Source=.;Initial Catalog=MT;User Id=sa;Password=1
14:57:00.656 @STD001 0002020061801203
14:57:00.658 @STD002 嵌线
14:57:00.659 @STD003 引出线规格(平方)
14:57:00.661 @STD004 4
14:57:00.662 @STD005 目测
14:57:00.663 @STD006 0
14:57:00.664 @STD007 
14:57:00.666 @STD008 
14:57:00.667 @STD010 3
14:57:00.668 @STD011 5
14:57:00.670 Data Source=.;Initial Catalog=MT;User Id=sa;Password=1
14:57:00.672 @STD001 0002020061801203
14:57:00.674 @STD002 检验
14:57:00.675 @STD003 线包尺寸用卡板检验合格%
14:57:00.676 @STD004 
14:57:00.678 @STD005 检具
14:57:00.679 @STD006 0
14:57:00.680 @STD007 
14:57:00.681 @STD008 
14:57:00.682 @STD010 4
14:57:00.684 @STD011 19
14:57:00.685 Data Source=.;Initial Catalog=MT;User Id=sa;Password=1
14:57:00.687 @STD001 0002020061801203
14:57:00.689 @STD002 检验
14:57:00.690 @STD003 电阻不平衡度
14:57:00.691 @STD004 
14:57:00.693 @STD005 计算器
14:57:00.694 @STD006 0
14:57:00.695 @STD007 
14:57:00.696 @STD008 
14:57:00.697 @STD010 4
14:57:00.698 @STD011 17
14:57:00.700 Data Source=.;Initial Catalog=MT;User Id=sa;Password=1
14:57:00.702 @STC001 0002020061801203
14:57:00.703 @STC002 380
14:57:00.704 @STC003 GD201807230003
14:57:00.706 @STC004 MY05-800/100K
14:57:00.707 @STC005 0
14:57:00.708 @STC006 
14:57:00.710 Data Source=.;Initial Catalog=MT;User Id=sa;Password=1
14:57:00.712 @STD001 0002020061801203
14:57:00.713 @STD002 检验
14:57:00.715 @STD003 (黄-绿)线间电阻(Ω)
14:57:00.716 @STD004 
14:57:00.717 @STD005 
14:57:00.719 @STD006 0
14:57:00.720 @STD007 
14:57:00.721 @STD008 
14:57:00.723 @STD010 4
14:57:00.724 @STD011 13
14:57:00.726 Data Source=.;Initial Catalog=MT;User Id=sa;Password=1
14:57:00.728 @STD001 0002020061801203
14:57:00.729 @STD002 检验
14:57:00.730 @STD003 漆包线无破损
14:57:00.732 @STD004 
14:57:00.733 @STD005 目测
14:57:00.735 @STD006 0
14:57:00.737 @STD007 
14:57:00.738 @STD008 
14:57:00.739 @STD010 4
14:57:00.740 @STD011 22
14:57:00.742 Data Source=.;Initial Catalog=MT;User Id=sa;Password=1
14:57:00.745 @STD001 0002020061801203
14:57:00.746 @STD002 检验
14:57:00.747 @STD003 虚焊
14:57:00.748 @STD004 
14:57:00.750 @STD005 目测
14:57:00.751 @STD006 0
14:57:00.752 @STD007 
14:57:00.753 @STD008 
14:57:00.755 @STD010 4
14:57:00.756 @STD011 27
14:57:00.758 Data Source=.;Initial Catalog=MT;User Id=sa;Password=1
14:57:00.760 @STD001 0002020061801203
14:57:00.761 @STD002 嵌线
14:57:00.763 @STD003 出线端线尺寸合格
14:57:00.764 @STD004 
14:57:00.765 @STD005 钢尺
14:57:00.766 @STD006 0
14:57:00.767 @STD007 
14:57:00.769 @STD008 
14:57:00.770 @STD010 3
14:57:00.771 @STD011 8
14:57:00.773 Data Source=.;Initial Catalog=MT;User Id=sa;Password=1
14:57:00.775 @STD001 0002020061801203
14:57:00.777 @STD002 检验
14:57:00.778 @STD003 引出线长度不够
14:57:00.779 @STD004 
14:57:00.781 @STD005 目测
14:57:00.782 @STD006 0
14:57:00.783 @STD007 
14:57:00.784 @STD008 
14:57:00.786 @STD010 4
14:57:00.787 @STD011 24
14:57:00.788 Data Source=.;Initial Catalog=MT;User Id=sa;Password=1
14:57:00.790 @STD001 0002020061801203
14:57:00.792 @STD002 检验
14:57:00.793 @STD003 线包高度超出
14:57:00.794 @STD004 
14:57:00.795 @STD005 目测
14:57:00.797 @STD006 0
14:57:00.798 @STD007 
14:57:00.799 @STD008 
14:57:00.800 @STD010 4
14:57:00.801 @STD011 28
14:57:00.803 Data Source=.;Initial Catalog=MT;User Id=sa;Password=1
14:57:00.805 @STD001 0002020061801203
14:57:00.806 @STD002 绕线
14:57:00.807 @STD003 确认线圈组数
14:57:00.809 @STD004 6
14:57:00.810 @STD005 目测
14:57:00.811 @STD006 0
14:57:00.812 @STD007 
14:57:00.813 @STD008 
14:57:00.815 @STD010 1
14:57:00.816 @STD011 1
14:57:00.817 Data Source=.;Initial Catalog=MT;User Id=sa;Password=1
14:57:00.819 @STD001 0002020061801203
14:57:00.821 @STD002 嵌线
14:57:00.822 @STD003 确认接头数量
14:57:00.823 @STD004 
14:57:00.825 @STD005 目测
14:57:00.826 @STD006 0
14:57:00.827 @STD007 
14:57:00.828 @STD008 
14:57:00.829 @STD010 2
14:57:00.831 @STD011 4
14:57:00.833 Data Source=.;Initial Catalog=MT;User Id=sa;Password=1
14:57:00.835 @STD001 0002020061801203
14:57:00.836 @STD002 检验
14:57:00.837 @STD003 耐压2260V,测试一分钟无击穿
14:57:00.838 @STD004 
14:57:00.840 @STD005 耐压测试仪
14:57:00.841 @STD006 0
14:57:00.842 @STD007 
14:57:00.843 @STD008 
14:57:00.845 @STD010 4
14:57:00.846 @STD011 10
14:57:00.848 Data Source=.;Initial Catalog=MT;User Id=sa;Password=1
14:57:00.850 @STD001 0002020061801203
14:57:00.851 @STD002 检验
14:57:00.853 @STD003 (黄-红)线间电阻(Ω)
14:57:00.854 @STD004 
14:57:00.855 @STD005 
14:57:00.856 @STD006 0
14:57:00.858 @STD007 
14:57:00.859 @STD008 
14:57:00.860 @STD010 4
14:57:00.862 @STD011 15
14:57:00.864 Data Source=.;Initial Catalog=MT;User Id=sa;Password=1
14:57:00.866 @STD001 0002020061801203
14:57:00.867 @STD002 绕线
14:57:00.868 @STD003 并联路数
14:57:00.870 @STD004 1
14:57:00.871 @STD005 目测
14:57:00.873 @STD006 0
14:57:00.874 @STD007 
14:57:00.875 @STD008 
14:57:00.876 @STD010 1
14:57:00.877 @STD011 3
14:57:00.880 Data Source=.;Initial Catalog=MT;User Id=sa;Password=1
14:57:00.882 @STD001 0002020061801203
14:57:00.883 @STD002 检验
14:57:00.885 @STD003 绑线松紧不够
14:57:00.886 @STD004 
14:57:00.887 @STD005 目测
14:57:00.888 @STD006 0
14:57:00.890 @STD007 
14:57:00.891 @STD008 
14:57:00.892 @STD010 4
14:57:00.893 @STD011 29
14:57:00.895 Data Source=.;Initial Catalog=MT;User Id=sa;Password=1
14:57:00.897 @STD001 0002020061801203
14:57:00.898 @STD002 绕线
14:57:00.899 @STD003 确认线圈匝数
14:57:00.900 @STD004 47
14:57:00.902 @STD005 匝数测试仪
14:57:00.903 @STD006 0
14:57:00.904 @STD007 
14:57:00.906 @STD008 
14:57:00.907 @STD010 1
14:57:00.908 @STD011 0
14:57:00.910 Data Source=.;Initial Catalog=MT;User Id=sa;Password=1
14:57:00.912 @STD001 0002020061801203
14:57:00.913 @STD002 检验
14:57:00.914 @STD003 环境温度(℃)
14:57:00.916 @STD004 
14:57:00.917 @STD005 温度计
14:57:00.918 @STD006 0
14:57:00.919 @STD007 
14:57:00.920 @STD008 
14:57:00.921 @STD010 4
14:57:00.923 @STD011 16
14:57:00.925 Data Source=.;Initial Catalog=MT;User Id=sa;Password=1
14:57:00.927 Data Source=.;Initial Catalog=MT;User Id=sa;Password=1
14:57:00.929 Data Source=.;Initial Catalog=MT;User Id=sa;Password=1
14:57:00.935 Data Source=.;Initial Catalog=MT;User Id=sa;Password=1
14:57:00.937 @STD001 0002020061801203
14:57:00.938 @STD002 绕线
14:57:00.940 @STD003 并联路数
14:57:00.941 @STD004 1
14:57:00.948 Data Source=.;Initial Catalog=MT;User Id=sa;Password=1
14:57:00.951 Data Source=.;Initial Catalog=MT;User Id=sa;Password=1
14:57:00.964 Data Source=.;Initial Catalog=MT;User Id=sa;Password=1
14:57:02.248 Data Source=.;Initial Catalog=MT;User Id=sa;Password=1
14:57:04.092 Data Source=.;Initial Catalog=MT;User Id=sa;Password=1
14:57:04.096 Data Source=.;Initial Catalog=MT;User Id=sa;Password=1
14:57:04.099 Data Source=.;Initial Catalog=MT;User Id=sa;Password=1
14:57:04.110 Data Source=.;Initial Catalog=MT;User Id=sa;Password=1
14:57:04.112 @STD001 0002020131800022
14:57:04.113 @STD002 绕线
14:57:04.114 @STD003 并联路数
14:57:04.116 @STD004 2
14:57:04.124 Data Source=.;Initial Catalog=MT;User Id=sa;Password=1
14:57:04.127 Data Source=.;Initial Catalog=MT;User Id=sa;Password=1
14:57:04.138 Data Source=.;Initial Catalog=MT;User Id=sa;Password=1
14:57:05.220 Data Source=.;Initial Catalog=MT;User Id=sa;Password=1
14:57:08.059 Data Source=.;Initial Catalog=MT;User Id=sa;Password=1
14:57:08.074 Data Source=.;Initial Catalog=MT;User Id=sa;Password=1
14:57:08.082 Data Source=.;Initial Catalog=MT;User Id=sa;Password=1
14:57:08.085 Data Source=.;Initial Catalog=MT;User Id=sa;Password=1
14:57:08.103 Data Source=.;Initial Catalog=MT;User Id=sa;Password=1
14:57:08.104 @STD001 0002020061800039
14:57:08.105 @STD002 检验
14:57:08.107 @STD003 绑线松紧不够
14:57:08.108 @STD004 
14:57:08.109 @STD005 目测
14:57:08.110 @STD006 0
14:57:08.111 @STD007 
14:57:08.112 @STD008 
14:57:08.114 @STD010 4
14:57:08.115 @STD011 29
14:57:08.116 Data Source=.;Initial Catalog=MT;User Id=sa;Password=1
14:57:08.120 @STD001 0002020061800039
14:57:08.121 @STD002 检验
14:57:08.123 @STD003 绝缘电阻(MΩ)
14:57:08.124 @STD004 >500
14:57:08.126 @STD005 摇表
14:57:08.128 @STD006 0
14:57:08.129 @STD007 
14:57:08.131 @STD008 
14:57:08.132 @STD010 4
14:57:08.134 @STD011 12
14:57:08.135 Data Source=.;Initial Catalog=MT;User Id=sa;Password=1
14:57:08.137 @STD001 0002020061800039
14:57:08.139 @STD002 检验
14:57:08.140 @STD003 电阻不平衡度
14:57:08.141 @STD004 0.108
14:57:08.143 @STD005 计算器
14:57:08.144 @STD006 0
14:57:08.146 @STD007 
14:57:08.147 @STD008 
14:57:08.148 @STD010 4
14:57:08.149 @STD011 17
14:57:08.151 Data Source=.;Initial Catalog=MT;User Id=sa;Password=1
14:57:08.153 @STD001 0002020061800039
14:57:08.154 @STD002 检验
14:57:08.156 @STD003 绝缘纸维修剪
14:57:08.157 @STD004 
14:57:08.158 @STD005 目测
14:57:08.160 @STD006 0
14:57:08.161 @STD007 
14:57:08.162 @STD008 
14:57:08.164 @STD010 4
14:57:08.165 @STD011 23
14:57:08.166 Data Source=.;Initial Catalog=MT;User Id=sa;Password=1
14:57:08.168 @STD001 0002020061800039
14:57:08.169 @STD002 检验
14:57:08.171 @STD003 虚焊
14:57:08.172 @STD004 
14:57:08.173 @STD005 目测
14:57:08.175 @STD006 0
14:57:08.176 @STD007 
14:57:08.177 @STD008 
14:57:08.179 @STD010 4
14:57:08.180 @STD011 27
14:57:08.182 Data Source=.;Initial Catalog=MT;User Id=sa;Password=1
14:57:08.184 @STD001 0002020061800039
14:57:08.185 @STD002 检验
14:57:08.186 @STD003 (绿-红)线间电阻(Ω)
14:57:08.188 @STD004 4.10
14:57:08.189 @STD005 
14:57:08.190 @STD006 0
14:57:08.191 @STD007 
14:57:08.192 @STD008 
14:57:08.193 @STD010 4
14:57:08.195 @STD011 14
14:57:08.197 Data Source=.;Initial Catalog=MT;User Id=sa;Password=1
14:57:08.199 @STD001 0002020061800039
14:57:08.200 @STD002 嵌线
14:57:08.201 @STD003 确认接头数量
14:57:08.203 @STD004 
14:57:08.204 @STD005 目测
14:57:08.205 @STD006 0
14:57:08.207 @STD007 
14:57:08.208 @STD008 
14:57:08.209 @STD010 2
14:57:08.211 @STD011 4
14:57:08.212 Data Source=.;Initial Catalog=MT;User Id=sa;Password=1
14:57:08.214 @STD001 0002020061800039
14:57:08.216 @STD002 检验
14:57:08.217 @STD003 引出线长度不够
14:57:08.218 @STD004 
14:57:08.220 @STD005 目测
14:57:08.221 @STD006 0
14:57:08.222 @STD007 
14:57:08.224 @STD008 
14:57:08.225 @STD010 4
14:57:08.226 @STD011 24
14:57:08.228 Data Source=.;Initial Catalog=MT;User Id=sa;Password=1
14:57:08.230 @STD001 0002020061800039
14:57:08.231 @STD002 嵌线
14:57:08.232 @STD003 焊接接头数量
14:57:08.234 @STD004 
14:57:08.235 @STD005 目测
14:57:08.236 @STD006 0
14:57:08.238 @STD007 
14:57:08.240 @STD008 
14:57:08.241 @STD010 3
14:57:08.243 @STD011 7
14:57:08.244 Data Source=.;Initial Catalog=MT;User Id=sa;Password=1
14:57:08.246 @STD001 0002020061800039
14:57:08.248 @STD002 嵌线
14:57:08.249 @STD003 非出线端线包尺寸合格
14:57:08.250 @STD004 
14:57:08.252 @STD005 钢尺
14:57:08.253 @STD006 0
14:57:08.254 @STD007 
14:57:08.256 @STD008 
14:57:08.258 @STD010 3
14:57:08.260 @STD011 9
14:57:08.262 Data Source=.;Initial Catalog=MT;User Id=sa;Password=1
14:57:08.264 @STD001 0002020061800039
14:57:08.266 @STD002 绕线
14:57:08.267 @STD003 接头数量
14:57:08.269 @STD004 
14:57:08.270 @STD005 目测
14:57:08.271 @STD006 0
14:57:08.272 @STD007 
14:57:08.273 @STD008 
14:57:08.274 @STD010 1
14:57:08.276 @STD011 2
14:57:08.277 Data Source=.;Initial Catalog=MT;User Id=sa;Password=1
14:57:08.279 @STD001 0002020061800039
14:57:08.280 @STD002 绕线
14:57:08.282 @STD003 并联路数
14:57:08.283 @STD004 1
14:57:08.284 @STD005 目测
14:57:08.285 @STD006 0
14:57:08.286 @STD007 
14:57:08.288 @STD008 
14:57:08.289 @STD010 1
14:57:08.290 @STD011 3
14:57:08.292 Data Source=.;Initial Catalog=MT;User Id=sa;Password=1
14:57:08.294 @STD001 0002020061800039
14:57:08.295 @STD002 检验
14:57:08.297 @STD003 铁芯叠片翘起
14:57:08.298 @STD004 
14:57:08.299 @STD005 目测
14:57:08.301 @STD006 0
14:57:08.302 @STD007 
14:57:08.303 @STD008 
14:57:08.305 @STD010 4
14:57:08.306 @STD011 26
14:57:08.308 Data Source=.;Initial Catalog=MT;User Id=sa;Password=1
14:57:08.309 @STC001 0002020061800039
14:57:08.311 @STC002 380
14:57:08.312 @STC003 GD201801220008
14:57:08.313 @STC004 MY05-800/100K
14:57:08.314 @STC005 0
14:57:08.315 @STC006 
14:57:08.317 Data Source=.;Initial Catalog=MT;User Id=sa;Password=1
14:57:08.319 @STD001 0002020061800039
14:57:08.320 @STD002 检验
14:57:08.322 @STD003 (黄-绿)线间电阻(Ω)
14:57:08.323 @STD004 4.11
14:57:08.324 @STD005 
14:57:08.325 @STD006 0
14:57:08.327 @STD007 
14:57:08.328 @STD008 
14:57:08.330 @STD010 4
14:57:08.331 @STD011 13
14:57:08.334 Data Source=.;Initial Catalog=MT;User Id=sa;Password=1
14:57:08.337 @STD001 0002020061800039
14:57:08.338 @STD002 检验
14:57:08.340 @STD003 曹契装配不合格
14:57:08.341 @STD004 
14:57:08.342 @STD005 目测
14:57:08.343 @STD006 0
14:57:08.344 @STD007 
14:57:08.346 @STD008 
14:57:08.347 @STD010 4
14:57:08.349 @STD011 25
14:57:08.351 Data Source=.;Initial Catalog=MT;User Id=sa;Password=1
14:57:08.353 @STD001 0002020061800039
14:57:08.354 @STD002 嵌线
14:57:08.356 @STD003 引出线规格(平方)
14:57:08.357 @STD004 4
14:57:08.358 @STD005 目测
14:57:08.359 @STD006 0
14:57:08.360 @STD007 
14:57:08.361 @STD008 
14:57:08.362 @STD010 3
14:57:08.364 @STD011 5
14:57:08.366 Data Source=.;Initial Catalog=MT;User Id=sa;Password=1
14:57:08.368 @STD001 0002020061800039
14:57:08.369 @STD002 检验
14:57:08.370 @STD003 线包尺寸用卡板检验合格%
14:57:08.372 @STD004 
14:57:08.373 @STD005 检具
14:57:08.374 @STD006 0
14:57:08.375 @STD007 
14:57:08.376 @STD008 
14:57:08.378 @STD010 4
14:57:08.379 @STD011 19
14:57:08.381 Data Source=.;Initial Catalog=MT;User Id=sa;Password=1
14:57:08.384 @STD001 0002020061800039
14:57:08.385 @STD002 检验
14:57:08.387 @STD003 耐压2260V,测试一分钟无击穿
14:57:08.388 @STD004 True
14:57:08.389 @STD005 耐压测试仪
14:57:08.391 @STD006 0
14:57:08.392 @STD007 
14:57:08.393 @STD008 
14:57:08.395 @STD010 4
14:57:08.396 @STD011 10
14:57:08.398 Data Source=.;Initial Catalog=MT;User Id=sa;Password=1
14:57:08.399 @STD001 0002020061800039
14:57:08.401 @STD002 检验
14:57:08.402 @STD003 槽楔整齐，无歪斜
14:57:08.404 @STD004 
14:57:08.406 @STD005 目测
14:57:08.408 @STD006 0
14:57:08.409 @STD007 
14:57:08.410 @STD008 
14:57:08.412 @STD010 4
14:57:08.413 @STD011 21
14:57:08.415 Data Source=.;Initial Catalog=MT;User Id=sa;Password=1
14:57:08.417 @STD001 0002020061800039
14:57:08.418 @STD002 绕线
14:57:08.419 @STD003 确认线圈组数
14:57:08.421 @STD004 6
14:57:08.422 @STD005 目测
14:57:08.423 @STD006 0
14:57:08.425 @STD007 
14:57:08.426 @STD008 
14:57:08.427 @STD010 1
14:57:08.429 @STD011 1
14:57:08.430 Data Source=.;Initial Catalog=MT;User Id=sa;Password=1
14:57:08.432 @STD001 0002020061800039
14:57:08.434 @STD002 检验
14:57:08.435 @STD003 外观整齐，无漏绑
14:57:08.437 @STD004 
14:57:08.438 @STD005 目测
14:57:08.439 @STD006 0
14:57:08.440 @STD007 
14:57:08.442 @STD008 
14:57:08.443 @STD010 4
14:57:08.445 @STD011 20
14:57:08.447 Data Source=.;Initial Catalog=MT;User Id=sa;Password=1
14:57:08.449 @STD001 0002020061800039
14:57:08.450 @STD002 嵌线
14:57:08.452 @STD003 引出线长度(mm)
14:57:08.453 @STD004 30
14:57:08.454 @STD005 钢尺
14:57:08.455 @STD006 0
14:57:08.457 @STD007 
14:57:08.458 @STD008 
14:57:08.460 @STD010 3
14:57:08.461 @STD011 6
14:57:08.463 Data Source=.;Initial Catalog=MT;User Id=sa;Password=1
14:57:08.465 @STD001 0002020061800039
14:57:08.466 @STD002 绕线
14:57:08.468 @STD003 确认线圈匝数
14:57:08.469 @STD004 47
14:57:08.470 @STD005 匝数测试仪
14:57:08.472 @STD006 0
14:57:08.473 @STD007 
14:57:08.474 @STD008 
14:57:08.476 @STD010 1
14:57:08.477 @STD011 0
14:57:08.479 Data Source=.;Initial Catalog=MT;User Id=sa;Password=1
14:57:08.480 @STD001 0002020061800039
14:57:08.482 @STD002 嵌线
14:57:08.483 @STD003 出线端线尺寸合格
14:57:08.484 @STD004 
14:57:08.486 @STD005 钢尺
14:57:08.487 @STD006 0
14:57:08.488 @STD007 
14:57:08.490 @STD008 
14:57:08.491 @STD010 3
14:57:08.492 @STD011 8
14:57:08.494 Data Source=.;Initial Catalog=MT;User Id=sa;Password=1
14:57:08.496 @STD001 0002020061800039
14:57:08.497 @STD002 检验
14:57:08.498 @STD003 漆包线无破损
14:57:08.500 @STD004 
14:57:08.501 @STD005 目测
14:57:08.503 @STD006 0
14:57:08.504 @STD007 
14:57:08.505 @STD008 
14:57:08.506 @STD010 4
14:57:08.508 @STD011 22
14:57:08.509 Data Source=.;Initial Catalog=MT;User Id=sa;Password=1
14:57:08.511 @STD001 0002020061800039
14:57:08.513 @STD002 检验
14:57:08.514 @STD003 线包高度超出
14:57:08.515 @STD004 
14:57:08.516 @STD005 目测
14:57:08.518 @STD006 0
14:57:08.519 @STD007 
14:57:08.520 @STD008 
14:57:08.521 @STD010 4
14:57:08.523 @STD011 28
14:57:08.524 Data Source=.;Initial Catalog=MT;User Id=sa;Password=1
14:57:08.526 @STD001 0002020061800039
14:57:08.527 @STD002 检验
14:57:08.529 @STD003 环境温度(℃)
14:57:08.530 @STD004 10.2
14:57:08.531 @STD005 温度计
14:57:08.532 @STD006 0
14:57:08.534 @STD007 
14:57:08.535 @STD008 
14:57:08.536 @STD010 4
14:57:08.537 @STD011 16
14:57:08.539 Data Source=.;Initial Catalog=MT;User Id=sa;Password=1
14:57:08.541 @STD001 0002020061800039
14:57:08.542 @STD002 检验
14:57:08.544 @STD003 (黄-红)线间电阻(Ω)
14:57:08.545 @STD004 4.10
14:57:08.546 @STD005 
14:57:08.547 @STD006 0
14:57:08.548 @STD007 
14:57:08.549 @STD008 
14:57:08.551 @STD010 4
14:57:08.552 @STD011 15
14:57:08.554 Data Source=.;Initial Catalog=MT;User Id=sa;Password=1
14:57:08.556 @STD001 0002020061800039
14:57:08.557 @STD002 检验
14:57:08.558 @STD003 匝间检验合格
14:57:08.559 @STD004 True
14:57:08.560 @STD005 匝间测试仪
14:57:08.562 @STD006 0
14:57:08.563 @STD007 
14:57:08.564 @STD008 
14:57:08.566 @STD010 4
14:57:08.567 @STD011 11
14:57:08.569 Data Source=.;Initial Catalog=MT;User Id=sa;Password=1
14:57:08.571 Data Source=.;Initial Catalog=MT;User Id=sa;Password=1
14:57:08.574 Data Source=.;Initial Catalog=MT;User Id=sa;Password=1
14:57:08.579 Data Source=.;Initial Catalog=MT;User Id=sa;Password=1
14:57:08.581 @STD001 0002020061800039
14:57:08.582 @STD002 检验
14:57:08.585 @STD003 绝缘电阻(MΩ)
14:57:08.586 @STD004 >500
14:57:08.594 Data Source=.;Initial Catalog=MT;User Id=sa;Password=1
14:57:08.596 @STD001 0002020061800039
14:57:08.598 @STD002 检验
14:57:08.599 @STD003 (黄-红)线间电阻(Ω)
14:57:08.601 @STD004 4.10
14:57:08.608 Data Source=.;Initial Catalog=MT;User Id=sa;Password=1
14:57:08.610 @STD001 0002020061800039
14:57:08.612 @STD002 检验
14:57:08.613 @STD003 (黄-绿)线间电阻(Ω)
14:57:08.615 @STD004 4.11
14:57:08.622 Data Source=.;Initial Catalog=MT;User Id=sa;Password=1
14:57:08.624 @STD001 0002020061800039
14:57:08.626 @STD002 检验
14:57:08.627 @STD003 电阻不平衡度
14:57:08.628 @STD004 0.108
14:57:08.637 Data Source=.;Initial Catalog=MT;User Id=sa;Password=1
14:57:08.639 @STD001 0002020061800039
14:57:08.640 @STD002 检验
14:57:08.642 @STD003 耐压2260V,测试一分钟无击穿
14:57:08.643 @STD004 True
14:57:08.651 Data Source=.;Initial Catalog=MT;User Id=sa;Password=1
14:57:08.653 @STD001 0002020061800039
14:57:08.655 @STD002 检验
14:57:08.656 @STD003 环境温度(℃)
14:57:08.657 @STD004 10.2
14:57:08.665 Data Source=.;Initial Catalog=MT;User Id=sa;Password=1
14:57:08.667 @STD001 0002020061800039
14:57:08.669 @STD002 检验
14:57:08.670 @STD003 匝间检验合格
14:57:08.672 @STD004 True
14:57:08.680 Data Source=.;Initial Catalog=MT;User Id=sa;Password=1
14:57:08.682 @STD001 0002020061800039
14:57:08.684 @STD002 检验
14:57:08.685 @STD003 (绿-红)线间电阻(Ω)
14:57:08.687 @STD004 4.10
14:57:08.695 Data Source=.;Initial Catalog=MT;User Id=sa;Password=1
14:57:08.697 @STD001 0002020061800039
14:57:08.698 @STD002 绕线
14:57:08.699 @STD003 并联路数
14:57:08.700 @STD004 1
14:57:08.708 Data Source=.;Initial Catalog=MT;User Id=sa;Password=1
14:57:08.711 Data Source=.;Initial Catalog=MT;User Id=sa;Password=1
14:57:08.723 Data Source=.;Initial Catalog=MT;User Id=sa;Password=1
14:57:09.224 Data Source=.;Initial Catalog=MT;User Id=sa;Password=1
14:57:11.299 Data Source=.;Initial Catalog=MT;User Id=sa;Password=1
14:57:11.309 Data Source=.;Initial Catalog=MT;User Id=sa;Password=1
14:57:11.318 Data Source=.;Initial Catalog=MT;User Id=sa;Password=1
14:57:11.321 Data Source=.;Initial Catalog=MT;User Id=sa;Password=1
14:57:11.329 Data Source=.;Initial Catalog=MT;User Id=sa;Password=1
14:57:11.331 @STD001 0002020021800311
14:57:11.332 @STD002 检验
14:57:11.333 @STD003 (绿-红)线间电阻(Ω)
14:57:11.335 @STD004 
14:57:11.336 @STD005 
14:57:11.337 @STD006 0
14:57:11.338 @STD007 
14:57:11.339 @STD008 
14:57:11.340 @STD010 4
14:57:11.342 @STD011 14
14:57:11.345 Data Source=.;Initial Catalog=MT;User Id=sa;Password=1
14:57:11.348 @STD001 0002020021800311
14:57:11.349 @STD002 检验
14:57:11.350 @STD003 引出线长度不够
14:57:11.351 @STD004 
14:57:11.353 @STD005 目测
14:57:11.354 @STD006 0
14:57:11.355 @STD007 
14:57:11.356 @STD008 
14:57:11.357 @STD010 4
14:57:11.359 @STD011 24
14:57:11.360 Data Source=.;Initial Catalog=MT;User Id=sa;Password=1
14:57:11.362 @STD001 0002020021800311
14:57:11.364 @STD002 绕线
14:57:11.365 @STD003 接头数量
14:57:11.366 @STD004 
14:57:11.367 @STD005 目测
14:57:11.369 @STD006 0
14:57:11.370 @STD007 
14:57:11.371 @STD008 
14:57:11.372 @STD010 1
14:57:11.374 @STD011 2
14:57:11.376 Data Source=.;Initial Catalog=MT;User Id=sa;Password=1
14:57:11.378 @STD001 0002020021800311
14:57:11.379 @STD002 检验
14:57:11.380 @STD003 曹契装配不合格
14:57:11.382 @STD004 
14:57:11.383 @STD005 目测
14:57:11.384 @STD006 0
14:57:11.385 @STD007 
14:57:11.386 @STD008 
14:57:11.388 @STD010 4
14:57:11.389 @STD011 25
14:57:11.391 Data Source=.;Initial Catalog=MT;User Id=sa;Password=1
14:57:11.393 @STD001 0002020021800311
14:57:11.395 @STD002 检验
14:57:11.396 @STD003 外观整齐，无漏绑
14:57:11.397 @STD004 
14:57:11.399 @STD005 目测
14:57:11.400 @STD006 0
14:57:11.401 @STD007 
14:57:11.402 @STD008 
14:57:11.404 @STD010 4
14:57:11.405 @STD011 20
14:57:11.408 Data Source=.;Initial Catalog=MT;User Id=sa;Password=1
14:57:11.410 @STD001 0002020021800311
14:57:11.411 @STD002 绕线
14:57:11.413 @STD003 确认线圈匝数
14:57:11.414 @STD004 58
14:57:11.415 @STD005 匝数测试仪
14:57:11.416 @STD006 0
14:57:11.418 @STD007 
14:57:11.419 @STD008 
14:57:11.421 @STD010 1
14:57:11.422 @STD011 0
14:57:11.424 Data Source=.;Initial Catalog=MT;User Id=sa;Password=1
14:57:11.427 @STD001 0002020021800311
14:57:11.428 @STD002 检验
14:57:11.430 @STD003 环境温度(℃)
14:57:11.431 @STD004 
14:57:11.432 @STD005 温度计
14:57:11.433 @STD006 0
14:57:11.435 @STD007 
14:57:11.437 @STD008 
14:57:11.438 @STD010 4
14:57:11.440 @STD011 16
14:57:11.442 Data Source=.;Initial Catalog=MT;User Id=sa;Password=1
14:57:11.444 @STD001 0002020021800311
14:57:11.445 @STD002 检验
14:57:11.446 @STD003 绝缘电阻(MΩ)
14:57:11.448 @STD004 
14:57:11.449 @STD005 摇表
14:57:11.450 @STD006 0
14:57:11.452 @STD007 
14:57:11.453 @STD008 
14:57:11.455 @STD010 4
14:57:11.456 @STD011 12
14:57:11.458 Data Source=.;Initial Catalog=MT;User Id=sa;Password=1
14:57:11.460 @STD001 0002020021800311
14:57:11.461 @STD002 嵌线
14:57:11.463 @STD003 引出线规格(平方)
14:57:11.464 @STD004 4
14:57:11.465 @STD005 目测
14:57:11.466 @STD006 0
14:57:11.467 @STD007 
14:57:11.469 @STD008 
14:57:11.470 @STD010 3
14:57:11.472 @STD011 5
14:57:11.473 Data Source=.;Initial Catalog=MT;User Id=sa;Password=1
14:57:11.475 @STD001 0002020021800311
14:57:11.477 @STD002 检验
14:57:11.478 @STD003 铁芯叠片翘起
14:57:11.479 @STD004 
14:57:11.481 @STD005 目测
14:57:11.482 @STD006 0
14:57:11.483 @STD007 
14:57:11.485 @STD008 
14:57:11.486 @STD010 4
14:57:11.487 @STD011 26
14:57:11.489 Data Source=.;Initial Catalog=MT;User Id=sa;Password=1
14:57:11.491 @STD001 0002020021800311
14:57:11.492 @STD002 检验
14:57:11.494 @STD003 虚焊
14:57:11.495 @STD004 
14:57:11.496 @STD005 目测
14:57:11.498 @STD006 0
14:57:11.499 @STD007 
14:57:11.500 @STD008 
14:57:11.502 @STD010 4
14:57:11.503 @STD011 27
14:57:11.505 Data Source=.;Initial Catalog=MT;User Id=sa;Password=1
14:57:11.507 @STD001 0002020021800311
14:57:11.509 @STD002 嵌线
14:57:11.510 @STD003 焊接接头数量
14:57:11.511 @STD004 
14:57:11.512 @STD005 目测
14:57:11.514 @STD006 0
14:57:11.516 @STD007 
14:57:11.517 @STD008 
14:57:11.518 @STD010 3
14:57:11.520 @STD011 7
14:57:11.521 Data Source=.;Initial Catalog=MT;User Id=sa;Password=1
14:57:11.523 @STD001 0002020021800311
14:57:11.525 @STD002 嵌线
14:57:11.526 @STD003 非出线端线包尺寸合格
14:57:11.527 @STD004 
14:57:11.529 @STD005 钢尺
14:57:11.530 @STD006 0
14:57:11.531 @STD007 
14:57:11.532 @STD008 
14:57:11.534 @STD010 3
14:57:11.535 @STD011 9
14:57:11.537 Data Source=.;Initial Catalog=MT;User Id=sa;Password=1
14:57:11.539 @STD001 0002020021800311
14:57:11.541 @STD002 嵌线
14:57:11.542 @STD003 引出线长度(mm)
14:57:11.543 @STD004 30
14:57:11.545 @STD005 钢尺
14:57:11.546 @STD006 0
14:57:11.548 @STD007 
14:57:11.549 @STD008 
14:57:11.550 @STD010 3
14:57:11.552 @STD011 6
14:57:11.553 Data Source=.;Initial Catalog=MT;User Id=sa;Password=1
14:57:11.556 @STD001 0002020021800311
14:57:11.557 @STD002 检验
14:57:11.558 @STD003 (黄-绿)线间电阻(Ω)
14:57:11.560 @STD004 
14:57:11.561 @STD005 
14:57:11.562 @STD006 0
14:57:11.563 @STD007 
14:57:11.564 @STD008 
14:57:11.566 @STD010 4
14:57:11.567 @STD011 13
14:57:11.569 Data Source=.;Initial Catalog=MT;User Id=sa;Password=1
14:57:11.570 @STD001 0002020021800311
14:57:11.572 @STD002 检验
14:57:11.573 @STD003 槽楔整齐，无歪斜
14:57:11.574 @STD004 
14:57:11.575 @STD005 目测
14:57:11.577 @STD006 0
14:57:11.578 @STD007 
14:57:11.579 @STD008 
14:57:11.581 @STD010 4
14:57:11.582 @STD011 21
14:57:11.584 Data Source=.;Initial Catalog=MT;User Id=sa;Password=1
14:57:11.585 @STD001 0002020021800311
14:57:11.587 @STD002 检验
14:57:11.588 @STD003 耐压2260V,测试一分钟无击穿
14:57:11.589 @STD004 
14:57:11.590 @STD005 耐压测试仪
14:57:11.592 @STD006 0
14:57:11.593 @STD007 
14:57:11.594 @STD008 
14:57:11.595 @STD010 4
14:57:11.597 @STD011 10
14:57:11.598 Data Source=.;Initial Catalog=MT;User Id=sa;Password=1
14:57:11.600 @STD001 0002020021800311
14:57:11.601 @STD002 嵌线
14:57:11.603 @STD003 确认接头数量
14:57:11.604 @STD004 
14:57:11.605 @STD005 目测
14:57:11.607 @STD006 0
14:57:11.608 @STD007 
14:57:11.609 @STD008 
14:57:11.610 @STD010 2
14:57:11.611 @STD011 4
14:57:11.613 Data Source=.;Initial Catalog=MT;User Id=sa;Password=1
14:57:11.615 @STD001 0002020021800311
14:57:11.617 @STD002 检验
14:57:11.618 @STD003 电阻不平衡度
14:57:11.619 @STD004 
14:57:11.620 @STD005 计算器
14:57:11.621 @STD006 0
14:57:11.622 @STD007 
14:57:11.625 @STD008 
14:57:11.626 @STD010 4
14:57:11.628 @STD011 17
14:57:11.629 Data Source=.;Initial Catalog=MT;User Id=sa;Password=1
14:57:11.631 @STD001 0002020021800311
14:57:11.633 @STD002 嵌线
14:57:11.634 @STD003 出线端线尺寸合格
14:57:11.635 @STD004 
14:57:11.637 @STD005 钢尺
14:57:11.638 @STD006 0
14:57:11.639 @STD007 
14:57:11.640 @STD008 
14:57:11.642 @STD010 3
14:57:11.643 @STD011 8
14:57:11.645 Data Source=.;Initial Catalog=MT;User Id=sa;Password=1
14:57:11.647 @STD001 0002020021800311
14:57:11.649 @STD002 检验
14:57:11.650 @STD003 (黄-红)线间电阻(Ω)
14:57:11.651 @STD004 
14:57:11.653 @STD005 
14:57:11.654 @STD006 0
14:57:11.655 @STD007 
14:57:11.656 @STD008 
14:57:11.657 @STD010 4
14:57:11.658 @STD011 15
14:57:11.660 Data Source=.;Initial Catalog=MT;User Id=sa;Password=1
14:57:11.662 @STC001 0002020021800311
14:57:11.664 @STC002 380
14:57:11.665 @STC003 GD201806190002
14:57:11.666 @STC004 MY05-630/100K
14:57:11.667 @STC005 0
14:57:11.669 @STC006 
14:57:11.670 Data Source=.;Initial Catalog=MT;User Id=sa;Password=1
14:57:11.672 @STD001 0002020021800311
14:57:11.674 @STD002 绕线
14:57:11.675 @STD003 确认线圈组数
14:57:11.676 @STD004 6
14:57:11.678 @STD005 目测
14:57:11.679 @STD006 0
14:57:11.680 @STD007 
14:57:11.681 @STD008 
14:57:11.683 @STD010 1
14:57:11.684 @STD011 1
14:57:11.686 Data Source=.;Initial Catalog=MT;User Id=sa;Password=1
14:57:11.688 @STD001 0002020021800311
14:57:11.689 @STD002 检验
14:57:11.690 @STD003 线包尺寸用卡板检验合格%
14:57:11.692 @STD004 
14:57:11.693 @STD005 检具
14:57:11.694 @STD006 0
14:57:11.695 @STD007 
14:57:11.697 @STD008 
14:57:11.698 @STD010 4
14:57:11.699 @STD011 19
14:57:11.700 Data Source=.;Initial Catalog=MT;User Id=sa;Password=1
14:57:11.702 @STD001 0002020021800311
14:57:11.704 @STD002 检验
14:57:11.705 @STD003 绑线松紧不够
14:57:11.706 @STD004 
14:57:11.708 @STD005 目测
14:57:11.709 @STD006 0
14:57:11.710 @STD007 
14:57:11.711 @STD008 
14:57:11.713 @STD010 4
14:57:11.714 @STD011 29
14:57:11.716 Data Source=.;Initial Catalog=MT;User Id=sa;Password=1
14:57:11.717 @STD001 0002020021800311
14:57:11.719 @STD002 绕线
14:57:11.720 @STD003 并联路数
14:57:11.722 @STD004 1
14:57:11.723 @STD005 目测
14:57:11.725 @STD006 0
14:57:11.726 @STD007 
14:57:11.727 @STD008 
14:57:11.729 @STD010 1
14:57:11.730 @STD011 3
14:57:11.734 Data Source=.;Initial Catalog=MT;User Id=sa;Password=1
14:57:11.736 @STD001 0002020021800311
14:57:11.738 @STD002 检验
14:57:11.739 @STD003 线包高度超出
14:57:11.740 @STD004 
14:57:11.742 @STD005 目测
14:57:11.743 @STD006 0
14:57:11.745 @STD007 
14:57:11.746 @STD008 
14:57:11.747 @STD010 4
14:57:11.748 @STD011 28
14:57:11.750 Data Source=.;Initial Catalog=MT;User Id=sa;Password=1
14:57:11.752 @STD001 0002020021800311
14:57:11.753 @STD002 检验
14:57:11.755 @STD003 漆包线无破损
14:57:11.756 @STD004 
14:57:11.757 @STD005 目测
14:57:11.758 @STD006 0
14:57:11.759 @STD007 
14:57:11.760 @STD008 
14:57:11.763 @STD010 4
14:57:11.764 @STD011 22
14:57:11.766 Data Source=.;Initial Catalog=MT;User Id=sa;Password=1
14:57:11.768 @STD001 0002020021800311
14:57:11.770 @STD002 检验
14:57:11.771 @STD003 绝缘纸维修剪
14:57:11.772 @STD004 
14:57:11.774 @STD005 目测
14:57:11.775 @STD006 0
14:57:11.776 @STD007 
14:57:11.777 @STD008 
14:57:11.778 @STD010 4
14:57:11.779 @STD011 23
14:57:11.781 Data Source=.;Initial Catalog=MT;User Id=sa;Password=1
14:57:11.783 @STD001 0002020021800311
14:57:11.785 @STD002 检验
14:57:11.786 @STD003 匝间检验合格
14:57:11.787 @STD004 
14:57:11.788 @STD005 匝间测试仪
14:57:11.789 @STD006 0
14:57:11.791 @STD007 
14:57:11.792 @STD008 
14:57:11.793 @STD010 4
14:57:11.794 @STD011 11
14:57:11.796 Data Source=.;Initial Catalog=MT;User Id=sa;Password=1
14:57:11.798 Data Source=.;Initial Catalog=MT;User Id=sa;Password=1
14:57:11.800 Data Source=.;Initial Catalog=MT;User Id=sa;Password=1
14:57:11.806 Data Source=.;Initial Catalog=MT;User Id=sa;Password=1
14:57:11.807 @STD001 0002020021800311
14:57:11.809 @STD002 绕线
14:57:11.810 @STD003 并联路数
14:57:11.811 @STD004 1
14:57:11.819 Data Source=.;Initial Catalog=MT;User Id=sa;Password=1
14:57:11.821 Data Source=.;Initial Catalog=MT;User Id=sa;Password=1
14:57:11.834 Data Source=.;Initial Catalog=MT;User Id=sa;Password=1
14:57:43.694 Data Source=.;Initial Catalog=MT;User Id=sa;Password=1
14:57:47.295 Data Source=.;Initial Catalog=MT;User Id=sa;Password=1
14:57:47.298 Data Source=.;Initial Catalog=MT;User Id=sa;Password=1
14:58:58.403 Data Source=.;Initial Catalog=MT;User Id=sa;Password=1
14:58:58.683 Data Source=.;Initial Catalog=MT;User Id=sa;Password=1
14:58:58.687 Data Source=.;Initial Catalog=MT;User Id=sa;Password=1
14:59:22.564 Data Source=.;Initial Catalog=MT;User Id=sa;Password=1
14:59:32.364 Data Source=.;Initial Catalog=MT;User Id=sa;Password=1
14:59:32.373 Data Source=.;Initial Catalog=MT;User Id=sa;Password=1
14:59:32.376 Data Source=.;Initial Catalog=MT;User Id=sa;Password=1
14:59:32.393 Data Source=.;Initial Catalog=MT;User Id=sa;Password=1
14:59:32.395 @STD001 0002020381800010
14:59:32.397 @STD002 绕线
14:59:32.399 @STD003 并联路数
14:59:32.400 @STD004 1
14:59:32.413 Data Source=.;Initial Catalog=MT;User Id=sa;Password=1
14:59:32.421 Data Source=.;Initial Catalog=MT;User Id=sa;Password=1
14:59:32.433 Data Source=.;Initial Catalog=MT;User Id=sa;Password=1
15:00:47.420 Data Source=.;Initial Catalog=MT;User Id=sa;Password=1
15:00:48.524 Data Source=.;Initial Catalog=MT;User Id=sa;Password=1
15:00:48.527 Data Source=.;Initial Catalog=MT;User Id=sa;Password=1
15:00:48.532 Data Source=.;Initial Catalog=MT;User Id=sa;Password=1
15:00:48.540 Data Source=.;Initial Catalog=MT;User Id=sa;Password=1
15:00:48.542 @STD001 0002020381800009
15:00:48.543 @STD002 绕线
15:00:48.545 @STD003 并联路数
15:00:48.546 @STD004 1
15:00:48.554 Data Source=.;Initial Catalog=MT;User Id=sa;Password=1
15:00:48.570 Data Source=.;Initial Catalog=MT;User Id=sa;Password=1
15:00:48.582 Data Source=.;Initial Catalog=MT;User Id=sa;Password=1
15:00:53.815 Data Source=.;Initial Catalog=MT;User Id=sa;Password=1
15:00:54.175 Data Source=.;Initial Catalog=MT;User Id=sa;Password=1
15:00:54.180 Data Source=.;Initial Catalog=MT;User Id=sa;Password=1
15:00:54.184 Data Source=.;Initial Catalog=MT;User Id=sa;Password=1
15:01:00.590 Data Source=.;Initial Catalog=MT;User Id=sa;Password=1
15:01:07.715 Data Source=.;Initial Catalog=MT;User Id=sa;Password=1
15:01:07.721 Data Source=.;Initial Catalog=MT;User Id=sa;Password=1
15:01:07.724 Data Source=.;Initial Catalog=MT;User Id=sa;Password=1
15:01:07.733 Data Source=.;Initial Catalog=MT;User Id=sa;Password=1
15:01:07.737 @STD001 0002020381800010
15:01:07.738 @STD002 绕线
15:01:07.740 @STD003 并联路数
15:01:07.741 @STD004 1
15:01:07.754 Data Source=.;Initial Catalog=MT;User Id=sa;Password=1
15:01:07.763 Data Source=.;Initial Catalog=MT;User Id=sa;Password=1
15:01:07.788 Data Source=.;Initial Catalog=MT;User Id=sa;Password=1
15:07:33.861 Data Source=.;Initial Catalog=MT;User Id=sa;Password=1
15:07:35.078 Data Source=.;Initial Catalog=MT;User Id=sa;Password=1
15:07:35.085 Data Source=.;Initial Catalog=MT;User Id=sa;Password=1
15:07:35.090 Data Source=.;Initial Catalog=MT;User Id=sa;Password=1
15:07:35.103 Data Source=.;Initial Catalog=MT;User Id=sa;Password=1
15:07:35.105 @STD001 0002020021800002
15:07:35.106 @STD002 检验
15:07:35.108 @STD003 (黄-绿)线间电阻(Ω)
15:07:35.109 @STD004 5.49
15:07:35.118 Data Source=.;Initial Catalog=MT;User Id=sa;Password=1
15:07:35.124 @STD001 0002020021800002
15:07:35.125 @STD002 检验
15:07:35.126 @STD003 (绿-红)线间电阻(Ω)
15:07:35.128 @STD004 5.49
15:07:35.136 Data Source=.;Initial Catalog=MT;User Id=sa;Password=1
15:07:35.138 @STD001 0002020021800002
15:07:35.139 @STD002 检验
15:07:35.140 @STD003 环境温度(℃)
15:07:35.142 @STD004 15.0
15:07:35.149 Data Source=.;Initial Catalog=MT;User Id=sa;Password=1
15:07:35.151 @STD001 0002020021800002
15:07:35.153 @STD002 检验
15:07:35.154 @STD003 耐压2260V,测试一分钟无击穿
15:07:35.155 @STD004 True
15:07:35.163 Data Source=.;Initial Catalog=MT;User Id=sa;Password=1
15:07:35.165 @STD001 0002020021800002
15:07:35.166 @STD002 检验
15:07:35.167 @STD003 电阻不平衡度
15:07:35.168 @STD004 0.066
15:07:35.176 Data Source=.;Initial Catalog=MT;User Id=sa;Password=1
15:07:35.178 @STD001 0002020021800002
15:07:35.179 @STD002 绕线
15:07:35.180 @STD003 并联路数
15:07:35.182 @STD004 1
15:07:35.189 Data Source=.;Initial Catalog=MT;User Id=sa;Password=1
15:07:35.193 @STD001 0002020021800002
15:07:35.195 @STD002 检验
15:07:35.196 @STD003 匝间检验合格
15:07:35.197 @STD004 True
15:07:35.204 Data Source=.;Initial Catalog=MT;User Id=sa;Password=1
15:07:35.206 @STD001 0002020021800002
15:07:35.208 @STD002 检验
15:07:35.209 @STD003 绝缘电阻(MΩ)
15:07:35.210 @STD004 >500
15:07:35.218 Data Source=.;Initial Catalog=MT;User Id=sa;Password=1
15:07:35.220 @STD001 0002020021800002
15:07:35.221 @STD002 检验
15:07:35.222 @STD003 (黄-红)线间电阻(Ω)
15:07:35.224 @STD004 5.48
15:07:35.232 Data Source=.;Initial Catalog=MT;User Id=sa;Password=1
15:07:35.234 Data Source=.;Initial Catalog=MT;User Id=sa;Password=1
15:07:35.257 Data Source=.;Initial Catalog=MT;User Id=sa;Password=1
15:07:36.678 Data Source=.;Initial Catalog=MT;User Id=sa;Password=1
15:08:02.517 Data Source=.;Initial Catalog=MT;User Id=sa;Password=1
15:08:02.520 Data Source=.;Initial Catalog=MT;User Id=sa;Password=1
15:08:02.537 Data Source=.;Initial Catalog=MT;User Id=sa;Password=1
15:08:02.543 Data Source=.;Initial Catalog=MT;User Id=sa;Password=1
15:08:02.546 @STD001 0002020021800002
15:08:02.547 @STD002 检验
15:08:02.549 @STD003 (黄-绿)线间电阻(Ω)
15:08:02.550 @STD004 5.49
15:08:02.562 Data Source=.;Initial Catalog=MT;User Id=sa;Password=1
15:08:02.565 @STD001 0002020021800002
15:08:02.566 @STD002 检验
15:08:02.568 @STD003 电阻不平衡度
15:08:02.569 @STD004 0.066
15:08:02.577 Data Source=.;Initial Catalog=MT;User Id=sa;Password=1
15:08:02.579 @STD001 0002020021800002
15:08:02.580 @STD002 绕线
15:08:02.581 @STD003 并联路数
15:08:02.582 @STD004 1
15:08:02.590 Data Source=.;Initial Catalog=MT;User Id=sa;Password=1
15:08:02.592 @STD001 0002020021800002
15:08:02.594 @STD002 检验
15:08:02.595 @STD003 耐压2260V,测试一分钟无击穿
15:08:02.597 @STD004 True
15:08:02.605 Data Source=.;Initial Catalog=MT;User Id=sa;Password=1
15:08:02.607 @STD001 0002020021800002
15:08:02.609 @STD002 检验
15:08:02.610 @STD003 (绿-红)线间电阻(Ω)
15:08:02.611 @STD004 5.49
15:08:02.619 Data Source=.;Initial Catalog=MT;User Id=sa;Password=1
15:08:02.621 @STD001 0002020021800002
15:08:02.623 @STD002 检验
15:08:02.624 @STD003 环境温度(℃)
15:08:02.625 @STD004 15.0
15:08:02.634 Data Source=.;Initial Catalog=MT;User Id=sa;Password=1
15:08:02.636 @STD001 0002020021800002
15:08:02.638 @STD002 检验
15:08:02.639 @STD003 绝缘电阻(MΩ)
15:08:02.641 @STD004 >500
15:08:02.649 Data Source=.;Initial Catalog=MT;User Id=sa;Password=1
15:08:02.652 @STD001 0002020021800002
15:08:02.653 @STD002 检验
15:08:02.654 @STD003 匝间检验合格
15:08:02.656 @STD004 True
15:08:02.663 Data Source=.;Initial Catalog=MT;User Id=sa;Password=1
15:08:02.666 @STD001 0002020021800002
15:08:02.667 @STD002 检验
15:08:02.669 @STD003 (黄-红)线间电阻(Ω)
15:08:02.670 @STD004 5.48
15:08:02.678 Data Source=.;Initial Catalog=MT;User Id=sa;Password=1
15:08:02.681 Data Source=.;Initial Catalog=MT;User Id=sa;Password=1
15:08:02.696 Data Source=.;Initial Catalog=MT;User Id=sa;Password=1
15:10:46.975 Data Source=.;Initial Catalog=MT;User Id=sa;Password=1
15:10:53.913 Data Source=.;Initial Catalog=MT;User Id=sa;Password=1
15:10:54.608 Data Source=.;Initial Catalog=MT;User Id=sa;Password=1
15:10:56.669 Data Source=.;Initial Catalog=MT;User Id=sa;Password=1
15:10:56.675 Data Source=.;Initial Catalog=MT;User Id=sa;Password=1
15:10:56.682 Data Source=.;Initial Catalog=MT;User Id=sa;Password=1
15:10:56.684 @STD001 0002020381800010
15:10:56.685 @STD002 检验
15:10:56.687 @STD003 绝缘电阻(MΩ)
15:10:56.688 @STD004 
15:10:56.689 @STD005 摇表
15:10:56.690 @STD006 0
15:10:56.692 @STD007 
15:10:56.693 @STD008 
15:10:56.694 @STD010 4
15:10:56.695 @STD011 12
15:10:56.697 Data Source=.;Initial Catalog=MT;User Id=sa;Password=1
15:10:56.700 @STD001 0002020381800010
15:10:56.702 @STD002 检验
15:10:56.704 @STD003 漆包线无破损
15:10:56.706 @STD004 
15:10:56.707 @STD005 目测
15:10:56.709 @STD006 0
15:10:56.712 @STD007 
15:10:56.713 @STD008 
15:10:56.715 @STD010 4
15:10:56.717 @STD011 22
15:10:56.720 Data Source=.;Initial Catalog=MT;User Id=sa;Password=1
15:10:56.722 @STC001 0002020381800010
15:10:56.723 @STC002 380
15:10:56.725 @STC003 GD201801180006
15:10:56.726 @STC004 MY05-1600B/100K
15:10:56.728 @STC005 0
15:10:56.729 @STC006 
15:10:56.731 Data Source=.;Initial Catalog=MT;User Id=sa;Password=1
15:10:56.733 @STD001 0002020381800010
15:10:56.735 @STD002 检验
15:10:56.736 @STD003 耐压2260V,测试一分钟无击穿
15:10:56.738 @STD004 
15:10:56.739 @STD005 耐压测试仪
15:10:56.740 @STD006 0
15:10:56.742 @STD007 
15:10:56.743 @STD008 
15:10:56.745 @STD010 4
15:10:56.746 @STD011 10
15:10:56.748 Data Source=.;Initial Catalog=MT;User Id=sa;Password=1
15:10:56.750 @STD001 0002020381800010
15:10:56.752 @STD002 检验
15:10:56.753 @STD003 电阻不平衡度
15:10:56.754 @STD004 
15:10:56.755 @STD005 计算器
15:10:56.757 @STD006 0
15:10:56.758 @STD007 
15:10:56.759 @STD008 
15:10:56.761 @STD010 4
15:10:56.763 @STD011 17
15:10:56.765 Data Source=.;Initial Catalog=MT;User Id=sa;Password=1
15:10:56.767 @STD001 0002020381800010
15:10:56.769 @STD002 绕线
15:10:56.770 @STD003 确认线圈匝数
15:10:56.772 @STD004 32
15:10:56.773 @STD005 匝数测试仪
15:10:56.775 @STD006 0
15:10:56.776 @STD007 
15:10:56.778 @STD008 
15:10:56.779 @STD010 1
15:10:56.781 @STD011 0
15:10:56.783 Data Source=.;Initial Catalog=MT;User Id=sa;Password=1
15:10:56.785 @STD001 0002020381800010
15:10:56.787 @STD002 检验
15:10:56.788 @STD003 绑线松紧不够
15:10:56.790 @STD004 
15:10:56.791 @STD005 目测
15:10:56.794 @STD006 0
15:10:56.795 @STD007 
15:10:56.797 @STD008 
15:10:56.798 @STD010 4
15:10:56.800 @STD011 29
15:10:56.802 Data Source=.;Initial Catalog=MT;User Id=sa;Password=1
15:10:56.803 @STD001 0002020381800010
15:10:56.805 @STD002 检验
15:10:56.807 @STD003 线包尺寸用卡板检验合格%
15:10:56.808 @STD004 
15:10:56.810 @STD005 检具
15:10:56.812 @STD006 0
15:10:56.813 @STD007 
15:10:56.814 @STD008 
15:10:56.816 @STD010 4
15:10:56.817 @STD011 19
15:10:56.819 Data Source=.;Initial Catalog=MT;User Id=sa;Password=1
15:10:56.821 @STD001 0002020381800010
15:10:56.824 @STD002 嵌线
15:10:56.825 @STD003 非出线端线包尺寸合格
15:10:56.827 @STD004 
15:10:56.828 @STD005 钢尺
15:10:56.829 @STD006 0
15:10:56.830 @STD007 
15:10:56.832 @STD008 
15:10:56.833 @STD010 3
15:10:56.834 @STD011 9
15:10:56.837 Data Source=.;Initial Catalog=MT;User Id=sa;Password=1
15:10:56.839 @STD001 0002020381800010
15:10:56.840 @STD002 绕线
15:10:56.841 @STD003 并联路数
15:10:56.843 @STD004 1
15:10:56.844 @STD005 目测
15:10:56.845 @STD006 0
15:10:56.847 @STD007 
15:10:56.848 @STD008 
15:10:56.850 @STD010 1
15:10:56.851 @STD011 3
15:10:56.854 Data Source=.;Initial Catalog=MT;User Id=sa;Password=1
15:10:56.856 @STD001 0002020381800010
15:10:56.857 @STD002 嵌线
15:10:56.859 @STD003 出线端线尺寸合格
15:10:56.860 @STD004 
15:10:56.861 @STD005 钢尺
15:10:56.863 @STD006 0
15:10:56.865 @STD007 
15:10:56.866 @STD008 
15:10:56.868 @STD010 3
15:10:56.869 @STD011 8
15:10:56.871 Data Source=.;Initial Catalog=MT;User Id=sa;Password=1
15:10:56.873 @STD001 0002020381800010
15:10:56.875 @STD002 检验
15:10:56.876 @STD003 环境温度(℃)
15:10:56.877 @STD004 
15:10:56.879 @STD005 温度计
15:10:56.880 @STD006 0
15:10:56.881 @STD007 
15:10:56.883 @STD008 
15:10:56.884 @STD010 4
15:10:56.886 @STD011 16
15:10:56.888 Data Source=.;Initial Catalog=MT;User Id=sa;Password=1
15:10:56.890 @STD001 0002020381800010
15:10:56.892 @STD002 检验
15:10:56.893 @STD003 匝间检验合格
15:10:56.894 @STD004 
15:10:56.896 @STD005 匝间测试仪
15:10:56.897 @STD006 0
15:10:56.898 @STD007 
15:10:56.900 @STD008 
15:10:56.902 @STD010 4
15:10:56.903 @STD011 11
15:10:56.905 Data Source=.;Initial Catalog=MT;User Id=sa;Password=1
15:10:56.907 @STD001 0002020381800010
15:10:56.908 @STD002 检验
15:10:56.910 @STD003 虚焊
15:10:56.912 @STD004 
15:10:56.913 @STD005 目测
15:10:56.915 @STD006 0
15:10:56.917 @STD007 
15:10:56.918 @STD008 
15:10:56.920 @STD010 4
15:10:56.921 @STD011 27
15:10:56.923 Data Source=.;Initial Catalog=MT;User Id=sa;Password=1
15:10:56.925 @STD001 0002020381800010
15:10:56.926 @STD002 绕线
15:10:56.927 @STD003 接头数量
15:10:56.929 @STD004 
15:10:56.930 @STD005 目测
15:10:56.931 @STD006 0
15:10:56.933 @STD007 
15:10:56.934 @STD008 
15:10:56.935 @STD010 1
15:10:56.937 @STD011 2
15:10:56.939 Data Source=.;Initial Catalog=MT;User Id=sa;Password=1
15:10:56.941 @STD001 0002020381800010
15:10:56.942 @STD002 检验
15:10:56.943 @STD003 线包高度超出
15:10:56.945 @STD004 
15:10:56.946 @STD005 目测
15:10:56.948 @STD006 0
15:10:56.949 @STD007 
15:10:56.950 @STD008 
15:10:56.952 @STD010 4
15:10:56.953 @STD011 28
15:10:56.956 Data Source=.;Initial Catalog=MT;User Id=sa;Password=1
15:10:56.958 @STD001 0002020381800010
15:10:56.959 @STD002 检验
15:10:56.960 @STD003 铁芯叠片翘起
15:10:56.962 @STD004 
15:10:56.963 @STD005 目测
15:10:56.965 @STD006 0
15:10:56.967 @STD007 
15:10:56.969 @STD008 
15:10:56.970 @STD010 4
15:10:56.971 @STD011 26
15:10:56.974 Data Source=.;Initial Catalog=MT;User Id=sa;Password=1
15:10:56.976 @STD001 0002020381800010
15:10:56.978 @STD002 嵌线
15:10:56.980 @STD003 确认接头数量
15:10:56.981 @STD004 
15:10:56.983 @STD005 目测
15:10:56.984 @STD006 0
15:10:56.986 @STD007 
15:10:56.987 @STD008 
15:10:56.988 @STD010 2
15:10:56.989 @STD011 4
15:10:56.991 Data Source=.;Initial Catalog=MT;User Id=sa;Password=1
15:10:56.995 @STD001 0002020381800010
15:10:56.996 @STD002 嵌线
15:10:56.998 @STD003 引出线规格(平方)
15:10:56.999 @STD004 6
15:10:57.000 @STD005 目测
15:10:57.002 @STD006 0
15:10:57.003 @STD007 
15:10:57.004 @STD008 
15:10:57.005 @STD010 3
15:10:57.007 @STD011 5
15:10:57.009 Data Source=.;Initial Catalog=MT;User Id=sa;Password=1
15:10:57.011 @STD001 0002020381800010
15:10:57.012 @STD002 检验
15:10:57.014 @STD003 (绿-红)线间电阻(Ω)
15:10:57.015 @STD004 
15:10:57.016 @STD005 
15:10:57.017 @STD006 0
15:10:57.019 @STD007 
15:10:57.020 @STD008 
15:10:57.021 @STD010 4
15:10:57.022 @STD011 14
15:10:57.025 Data Source=.;Initial Catalog=MT;User Id=sa;Password=1
15:10:57.027 @STD001 0002020381800010
15:10:57.028 @STD002 检验
15:10:57.029 @STD003 (黄-红)线间电阻(Ω)
15:10:57.031 @STD004 
15:10:57.032 @STD005 
15:10:57.033 @STD006 0
15:10:57.035 @STD007 
15:10:57.036 @STD008 
15:10:57.037 @STD010 4
15:10:57.038 @STD011 15
15:10:57.041 Data Source=.;Initial Catalog=MT;User Id=sa;Password=1
15:10:57.043 @STD001 0002020381800010
15:10:57.045 @STD002 检验
15:10:57.046 @STD003 (黄-绿)线间电阻(Ω)
15:10:57.047 @STD004 
15:10:57.048 @STD005 
15:10:57.049 @STD006 0
15:10:57.051 @STD007 
15:10:57.052 @STD008 
15:10:57.053 @STD010 4
15:10:57.054 @STD011 13
15:10:57.056 Data Source=.;Initial Catalog=MT;User Id=sa;Password=1
15:10:57.058 @STD001 0002020381800010
15:10:57.060 @STD002 检验
15:10:57.061 @STD003 槽楔整齐，无歪斜
15:10:57.062 @STD004 
15:10:57.064 @STD005 目测
15:10:57.065 @STD006 0
15:10:57.066 @STD007 
15:10:57.067 @STD008 
15:10:57.068 @STD010 4
15:10:57.069 @STD011 21
15:10:57.072 Data Source=.;Initial Catalog=MT;User Id=sa;Password=1
15:10:57.074 @STD001 0002020381800010
15:10:57.075 @STD002 检验
15:10:57.077 @STD003 绝缘纸维修剪
15:10:57.078 @STD004 
15:10:57.079 @STD005 目测
15:10:57.081 @STD006 0
15:10:57.082 @STD007 
15:10:57.084 @STD008 
15:10:57.085 @STD010 4
15:10:57.086 @STD011 23
15:10:57.091 Data Source=.;Initial Catalog=MT;User Id=sa;Password=1
15:10:57.094 @STD001 0002020381800010
15:10:57.095 @STD002 绕线
15:10:57.097 @STD003 确认线圈组数
15:10:57.098 @STD004 6
15:10:57.099 @STD005 目测
15:10:57.100 @STD006 0
15:10:57.102 @STD007 
15:10:57.104 @STD008 
15:10:57.105 @STD010 1
15:10:57.107 @STD011 1
15:10:57.108 Data Source=.;Initial Catalog=MT;User Id=sa;Password=1
15:10:57.110 @STD001 0002020381800010
15:10:57.112 @STD002 检验
15:10:57.113 @STD003 引出线长度不够
15:10:57.115 @STD004 
15:10:57.116 @STD005 目测
15:10:57.117 @STD006 0
15:10:57.118 @STD007 
15:10:57.119 @STD008 
15:10:57.121 @STD010 4
15:10:57.122 @STD011 24
15:10:57.124 Data Source=.;Initial Catalog=MT;User Id=sa;Password=1
15:10:57.126 @STD001 0002020381800010
15:10:57.128 @STD002 检验
15:10:57.129 @STD003 曹契装配不合格
15:10:57.130 @STD004 
15:10:57.131 @STD005 目测
15:10:57.133 @STD006 0
15:10:57.136 @STD007 
15:10:57.137 @STD008 
15:10:57.138 @STD010 4
15:10:57.140 @STD011 25
15:10:57.143 Data Source=.;Initial Catalog=MT;User Id=sa;Password=1
15:10:57.146 @STD001 0002020381800010
15:10:57.147 @STD002 检验
15:10:57.149 @STD003 外观整齐，无漏绑
15:10:57.150 @STD004 
15:10:57.152 @STD005 目测
15:10:57.153 @STD006 0
15:10:57.154 @STD007 
15:10:57.156 @STD008 
15:10:57.157 @STD010 4
15:10:57.158 @STD011 20
15:10:57.160 Data Source=.;Initial Catalog=MT;User Id=sa;Password=1
15:10:57.161 @STD001 0002020381800010
15:10:57.163 @STD002 嵌线
15:10:57.165 @STD003 焊接接头数量
15:10:57.166 @STD004 
15:10:57.167 @STD005 目测
15:10:57.168 @STD006 0
15:10:57.170 @STD007 
15:10:57.171 @STD008 
15:10:57.172 @STD010 3
15:10:57.173 @STD011 7
15:10:57.176 Data Source=.;Initial Catalog=MT;User Id=sa;Password=1
15:10:57.178 @STD001 0002020381800010
15:10:57.180 @STD002 嵌线
15:10:57.181 @STD003 引出线长度(mm)
15:10:57.183 @STD004 30
15:10:57.185 @STD005 钢尺
15:10:57.186 @STD006 0
15:10:57.187 @STD007 
15:10:57.189 @STD008 
15:10:57.190 @STD010 3
15:10:57.192 @STD011 6
15:10:57.194 Data Source=.;Initial Catalog=MT;User Id=sa;Password=1
15:10:57.196 Data Source=.;Initial Catalog=MT;User Id=sa;Password=1
15:10:57.199 Data Source=.;Initial Catalog=MT;User Id=sa;Password=1
15:10:57.204 Data Source=.;Initial Catalog=MT;User Id=sa;Password=1
15:10:57.206 @STD001 0002020381800010
15:10:57.207 @STD002 绕线
15:10:57.208 @STD003 并联路数
15:10:57.210 @STD004 1
15:10:57.218 Data Source=.;Initial Catalog=MT;User Id=sa;Password=1
15:10:57.221 Data Source=.;Initial Catalog=MT;User Id=sa;Password=1
15:10:57.251 Data Source=.;Initial Catalog=MT;User Id=sa;Password=1
15:11:30.574 Data Source=.;Initial Catalog=MT;User Id=sa;Password=1
15:11:36.755 Data Source=.;Initial Catalog=MT;User Id=sa;Password=1
15:11:36.757 Data Source=.;Initial Catalog=MT;User Id=sa;Password=1
15:11:36.761 Data Source=.;Initial Catalog=MT;User Id=sa;Password=1
15:11:36.767 Data Source=.;Initial Catalog=MT;User Id=sa;Password=1
15:11:36.769 @STD001 0002020381800010
15:11:36.771 @STD002 绕线
15:11:36.772 @STD003 并联路数
15:11:36.773 @STD004 1
15:11:36.783 Data Source=.;Initial Catalog=MT;User Id=sa;Password=1
15:11:36.787 Data Source=.;Initial Catalog=MT;User Id=sa;Password=1
15:11:36.791 Data Source=.;Initial Catalog=MT;User Id=sa;Password=1
15:11:51.326 Data Source=.;Initial Catalog=MT;User Id=sa;Password=1
15:11:53.386 Data Source=.;Initial Catalog=MT;User Id=sa;Password=1
15:11:53.400 Data Source=.;Initial Catalog=MT;User Id=sa;Password=1
15:11:53.404 Data Source=.;Initial Catalog=MT;User Id=sa;Password=1
15:11:53.414 Data Source=.;Initial Catalog=MT;User Id=sa;Password=1
15:11:53.416 @STD001 0002020381800013
15:11:53.418 @STD002 绕线
15:11:53.420 @STD003 并联路数
15:11:53.421 @STD004 1
15:11:53.431 Data Source=.;Initial Catalog=MT;User Id=sa;Password=1
15:11:53.436 Data Source=.;Initial Catalog=MT;User Id=sa;Password=1
15:11:53.451 Data Source=.;Initial Catalog=MT;User Id=sa;Password=1
15:12:12.166 Data Source=.;Initial Catalog=MT;User Id=sa;Password=1
15:12:14.709 Data Source=.;Initial Catalog=MT;User Id=sa;Password=1
15:12:14.713 Data Source=.;Initial Catalog=MT;User Id=sa;Password=1
15:12:14.716 Data Source=.;Initial Catalog=MT;User Id=sa;Password=1
15:12:14.725 Data Source=.;Initial Catalog=MT;User Id=sa;Password=1
15:12:14.729 @STD001 0002020381800013
15:12:14.731 @STD002 绕线
15:12:14.733 @STD003 并联路数
15:12:14.735 @STD004 1
15:12:14.743 Data Source=.;Initial Catalog=MT;User Id=sa;Password=1
15:12:14.745 Data Source=.;Initial Catalog=MT;User Id=sa;Password=1
15:12:14.750 Data Source=.;Initial Catalog=MT;User Id=sa;Password=1
15:12:39.246 Data Source=.;Initial Catalog=MT;User Id=sa;Password=1
15:12:41.429 Data Source=.;Initial Catalog=MT;User Id=sa;Password=1
15:12:41.432 Data Source=.;Initial Catalog=MT;User Id=sa;Password=1
15:12:41.436 Data Source=.;Initial Catalog=MT;User Id=sa;Password=1
15:12:41.446 Data Source=.;Initial Catalog=MT;User Id=sa;Password=1
15:12:41.453 @STD001 0002020381800011
15:12:41.454 @STD002 绕线
15:12:41.456 @STD003 并联路数
15:12:41.457 @STD004 1
15:12:41.471 Data Source=.;Initial Catalog=MT;User Id=sa;Password=1
15:12:41.474 Data Source=.;Initial Catalog=MT;User Id=sa;Password=1
15:12:41.486 Data Source=.;Initial Catalog=MT;User Id=sa;Password=1
15:12:52.656 Data Source=.;Initial Catalog=MT;User Id=sa;Password=1
15:12:54.673 Data Source=.;Initial Catalog=MT;User Id=sa;Password=1
15:12:54.677 Data Source=.;Initial Catalog=MT;User Id=sa;Password=1
15:12:54.681 Data Source=.;Initial Catalog=MT;User Id=sa;Password=1
15:12:54.693 Data Source=.;Initial Catalog=MT;User Id=sa;Password=1
15:12:54.696 @STD001 0002020381800007
15:12:54.697 @STD002 绕线
15:12:54.699 @STD003 并联路数
15:12:54.700 @STD004 1
15:12:54.708 Data Source=.;Initial Catalog=MT;User Id=sa;Password=1
15:12:54.712 Data Source=.;Initial Catalog=MT;User Id=sa;Password=1
15:12:54.734 Data Source=.;Initial Catalog=MT;User Id=sa;Password=1
15:13:32.097 Data Source=.;Initial Catalog=MT;User Id=sa;Password=1
15:13:34.660 Data Source=.;Initial Catalog=MT;User Id=sa;Password=1
15:13:34.669 Data Source=.;Initial Catalog=MT;User Id=sa;Password=1
15:13:34.683 Data Source=.;Initial Catalog=MT;User Id=sa;Password=1
15:13:34.686 Data Source=.;Initial Catalog=MT;User Id=sa;Password=1
15:13:34.692 Data Source=.;Initial Catalog=MT;User Id=sa;Password=1
15:13:34.694 @STD001 0002020381800011
15:13:34.696 @STD002 绕线
15:13:34.697 @STD003 确认线圈匝数
15:13:34.698 @STD004 32
15:13:34.700 @STD005 匝数测试仪
15:13:34.701 @STD006 0
15:13:34.703 @STD007 
15:13:34.704 @STD008 
15:13:34.705 @STD010 1
15:13:34.706 @STD011 0
15:13:34.708 Data Source=.;Initial Catalog=MT;User Id=sa;Password=1
15:13:34.711 @STD001 0002020381800011
15:13:34.713 @STD002 检验
15:13:34.714 @STD003 环境温度(℃)
15:13:34.715 @STD004 
15:13:34.716 @STD005 温度计
15:13:34.717 @STD006 0
15:13:34.719 @STD007 
15:13:34.720 @STD008 
15:13:34.721 @STD010 4
15:13:34.722 @STD011 16
15:13:34.724 Data Source=.;Initial Catalog=MT;User Id=sa;Password=1
15:13:34.725 @STD001 0002020381800011
15:13:34.727 @STD002 嵌线
15:13:34.728 @STD003 非出线端线包尺寸合格
15:13:34.730 @STD004 
15:13:34.731 @STD005 钢尺
15:13:34.732 @STD006 0
15:13:34.734 @STD007 
15:13:34.735 @STD008 
15:13:34.736 @STD010 3
15:13:34.737 @STD011 9
15:13:34.739 Data Source=.;Initial Catalog=MT;User Id=sa;Password=1
15:13:34.741 @STD001 0002020381800011
15:13:34.742 @STD002 检验
15:13:34.743 @STD003 匝间检验合格
15:13:34.745 @STD004 
15:13:34.746 @STD005 匝间测试仪
15:13:34.747 @STD006 0
15:13:34.749 @STD007 
15:13:34.750 @STD008 
15:13:34.751 @STD010 4
15:13:34.752 @STD011 11
15:13:34.754 Data Source=.;Initial Catalog=MT;User Id=sa;Password=1
15:13:34.756 @STD001 0002020381800011
15:13:34.758 @STD002 检验
15:13:34.760 @STD003 外观整齐，无漏绑
15:13:34.761 @STD004 
15:13:34.763 @STD005 目测
15:13:34.764 @STD006 0
15:13:34.765 @STD007 
15:13:34.766 @STD008 
15:13:34.768 @STD010 4
15:13:34.769 @STD011 20
15:13:34.770 Data Source=.;Initial Catalog=MT;User Id=sa;Password=1
15:13:34.773 @STD001 0002020381800011
15:13:34.774 @STD002 检验
15:13:34.775 @STD003 线包高度超出
15:13:34.777 @STD004 
15:13:34.778 @STD005 目测
15:13:34.779 @STD006 0
15:13:34.780 @STD007 
15:13:34.782 @STD008 
15:13:34.783 @STD010 4
15:13:34.784 @STD011 28
15:13:34.786 Data Source=.;Initial Catalog=MT;User Id=sa;Password=1
15:13:34.788 @STD001 0002020381800011
15:13:34.789 @STD002 检验
15:13:34.791 @STD003 耐压2260V,测试一分钟无击穿
15:13:34.792 @STD004 
15:13:34.793 @STD005 耐压测试仪
15:13:34.794 @STD006 0
15:13:34.796 @STD007 
15:13:34.797 @STD008 
15:13:34.798 @STD010 4
15:13:34.799 @STD011 10
15:13:34.801 Data Source=.;Initial Catalog=MT;User Id=sa;Password=1
15:13:34.803 @STD001 0002020381800011
15:13:34.804 @STD002 检验
15:13:34.806 @STD003 漆包线无破损
15:13:34.808 @STD004 
15:13:34.809 @STD005 目测
15:13:34.810 @STD006 0
15:13:34.811 @STD007 
15:13:34.813 @STD008 
15:13:34.815 @STD010 4
15:13:34.816 @STD011 22
15:13:34.819 Data Source=.;Initial Catalog=MT;User Id=sa;Password=1
15:13:34.821 @STD001 0002020381800011
15:13:34.822 @STD002 绕线
15:13:34.824 @STD003 并联路数
15:13:34.825 @STD004 1
15:13:34.826 @STD005 目测
15:13:34.828 @STD006 0
15:13:34.829 @STD007 
15:13:34.830 @STD008 
15:13:34.831 @STD010 1
15:13:34.833 @STD011 3
15:13:34.834 Data Source=.;Initial Catalog=MT;User Id=sa;Password=1
15:13:34.837 @STD001 0002020381800011
15:13:34.838 @STD002 检验
15:13:34.840 @STD003 曹契装配不合格
15:13:34.841 @STD004 
15:13:34.842 @STD005 目测
15:13:34.844 @STD006 0
15:13:34.845 @STD007 
15:13:34.846 @STD008 
15:13:34.847 @STD010 4
15:13:34.849 @STD011 25
15:13:34.851 Data Source=.;Initial Catalog=MT;User Id=sa;Password=1
15:13:34.853 @STD001 0002020381800011
15:13:34.854 @STD002 嵌线
15:13:34.855 @STD003 确认接头数量
15:13:34.857 @STD004 
15:13:34.859 @STD005 目测
15:13:34.861 @STD006 0
15:13:34.862 @STD007 
15:13:34.863 @STD008 
15:13:34.864 @STD010 2
15:13:34.866 @STD011 4
15:13:34.868 Data Source=.;Initial Catalog=MT;User Id=sa;Password=1
15:13:34.870 @STD001 0002020381800011
15:13:34.872 @STD002 检验
15:13:34.873 @STD003 线包尺寸用卡板检验合格%
15:13:34.874 @STD004 
15:13:34.876 @STD005 检具
15:13:34.877 @STD006 0
15:13:34.878 @STD007 
15:13:34.879 @STD008 
15:13:34.881 @STD010 4
15:13:34.882 @STD011 19
15:13:34.885 Data Source=.;Initial Catalog=MT;User Id=sa;Password=1
15:13:34.886 @STD001 0002020381800011
15:13:34.888 @STD002 检验
15:13:34.889 @STD003 电阻不平衡度
15:13:34.890 @STD004 
15:13:34.892 @STD005 计算器
15:13:34.893 @STD006 0
15:13:34.895 @STD007 
15:13:34.896 @STD008 
15:13:34.897 @STD010 4
15:13:34.898 @STD011 17
15:13:34.900 Data Source=.;Initial Catalog=MT;User Id=sa;Password=1
15:13:34.902 @STD001 0002020381800011
15:13:34.904 @STD002 绕线
15:13:34.905 @STD003 确认线圈组数
15:13:34.906 @STD004 6
15:13:34.908 @STD005 目测
15:13:34.909 @STD006 0
15:13:34.910 @STD007 
15:13:34.911 @STD008 
15:13:34.912 @STD010 1
15:13:34.913 @STD011 1
15:13:34.915 Data Source=.;Initial Catalog=MT;User Id=sa;Password=1
15:13:34.917 @STD001 0002020381800011
15:13:34.918 @STD002 嵌线
15:13:34.919 @STD003 引出线规格(平方)
15:13:34.921 @STD004 6
15:13:34.922 @STD005 目测
15:13:34.923 @STD006 0
15:13:34.924 @STD007 
15:13:34.925 @STD008 
15:13:34.926 @STD010 3
15:13:34.928 @STD011 5
15:13:34.929 Data Source=.;Initial Catalog=MT;User Id=sa;Password=1
15:13:34.931 @STD001 0002020381800011
15:13:34.932 @STD002 嵌线
15:13:34.934 @STD003 出线端线尺寸合格
15:13:34.935 @STD004 
15:13:34.936 @STD005 钢尺
15:13:34.937 @STD006 0
15:13:34.938 @STD007 
15:13:34.939 @STD008 
15:13:34.940 @STD010 3
15:13:34.941 @STD011 8
15:13:34.943 Data Source=.;Initial Catalog=MT;User Id=sa;Password=1
15:13:34.945 @STD001 0002020381800011
15:13:34.947 @STD002 检验
15:13:34.948 @STD003 槽楔整齐，无歪斜
15:13:34.950 @STD004 
15:13:34.951 @STD005 目测
15:13:34.952 @STD006 0
15:13:34.954 @STD007 
15:13:34.955 @STD008 
15:13:34.956 @STD010 4
15:13:34.957 @STD011 21
15:13:34.959 Data Source=.;Initial Catalog=MT;User Id=sa;Password=1
15:13:34.961 @STD001 0002020381800011
15:13:34.963 @STD002 检验
15:13:34.964 @STD003 绝缘纸维修剪
15:13:34.965 @STD004 
15:13:34.967 @STD005 目测
15:13:34.968 @STD006 0
15:13:34.969 @STD007 
15:13:34.970 @STD008 
15:13:34.971 @STD010 4
15:13:34.973 @STD011 23
15:13:34.974 Data Source=.;Initial Catalog=MT;User Id=sa;Password=1
15:13:34.977 @STD001 0002020381800011
15:13:34.978 @STD002 检验
15:13:34.979 @STD003 (黄-红)线间电阻(Ω)
15:13:34.981 @STD004 
15:13:34.982 @STD005 
15:13:34.983 @STD006 0
15:13:34.985 @STD007 
15:13:34.986 @STD008 
15:13:34.987 @STD010 4
15:13:34.988 @STD011 15
15:13:34.990 Data Source=.;Initial Catalog=MT;User Id=sa;Password=1
15:13:34.992 @STD001 0002020381800011
15:13:34.993 @STD002 嵌线
15:13:34.995 @STD003 焊接接头数量
15:13:34.996 @STD004 
15:13:34.997 @STD005 目测
15:13:34.998 @STD006 0
15:13:35.000 @STD007 
15:13:35.001 @STD008 
15:13:35.002 @STD010 3
15:13:35.003 @STD011 7
15:13:35.005 Data Source=.;Initial Catalog=MT;User Id=sa;Password=1
15:13:35.007 @STC001 0002020381800011
15:13:35.009 @STC002 380
15:13:35.010 @STC003 GD201801180006
15:13:35.011 @STC004 MY05-1600B/100K
15:13:35.013 @STC005 0
15:13:35.014 @STC006 
15:13:35.016 Data Source=.;Initial Catalog=MT;User Id=sa;Password=1
15:13:35.017 @STD001 0002020381800011
15:13:35.019 @STD002 检验
15:13:35.020 @STD003 绑线松紧不够
15:13:35.022 @STD004 
15:13:35.023 @STD005 目测
15:13:35.024 @STD006 0
15:13:35.026 @STD007 
15:13:35.027 @STD008 
15:13:35.028 @STD010 4
15:13:35.029 @STD011 29
15:13:35.030 Data Source=.;Initial Catalog=MT;User Id=sa;Password=1
15:13:35.032 @STD001 0002020381800011
15:13:35.033 @STD002 嵌线
15:13:35.035 @STD003 引出线长度(mm)
15:13:35.036 @STD004 30
15:13:35.037 @STD005 钢尺
15:13:35.038 @STD006 0
15:13:35.040 @STD007 
15:13:35.041 @STD008 
15:13:35.042 @STD010 3
15:13:35.043 @STD011 6
15:13:35.045 Data Source=.;Initial Catalog=MT;User Id=sa;Password=1
15:13:35.047 @STD001 0002020381800011
15:13:35.048 @STD002 检验
15:13:35.049 @STD003 绝缘电阻(MΩ)
15:13:35.051 @STD004 
15:13:35.052 @STD005 摇表
15:13:35.053 @STD006 0
15:13:35.054 @STD007 
15:13:35.055 @STD008 
15:13:35.057 @STD010 4
15:13:35.058 @STD011 12
15:13:35.060 Data Source=.;Initial Catalog=MT;User Id=sa;Password=1
15:13:35.061 @STD001 0002020381800011
15:13:35.063 @STD002 检验
15:13:35.064 @STD003 虚焊
15:13:35.065 @STD004 
15:13:35.067 @STD005 目测
15:13:35.068 @STD006 0
15:13:35.069 @STD007 
15:13:35.070 @STD008 
15:13:35.071 @STD010 4
15:13:35.072 @STD011 27
15:13:35.074 Data Source=.;Initial Catalog=MT;User Id=sa;Password=1
15:13:35.076 @STD001 0002020381800011
15:13:35.077 @STD002 检验
15:13:35.079 @STD003 (绿-红)线间电阻(Ω)
15:13:35.080 @STD004 
15:13:35.081 @STD005 
15:13:35.083 @STD006 0
15:13:35.085 @STD007 
15:13:35.087 @STD008 
15:13:35.088 @STD010 4
15:13:35.089 @STD011 14
15:13:35.091 Data Source=.;Initial Catalog=MT;User Id=sa;Password=1
15:13:35.093 @STD001 0002020381800011
15:13:35.094 @STD002 检验
15:13:35.095 @STD003 引出线长度不够
15:13:35.097 @STD004 
15:13:35.098 @STD005 目测
15:13:35.099 @STD006 0
15:13:35.100 @STD007 
15:13:35.102 @STD008 
15:13:35.103 @STD010 4
15:13:35.104 @STD011 24
15:13:35.106 Data Source=.;Initial Catalog=MT;User Id=sa;Password=1
15:13:35.108 @STD001 0002020381800011
15:13:35.109 @STD002 绕线
15:13:35.111 @STD003 接头数量
15:13:35.112 @STD004 
15:13:35.113 @STD005 目测
15:13:35.114 @STD006 0
15:13:35.115 @STD007 
15:13:35.117 @STD008 
15:13:35.118 @STD010 1
15:13:35.119 @STD011 2
15:13:35.121 Data Source=.;Initial Catalog=MT;User Id=sa;Password=1
15:13:35.123 @STD001 0002020381800011
15:13:35.124 @STD002 检验
15:13:35.125 @STD003 (黄-绿)线间电阻(Ω)
15:13:35.127 @STD004 
15:13:35.128 @STD005 
15:13:35.129 @STD006 0
15:13:35.130 @STD007 
15:13:35.131 @STD008 
15:13:35.133 @STD010 4
15:13:35.134 @STD011 13
15:13:35.135 Data Source=.;Initial Catalog=MT;User Id=sa;Password=1
15:13:35.137 @STD001 0002020381800011
15:13:35.138 @STD002 检验
15:13:35.140 @STD003 铁芯叠片翘起
15:13:35.141 @STD004 
15:13:35.142 @STD005 目测
15:13:35.143 @STD006 0
15:13:35.145 @STD007 
15:13:35.146 @STD008 
15:13:35.147 @STD010 4
15:13:35.148 @STD011 26
15:13:35.150 Data Source=.;Initial Catalog=MT;User Id=sa;Password=1
15:13:35.152 Data Source=.;Initial Catalog=MT;User Id=sa;Password=1
15:13:35.154 Data Source=.;Initial Catalog=MT;User Id=sa;Password=1
15:13:35.160 Data Source=.;Initial Catalog=MT;User Id=sa;Password=1
15:13:35.162 @STD001 0002020381800011
15:13:35.163 @STD002 绕线
15:13:35.165 @STD003 并联路数
15:13:35.166 @STD004 1
15:13:35.174 Data Source=.;Initial Catalog=MT;User Id=sa;Password=1
15:13:35.176 Data Source=.;Initial Catalog=MT;User Id=sa;Password=1
15:13:35.195 Data Source=.;Initial Catalog=MT;User Id=sa;Password=1
15:18:37.760 Data Source=.;Initial Catalog=MT;User Id=sa;Password=1
15:18:38.108 Data Source=.;Initial Catalog=MT;User Id=sa;Password=1
15:18:38.112 Data Source=.;Initial Catalog=MT;User Id=sa;Password=1
15:18:38.116 Data Source=.;Initial Catalog=MT;User Id=sa;Password=1
15:18:42.776 Data Source=.;Initial Catalog=MT;User Id=sa;Password=1
15:18:50.419 Data Source=.;Initial Catalog=MT;User Id=sa;Password=1
15:18:50.426 Data Source=.;Initial Catalog=MT;User Id=sa;Password=1
15:18:50.432 Data Source=.;Initial Catalog=MT;User Id=sa;Password=1
15:18:50.441 Data Source=.;Initial Catalog=MT;User Id=sa;Password=1
15:18:50.443 @STD001 0002020381800011
15:18:50.445 @STD002 绕线
15:18:50.447 @STD003 并联路数
15:18:50.448 @STD004 1
15:18:50.460 Data Source=.;Initial Catalog=MT;User Id=sa;Password=1
15:18:50.468 Data Source=.;Initial Catalog=MT;User Id=sa;Password=1
15:18:50.493 Data Source=.;Initial Catalog=MT;User Id=sa;Password=1
