10:37:47.500 Data Source=.;Initial Catalog=MT;User Id=sa;Password=1
10:37:47.820 Data Source=.;Initial Catalog=MT;User Id=sa;Password=1
10:37:47.836 Data Source=.;Initial Catalog=MT;User Id=sa;Password=1
10:37:47.856 Data Source=.;Initial Catalog=MT;User Id=sa;Password=1
10:37:52.289 Data Source=.;Initial Catalog=MT;User Id=sa;Password=1
10:37:52.531 Data Source=.;Initial Catalog=MT;User Id=sa;Password=1
10:37:52.536 Data Source=.;Initial Catalog=MT;User Id=sa;Password=1
10:37:52.539 Data Source=.;Initial Catalog=MT;User Id=sa;Password=1
10:37:55.364 Data Source=.;Initial Catalog=MT;User Id=sa;Password=1
10:37:55.424 Data Source=.;Initial Catalog=MT;User Id=sa;Password=1
10:37:55.555 Data Source=.;Initial Catalog=MT;User Id=sa;Password=1
10:38:04.391 Data Source=.;Initial Catalog=MT;User Id=sa;Password=1
10:38:42.313 Data Source=.;Initial Catalog=MT;User Id=sa;Password=1
10:38:42.394 Data Source=.;Initial Catalog=MT;User Id=sa;Password=1
10:38:42.432 Data Source=.;Initial Catalog=MT;User Id=sa;Password=1
10:45:27.293 Data Source=.;Initial Catalog=MT;User Id=sa;Password=1
10:45:27.461 Data Source=.;Initial Catalog=MT;User Id=sa;Password=1
10:45:27.465 Data Source=.;Initial Catalog=MT;User Id=sa;Password=1
10:45:27.467 Data Source=.;Initial Catalog=MT;User Id=sa;Password=1
10:45:31.407 Data Source=.;Initial Catalog=MT;User Id=sa;Password=1
10:45:31.485 Data Source=.;Initial Catalog=MT;User Id=sa;Password=1
10:45:33.449 Data Source=.;Initial Catalog=MT;User Id=sa;Password=1
10:46:37.315 Data Source=.;Initial Catalog=MT;User Id=sa;Password=1
10:54:28.498 Data Source=.;Initial Catalog=MT;User Id=sa;Password=1
10:54:28.702 Data Source=.;Initial Catalog=MT;User Id=sa;Password=1
10:54:28.707 Data Source=.;Initial Catalog=MT;User Id=sa;Password=1
10:54:28.711 Data Source=.;Initial Catalog=MT;User Id=sa;Password=1
10:54:31.981 Data Source=.;Initial Catalog=MT;User Id=sa;Password=1
10:54:32.082 Data Source=.;Initial Catalog=MT;User Id=sa;Password=1
10:54:34.062 Data Source=.;Initial Catalog=MT;User Id=sa;Password=1
10:54:49.911 Data Source=.;Initial Catalog=MT;User Id=sa;Password=1
10:54:49.964 Data Source=.;Initial Catalog=MT;User Id=sa;Password=1
10:54:50.020 Data Source=.;Initial Catalog=MT;User Id=sa;Password=1
10:54:52.010 Data Source=.;Initial Catalog=MT;User Id=sa;Password=1
10:54:57.218 Data Source=.;Initial Catalog=MT;User Id=sa;Password=1
10:54:57.232 Data Source=.;Initial Catalog=MT;User Id=sa;Password=1
10:54:57.269 Data Source=.;Initial Catalog=MT;User Id=sa;Password=1
10:55:03.311 Data Source=.;Initial Catalog=MT;User Id=sa;Password=1
10:55:03.350 Data Source=.;Initial Catalog=MT;User Id=sa;Password=1
10:55:03.401 Data Source=.;Initial Catalog=MT;User Id=sa;Password=1
10:55:03.403 Data Source=.;Initial Catalog=MT;User Id=sa;Password=1
10:55:11.022 Data Source=.;Initial Catalog=MT;User Id=sa;Password=1
10:55:16.480 Data Source=.;Initial Catalog=MT;User Id=sa;Password=1
10:55:16.519 Data Source=.;Initial Catalog=MT;User Id=sa;Password=1
10:55:16.521 Data Source=.;Initial Catalog=MT;User Id=sa;Password=1
10:55:16.525 Data Source=.;Initial Catalog=MT;User Id=sa;Password=1
10:55:16.540 Data Source=.;Initial Catalog=MT;User Id=sa;Password=1
10:55:16.556 Data Source=.;Initial Catalog=MT;User Id=sa;Password=1
10:55:16.567 Data Source=.;Initial Catalog=MT;User Id=sa;Password=1
10:55:16.579 Data Source=.;Initial Catalog=MT;User Id=sa;Password=1
10:55:16.589 Data Source=.;Initial Catalog=MT;User Id=sa;Password=1
10:55:16.602 Data Source=.;Initial Catalog=MT;User Id=sa;Password=1
10:55:16.612 Data Source=.;Initial Catalog=MT;User Id=sa;Password=1
10:55:16.624 Data Source=.;Initial Catalog=MT;User Id=sa;Password=1
10:55:16.633 Data Source=.;Initial Catalog=MT;User Id=sa;Password=1
10:55:16.642 Data Source=.;Initial Catalog=MT;User Id=sa;Password=1
10:55:16.653 Data Source=.;Initial Catalog=MT;User Id=sa;Password=1
10:55:16.662 Data Source=.;Initial Catalog=MT;User Id=sa;Password=1
10:55:16.671 Data Source=.;Initial Catalog=MT;User Id=sa;Password=1
10:55:16.682 Data Source=.;Initial Catalog=MT;User Id=sa;Password=1
10:55:16.696 Data Source=.;Initial Catalog=MT;User Id=sa;Password=1
10:55:16.705 Data Source=.;Initial Catalog=MT;User Id=sa;Password=1
10:55:16.719 Data Source=.;Initial Catalog=MT;User Id=sa;Password=1
10:55:16.733 Data Source=.;Initial Catalog=MT;User Id=sa;Password=1
10:55:16.743 Data Source=.;Initial Catalog=MT;User Id=sa;Password=1
10:55:16.753 Data Source=.;Initial Catalog=MT;User Id=sa;Password=1
10:55:16.768 Data Source=.;Initial Catalog=MT;User Id=sa;Password=1
10:55:16.770 @SRT001 20190111001
10:55:16.770 @SRT002 GD201901080003
10:55:16.770 @SRT003 STA1188E13-1
10:55:16.770 @SRT004 浸漆后定子绕组
10:55:16.771 @SRT005 MY05-1000/150K(160K)
10:55:16.771 @SRT006 1
10:55:16.771 @SRT007 0002020131800026
10:55:16.771 @SRT008 
10:55:16.771 @SRT009 
10:55:16.772 @SRT010 
10:55:16.774 Data Source=.;Initial Catalog=MT;User Id=sa;Password=1
10:55:16.775 @SRT001 20190111001
10:55:16.775 @SRT002 GD201901080003
10:55:16.776 @SRT003 STA1188E13-1
10:55:16.776 @SRT004 浸漆后定子绕组
10:55:16.776 @SRT005 MY05-1000/150K(160K)
10:55:16.778 @SRT006 1
10:55:16.778 @SRT007 0002020131800024
10:55:16.778 @SRT008 
10:55:16.778 @SRT009 
10:55:16.778 @SRT010 
10:55:16.779 Data Source=.;Initial Catalog=MT;User Id=sa;Password=1
10:55:16.780 @SRT001 20190111001
10:55:16.780 @SRT002 GD201901080003
10:55:16.780 @SRT003 STA1188E13-1
10:55:16.781 @SRT004 浸漆后定子绕组
10:55:16.781 @SRT005 MY05-1000/150K(160K)
10:55:16.781 @SRT006 1
10:55:16.781 @SRT007 0002020131800034
10:55:16.781 @SRT008 
10:55:16.781 @SRT009 
10:55:16.781 @SRT010 
10:55:16.782 Data Source=.;Initial Catalog=MT;User Id=sa;Password=1
10:55:16.783 @SRT001 20190111001
10:55:16.783 @SRT002 GD201901080003
10:55:16.784 @SRT003 STA1188E13-1
10:55:16.784 @SRT004 浸漆后定子绕组
10:55:16.784 @SRT005 MY05-1000/150K(160K)
10:55:16.784 @SRT006 1
10:55:16.784 @SRT007 0002020131800025
10:55:16.784 @SRT008 
10:55:16.784 @SRT009 
10:55:16.785 @SRT010 
10:55:16.786 Data Source=.;Initial Catalog=MT;User Id=sa;Password=1
10:55:16.786 @SRT001 20190111001
10:55:16.786 @SRT002 GD201901080003
10:55:16.787 @SRT003 STA1188E13-1
10:55:16.787 @SRT004 浸漆后定子绕组
10:55:16.787 @SRT005 MY05-1000/150K(160K)
10:55:16.787 @SRT006 1
10:55:16.787 @SRT007 0002020131800029
10:55:16.787 @SRT008 
10:55:16.788 @SRT009 
10:55:16.788 @SRT010 
10:55:16.788 Data Source=.;Initial Catalog=MT;User Id=sa;Password=1
10:55:16.789 @SRT001 20190111001
10:55:16.789 @SRT002 GD201901080003
10:55:16.790 @SRT003 STA1188E13-1
10:55:16.790 @SRT004 浸漆后定子绕组
10:55:16.790 @SRT005 MY05-1000/150K(160K)
10:55:16.790 @SRT006 1
10:55:16.790 @SRT007 0002020131800027
10:55:16.790 @SRT008 
10:55:16.791 @SRT009 
10:55:16.791 @SRT010 
10:55:16.791 Data Source=.;Initial Catalog=MT;User Id=sa;Password=1
10:55:16.792 @SRT001 20190111001
10:55:16.792 @SRT002 GD201901080003
10:55:16.793 @SRT003 STA1188E13-1
10:55:16.793 @SRT004 浸漆后定子绕组
10:55:16.793 @SRT005 MY05-1000/150K(160K)
10:55:16.793 @SRT006 1
10:55:16.793 @SRT007 0002020131800036
10:55:16.794 @SRT008 
10:55:16.794 @SRT009 
10:55:16.794 @SRT010 
10:55:16.795 Data Source=.;Initial Catalog=MT;User Id=sa;Password=1
10:55:16.796 @SRT001 20190111001
10:55:16.796 @SRT002 GD201901080003
10:55:16.796 @SRT003 STA1188E13-1
10:55:16.796 @SRT004 浸漆后定子绕组
10:55:16.797 @SRT005 MY05-1000/150K(160K)
10:55:16.797 @SRT006 1
10:55:16.797 @SRT007 0002020131800030
10:55:16.797 @SRT008 
10:55:16.797 @SRT009 
10:55:16.797 @SRT010 
10:55:16.798 Data Source=.;Initial Catalog=MT;User Id=sa;Password=1
10:55:16.799 @SRT001 20190111001
10:55:16.799 @SRT002 GD201901080003
10:55:16.799 @SRT003 STA1188E13-1
10:55:16.799 @SRT004 浸漆后定子绕组
10:55:16.799 @SRT005 MY05-1000/150K(160K)
10:55:16.800 @SRT006 1
10:55:16.800 @SRT007 0002020131800031
10:55:16.800 @SRT008 
10:55:16.800 @SRT009 
10:55:16.800 @SRT010 
10:55:16.801 Data Source=.;Initial Catalog=MT;User Id=sa;Password=1
10:55:16.804 Data Source=.;Initial Catalog=MT;User Id=sa;Password=1
10:55:16.805 @SRT001 20190111001
10:55:16.805 @SRT002 GD201901080003
10:55:16.806 @SRT003 STA1188E13-1
10:55:16.806 @SRT004 浸漆后定子绕组
10:55:16.806 @SRT005 MY05-1000/150K(160K)
10:55:16.806 @SRT006 1
10:55:16.806 @SRT007 0002020131800035
10:55:16.806 @SRT008 
10:55:16.806 @SRT009 
10:55:16.807 @SRT010 
10:55:16.807 Data Source=.;Initial Catalog=MT;User Id=sa;Password=1
10:55:16.808 @SRT001 20190111001
10:55:16.808 @SRT002 GD201901080003
10:55:16.808 @SRT003 STA1188E13-1
10:55:16.809 @SRT004 浸漆后定子绕组
10:55:16.809 @SRT005 MY05-1000/150K(160K)
10:55:16.809 @SRT006 1
10:55:16.809 @SRT007 0002020131800039
10:55:16.809 @SRT008 
10:55:16.809 @SRT009 
10:55:16.810 @SRT010 
10:55:16.810 Data Source=.;Initial Catalog=MT;User Id=sa;Password=1
10:55:16.811 @SRT001 20190111001
10:55:16.811 @SRT002 GD201901080003
10:55:16.812 @SRT003 STA1188E13-1
10:55:16.812 @SRT004 浸漆后定子绕组
10:55:16.812 @SRT005 MY05-1000/150K(160K)
10:55:16.812 @SRT006 1
10:55:16.812 @SRT007 0002020131800033
10:55:16.813 @SRT008 
10:55:16.813 @SRT009 
10:55:16.813 @SRT010 
10:55:16.814 Data Source=.;Initial Catalog=MT;User Id=sa;Password=1
10:55:16.815 @SRT001 20190111001
10:55:16.815 @SRT002 GD201901080003
10:55:16.815 @SRT003 STA1188E13-1
10:55:16.815 @SRT004 浸漆后定子绕组
10:55:16.815 @SRT005 MY05-1000/150K(160K)
10:55:16.815 @SRT006 1
10:55:16.816 @SRT007 0002020131800040
10:55:16.816 @SRT008 
10:55:16.816 @SRT009 
10:55:16.816 @SRT010 
10:55:16.817 Data Source=.;Initial Catalog=MT;User Id=sa;Password=1
10:55:16.818 @SRT001 20190111001
10:55:16.818 @SRT002 GD201901080003
10:55:16.818 @SRT003 STA1188E13-1
10:55:16.818 @SRT004 浸漆后定子绕组
10:55:16.818 @SRT005 MY05-1000/150K(160K)
10:55:16.818 @SRT006 1
10:55:16.819 @SRT007 0002020131800021
10:55:16.819 @SRT008 
10:55:16.819 @SRT009 
10:55:16.819 @SRT010 
10:55:16.820 Data Source=.;Initial Catalog=MT;User Id=sa;Password=1
10:55:16.821 @SRT001 20190111001
10:55:16.821 @SRT002 GD201901080003
10:55:16.821 @SRT003 STA1188E13-1
10:55:16.821 @SRT004 浸漆后定子绕组
10:55:16.821 @SRT005 MY05-1000/150K(160K)
10:55:16.821 @SRT006 1
10:55:16.822 @SRT007 0002020131800022
10:55:16.822 @SRT008 
10:55:16.822 @SRT009 
10:55:16.822 @SRT010 
10:55:16.823 Data Source=.;Initial Catalog=MT;User Id=sa;Password=1
10:55:16.824 @SRT001 20190111001
10:55:16.824 @SRT002 GD201901080003
10:55:16.824 @SRT003 STA1188E13-1
10:55:16.824 @SRT004 浸漆后定子绕组
10:55:16.824 @SRT005 MY05-1000/150K(160K)
10:55:16.825 @SRT006 1
10:55:16.825 @SRT007 0002020131800028
10:55:16.825 @SRT008 
10:55:16.825 @SRT009 
10:55:16.826 @SRT010 
10:55:16.826 Data Source=.;Initial Catalog=MT;User Id=sa;Password=1
10:55:16.827 @SRT001 20190111001
10:55:16.827 @SRT002 GD201901080003
10:55:16.828 @SRT003 STA1188E13-1
10:55:16.828 @SRT004 浸漆后定子绕组
10:55:16.828 @SRT005 MY05-1000/150K(160K)
10:55:16.828 @SRT006 1
10:55:16.828 @SRT007 0002020131800032
10:55:16.829 @SRT008 
10:55:16.829 @SRT009 
10:55:16.829 @SRT010 
10:55:16.830 Data Source=.;Initial Catalog=MT;User Id=sa;Password=1
10:55:16.830 @SRT001 20190111001
10:55:16.831 @SRT002 GD201901080003
10:55:16.831 @SRT003 STA1188E13-1
10:55:16.831 @SRT004 浸漆后定子绕组
10:55:16.831 @SRT005 MY05-1000/150K(160K)
10:55:16.832 @SRT006 1
10:55:16.832 @SRT007 0002020131800037
10:55:16.832 @SRT008 
10:55:16.832 @SRT009 
10:55:16.832 @SRT010 
10:55:16.833 Data Source=.;Initial Catalog=MT;User Id=sa;Password=1
10:55:16.834 @SRT001 20190111001
10:55:16.834 @SRT002 GD201901080003
10:55:16.834 @SRT003 STA1188E13-1
10:55:16.834 @SRT004 浸漆后定子绕组
10:55:16.835 @SRT005 MY05-1000/150K(160K)
10:55:16.835 @SRT006 1
10:55:16.835 @SRT007 0002020131800023
10:55:16.835 @SRT008 
10:55:16.835 @SRT009 
10:55:16.836 @SRT010 
10:55:16.836 Data Source=.;Initial Catalog=MT;User Id=sa;Password=1
10:55:16.837 @SRT001 20190111001
10:55:16.837 @SRT002 GD201901080003
10:55:16.837 @SRT003 STA1188E13-1
10:55:16.838 @SRT004 浸漆后定子绕组
10:55:16.838 @SRT005 MY05-1000/150K(160K)
10:55:16.838 @SRT006 1
10:55:16.838 @SRT007 0002020131800038
10:55:16.838 @SRT008 
10:55:16.838 @SRT009 
10:55:16.839 @SRT010 
10:55:16.839 Data Source=.;Initial Catalog=MT;User Id=sa;Password=1
10:55:17.700 Data Source=.;Initial Catalog=MT;User Id=sa;Password=1
10:55:20.224 Data Source=.;Initial Catalog=MT;User Id=sa;Password=1
10:56:24.371 Data Source=.;Initial Catalog=MT;User Id=sa;Password=1
10:56:24.420 Data Source=.;Initial Catalog=MT;User Id=sa;Password=1
10:56:24.468 Data Source=.;Initial Catalog=MT;User Id=sa;Password=1
10:56:26.433 Data Source=.;Initial Catalog=MT;User Id=sa;Password=1
10:56:30.200 Data Source=.;Initial Catalog=MT;User Id=sa;Password=1
10:56:39.075 Data Source=.;Initial Catalog=MT;User Id=sa;Password=1
10:56:39.107 Data Source=.;Initial Catalog=MT;User Id=sa;Password=1
10:56:39.109 Data Source=.;Initial Catalog=MT;User Id=sa;Password=1
10:56:39.110 Data Source=.;Initial Catalog=MT;User Id=sa;Password=1
10:57:51.453 Data Source=.;Initial Catalog=MT;User Id=sa;Password=1
10:57:51.469 Data Source=.;Initial Catalog=MT;User Id=sa;Password=1
10:57:51.492 Data Source=.;Initial Catalog=MT;User Id=sa;Password=1
10:57:51.507 Data Source=.;Initial Catalog=MT;User Id=sa;Password=1
10:57:51.520 Data Source=.;Initial Catalog=MT;User Id=sa;Password=1
10:57:51.531 Data Source=.;Initial Catalog=MT;User Id=sa;Password=1
10:57:51.542 Data Source=.;Initial Catalog=MT;User Id=sa;Password=1
10:57:51.551 Data Source=.;Initial Catalog=MT;User Id=sa;Password=1
10:57:51.563 Data Source=.;Initial Catalog=MT;User Id=sa;Password=1
10:57:51.573 Data Source=.;Initial Catalog=MT;User Id=sa;Password=1
10:57:51.584 Data Source=.;Initial Catalog=MT;User Id=sa;Password=1
10:57:51.594 Data Source=.;Initial Catalog=MT;User Id=sa;Password=1
10:57:51.604 Data Source=.;Initial Catalog=MT;User Id=sa;Password=1
10:57:51.614 Data Source=.;Initial Catalog=MT;User Id=sa;Password=1
10:57:51.624 Data Source=.;Initial Catalog=MT;User Id=sa;Password=1
10:57:51.633 Data Source=.;Initial Catalog=MT;User Id=sa;Password=1
10:57:51.642 Data Source=.;Initial Catalog=MT;User Id=sa;Password=1
10:57:51.652 Data Source=.;Initial Catalog=MT;User Id=sa;Password=1
10:57:51.666 Data Source=.;Initial Catalog=MT;User Id=sa;Password=1
10:57:51.677 Data Source=.;Initial Catalog=MT;User Id=sa;Password=1
10:57:51.688 Data Source=.;Initial Catalog=MT;User Id=sa;Password=1
10:57:51.688 @SRT001 20190111001
10:57:51.689 @SRT002 GD201901080003
10:57:51.689 @SRT003 STA1188E13-1
10:57:51.689 @SRT004 浸漆后定子绕组
10:57:51.689 @SRT005 MY05-1000/150K(160K)
10:57:51.689 @SRT006 1
10:57:51.690 @SRT007 0002020131800028
10:57:51.690 @SRT008 
10:57:51.690 @SRT009 
10:57:51.690 @SRT010 
10:57:51.691 Data Source=.;Initial Catalog=MT;User Id=sa;Password=1
10:57:51.692 @SRT001 20190111001
10:57:51.692 @SRT002 GD201901080003
10:57:51.692 @SRT003 STA1188E13-1
10:57:51.692 @SRT004 浸漆后定子绕组
10:57:51.692 @SRT005 MY05-1000/150K(160K)
10:57:51.693 @SRT006 1
10:57:51.693 @SRT007 0002020131800033
10:57:51.693 @SRT008 
10:57:51.693 @SRT009 
10:57:51.693 @SRT010 
10:57:51.695 Data Source=.;Initial Catalog=MT;User Id=sa;Password=1
10:57:51.695 @SRT001 20190111001
10:57:51.697 @SRT002 GD201901080003
10:57:51.697 @SRT003 STA1188E13-1
10:57:51.697 @SRT004 浸漆后定子绕组
10:57:51.697 @SRT005 MY05-1000/150K(160K)
10:57:51.697 @SRT006 1
10:57:51.698 @SRT007 0002020131800027
10:57:51.698 @SRT008 
10:57:51.698 @SRT009 
10:57:51.698 @SRT010 
10:57:51.699 Data Source=.;Initial Catalog=MT;User Id=sa;Password=1
10:57:51.699 @SRT001 20190111001
10:57:51.700 @SRT002 GD201901080003
10:57:51.700 @SRT003 STA1188E13-1
10:57:51.700 @SRT004 浸漆后定子绕组
10:57:51.700 @SRT005 MY05-1000/150K(160K)
10:57:51.700 @SRT006 1
10:57:51.701 @SRT007 0002020131800032
10:57:51.701 @SRT008 
10:57:51.701 @SRT009 
10:57:51.701 @SRT010 
10:57:51.702 Data Source=.;Initial Catalog=MT;User Id=sa;Password=1
10:57:51.703 @SRT001 20190111001
10:57:51.703 @SRT002 GD201901080003
10:57:51.704 @SRT003 STA1188E13-1
10:57:51.704 @SRT004 浸漆后定子绕组
10:57:51.704 @SRT005 MY05-1000/150K(160K)
10:57:51.704 @SRT006 1
10:57:51.704 @SRT007 0002020131800036
10:57:51.704 @SRT008 
10:57:51.705 @SRT009 
10:57:51.705 @SRT010 
10:57:51.706 Data Source=.;Initial Catalog=MT;User Id=sa;Password=1
10:57:51.706 @SRT001 20190111001
10:57:51.707 @SRT002 GD201901080003
10:57:51.707 @SRT003 STA1188E13-1
10:57:51.707 @SRT004 浸漆后定子绕组
10:57:51.707 @SRT005 MY05-1000/150K(160K)
10:57:51.707 @SRT006 1
10:57:51.708 @SRT007 0002020131800029
10:57:51.708 @SRT008 
10:57:51.708 @SRT009 
10:57:51.708 @SRT010 
10:57:51.709 Data Source=.;Initial Catalog=MT;User Id=sa;Password=1
10:57:51.710 @SRT001 20190111001
10:57:51.710 @SRT002 GD201901080003
10:57:51.710 @SRT003 STA1188E13-1
10:57:51.710 @SRT004 浸漆后定子绕组
10:57:51.711 @SRT005 MY05-1000/150K(160K)
10:57:51.711 @SRT006 1
10:57:51.711 @SRT007 0002020131800039
10:57:51.711 @SRT008 
10:57:51.711 @SRT009 
10:57:51.712 @SRT010 
10:57:51.712 Data Source=.;Initial Catalog=MT;User Id=sa;Password=1
10:57:51.713 @SRT001 20190111001
10:57:51.713 @SRT002 GD201901080003
10:57:51.714 @SRT003 STA1188E13-1
10:57:51.714 @SRT004 浸漆后定子绕组
10:57:51.714 @SRT005 MY05-1000/150K(160K)
10:57:51.714 @SRT006 1
10:57:51.714 @SRT007 0002020131800026
10:57:51.715 @SRT008 
10:57:51.715 @SRT009 
10:57:51.715 @SRT010 
10:57:51.716 Data Source=.;Initial Catalog=MT;User Id=sa;Password=1
10:57:51.716 @SRT001 20190111001
10:57:51.717 @SRT002 GD201901080003
10:57:51.717 @SRT003 STA1188E13-1
10:57:51.717 @SRT004 浸漆后定子绕组
10:57:51.717 @SRT005 MY05-1000/150K(160K)
10:57:51.717 @SRT006 1
10:57:51.717 @SRT007 0002020131800023
10:57:51.718 @SRT008 
10:57:51.718 @SRT009 
10:57:51.718 @SRT010 
10:57:51.719 Data Source=.;Initial Catalog=MT;User Id=sa;Password=1
10:57:51.720 @SRT001 20190111001
10:57:51.720 @SRT002 GD201901080003
10:57:51.720 @SRT003 STA1188E13-1
10:57:51.721 @SRT004 浸漆后定子绕组
10:57:51.721 @SRT005 MY05-1000/150K(160K)
10:57:51.721 @SRT006 1
10:57:51.721 @SRT007 0002020131800021
10:57:51.721 @SRT008 
10:57:51.721 @SRT009 
10:57:51.722 @SRT010 
10:57:51.722 Data Source=.;Initial Catalog=MT;User Id=sa;Password=1
10:57:51.723 @SRT001 20190111001
10:57:51.723 @SRT002 GD201901080003
10:57:51.723 @SRT003 STA1188E13-1
10:57:51.723 @SRT004 浸漆后定子绕组
10:57:51.724 @SRT005 MY05-1000/150K(160K)
10:57:51.724 @SRT006 1
10:57:51.724 @SRT007 0002020131800025
10:57:51.724 @SRT008 
10:57:51.724 @SRT009 
10:57:51.724 @SRT010 
10:57:51.725 Data Source=.;Initial Catalog=MT;User Id=sa;Password=1
10:57:51.726 @SRT001 20190111001
10:57:51.726 @SRT002 GD201901080003
10:57:51.726 @SRT003 STA1188E13-1
10:57:51.726 @SRT004 浸漆后定子绕组
10:57:51.727 @SRT005 MY05-1000/150K(160K)
10:57:51.727 @SRT006 1
10:57:51.727 @SRT007 0002020131800040
10:57:51.727 @SRT008 
10:57:51.727 @SRT009 
10:57:51.728 @SRT010 
10:57:51.728 Data Source=.;Initial Catalog=MT;User Id=sa;Password=1
10:57:51.729 @SRT001 20190111001
10:57:51.729 @SRT002 GD201901080003
10:57:51.730 @SRT003 STA1188E13-1
10:57:51.730 @SRT004 浸漆后定子绕组
10:57:51.730 @SRT005 MY05-1000/150K(160K)
10:57:51.730 @SRT006 1
10:57:51.730 @SRT007 0002020131800034
10:57:51.731 @SRT008 
10:57:51.731 @SRT009 
10:57:51.731 @SRT010 
10:57:51.732 Data Source=.;Initial Catalog=MT;User Id=sa;Password=1
10:57:51.732 @SRT001 20190111001
10:57:51.733 @SRT002 GD201901080003
10:57:51.733 @SRT003 STA1188E13-1
10:57:51.733 @SRT004 浸漆后定子绕组
10:57:51.733 @SRT005 MY05-1000/150K(160K)
10:57:51.733 @SRT006 1
10:57:51.734 @SRT007 0002020131800030
10:57:51.734 @SRT008 
10:57:51.734 @SRT009 
10:57:51.734 @SRT010 
10:57:51.735 Data Source=.;Initial Catalog=MT;User Id=sa;Password=1
10:57:51.736 @SRT001 20190111001
10:57:51.736 @SRT002 GD201901080003
10:57:51.736 @SRT003 STA1188E13-1
10:57:51.737 @SRT004 浸漆后定子绕组
10:57:51.737 @SRT005 MY05-1000/150K(160K)
10:57:51.737 @SRT006 1
10:57:51.737 @SRT007 0002020131800038
10:57:51.737 @SRT008 
10:57:51.738 @SRT009 
10:57:51.738 @SRT010 
10:57:51.739 Data Source=.;Initial Catalog=MT;User Id=sa;Password=1
10:57:51.739 @SRT001 20190111001
10:57:51.740 @SRT002 GD201901080003
10:57:51.740 @SRT003 STA1188E13-1
10:57:51.740 @SRT004 浸漆后定子绕组
10:57:51.740 @SRT005 MY05-1000/150K(160K)
10:57:51.740 @SRT006 1
10:57:51.740 @SRT007 0002020131800024
10:57:51.741 @SRT008 
10:57:51.741 @SRT009 
10:57:51.741 @SRT010 
10:57:51.742 Data Source=.;Initial Catalog=MT;User Id=sa;Password=1
10:57:51.744 Data Source=.;Initial Catalog=MT;User Id=sa;Password=1
10:57:51.744 @SRT001 20190111001
10:57:51.745 @SRT002 GD201901080003
10:57:51.745 @SRT003 STA1188E13-1
10:57:51.745 @SRT004 浸漆后定子绕组
10:57:51.745 @SRT005 MY05-1000/150K(160K)
10:57:51.745 @SRT006 1
10:57:51.746 @SRT007 0002020131800037
10:57:51.746 @SRT008 
10:57:51.746 @SRT009 
10:57:51.746 @SRT010 
10:57:51.747 Data Source=.;Initial Catalog=MT;User Id=sa;Password=1
10:57:51.748 @SRT001 20190111001
10:57:51.748 @SRT002 GD201901080003
10:57:51.748 @SRT003 STA1188E13-1
10:57:51.748 @SRT004 浸漆后定子绕组
10:57:51.749 @SRT005 MY05-1000/150K(160K)
10:57:51.749 @SRT006 1
10:57:51.749 @SRT007 0002020131800035
10:57:51.749 @SRT008 
10:57:51.749 @SRT009 
10:57:51.749 @SRT010 
10:57:51.750 Data Source=.;Initial Catalog=MT;User Id=sa;Password=1
10:57:51.751 @SRT001 20190111001
10:57:51.752 @SRT002 GD201901080003
10:57:51.752 @SRT003 STA1188E13-1
10:57:51.752 @SRT004 浸漆后定子绕组
10:57:51.752 @SRT005 MY05-1000/150K(160K)
10:57:51.752 @SRT006 1
10:57:51.753 @SRT007 0002020131800022
10:57:51.753 @SRT008 
10:57:51.753 @SRT009 
10:57:51.753 @SRT010 
10:57:51.754 Data Source=.;Initial Catalog=MT;User Id=sa;Password=1
10:57:51.755 @SRT001 20190111001
10:57:51.755 @SRT002 GD201901080003
10:57:51.755 @SRT003 STA1188E13-1
10:57:51.755 @SRT004 浸漆后定子绕组
10:57:51.755 @SRT005 MY05-1000/150K(160K)
10:57:51.755 @SRT006 1
10:57:51.756 @SRT007 0002020131800031
10:57:51.756 @SRT008 
10:57:51.756 @SRT009 
10:57:51.756 @SRT010 
10:57:51.757 Data Source=.;Initial Catalog=MT;User Id=sa;Password=1
10:57:53.438 Data Source=.;Initial Catalog=MT;User Id=sa;Password=1
10:57:55.972 Data Source=.;Initial Catalog=MT;User Id=sa;Password=1
10:58:00.005 Data Source=.;Initial Catalog=MT;User Id=sa;Password=1
10:58:00.037 Data Source=.;Initial Catalog=MT;User Id=sa;Password=1
10:58:00.078 Data Source=.;Initial Catalog=MT;User Id=sa;Password=1
10:58:02.204 Data Source=.;Initial Catalog=MT;User Id=sa;Password=1
10:58:05.869 Data Source=.;Initial Catalog=MT;User Id=sa;Password=1
10:58:51.817 Data Source=.;Initial Catalog=MT;User Id=sa;Password=1
10:58:54.376 Data Source=.;Initial Catalog=MT;User Id=sa;Password=1
10:58:56.439 Data Source=.;Initial Catalog=MT;User Id=sa;Password=1
10:58:56.475 Data Source=.;Initial Catalog=MT;User Id=sa;Password=1
10:58:56.476 Data Source=.;Initial Catalog=MT;User Id=sa;Password=1
10:58:56.477 Data Source=.;Initial Catalog=MT;User Id=sa;Password=1
10:58:56.489 Data Source=.;Initial Catalog=MT;User Id=sa;Password=1
10:58:56.499 Data Source=.;Initial Catalog=MT;User Id=sa;Password=1
10:58:56.508 Data Source=.;Initial Catalog=MT;User Id=sa;Password=1
10:58:56.517 Data Source=.;Initial Catalog=MT;User Id=sa;Password=1
10:58:56.526 Data Source=.;Initial Catalog=MT;User Id=sa;Password=1
10:58:56.535 Data Source=.;Initial Catalog=MT;User Id=sa;Password=1
10:58:56.544 Data Source=.;Initial Catalog=MT;User Id=sa;Password=1
10:58:56.554 Data Source=.;Initial Catalog=MT;User Id=sa;Password=1
10:58:56.562 Data Source=.;Initial Catalog=MT;User Id=sa;Password=1
10:58:56.571 Data Source=.;Initial Catalog=MT;User Id=sa;Password=1
10:58:56.580 Data Source=.;Initial Catalog=MT;User Id=sa;Password=1
10:58:56.591 Data Source=.;Initial Catalog=MT;User Id=sa;Password=1
10:58:56.602 Data Source=.;Initial Catalog=MT;User Id=sa;Password=1
10:58:56.612 Data Source=.;Initial Catalog=MT;User Id=sa;Password=1
10:58:56.622 Data Source=.;Initial Catalog=MT;User Id=sa;Password=1
10:58:56.632 Data Source=.;Initial Catalog=MT;User Id=sa;Password=1
10:58:56.642 Data Source=.;Initial Catalog=MT;User Id=sa;Password=1
10:58:56.652 Data Source=.;Initial Catalog=MT;User Id=sa;Password=1
10:58:56.664 Data Source=.;Initial Catalog=MT;User Id=sa;Password=1
10:58:56.677 Data Source=.;Initial Catalog=MT;User Id=sa;Password=1
10:58:56.688 Data Source=.;Initial Catalog=MT;User Id=sa;Password=1
10:58:56.689 @SRT001 20190111001
10:58:56.689 @SRT002 GD201901080003
10:58:56.689 @SRT003 STA1188E13-1
10:58:56.689 @SRT004 浸漆后定子绕组
10:58:56.690 @SRT005 MY05-1000/150K(160K)
10:58:56.690 @SRT006 1
10:58:56.690 @SRT007 0002020131800038
10:58:56.690 @SRT008 
10:58:56.690 @SRT009 
10:58:56.691 @SRT010 
10:58:56.691 Data Source=.;Initial Catalog=MT;User Id=sa;Password=1
10:58:56.692 @SRT001 20190111001
10:58:56.693 @SRT002 GD201901080003
10:58:56.693 @SRT003 STA1188E13-1
10:58:56.693 @SRT004 浸漆后定子绕组
10:58:56.693 @SRT005 MY05-1000/150K(160K)
10:58:56.693 @SRT006 1
10:58:56.693 @SRT007 0002020131800033
10:58:56.693 @SRT008 
10:58:56.693 @SRT009 
10:58:56.693 @SRT010 
10:58:56.694 Data Source=.;Initial Catalog=MT;User Id=sa;Password=1
10:58:56.695 @SRT001 20190111001
10:58:56.696 @SRT002 GD201901080003
10:58:56.696 @SRT003 STA1188E13-1
10:58:56.696 @SRT004 浸漆后定子绕组
10:58:56.696 @SRT005 MY05-1000/150K(160K)
10:58:56.696 @SRT006 1
10:58:56.696 @SRT007 0002020131800025
10:58:56.696 @SRT008 
10:58:56.696 @SRT009 
10:58:56.696 @SRT010 
10:58:56.697 Data Source=.;Initial Catalog=MT;User Id=sa;Password=1
10:58:56.698 @SRT001 20190111001
10:58:56.698 @SRT002 GD201901080003
10:58:56.699 @SRT003 STA1188E13-1
10:58:56.699 @SRT004 浸漆后定子绕组
10:58:56.699 @SRT005 MY05-1000/150K(160K)
10:58:56.699 @SRT006 1
10:58:56.699 @SRT007 0002020131800035
10:58:56.699 @SRT008 
10:58:56.699 @SRT009 
10:58:56.699 @SRT010 
10:58:56.700 Data Source=.;Initial Catalog=MT;User Id=sa;Password=1
10:58:56.701 @SRT001 20190111001
10:58:56.701 @SRT002 GD201901080003
10:58:56.701 @SRT003 STA1188E13-1
10:58:56.701 @SRT004 浸漆后定子绕组
10:58:56.702 @SRT005 MY05-1000/150K(160K)
10:58:56.702 @SRT006 1
10:58:56.702 @SRT007 0002020131800036
10:58:56.702 @SRT008 
10:58:56.702 @SRT009 
10:58:56.702 @SRT010 
10:58:56.703 Data Source=.;Initial Catalog=MT;User Id=sa;Password=1
10:58:56.704 @SRT001 20190111001
10:58:56.704 @SRT002 GD201901080003
10:58:56.704 @SRT003 STA1188E13-1
10:58:56.704 @SRT004 浸漆后定子绕组
10:58:56.704 @SRT005 MY05-1000/150K(160K)
10:58:56.705 @SRT006 1
10:58:56.705 @SRT007 0002020131800026
10:58:56.705 @SRT008 
10:58:56.705 @SRT009 
10:58:56.705 @SRT010 
10:58:56.706 Data Source=.;Initial Catalog=MT;User Id=sa;Password=1
10:58:56.707 @SRT001 20190111001
10:58:56.707 @SRT002 GD201901080003
10:58:56.707 @SRT003 STA1188E13-1
10:58:56.707 @SRT004 浸漆后定子绕组
10:58:56.707 @SRT005 MY05-1000/150K(160K)
10:58:56.708 @SRT006 1
10:58:56.708 @SRT007 0002020131800040
10:58:56.708 @SRT008 
10:58:56.708 @SRT009 
10:58:56.708 @SRT010 
10:58:56.709 Data Source=.;Initial Catalog=MT;User Id=sa;Password=1
10:58:56.710 @SRT001 20190111001
10:58:56.710 @SRT002 GD201901080003
10:58:56.710 @SRT003 STA1188E13-1
10:58:56.710 @SRT004 浸漆后定子绕组
10:58:56.710 @SRT005 MY05-1000/150K(160K)
10:58:56.711 @SRT006 1
10:58:56.711 @SRT007 0002020131800027
10:58:56.711 @SRT008 
10:58:56.711 @SRT009 
10:58:56.711 @SRT010 
10:58:56.712 Data Source=.;Initial Catalog=MT;User Id=sa;Password=1
10:58:56.713 @SRT001 20190111001
10:58:56.713 @SRT002 GD201901080003
10:58:56.713 @SRT003 STA1188E13-1
10:58:56.714 @SRT004 浸漆后定子绕组
10:58:56.714 @SRT005 MY05-1000/150K(160K)
10:58:56.714 @SRT006 1
10:58:56.714 @SRT007 0002020131800032
10:58:56.714 @SRT008 
10:58:56.714 @SRT009 
10:58:56.715 @SRT010 
10:58:56.715 Data Source=.;Initial Catalog=MT;User Id=sa;Password=1
10:58:56.716 @SRT001 20190111001
10:58:56.716 @SRT002 GD201901080003
10:58:56.716 @SRT003 STA1188E13-1
10:58:56.716 @SRT004 浸漆后定子绕组
10:58:56.717 @SRT005 MY05-1000/150K(160K)
10:58:56.717 @SRT006 1
10:58:56.717 @SRT007 0002020131800021
10:58:56.717 @SRT008 
10:58:56.717 @SRT009 
10:58:56.717 @SRT010 
10:58:56.718 Data Source=.;Initial Catalog=MT;User Id=sa;Password=1
10:58:56.719 @SRT001 20190111001
10:58:56.719 @SRT002 GD201901080003
10:58:56.719 @SRT003 STA1188E13-1
10:58:56.720 @SRT004 浸漆后定子绕组
10:58:56.720 @SRT005 MY05-1000/150K(160K)
10:58:56.720 @SRT006 1
10:58:56.720 @SRT007 0002020131800023
10:58:56.720 @SRT008 
10:58:56.721 @SRT009 
10:58:56.721 @SRT010 
10:58:56.722 Data Source=.;Initial Catalog=MT;User Id=sa;Password=1
10:58:56.723 @SRT001 20190111001
10:58:56.723 @SRT002 GD201901080003
10:58:56.723 @SRT003 STA1188E13-1
10:58:56.723 @SRT004 浸漆后定子绕组
10:58:56.723 @SRT005 MY05-1000/150K(160K)
10:58:56.723 @SRT006 1
10:58:56.724 @SRT007 0002020131800030
10:58:56.724 @SRT008 
10:58:56.724 @SRT009 
10:58:56.724 @SRT010 
10:58:56.725 Data Source=.;Initial Catalog=MT;User Id=sa;Password=1
10:58:56.726 @SRT001 20190111001
10:58:56.726 @SRT002 GD201901080003
10:58:56.726 @SRT003 STA1188E13-1
10:58:56.726 @SRT004 浸漆后定子绕组
10:58:56.726 @SRT005 MY05-1000/150K(160K)
10:58:56.727 @SRT006 1
10:58:56.727 @SRT007 0002020131800022
10:58:56.727 @SRT008 
10:58:56.727 @SRT009 
10:58:56.727 @SRT010 
10:58:56.728 Data Source=.;Initial Catalog=MT;User Id=sa;Password=1
10:58:56.729 @SRT001 20190111001
10:58:56.729 @SRT002 GD201901080003
10:58:56.729 @SRT003 STA1188E13-1
10:58:56.729 @SRT004 浸漆后定子绕组
10:58:56.730 @SRT005 MY05-1000/150K(160K)
10:58:56.730 @SRT006 1
10:58:56.730 @SRT007 0002020131800034
10:58:56.730 @SRT008 
10:58:56.730 @SRT009 
10:58:56.730 @SRT010 
10:58:56.731 Data Source=.;Initial Catalog=MT;User Id=sa;Password=1
10:58:56.732 @SRT001 20190111001
10:58:56.732 @SRT002 GD201901080003
10:58:56.732 @SRT003 STA1188E13-1
10:58:56.733 @SRT004 浸漆后定子绕组
10:58:56.733 @SRT005 MY05-1000/150K(160K)
10:58:56.733 @SRT006 1
10:58:56.733 @SRT007 0002020131800031
10:58:56.733 @SRT008 
10:58:56.733 @SRT009 
10:58:56.734 @SRT010 
10:58:56.734 Data Source=.;Initial Catalog=MT;User Id=sa;Password=1
10:58:56.735 @SRT001 20190111001
10:58:56.736 @SRT002 GD201901080003
10:58:56.736 @SRT003 STA1188E13-1
10:58:56.736 @SRT004 浸漆后定子绕组
10:58:56.736 @SRT005 MY05-1000/150K(160K)
10:58:56.736 @SRT006 1
10:58:56.736 @SRT007 0002020131800024
10:58:56.737 @SRT008 
10:58:56.737 @SRT009 
10:58:56.737 @SRT010 
10:58:56.738 Data Source=.;Initial Catalog=MT;User Id=sa;Password=1
10:58:56.738 @SRT001 20190111001
10:58:56.739 @SRT002 GD201901080003
10:58:56.739 @SRT003 STA1188E13-1
10:58:56.739 @SRT004 浸漆后定子绕组
10:58:56.739 @SRT005 MY05-1000/150K(160K)
10:58:56.739 @SRT006 1
10:58:56.739 @SRT007 0002020131800037
10:58:56.740 @SRT008 
10:58:56.740 @SRT009 
10:58:56.740 @SRT010 
10:58:56.741 Data Source=.;Initial Catalog=MT;User Id=sa;Password=1
10:58:56.742 Data Source=.;Initial Catalog=MT;User Id=sa;Password=1
10:58:56.743 @SRT001 20190111001
10:58:56.743 @SRT002 GD201901080003
10:58:56.744 @SRT003 STA1188E13-1
10:58:56.744 @SRT004 浸漆后定子绕组
10:58:56.744 @SRT005 MY05-1000/150K(160K)
10:58:56.744 @SRT006 1
10:58:56.744 @SRT007 0002020131800029
10:58:56.744 @SRT008 
10:58:56.745 @SRT009 
10:58:56.745 @SRT010 
10:58:56.746 Data Source=.;Initial Catalog=MT;User Id=sa;Password=1
10:58:56.746 @SRT001 20190111001
10:58:56.746 @SRT002 GD201901080003
10:58:56.747 @SRT003 STA1188E13-1
10:58:56.747 @SRT004 浸漆后定子绕组
10:58:56.747 @SRT005 MY05-1000/150K(160K)
10:58:56.747 @SRT006 1
10:58:56.747 @SRT007 0002020131800039
10:58:56.747 @SRT008 
10:58:56.748 @SRT009 
10:58:56.748 @SRT010 
10:58:56.748 Data Source=.;Initial Catalog=MT;User Id=sa;Password=1
10:58:56.749 @SRT001 20190111001
10:58:56.749 @SRT002 GD201901080003
10:58:56.750 @SRT003 STA1188E13-1
10:58:56.750 @SRT004 浸漆后定子绕组
10:58:56.750 @SRT005 MY05-1000/150K(160K)
10:58:56.750 @SRT006 1
10:58:56.750 @SRT007 0002020131800028
10:58:56.750 @SRT008 
10:58:56.751 @SRT009 
10:58:56.751 @SRT010 
10:58:56.752 Data Source=.;Initial Catalog=MT;User Id=sa;Password=1
10:58:57.344 Data Source=.;Initial Catalog=MT;User Id=sa;Password=1
10:58:58.928 Data Source=.;Initial Catalog=MT;User Id=sa;Password=1
11:00:21.057 Data Source=.;Initial Catalog=MT;User Id=sa;Password=1
11:00:21.244 Data Source=.;Initial Catalog=MT;User Id=sa;Password=1
11:00:21.248 Data Source=.;Initial Catalog=MT;User Id=sa;Password=1
11:00:21.251 Data Source=.;Initial Catalog=MT;User Id=sa;Password=1
11:00:24.610 Data Source=.;Initial Catalog=MT;User Id=sa;Password=1
11:00:24.719 Data Source=.;Initial Catalog=MT;User Id=sa;Password=1
11:00:38.138 Data Source=.;Initial Catalog=MT;User Id=sa;Password=1
11:00:43.148 Data Source=.;Initial Catalog=MT;User Id=sa;Password=1
11:00:43.184 Data Source=.;Initial Catalog=MT;User Id=sa;Password=1
11:00:43.246 Data Source=.;Initial Catalog=MT;User Id=sa;Password=1
11:00:44.519 Data Source=.;Initial Catalog=MT;User Id=sa;Password=1
11:00:48.585 Data Source=.;Initial Catalog=MT;User Id=sa;Password=1
11:00:52.102 Data Source=.;Initial Catalog=MT;User Id=sa;Password=1
11:00:52.122 Data Source=.;Initial Catalog=MT;User Id=sa;Password=1
11:00:52.123 Data Source=.;Initial Catalog=MT;User Id=sa;Password=1
11:00:52.125 Data Source=.;Initial Catalog=MT;User Id=sa;Password=1
11:00:52.137 Data Source=.;Initial Catalog=MT;User Id=sa;Password=1
11:00:52.155 Data Source=.;Initial Catalog=MT;User Id=sa;Password=1
11:00:52.167 Data Source=.;Initial Catalog=MT;User Id=sa;Password=1
11:00:52.178 Data Source=.;Initial Catalog=MT;User Id=sa;Password=1
11:00:52.189 Data Source=.;Initial Catalog=MT;User Id=sa;Password=1
11:00:52.202 Data Source=.;Initial Catalog=MT;User Id=sa;Password=1
11:00:52.213 Data Source=.;Initial Catalog=MT;User Id=sa;Password=1
11:00:52.225 Data Source=.;Initial Catalog=MT;User Id=sa;Password=1
11:00:52.236 Data Source=.;Initial Catalog=MT;User Id=sa;Password=1
11:00:52.249 Data Source=.;Initial Catalog=MT;User Id=sa;Password=1
11:00:52.260 Data Source=.;Initial Catalog=MT;User Id=sa;Password=1
11:00:52.269 Data Source=.;Initial Catalog=MT;User Id=sa;Password=1
11:00:52.281 Data Source=.;Initial Catalog=MT;User Id=sa;Password=1
11:00:52.290 Data Source=.;Initial Catalog=MT;User Id=sa;Password=1
11:00:52.300 Data Source=.;Initial Catalog=MT;User Id=sa;Password=1
11:00:52.310 Data Source=.;Initial Catalog=MT;User Id=sa;Password=1
11:00:52.324 Data Source=.;Initial Catalog=MT;User Id=sa;Password=1
11:00:52.335 Data Source=.;Initial Catalog=MT;User Id=sa;Password=1
11:00:52.344 Data Source=.;Initial Catalog=MT;User Id=sa;Password=1
11:00:52.354 Data Source=.;Initial Catalog=MT;User Id=sa;Password=1
11:00:52.367 Data Source=.;Initial Catalog=MT;User Id=sa;Password=1
11:00:52.368 @SRT001 20190111001
11:00:52.369 @SRT002 GD201901080003
11:00:52.369 @SRT003 STA1188E13-1
11:00:52.369 @SRT004 浸漆后定子绕组
11:00:52.369 @SRT005 MY05-1000/150K(160K)
11:00:52.369 @SRT006 1
11:00:52.369 @SRT007 0002020131900028
11:00:52.370 @SRT008 
11:00:52.370 @SRT009 
11:00:52.370 @SRT010 
11:00:52.371 Data Source=.;Initial Catalog=MT;User Id=sa;Password=1
11:00:52.372 @SRT001 20190111001
11:00:52.372 @SRT002 GD201901080003
11:00:52.372 @SRT003 STA1188E13-1
11:00:52.372 @SRT004 浸漆后定子绕组
11:00:52.372 @SRT005 MY05-1000/150K(160K)
11:00:52.372 @SRT006 1
11:00:52.373 @SRT007 0002020131900025
11:00:52.373 @SRT008 
11:00:52.373 @SRT009 
11:00:52.373 @SRT010 
11:00:52.374 Data Source=.;Initial Catalog=MT;User Id=sa;Password=1
11:00:52.374 @SRT001 20190111001
11:00:52.375 @SRT002 GD201901080003
11:00:52.375 @SRT003 STA1188E13-1
11:00:52.375 @SRT004 浸漆后定子绕组
11:00:52.375 @SRT005 MY05-1000/150K(160K)
11:00:52.375 @SRT006 1
11:00:52.375 @SRT007 0002020131900023
11:00:52.376 @SRT008 
11:00:52.376 @SRT009 
11:00:52.376 @SRT010 
11:00:52.377 Data Source=.;Initial Catalog=MT;User Id=sa;Password=1
11:00:52.377 @SRT001 20190111001
11:00:52.378 @SRT002 GD201901080003
11:00:52.378 @SRT003 STA1188E13-1
11:00:52.378 @SRT004 浸漆后定子绕组
11:00:52.378 @SRT005 MY05-1000/150K(160K)
11:00:52.378 @SRT006 1
11:00:52.378 @SRT007 0002020131900026
11:00:52.379 @SRT008 
11:00:52.379 @SRT009 
11:00:52.379 @SRT010 
11:00:52.380 Data Source=.;Initial Catalog=MT;User Id=sa;Password=1
11:00:52.380 @SRT001 20190111001
11:00:52.381 @SRT002 GD201901080003
11:00:52.381 @SRT003 STA1188E13-1
11:00:52.381 @SRT004 浸漆后定子绕组
11:00:52.381 @SRT005 MY05-1000/150K(160K)
11:00:52.381 @SRT006 1
11:00:52.382 @SRT007 0002020131900029
11:00:52.382 @SRT008 
11:00:52.382 @SRT009 
11:00:52.382 @SRT010 
11:00:52.383 Data Source=.;Initial Catalog=MT;User Id=sa;Password=1
11:00:52.383 @SRT001 20190111001
11:00:52.384 @SRT002 GD201901080003
11:00:52.384 @SRT003 STA1188E13-1
11:00:52.384 @SRT004 浸漆后定子绕组
11:00:52.384 @SRT005 MY05-1000/150K(160K)
11:00:52.384 @SRT006 1
11:00:52.385 @SRT007 0002020131900032
11:00:52.385 @SRT008 
11:00:52.385 @SRT009 
11:00:52.385 @SRT010 
11:00:52.386 Data Source=.;Initial Catalog=MT;User Id=sa;Password=1
11:00:52.387 @SRT001 20190111001
11:00:52.387 @SRT002 GD201901080003
11:00:52.387 @SRT003 STA1188E13-1
11:00:52.387 @SRT004 浸漆后定子绕组
11:00:52.387 @SRT005 MY05-1000/150K(160K)
11:00:52.387 @SRT006 1
11:00:52.388 @SRT007 0002020131900033
11:00:52.388 @SRT008 
11:00:52.388 @SRT009 
11:00:52.388 @SRT010 
11:00:52.389 Data Source=.;Initial Catalog=MT;User Id=sa;Password=1
11:00:52.389 @SRT001 20190111001
11:00:52.390 @SRT002 GD201901080003
11:00:52.390 @SRT003 STA1188E13-1
11:00:52.390 @SRT004 浸漆后定子绕组
11:00:52.390 @SRT005 MY05-1000/150K(160K)
11:00:52.390 @SRT006 1
11:00:52.390 @SRT007 0002020131900031
11:00:52.391 @SRT008 
11:00:52.391 @SRT009 
11:00:52.391 @SRT010 
11:00:52.392 Data Source=.;Initial Catalog=MT;User Id=sa;Password=1
11:00:52.393 Data Source=.;Initial Catalog=MT;User Id=sa;Password=1
11:00:52.394 @SRT001 20190111001
11:00:52.394 @SRT002 GD201901080003
11:00:52.394 @SRT003 STA1188E13-1
11:00:52.394 @SRT004 浸漆后定子绕组
11:00:52.395 @SRT005 MY05-1000/150K(160K)
11:00:52.395 @SRT006 1
11:00:52.395 @SRT007 0002020131900034
11:00:52.395 @SRT008 
11:00:52.395 @SRT009 
11:00:52.395 @SRT010 
11:00:52.396 Data Source=.;Initial Catalog=MT;User Id=sa;Password=1
11:00:52.397 @SRT001 20190111001
11:00:52.397 @SRT002 GD201901080003
11:00:52.397 @SRT003 STA1188E13-1
11:00:52.398 @SRT004 浸漆后定子绕组
11:00:52.398 @SRT005 MY05-1000/150K(160K)
11:00:52.398 @SRT006 1
11:00:52.398 @SRT007 0002020131900030
11:00:52.398 @SRT008 
11:00:52.399 @SRT009 
11:00:52.399 @SRT010 
11:00:52.400 Data Source=.;Initial Catalog=MT;User Id=sa;Password=1
11:00:52.400 @SRT001 20190111001
11:00:52.400 @SRT002 GD201901080003
11:00:52.401 @SRT003 STA1188E13-1
11:00:52.401 @SRT004 浸漆后定子绕组
11:00:52.401 @SRT005 MY05-1000/150K(160K)
11:00:52.401 @SRT006 1
11:00:52.401 @SRT007 0002020131900039
11:00:52.402 @SRT008 
11:00:52.402 @SRT009 
11:00:52.402 @SRT010 
11:00:52.403 Data Source=.;Initial Catalog=MT;User Id=sa;Password=1
11:00:52.404 @SRT001 20190111001
11:00:52.404 @SRT002 GD201901080003
11:00:52.404 @SRT003 STA1188E13-1
11:00:52.404 @SRT004 浸漆后定子绕组
11:00:52.404 @SRT005 MY05-1000/150K(160K)
11:00:52.404 @SRT006 1
11:00:52.405 @SRT007 0002020131900040
11:00:52.405 @SRT008 
11:00:52.405 @SRT009 
11:00:52.405 @SRT010 
11:00:52.406 Data Source=.;Initial Catalog=MT;User Id=sa;Password=1
11:00:52.407 @SRT001 20190111001
11:00:52.407 @SRT002 GD201901080003
11:00:52.407 @SRT003 STA1188E13-1
11:00:52.407 @SRT004 浸漆后定子绕组
11:00:52.408 @SRT005 MY05-1000/150K(160K)
11:00:52.408 @SRT006 1
11:00:52.408 @SRT007 0002020131900027
11:00:52.408 @SRT008 
11:00:52.408 @SRT009 
11:00:52.408 @SRT010 
11:00:52.409 Data Source=.;Initial Catalog=MT;User Id=sa;Password=1
11:00:52.410 @SRT001 20190111001
11:00:52.410 @SRT002 GD201901080003
11:00:52.410 @SRT003 STA1188E13-1
11:00:52.411 @SRT004 浸漆后定子绕组
11:00:52.411 @SRT005 MY05-1000/150K(160K)
11:00:52.411 @SRT006 1
11:00:52.411 @SRT007 0002020131900035
11:00:52.411 @SRT008 
11:00:52.411 @SRT009 
11:00:52.411 @SRT010 
11:00:52.412 Data Source=.;Initial Catalog=MT;User Id=sa;Password=1
11:00:52.413 @SRT001 20190111001
11:00:52.413 @SRT002 GD201901080003
11:00:52.413 @SRT003 STA1188E13-1
11:00:52.413 @SRT004 浸漆后定子绕组
11:00:52.414 @SRT005 MY05-1000/150K(160K)
11:00:52.414 @SRT006 1
11:00:52.414 @SRT007 0002020131900036
11:00:52.414 @SRT008 
11:00:52.414 @SRT009 
11:00:52.414 @SRT010 
11:00:52.415 Data Source=.;Initial Catalog=MT;User Id=sa;Password=1
11:00:52.416 @SRT001 20190111001
11:00:52.417 @SRT002 GD201901080003
11:00:52.417 @SRT003 STA1188E13-1
11:00:52.417 @SRT004 浸漆后定子绕组
11:00:52.417 @SRT005 MY05-1000/150K(160K)
11:00:52.417 @SRT006 1
11:00:52.417 @SRT007 0002020131900038
11:00:52.418 @SRT008 
11:00:52.418 @SRT009 
11:00:52.418 @SRT010 
11:00:52.419 Data Source=.;Initial Catalog=MT;User Id=sa;Password=1
11:00:52.420 @SRT001 20190111001
11:00:52.420 @SRT002 GD201901080003
11:00:52.420 @SRT003 STA1188E13-1
11:00:52.420 @SRT004 浸漆后定子绕组
11:00:52.420 @SRT005 MY05-1000/150K(160K)
11:00:52.421 @SRT006 1
11:00:52.421 @SRT007 0002020131900037
11:00:52.421 @SRT008 
11:00:52.421 @SRT009 
11:00:52.421 @SRT010 
11:00:52.422 Data Source=.;Initial Catalog=MT;User Id=sa;Password=1
11:00:52.423 @SRT001 20190111001
11:00:52.423 @SRT002 GD201901080003
11:00:52.423 @SRT003 STA1188E13-1
11:00:52.423 @SRT004 浸漆后定子绕组
11:00:52.424 @SRT005 MY05-1000/150K(160K)
11:00:52.424 @SRT006 1
11:00:52.424 @SRT007 0002020131900021
11:00:52.424 @SRT008 
11:00:52.424 @SRT009 
11:00:52.424 @SRT010 
11:00:52.425 Data Source=.;Initial Catalog=MT;User Id=sa;Password=1
11:00:52.426 @SRT001 20190111001
11:00:52.426 @SRT002 GD201901080003
11:00:52.426 @SRT003 STA1188E13-1
11:00:52.427 @SRT004 浸漆后定子绕组
11:00:52.427 @SRT005 MY05-1000/150K(160K)
11:00:52.427 @SRT006 1
11:00:52.427 @SRT007 0002020131900022
11:00:52.427 @SRT008 
11:00:52.427 @SRT009 
11:00:52.428 @SRT010 
11:00:52.428 Data Source=.;Initial Catalog=MT;User Id=sa;Password=1
11:00:52.429 @SRT001 20190111001
11:00:52.429 @SRT002 GD201901080003
11:00:52.430 @SRT003 STA1188E13-1
11:00:52.430 @SRT004 浸漆后定子绕组
11:00:52.430 @SRT005 MY05-1000/150K(160K)
11:00:52.430 @SRT006 1
11:00:52.430 @SRT007 0002020131900024
11:00:52.430 @SRT008 
11:00:52.431 @SRT009 
11:00:52.431 @SRT010 
11:00:52.432 Data Source=.;Initial Catalog=MT;User Id=sa;Password=1
11:00:53.025 Data Source=.;Initial Catalog=MT;User Id=sa;Password=1
11:00:56.734 Data Source=.;Initial Catalog=MT;User Id=sa;Password=1
12:06:21.475 Data Source=.;Initial Catalog=MT;User Id=sa;Password=1
12:06:21.729 Data Source=.;Initial Catalog=MT;User Id=sa;Password=1
12:06:21.737 Data Source=.;Initial Catalog=MT;User Id=sa;Password=1
12:06:21.741 Data Source=.;Initial Catalog=MT;User Id=sa;Password=1
